<?xml version="1.0" encoding="UTF-8"?><testsuite errors="2" failures="0" file="test_python_simulation.py"           name="test_python_simulation.TestPythonSimulation-20190807074734" skipped="0" tests="2" time="69.630"           timestamp="2019-08-07T07:49:38">    <testcase classname="test_python_simulation.TestPythonSimulation" file="test_python_simulation.py" line="66"              name="test_add_prefixed_relative_path_to_assets_local" time="35.627" timestamp="2019-08-07T07:49:04">        <error message="CreateExperimentTask({'idmtools': 'idmtools-automation', 'string_tag': 'test', 'number_tag': 123, 'type': 'idmtools_models.python.PythonExperiment'}, None)"               type="ResultTimeout">            <![CDATA[Traceback (most recent call last):  File "/home/clinton/development/work/idmtools/idmtools_platform_local/tests/test_python_simulation.py", line 91, in test_add_prefixed_relative_path_to_assets_local    em.run()  File "/home/clinton/development/work/idmtools/idmtools_core/idmtools/managers/ExperimentManager.py", line 92, in run    self.create_experiment()  File "/home/clinton/development/work/idmtools/idmtools_core/idmtools/managers/ExperimentManager.py", line 41, in create_experiment    self.platform.create_experiment(self.experiment)  File "/home/clinton/development/work/idmtools/idmtools_platform_local/idmtools_platform_local/local_platform.py", line 96, in create_experiment    eid = m.get_result(block=True, timeout=self.default_timeout * 1000)  File "/home/clinton/.virtualenvs/idmtools/lib/python3.7/site-packages/dramatiq/message.py", line 147, in get_result    return backend.get_result(self, block=block, timeout=timeout)  File "/home/clinton/.virtualenvs/idmtools/lib/python3.7/site-packages/dramatiq/results/backend.py", line 87, in get_result    raise ResultTimeout(message)dramatiq.results.errors.ResultTimeout: CreateExperimentTask({'idmtools': 'idmtools-automation', 'string_tag': 'test', 'number_tag': 123, 'type': 'idmtools_models.python.PythonExperiment'}, None)]]>        </error>        <system-out>            <![CDATA[[Local_Staging]: the following Config Settings are not used: - extra1 = 1 - extra2 = 2⠸[0m Ensure IDM Tools Local Platform services are loaded[K⠼[0m Ensure IDM Tools Local Platform services are loaded[K⠴[0m Ensure IDM Tools Local Platform services are loaded[K⠦[0m Ensure IDM Tools Local Platform services are loaded[K⠧[0m Ensure IDM Tools Local Platform services are loaded[K⠇[0m Ensure IDM Tools Local Platform services are loaded[K⠏[0m Ensure IDM Tools Local Platform services are loaded[K⠋[0m Ensure IDM Tools Local Platform services are loaded[K⠙[0m Ensure IDM Tools Local Platform services are loaded[K⠹[0m Ensure IDM Tools Local Platform services are loaded[K⠸[0m Ensure IDM Tools Local Platform services are loaded[K⠼[0m Ensure IDM Tools Local Platform services are loaded[K⠴[0m Ensure IDM Tools Local Platform services are loaded[K⠦[0m Ensure IDM Tools Local Platform services are loaded[K⠧[0m Ensure IDM Tools Local Platform services are loaded[K⠇[0m Ensure IDM Tools Local Platform services are loaded[K⠏[0m Ensure IDM Tools Local Platform services are loaded[K⠋[0m Ensure IDM Tools Local Platform services are loaded[K⠙[0m Ensure IDM Tools Local Platform services are loaded[K⠹[0m Ensure IDM Tools Local Platform services are loaded[K⠸[0m Ensure IDM Tools Local Platform services are loaded[K⠼[0m Ensure IDM Tools Local Platform services are loaded[K⠴[0m Ensure IDM Tools Local Platform services are loaded[K⠦[0m Ensure IDM Tools Local Platform services are loaded[K⠧[0m Ensure IDM Tools Local Platform services are loaded[K⠇[0m Ensure IDM Tools Local Platform services are loaded[K⠏[0m Ensure IDM Tools Local Platform services are loaded[K⠋[0m Ensure IDM Tools Local Platform services are loaded[K⠙[0m Ensure IDM Tools Local Platform services are loaded[K⠹[0m Ensure IDM Tools Local Platform services are loaded[K⠸[0m Ensure IDM Tools Local Platform services are loaded[K⠼[0m Ensure IDM Tools Local Platform services are loaded[K⠴[0m Ensure IDM Tools Local Platform services are loaded[K⠦[0m Ensure IDM Tools Local Platform services are loaded[K⠧[0m Ensure IDM Tools Local Platform services are loaded[K⠇[0m Ensure IDM Tools Local Platform services are loaded[K⠏[0m Ensure IDM Tools Local Platform services are loaded[K⠋[0m Ensure IDM Tools Local Platform services are loaded[K⠙[0m Ensure IDM Tools Local Platform services are loaded[K⠹[0m Ensure IDM Tools Local Platform services are loaded[K⠸[0m Ensure IDM Tools Local Platform services are loaded[K⠼[0m Ensure IDM Tools Local Platform services are loaded[K⠴[0m Ensure IDM Tools Local Platform services are loaded[K⠦[0m Ensure IDM Tools Local Platform services are loaded[K⠧[0m Ensure IDM Tools Local Platform services are loaded[K⠇[0m Ensure IDM Tools Local Platform services are loaded[K⠏[0m Ensure IDM Tools Local Platform services are loaded[K⠋[0m Ensure IDM Tools Local Platform services are loaded[K⠙[0m Ensure IDM Tools Local Platform services are loaded[K⠹[0m Ensure IDM Tools Local Platform services are loaded[K⠸[0m Ensure IDM Tools Local Platform services are loaded[K⠼[0m Ensure IDM Tools Local Platform services are loaded[K⠴[0m Ensure IDM Tools Local Platform services are loaded[K⠦[0m Ensure IDM Tools Local Platform services are loaded[K⠧[0m Ensure IDM Tools Local Platform services are loaded[K⠇[0m Ensure IDM Tools Local Platform services are loaded[K⠏[0m Ensure IDM Tools Local Platform services are loaded[K⠋[0m Ensure IDM Tools Local Platform services are loaded[K⠙[0m Ensure IDM Tools Local Platform services are loaded[K⠹[0m Ensure IDM Tools Local Platform services are loaded[K⠸[0m Ensure IDM Tools Local Platform services are loaded[K⠼[0m Ensure IDM Tools Local Platform services are loaded[K⠴[0m Ensure IDM Tools Local Platform services are loaded[K⠦[0m Ensure IDM Tools Local Platform services are loaded[K⠧[0m Ensure IDM Tools Local Platform services are loaded[K⠇[0m Ensure IDM Tools Local Platform services are loaded[K⠏[0m Ensure IDM Tools Local Platform services are loaded[K⠋[0m Ensure IDM Tools Local Platform services are loaded[K⠙[0m Ensure IDM Tools Local Platform services are loaded[K⠹[0m Ensure IDM Tools Local Platform services are loaded[K⠸[0m Ensure IDM Tools Local Platform services are loaded[K⠼[0m Ensure IDM Tools Local Platform services are loaded[K⠴[0m Ensure IDM Tools Local Platform services are loaded[K⠦[0m Ensure IDM Tools Local Platform services are loaded[K⠧[0m Ensure IDM Tools Local Platform services are loaded[K⠇[0m Ensure IDM Tools Local Platform services are loaded[K⠏[0m Ensure IDM Tools Local Platform services are loaded[K⠋[0m Ensure IDM Tools Local Platform services are loaded[K⠙[0m Ensure IDM Tools Local Platform services are loaded[K⠹[0m Ensure IDM Tools Local Platform services are loaded[K⠸[0m Ensure IDM Tools Local Platform services are loaded[K⠼[0m Ensure IDM Tools Local Platform services are loaded[K⠴[0m Ensure IDM Tools Local Platform services are loaded[K⠦[0m Ensure IDM Tools Local Platform services are loaded[K⠧[0m Ensure IDM Tools Local Platform services are loaded[K⠇[0m Ensure IDM Tools Local Platform services are loaded[K⠏[0m Ensure IDM Tools Local Platform services are loaded[K⠋[0m Ensure IDM Tools Local Platform services are loaded[K⠙[0m Ensure IDM Tools Local Platform services are loaded[K⠹[0m Ensure IDM Tools Local Platform services are loaded[K⠸[0m Ensure IDM Tools Local Platform services are loaded[K⠼[0m Ensure IDM Tools Local Platform services are loaded[K[K]]>        </system-out>        <system-err>            <![CDATA[]]>        </system-err>    </testcase>    <testcase classname="test_python_simulation.TestPythonSimulation" file="test_python_simulation.py" line="29"              name="test_direct_sweep_one_parameter_local" time="34.003" timestamp="2019-08-07T07:49:38">        <error message="CreateExperimentTask({'idmtools': 'idmtools-automation', 'string_tag': 'test', 'number_tag': 123, 'type': 'idmtools_models.python.PythonExperiment'}, None)"               type="ResultTimeout">            <![CDATA[Traceback (most recent call last):  File "/home/clinton/development/work/idmtools/idmtools_platform_local/tests/test_python_simulation.py", line 46, in test_direct_sweep_one_parameter_local    em.run()  File "/home/clinton/development/work/idmtools/idmtools_core/idmtools/managers/ExperimentManager.py", line 92, in run    self.create_experiment()  File "/home/clinton/development/work/idmtools/idmtools_core/idmtools/managers/ExperimentManager.py", line 41, in create_experiment    self.platform.create_experiment(self.experiment)  File "/home/clinton/development/work/idmtools/idmtools_platform_local/idmtools_platform_local/local_platform.py", line 96, in create_experiment    eid = m.get_result(block=True, timeout=self.default_timeout * 1000)  File "/home/clinton/.virtualenvs/idmtools/lib/python3.7/site-packages/dramatiq/message.py", line 147, in get_result    return backend.get_result(self, block=block, timeout=timeout)  File "/home/clinton/.virtualenvs/idmtools/lib/python3.7/site-packages/dramatiq/results/backend.py", line 87, in get_result    raise ResultTimeout(message)dramatiq.results.errors.ResultTimeout: CreateExperimentTask({'idmtools': 'idmtools-automation', 'string_tag': 'test', 'number_tag': 123, 'type': 'idmtools_models.python.PythonExperiment'}, None)]]>        </error>        <system-out>            <![CDATA[[Local_Staging]: the following Config Settings are not used: - extra1 = 1 - extra2 = 2⠴[0m Ensure IDM Tools Local Platform services are loaded[K⠦[0m Ensure IDM Tools Local Platform services are loaded[K⠧[0m Ensure IDM Tools Local Platform services are loaded[K⠇[0m Ensure IDM Tools Local Platform services are loaded[K⠏[0m Ensure IDM Tools Local Platform services are loaded[K⠋[0m Ensure IDM Tools Local Platform services are loaded[K⠙[0m Ensure IDM Tools Local Platform services are loaded[K⠹[0m Ensure IDM Tools Local Platform services are loaded[K⠸[0m Ensure IDM Tools Local Platform services are loaded[K⠼[0m Ensure IDM Tools Local Platform services are loaded[K⠴[0m Ensure IDM Tools Local Platform services are loaded[K⠦[0m Ensure IDM Tools Local Platform services are loaded[K⠧[0m Ensure IDM Tools Local Platform services are loaded[K⠇[0m Ensure IDM Tools Local Platform services are loaded[K⠏[0m Ensure IDM Tools Local Platform services are loaded[K⠋[0m Ensure IDM Tools Local Platform services are loaded[K⠙[0m Ensure IDM Tools Local Platform services are loaded[K⠹[0m Ensure IDM Tools Local Platform services are loaded[K⠸[0m Ensure IDM Tools Local Platform services are loaded[K⠼[0m Ensure IDM Tools Local Platform services are loaded[K⠴[0m Ensure IDM Tools Local Platform services are loaded[K⠦[0m Ensure IDM Tools Local Platform services are loaded[K⠧[0m Ensure IDM Tools Local Platform services are loaded[K⠇[0m Ensure IDM Tools Local Platform services are loaded[K⠏[0m Ensure IDM Tools Local Platform services are loaded[K⠋[0m Ensure IDM Tools Local Platform services are loaded[K⠙[0m Ensure IDM Tools Local Platform services are loaded[K⠹[0m Ensure IDM Tools Local Platform services are loaded[K⠸[0m Ensure IDM Tools Local Platform services are loaded[K⠼[0m Ensure IDM Tools Local Platform services are loaded[K⠴[0m Ensure IDM Tools Local Platform services are loaded[K⠦[0m Ensure IDM Tools Local Platform services are loaded[K⠧[0m Ensure IDM Tools Local Platform services are loaded[K⠇[0m Ensure IDM Tools Local Platform services are loaded[K⠏[0m Ensure IDM Tools Local Platform services are loaded[K⠋[0m Ensure IDM Tools Local Platform services are loaded[K⠙[0m Ensure IDM Tools Local Platform services are loaded[K⠹[0m Ensure IDM Tools Local Platform services are loaded[K⠸[0m Ensure IDM Tools Local Platform services are loaded[K⠼[0m Ensure IDM Tools Local Platform services are loaded[K⠴[0m Ensure IDM Tools Local Platform services are loaded[K⠦[0m Ensure IDM Tools Local Platform services are loaded[K⠧[0m Ensure IDM Tools Local Platform services are loaded[K⠇[0m Ensure IDM Tools Local Platform services are loaded[K⠏[0m Ensure IDM Tools Local Platform services are loaded[K⠋[0m Ensure IDM Tools Local Platform services are loaded[K⠙[0m Ensure IDM Tools Local Platform services are loaded[K⠹[0m Ensure IDM Tools Local Platform services are loaded[K⠸[0m Ensure IDM Tools Local Platform services are loaded[K⠼[0m Ensure IDM Tools Local Platform services are loaded[K⠴[0m Ensure IDM Tools Local Platform services are loaded[K⠦[0m Ensure IDM Tools Local Platform services are loaded[K⠧[0m Ensure IDM Tools Local Platform services are loaded[K⠇[0m Ensure IDM Tools Local Platform services are loaded[K⠏[0m Ensure IDM Tools Local Platform services are loaded[K⠋[0m Ensure IDM Tools Local Platform services are loaded[K⠙[0m Ensure IDM Tools Local Platform services are loaded[K⠹[0m Ensure IDM Tools Local Platform services are loaded[K⠸[0m Ensure IDM Tools Local Platform services are loaded[K⠼[0m Ensure IDM Tools Local Platform services are loaded[K⠴[0m Ensure IDM Tools Local Platform services are loaded[K⠦[0m Ensure IDM Tools Local Platform services are loaded[K⠧[0m Ensure IDM Tools Local Platform services are loaded[K[K]]>        </system-out>        <system-err>            <![CDATA[]]>        </system-err>    </testcase></testsuite>