<?xml version="1.0" encoding="UTF-8"?>
<testsuite errors="0" failures="0" file="test_local_cli_basics.py"
           name="test_local_cli_basics.TestLocalCLIBasic-20190807195348" skipped="0" tests="3" time="40.170"
           timestamp="2019-08-07T19:56:43">
    <testcase classname="test_local_cli_basics.TestLocalCLIBasic" file="test_local_cli_basics.py" line="58"
              name="test_docker" time="40.076" timestamp="2019-08-07T19:56:43">
        <system-out>
            <![CDATA[
[K2019-08-07 19:56:26,798 INFO sqlalchemy.engine.base.Engine select version()
2019-08-07 19:56:26,798 INFO sqlalchemy.engine.base.Engine {}
2019-08-07 19:56:26,800 INFO sqlalchemy.engine.base.Engine select current_schema()
2019-08-07 19:56:26,800 INFO sqlalchemy.engine.base.Engine {}
2019-08-07 19:56:26,801 INFO sqlalchemy.engine.base.Engine SELECT CAST('test plain returns' AS VARCHAR(60)) AS anon_1
2019-08-07 19:56:26,801 INFO sqlalchemy.engine.base.Engine {}
2019-08-07 19:56:26,802 INFO sqlalchemy.engine.base.Engine SELECT CAST('test unicode returns' AS VARCHAR(60)) AS anon_1
2019-08-07 19:56:26,802 INFO sqlalchemy.engine.base.Engine {}
2019-08-07 19:56:26,802 INFO sqlalchemy.engine.base.Engine show standard_conforming_strings
2019-08-07 19:56:26,802 INFO sqlalchemy.engine.base.Engine {}
2019-08-07 19:56:26,803 INFO sqlalchemy.engine.base.Engine select relname from pg_class c join pg_namespace n on n.oid=c.relnamespace where pg_catalog.pg_table_is_visible(c.oid) and relname=%(name)s
2019-08-07 19:56:26,803 INFO sqlalchemy.engine.base.Engine {'name': 'job_status'}
2019-08-07 19:56:26,804 INFO sqlalchemy.engine.base.Engine 
            SELECT EXISTS (
                SELECT * FROM pg_catalog.pg_type t
                WHERE t.typname = %(typname)s
                AND pg_type_is_visible(t.oid)
                )
                
2019-08-07 19:56:26,804 INFO sqlalchemy.engine.base.Engine {'typname': 'status'}
2019-08-07 19:56:26,805 INFO sqlalchemy.engine.base.Engine CREATE TYPE status AS ENUM ('created', 'in_progress', 'canceled', 'failed', 'done')
2019-08-07 19:56:26,805 INFO sqlalchemy.engine.base.Engine {}
2019-08-07 19:56:26,806 INFO sqlalchemy.engine.base.Engine COMMIT
2019-08-07 19:56:26,808 INFO sqlalchemy.engine.base.Engine 
            SELECT EXISTS (
                SELECT * FROM pg_catalog.pg_type t
                WHERE t.typname = %(typname)s
                AND pg_type_is_visible(t.oid)
                )
                
2019-08-07 19:56:26,808 INFO sqlalchemy.engine.base.Engine {'typname': 'status'}
2019-08-07 19:56:26,810 INFO sqlalchemy.engine.base.Engine 
CREATE TABLE job_status (
	uuid VARCHAR NOT NULL, 
	parent_uuid VARCHAR, 
	status status NOT NULL, 
	data_path VARCHAR NOT NULL, 
	tags JSON, 
	extra_details JSON, 
	created TIMESTAMP WITH TIME ZONE DEFAULT now(), 
	updated TIMESTAMP WITH TIME ZONE, 
	PRIMARY KEY (uuid), 
	UNIQUE (uuid)
)


2019-08-07 19:56:26,810 INFO sqlalchemy.engine.base.Engine {}
2019-08-07 19:56:26,822 INFO sqlalchemy.engine.base.Engine COMMIT
2019-08-07 19:56:26,831 INFO sqlalchemy.engine.base.Engine BEGIN (implicit)
2019-08-07 19:56:26,832 INFO sqlalchemy.engine.base.Engine SELECT job_status.uuid AS job_status_uuid, job_status.parent_uuid AS job_status_parent_uuid, job_status.status AS job_status_status, job_status.data_path AS job_status_data_path, job_status.tags AS job_status_tags, job_status.extra_details AS job_status_extra_details, job_status.created AS job_status_created, job_status.updated AS job_status_updated 
FROM job_status 
WHERE job_status.uuid = %(uuid_1)s 
 LIMIT %(param_1)s
2019-08-07 19:56:26,832 INFO sqlalchemy.engine.base.Engine {'uuid_1': 'AAAAA', 'param_1': 1}
2019-08-07 19:56:26,834 INFO sqlalchemy.engine.base.Engine INSERT INTO job_status (uuid, parent_uuid, status, data_path, tags, extra_details, created, updated) VALUES (%(uuid)s, %(parent_uuid)s, %(status)s, %(data_path)s, %(tags)s, %(extra_details)s, %(created)s, %(updated)s)
2019-08-07 19:56:26,835 INFO sqlalchemy.engine.base.Engine {'uuid': 'AAAAA', 'parent_uuid': None, 'status': 'created', 'data_path': '/data/AAAAA', 'tags': '{"a": "b", "c": "d"}', 'extra_details': '{}', 'created': datetime.datetime(2019, 8, 8, 2, 56, 26, 834796), 'updated': None}
2019-08-07 19:56:26,835 INFO sqlalchemy.engine.base.Engine COMMIT
2019-08-07 19:56:26,837 INFO sqlalchemy.engine.base.Engine BEGIN (implicit)
2019-08-07 19:56:26,838 INFO sqlalchemy.engine.base.Engine SELECT job_status.uuid AS job_status_uuid, job_status.parent_uuid AS job_status_parent_uuid, job_status.status AS job_status_status, job_status.extra_details AS job_status_extra_details, job_status.created AS job_status_created, job_status.updated AS job_status_updated 
FROM job_status 
WHERE job_status.uuid = %(param_1)s
2019-08-07 19:56:26,838 INFO sqlalchemy.engine.base.Engine {'param_1': 'AAAAA'}
2019-08-07 19:56:26,839 INFO sqlalchemy.engine.base.Engine UPDATE job_status SET data_path=%(data_path)s, tags=%(tags)s, extra_details=%(extra_details)s, updated=now() WHERE job_status.uuid = %(job_status_uuid)s
2019-08-07 19:56:26,840 INFO sqlalchemy.engine.base.Engine {'data_path': '/data/AAAAA', 'tags': '{"a": "b", "c": "d"}', 'extra_details': '{"simulation_type": "Python"}', 'job_status_uuid': 'AAAAA'}
2019-08-07 19:56:26,840 INFO sqlalchemy.engine.base.Engine COMMIT
2019-08-07 19:56:26,842 INFO sqlalchemy.engine.base.Engine BEGIN (implicit)
2019-08-07 19:56:26,843 INFO sqlalchemy.engine.base.Engine SELECT job_status.uuid AS job_status_uuid, job_status.parent_uuid AS job_status_parent_uuid, job_status.status AS job_status_status, job_status.data_path AS job_status_data_path, job_status.tags AS job_status_tags, job_status.extra_details AS job_status_extra_details, job_status.created AS job_status_created, job_status.updated AS job_status_updated 
FROM job_status 
WHERE job_status.uuid = %(uuid_1)s 
 LIMIT %(param_1)s
2019-08-07 19:56:26,843 INFO sqlalchemy.engine.base.Engine {'uuid_1': 'BBBBB', 'param_1': 1}
2019-08-07 19:56:26,844 INFO sqlalchemy.engine.base.Engine INSERT INTO job_status (uuid, parent_uuid, status, data_path, tags, extra_details, created, updated) VALUES (%(uuid)s, %(parent_uuid)s, %(status)s, %(data_path)s, %(tags)s, %(extra_details)s, %(created)s, %(updated)s)
2019-08-07 19:56:26,845 INFO sqlalchemy.engine.base.Engine {'uuid': 'BBBBB', 'parent_uuid': None, 'status': 'created', 'data_path': '/data/BBBBB', 'tags': '{"e": "f", "g": "h"}', 'extra_details': '{}', 'created': datetime.datetime(2019, 8, 8, 2, 56, 26, 844881), 'updated': None}
2019-08-07 19:56:26,845 INFO sqlalchemy.engine.base.Engine COMMIT
2019-08-07 19:56:26,846 INFO sqlalchemy.engine.base.Engine BEGIN (implicit)
2019-08-07 19:56:26,847 INFO sqlalchemy.engine.base.Engine SELECT job_status.uuid AS job_status_uuid, job_status.parent_uuid AS job_status_parent_uuid, job_status.status AS job_status_status, job_status.extra_details AS job_status_extra_details, job_status.created AS job_status_created, job_status.updated AS job_status_updated 
FROM job_status 
WHERE job_status.uuid = %(param_1)s
2019-08-07 19:56:26,847 INFO sqlalchemy.engine.base.Engine {'param_1': 'BBBBB'}
2019-08-07 19:56:26,848 INFO sqlalchemy.engine.base.Engine UPDATE job_status SET data_path=%(data_path)s, tags=%(tags)s, extra_details=%(extra_details)s, updated=now() WHERE job_status.uuid = %(job_status_uuid)s
2019-08-07 19:56:26,848 INFO sqlalchemy.engine.base.Engine {'data_path': '/data/BBBBB', 'tags': '{"e": "f", "g": "h"}', 'extra_details': '{"simulation_type": "Python"}', 'job_status_uuid': 'BBBBB'}
2019-08-07 19:56:26,848 INFO sqlalchemy.engine.base.Engine COMMIT
2019-08-07 19:56:26,850 INFO sqlalchemy.engine.base.Engine BEGIN (implicit)
2019-08-07 19:56:26,850 INFO sqlalchemy.engine.base.Engine SELECT job_status.uuid AS job_status_uuid, job_status.parent_uuid AS job_status_parent_uuid, job_status.status AS job_status_status, job_status.data_path AS job_status_data_path, job_status.tags AS job_status_tags, job_status.extra_details AS job_status_extra_details, job_status.created AS job_status_created, job_status.updated AS job_status_updated 
FROM job_status 
WHERE job_status.uuid = %(uuid_1)s 
 LIMIT %(param_1)s
2019-08-07 19:56:26,850 INFO sqlalchemy.engine.base.Engine {'uuid_1': 'CCCCC', 'param_1': 1}
2019-08-07 19:56:26,852 INFO sqlalchemy.engine.base.Engine INSERT INTO job_status (uuid, parent_uuid, status, data_path, tags, extra_details, created, updated) VALUES (%(uuid)s, %(parent_uuid)s, %(status)s, %(data_path)s, %(tags)s, %(extra_details)s, %(created)s, %(updated)s)
2019-08-07 19:56:26,852 INFO sqlalchemy.engine.base.Engine {'uuid': 'CCCCC', 'parent_uuid': 'BBBBB', 'status': 'created', 'data_path': '/data/CCCCC', 'tags': '{"i": "j", "k": "l"}', 'extra_details': '{}', 'created': datetime.datetime(2019, 8, 8, 2, 56, 26, 851979), 'updated': None}
2019-08-07 19:56:26,852 INFO sqlalchemy.engine.base.Engine COMMIT
2019-08-07 19:56:26,853 INFO sqlalchemy.engine.base.Engine BEGIN (implicit)
2019-08-07 19:56:26,854 INFO sqlalchemy.engine.base.Engine SELECT job_status.uuid AS job_status_uuid, job_status.parent_uuid AS job_status_parent_uuid, job_status.status AS job_status_status, job_status.extra_details AS job_status_extra_details, job_status.created AS job_status_created, job_status.updated AS job_status_updated 
FROM job_status 
WHERE job_status.uuid = %(param_1)s
2019-08-07 19:56:26,854 INFO sqlalchemy.engine.base.Engine {'param_1': 'CCCCC'}
2019-08-07 19:56:26,855 INFO sqlalchemy.engine.base.Engine UPDATE job_status SET data_path=%(data_path)s, tags=%(tags)s, extra_details=%(extra_details)s, updated=now() WHERE job_status.uuid = %(job_status_uuid)s
2019-08-07 19:56:26,855 INFO sqlalchemy.engine.base.Engine {'data_path': '/data/CCCCC', 'tags': '{"i": "j", "k": "l"}', 'extra_details': '{"simulation_type": "Python"}', 'job_status_uuid': 'CCCCC'}
2019-08-07 19:56:26,856 INFO sqlalchemy.engine.base.Engine COMMIT
2019-08-07 19:56:26,857 INFO sqlalchemy.engine.base.Engine BEGIN (implicit)
2019-08-07 19:56:26,858 INFO sqlalchemy.engine.base.Engine SELECT job_status.uuid AS job_status_uuid, job_status.parent_uuid AS job_status_parent_uuid, job_status.status AS job_status_status, job_status.data_path AS job_status_data_path, job_status.tags AS job_status_tags, job_status.extra_details AS job_status_extra_details, job_status.created AS job_status_created, job_status.updated AS job_status_updated 
FROM job_status 
WHERE job_status.uuid = %(uuid_1)s 
 LIMIT %(param_1)s
2019-08-07 19:56:26,858 INFO sqlalchemy.engine.base.Engine {'uuid_1': 'DDDDD', 'param_1': 1}
2019-08-07 19:56:26,859 INFO sqlalchemy.engine.base.Engine INSERT INTO job_status (uuid, parent_uuid, status, data_path, tags, extra_details, created, updated) VALUES (%(uuid)s, %(parent_uuid)s, %(status)s, %(data_path)s, %(tags)s, %(extra_details)s, %(created)s, %(updated)s)
2019-08-07 19:56:26,859 INFO sqlalchemy.engine.base.Engine {'uuid': 'DDDDD', 'parent_uuid': None, 'status': 'created', 'data_path': '/data/DDDD', 'tags': '{"e": "f", "c": "d"}', 'extra_details': '{}', 'created': datetime.datetime(2019, 8, 8, 2, 56, 26, 859098), 'updated': None}
2019-08-07 19:56:26,859 INFO sqlalchemy.engine.base.Engine COMMIT
2019-08-07 19:56:26,861 INFO sqlalchemy.engine.base.Engine BEGIN (implicit)
2019-08-07 19:56:26,861 INFO sqlalchemy.engine.base.Engine SELECT job_status.uuid AS job_status_uuid, job_status.parent_uuid AS job_status_parent_uuid, job_status.status AS job_status_status, job_status.extra_details AS job_status_extra_details, job_status.created AS job_status_created, job_status.updated AS job_status_updated 
FROM job_status 
WHERE job_status.uuid = %(param_1)s
2019-08-07 19:56:26,861 INFO sqlalchemy.engine.base.Engine {'param_1': 'DDDDD'}
2019-08-07 19:56:26,862 INFO sqlalchemy.engine.base.Engine UPDATE job_status SET data_path=%(data_path)s, tags=%(tags)s, extra_details=%(extra_details)s, updated=now() WHERE job_status.uuid = %(job_status_uuid)s
2019-08-07 19:56:26,862 INFO sqlalchemy.engine.base.Engine {'data_path': '/data/DDDD', 'tags': '{"e": "f", "c": "d"}', 'extra_details': '{"simulation_type": "Python"}', 'job_status_uuid': 'DDDDD'}
2019-08-07 19:56:26,863 INFO sqlalchemy.engine.base.Engine COMMIT
2019-08-07 19:56:26,864 INFO sqlalchemy.engine.base.Engine BEGIN (implicit)
2019-08-07 19:56:26,865 INFO sqlalchemy.engine.base.Engine SELECT job_status.uuid AS job_status_uuid, job_status.parent_uuid AS job_status_parent_uuid, job_status.status AS job_status_status, job_status.data_path AS job_status_data_path, job_status.tags AS job_status_tags, job_status.extra_details AS job_status_extra_details, job_status.created AS job_status_created, job_status.updated AS job_status_updated 
FROM job_status 
WHERE job_status.uuid = %(uuid_1)s 
 LIMIT %(param_1)s
2019-08-07 19:56:26,865 INFO sqlalchemy.engine.base.Engine {'uuid_1': 'EEEEE', 'param_1': 1}
2019-08-07 19:56:26,865 INFO sqlalchemy.engine.base.Engine INSERT INTO job_status (uuid, parent_uuid, status, data_path, tags, extra_details, created, updated) VALUES (%(uuid)s, %(parent_uuid)s, %(status)s, %(data_path)s, %(tags)s, %(extra_details)s, %(created)s, %(updated)s)
2019-08-07 19:56:26,866 INFO sqlalchemy.engine.base.Engine {'uuid': 'EEEEE', 'parent_uuid': 'DDDDD', 'status': 'done', 'data_path': '/data/EEEEE', 'tags': '{"i": "j", "k": "l"}', 'extra_details': '{}', 'created': datetime.datetime(2019, 8, 8, 2, 56, 26, 865933), 'updated': None}
2019-08-07 19:56:26,866 INFO sqlalchemy.engine.base.Engine COMMIT
2019-08-07 19:56:26,867 INFO sqlalchemy.engine.base.Engine BEGIN (implicit)
2019-08-07 19:56:26,867 INFO sqlalchemy.engine.base.Engine SELECT job_status.uuid AS job_status_uuid, job_status.parent_uuid AS job_status_parent_uuid, job_status.status AS job_status_status, job_status.extra_details AS job_status_extra_details, job_status.created AS job_status_created, job_status.updated AS job_status_updated 
FROM job_status 
WHERE job_status.uuid = %(param_1)s
2019-08-07 19:56:26,867 INFO sqlalchemy.engine.base.Engine {'param_1': 'EEEEE'}
2019-08-07 19:56:26,868 INFO sqlalchemy.engine.base.Engine UPDATE job_status SET data_path=%(data_path)s, tags=%(tags)s, extra_details=%(extra_details)s, updated=now() WHERE job_status.uuid = %(job_status_uuid)s
2019-08-07 19:56:26,868 INFO sqlalchemy.engine.base.Engine {'data_path': '/data/EEEEE', 'tags': '{"i": "j", "k": "l"}', 'extra_details': '{"simulation_type": "Python"}', 'job_status_uuid': 'EEEEE'}
2019-08-07 19:56:26,869 INFO sqlalchemy.engine.base.Engine COMMIT
2019-08-07 19:56:26,870 INFO sqlalchemy.engine.base.Engine BEGIN (implicit)
2019-08-07 19:56:26,870 INFO sqlalchemy.engine.base.Engine SELECT job_status.uuid AS job_status_uuid, job_status.parent_uuid AS job_status_parent_uuid, job_status.status AS job_status_status, job_status.data_path AS job_status_data_path, job_status.tags AS job_status_tags, job_status.extra_details AS job_status_extra_details, job_status.created AS job_status_created, job_status.updated AS job_status_updated 
FROM job_status 
WHERE job_status.uuid = %(uuid_1)s 
 LIMIT %(param_1)s
2019-08-07 19:56:26,870 INFO sqlalchemy.engine.base.Engine {'uuid_1': 'FFFFF', 'param_1': 1}
2019-08-07 19:56:26,871 INFO sqlalchemy.engine.base.Engine INSERT INTO job_status (uuid, parent_uuid, status, data_path, tags, extra_details, created, updated) VALUES (%(uuid)s, %(parent_uuid)s, %(status)s, %(data_path)s, %(tags)s, %(extra_details)s, %(created)s, %(updated)s)
2019-08-07 19:56:26,871 INFO sqlalchemy.engine.base.Engine {'uuid': 'FFFFF', 'parent_uuid': 'DDDDD', 'status': 'done', 'data_path': '/data/FFFFF', 'tags': '{"i": "j", "k": "l"}', 'extra_details': '{}', 'created': datetime.datetime(2019, 8, 8, 2, 56, 26, 871485), 'updated': None}
2019-08-07 19:56:26,872 INFO sqlalchemy.engine.base.Engine COMMIT
2019-08-07 19:56:26,873 INFO sqlalchemy.engine.base.Engine BEGIN (implicit)
2019-08-07 19:56:26,873 INFO sqlalchemy.engine.base.Engine SELECT job_status.uuid AS job_status_uuid, job_status.parent_uuid AS job_status_parent_uuid, job_status.status AS job_status_status, job_status.extra_details AS job_status_extra_details, job_status.created AS job_status_created, job_status.updated AS job_status_updated 
FROM job_status 
WHERE job_status.uuid = %(param_1)s
2019-08-07 19:56:26,873 INFO sqlalchemy.engine.base.Engine {'param_1': 'FFFFF'}
2019-08-07 19:56:26,874 INFO sqlalchemy.engine.base.Engine UPDATE job_status SET data_path=%(data_path)s, tags=%(tags)s, extra_details=%(extra_details)s, updated=now() WHERE job_status.uuid = %(job_status_uuid)s
2019-08-07 19:56:26,874 INFO sqlalchemy.engine.base.Engine {'data_path': '/data/FFFFF', 'tags': '{"i": "j", "k": "l"}', 'extra_details': '{"simulation_type": "Python"}', 'job_status_uuid': 'FFFFF'}
2019-08-07 19:56:26,874 INFO sqlalchemy.engine.base.Engine COMMIT

]]>        </system-out>
        <system-err>
            <![CDATA[]]>        </system-err>
    </testcase>
    <testcase classname="test_local_cli_basics.TestLocalCLIBasic" file="test_local_cli_basics.py" line="48"
              name="test_load" time="0.056" timestamp="2019-08-07T19:56:43">
        <system-out>
            <![CDATA[]]>        </system-out>
        <system-err>
            <![CDATA[]]>        </system-err>
    </testcase>
    <testcase classname="test_local_cli_basics.TestLocalCLIBasic" file="test_local_cli_basics.py" line="54"
              name="test_status" time="0.038" timestamp="2019-08-07T19:56:43">
        <system-out>
            <![CDATA[<Result SystemExit(-1)>
]]>        </system-out>
        <system-err>
            <![CDATA[]]>        </system-err>
    </testcase>
</testsuite>
