<?xml version="1.0" encoding="UTF-8"?>
<testsuite errors="0" failures="0" file="test_tasks.py" name="test_tasks.TestTasks-20190807195322" skipped="0" tests="3"
           time="0.046" timestamp="2019-08-07T19:53:22">
    <testcase classname="test_tasks.TestTasks" file="test_tasks.py" line="29" name="test_create_experiment" time="0.015"
              timestamp="2019-08-07T19:53:22">
        <system-out>
            <![CDATA[/tmp/tmp_ffitzce/data
]]>        </system-out>
        <system-err>
            <![CDATA[]]>        </system-err>
    </testcase>
    <testcase classname="test_tasks.TestTasks" file="test_tasks.py" line="43" name="test_create_simulation" time="0.006"
              timestamp="2019-08-07T19:53:22">
        <system-out>
            <![CDATA[]]>        </system-out>
        <system-err>
            <![CDATA[]]>        </system-err>
    </testcase>
    <testcase classname="test_tasks.TestTasks" file="test_tasks.py" line="58" name="test_run_task" time="0.024"
              timestamp="2019-08-07T19:53:22">
        <system-out>
            <![CDATA[]]>        </system-out>
        <system-err>
            <![CDATA[]]>        </system-err>
    </testcase>
</testsuite>
