<?xml version="1.0" encoding="UTF-8"?><testsuite errors="0" failures="0" file="test_docker_operations.py"           name="test_docker_operations.TestDockerOperations-20190807074734" skipped="0" tests="4" time="28.049"           timestamp="2019-08-07T07:50:41">    <testcase classname="test_docker_operations.TestDockerOperations" file="test_docker_operations.py" line="34"              name="test_create_db_starts" time="11.462" timestamp="2019-08-07T07:50:24">        <system-out>            <![CDATA[⠴[0m Stopping IDM Tools Local Platform services[K⠦[0m Stopping IDM Tools Local Platform services[K⠧[0m Stopping IDM Tools Local Platform services[K⠇[0m Stopping IDM Tools Local Platform services[K⠏[0m Stopping IDM Tools Local Platform services[K⠋[0m Stopping IDM Tools Local Platform services[K⠙[0m Stopping IDM Tools Local Platform services[K⠹[0m Stopping IDM Tools Local Platform services[K⠸[0m Stopping IDM Tools Local Platform services[K⠼[0m Stopping IDM Tools Local Platform services[K⠴[0m Stopping IDM Tools Local Platform services[K⠦[0m Stopping IDM Tools Local Platform services[K⠧[0m Stopping IDM Tools Local Platform services[K⠇[0m Stopping IDM Tools Local Platform services[K⠏[0m Stopping IDM Tools Local Platform services[K⠋[0m Stopping IDM Tools Local Platform services[K⠙[0m Stopping IDM Tools Local Platform services[K⠹[0m Stopping IDM Tools Local Platform services[K⠸[0m Stopping IDM Tools Local Platform services[K⠼[0m Stopping IDM Tools Local Platform services[K⠴[0m Stopping IDM Tools Local Platform services[K⠦[0m Stopping IDM Tools Local Platform services[K⠧[0m Stopping IDM Tools Local Platform services[K⠇[0m Stopping IDM Tools Local Platform services[K⠏[0m Stopping IDM Tools Local Platform services[K⠋[0m Stopping IDM Tools Local Platform services[K⠙[0m Stopping IDM Tools Local Platform services[K⠹[0m Stopping IDM Tools Local Platform services[K⠸[0m Stopping IDM Tools Local Platform services[K⠼[0m Stopping IDM Tools Local Platform services[K⠴[0m Stopping IDM Tools Local Platform services[K⠦[0m Stopping IDM Tools Local Platform services[K⠧[0m Stopping IDM Tools Local Platform services[K⠇[0m Stopping IDM Tools Local Platform services[K⠏[0m Stopping IDM Tools Local Platform services[K⠋[0m Stopping IDM Tools Local Platform services[K⠙[0m Stopping IDM Tools Local Platform services[K⠹[0m Stopping IDM Tools Local Platform services[K⠸[0m Stopping IDM Tools Local Platform services[K⠼[0m Stopping IDM Tools Local Platform services[K⠴[0m Stopping IDM Tools Local Platform services[K⠦[0m Stopping IDM Tools Local Platform services[K⠧[0m Stopping IDM Tools Local Platform services[K⠇[0m Stopping IDM Tools Local Platform services[K⠏[0m Stopping IDM Tools Local Platform services[K⠋[0m Stopping IDM Tools Local Platform services[K⠙[0m Stopping IDM Tools Local Platform services[K⠹[0m Stopping IDM Tools Local Platform services[K⠸[0m Stopping IDM Tools Local Platform services[K⠼[0m Stopping IDM Tools Local Platform services[K⠴[0m Stopping IDM Tools Local Platform services[K⠦[0m Stopping IDM Tools Local Platform services[K⠧[0m Stopping IDM Tools Local Platform services[K⠇[0m Stopping IDM Tools Local Platform services[K⠏[0m Stopping IDM Tools Local Platform services[K⠋[0m Stopping IDM Tools Local Platform services[K⠙[0m Stopping IDM Tools Local Platform services[K⠹[0m Stopping IDM Tools Local Platform services[K⠸[0m Stopping IDM Tools Local Platform services[K⠼[0m Stopping IDM Tools Local Platform services[K⠴[0m Stopping IDM Tools Local Platform services[K⠦[0m Stopping IDM Tools Local Platform services[K⠧[0m Stopping IDM Tools Local Platform services[K⠇[0m Stopping IDM Tools Local Platform services[K⠏[0m Stopping IDM Tools Local Platform services[K⠋[0m Stopping IDM Tools Local Platform services[K⠙[0m Stopping IDM Tools Local Platform services[K⠹[0m Stopping IDM Tools Local Platform services[K⠸[0m Stopping IDM Tools Local Platform services[K⠼[0m Stopping IDM Tools Local Platform services[K⠴[0m Stopping IDM Tools Local Platform services[K⠦[0m Stopping IDM Tools Local Platform services[K⠧[0m Stopping IDM Tools Local Platform services[K⠇[0m Stopping IDM Tools Local Platform services[K⠏[0m Stopping IDM Tools Local Platform services[K⠋[0m Stopping IDM Tools Local Platform services[K⠙[0m Stopping IDM Tools Local Platform services[K⠹[0m Stopping IDM Tools Local Platform services[K⠸[0m Stopping IDM Tools Local Platform services[K⠼[0m Stopping IDM Tools Local Platform services[K⠴[0m Stopping IDM Tools Local Platform services[K⠦[0m Stopping IDM Tools Local Platform services[K⠧[0m Stopping IDM Tools Local Platform services[K⠇[0m Stopping IDM Tools Local Platform services[K⠏[0m Stopping IDM Tools Local Platform services[K⠋[0m Stopping IDM Tools Local Platform services[K⠙[0m Stopping IDM Tools Local Platform services[K⠹[0m Stopping IDM Tools Local Platform services[K⠸[0m Stopping IDM Tools Local Platform services[K⠼[0m Stopping IDM Tools Local Platform services[K⠴[0m Stopping IDM Tools Local Platform services[K⠦[0m Stopping IDM Tools Local Platform services[K⠧[0m Stopping IDM Tools Local Platform services[K⠇[0m Stopping IDM Tools Local Platform services[K⠏[0m Stopping IDM Tools Local Platform services[K⠋[0m Stopping IDM Tools Local Platform services[K⠙[0m Stopping IDM Tools Local Platform services[K⠹[0m Stopping IDM Tools Local Platform services[K⠸[0m Stopping IDM Tools Local Platform services[K⠼[0m Stopping IDM Tools Local Platform services[K⠴[0m Stopping IDM Tools Local Platform services[K⠦[0m Stopping IDM Tools Local Platform services[K⠧[0m Stopping IDM Tools Local Platform services[K⠇[0m Stopping IDM Tools Local Platform services[K⠏[0m Stopping IDM Tools Local Platform services[K⠋[0m Stopping IDM Tools Local Platform services[K⠙[0m Stopping IDM Tools Local Platform services[K⠹[0m Stopping IDM Tools Local Platform services[K⠸[0m Stopping IDM Tools Local Platform services[K⠼[0m Stopping IDM Tools Local Platform services[K⠴[0m Stopping IDM Tools Local Platform services[K⠦[0m Stopping IDM Tools Local Platform services[K⠧[0m Stopping IDM Tools Local Platform services[K⠇[0m Stopping IDM Tools Local Platform services[K⠏[0m Stopping IDM Tools Local Platform services[K⠋[0m Stopping IDM Tools Local Platform services[K⠙[0m Stopping IDM Tools Local Platform services[K⠹[0m Stopping IDM Tools Local Platform services[K⠸[0m Stopping IDM Tools Local Platform services[K⠼[0m Stopping IDM Tools Local Platform services[K⠴[0m Stopping IDM Tools Local Platform services[K⠦[0m Stopping IDM Tools Local Platform services[K⠧[0m Stopping IDM Tools Local Platform services[K⠇[0m Stopping IDM Tools Local Platform services[K⠏[0m Stopping IDM Tools Local Platform services[K⠋[0m Stopping IDM Tools Local Platform services[K⠙[0m Stopping IDM Tools Local Platform services[K⠹[0m Stopping IDM Tools Local Platform services[K⠸[0m Stopping IDM Tools Local Platform services[K⠼[0m Stopping IDM Tools Local Platform services[K⠴[0m Stopping IDM Tools Local Platform services[K⠦[0m Stopping IDM Tools Local Platform services[K⠧[0m Stopping IDM Tools Local Platform services[K[K]]>        </system-out>        <system-err>            <![CDATA[]]>        </system-err>    </testcase>    <testcase classname="test_docker_operations.TestDockerOperations" file="test_docker_operations.py" line="28"              name="test_create_redis_starts" time="1.366" timestamp="2019-08-07T07:50:25">        <system-out>            <![CDATA[⠇[0m Stopping IDM Tools Local Platform services[K⠏[0m Stopping IDM Tools Local Platform services[K⠋[0m Stopping IDM Tools Local Platform services[K⠙[0m Stopping IDM Tools Local Platform services[K⠹[0m Stopping IDM Tools Local Platform services[K⠸[0m Stopping IDM Tools Local Platform services[K⠼[0m Stopping IDM Tools Local Platform services[K⠴[0m Stopping IDM Tools Local Platform services[K[K]]>        </system-out>        <system-err>            <![CDATA[]]>        </system-err>    </testcase>    <testcase classname="test_docker_operations.TestDockerOperations" file="test_docker_operations.py" line="44"              name="test_create_stack_starts" time="15.220" timestamp="2019-08-07T07:50:41">        <system-out>            <![CDATA[]]>        </system-out>        <system-err>            <![CDATA[]]>        </system-err>    </testcase>    <testcase classname="test_docker_operations.TestDockerOperations" file="test_docker_operations.py" line="91"              name="test_port_taken" time="0.002" timestamp="2019-08-07T07:50:41">        <system-out>            <![CDATA[]]>        </system-out>        <system-err>            <![CDATA[]]>        </system-err>    </testcase></testsuite>