<?xml version="1.0" encoding="UTF-8"?>
<testsuite errors="0" failures="1" file="test_api.py" name="test_api.TestAPI-20190807081325" skipped="0" tests="5"
           time="28.342" timestamp="2019-08-07T08:14:40">
    <testcase classname="test_api.TestAPI" file="test_api.py" line="111" name="test_experiment_filtering" time="26.795"
              timestamp="2019-08-07T08:14:39">
        <system-out>
            <![CDATA[2019-08-07 08:14:18,184 INFO sqlalchemy.engine.base.Engine select version()
2019-08-07 08:14:18,187 INFO sqlalchemy.engine.base.Engine {}
2019-08-07 08:14:18,221 INFO sqlalchemy.engine.base.Engine select current_schema()
2019-08-07 08:14:18,223 INFO sqlalchemy.engine.base.Engine {}
2019-08-07 08:14:18,232 INFO sqlalchemy.engine.base.Engine SELECT CAST('test plain returns' AS VARCHAR(60)) AS anon_1
2019-08-07 08:14:18,233 INFO sqlalchemy.engine.base.Engine {}
2019-08-07 08:14:18,237 INFO sqlalchemy.engine.base.Engine SELECT CAST('test unicode returns' AS VARCHAR(60)) AS anon_1
2019-08-07 08:14:18,238 INFO sqlalchemy.engine.base.Engine {}
2019-08-07 08:14:18,243 INFO sqlalchemy.engine.base.Engine show standard_conforming_strings
2019-08-07 08:14:18,245 INFO sqlalchemy.engine.base.Engine {}
2019-08-07 08:14:18,260 INFO sqlalchemy.engine.base.Engine select relname from pg_class c join pg_namespace n on n.oid=c.relnamespace where pg_catalog.pg_table_is_visible(c.oid) and relname=%(name)s
2019-08-07 08:14:18,261 INFO sqlalchemy.engine.base.Engine {'name': 'job_status'}
2019-08-07 08:14:18,270 INFO sqlalchemy.engine.base.Engine 
            SELECT EXISTS (
                SELECT * FROM pg_catalog.pg_type t
                WHERE t.typname = %(typname)s
                AND pg_type_is_visible(t.oid)
                )
                
2019-08-07 08:14:18,278 INFO sqlalchemy.engine.base.Engine {'typname': 'status'}
2019-08-07 08:14:18,289 INFO sqlalchemy.engine.base.Engine CREATE TYPE status AS ENUM ('created', 'in_progress', 'canceled', 'failed', 'done')
2019-08-07 08:14:18,290 INFO sqlalchemy.engine.base.Engine {}
2019-08-07 08:14:18,295 INFO sqlalchemy.engine.base.Engine COMMIT
2019-08-07 08:14:18,302 INFO sqlalchemy.engine.base.Engine 
            SELECT EXISTS (
                SELECT * FROM pg_catalog.pg_type t
                WHERE t.typname = %(typname)s
                AND pg_type_is_visible(t.oid)
                )
                
2019-08-07 08:14:18,303 INFO sqlalchemy.engine.base.Engine {'typname': 'status'}
2019-08-07 08:14:18,326 INFO sqlalchemy.engine.base.Engine 
CREATE TABLE job_status (
	uuid VARCHAR NOT NULL, 
	parent_uuid VARCHAR, 
	status status NOT NULL, 
	data_path VARCHAR NOT NULL, 
	tags JSON, 
	extra_details JSON, 
	created TIMESTAMP WITH TIME ZONE DEFAULT now(), 
	updated TIMESTAMP WITH TIME ZONE, 
	PRIMARY KEY (uuid), 
	UNIQUE (uuid)
)


2019-08-07 08:14:18,327 INFO sqlalchemy.engine.base.Engine {}
2019-08-07 08:14:18,343 INFO sqlalchemy.engine.base.Engine COMMIT
2019-08-07 08:14:18,371 INFO sqlalchemy.engine.base.Engine BEGIN (implicit)
2019-08-07 08:14:18,379 INFO sqlalchemy.engine.base.Engine SELECT job_status.uuid AS job_status_uuid, job_status.parent_uuid AS job_status_parent_uuid, job_status.status AS job_status_status, job_status.data_path AS job_status_data_path, job_status.tags AS job_status_tags, job_status.extra_details AS job_status_extra_details, job_status.created AS job_status_created, job_status.updated AS job_status_updated 
FROM job_status 
WHERE job_status.uuid = %(uuid_1)s 
 LIMIT %(param_1)s
2019-08-07 08:14:18,380 INFO sqlalchemy.engine.base.Engine {'uuid_1': 'AAAAA', 'param_1': 1}
2019-08-07 08:14:18,400 INFO sqlalchemy.engine.base.Engine INSERT INTO job_status (uuid, parent_uuid, status, data_path, tags, extra_details, created, updated) VALUES (%(uuid)s, %(parent_uuid)s, %(status)s, %(data_path)s, %(tags)s, %(extra_details)s, %(created)s, %(updated)s)
2019-08-07 08:14:18,402 INFO sqlalchemy.engine.base.Engine {'uuid': 'AAAAA', 'parent_uuid': None, 'status': 'created', 'data_path': '/data/AAAAA', 'tags': '{"a": "b", "c": "d"}', 'extra_details': '{}', 'created': datetime.datetime(2019, 8, 7, 15, 14, 18, 399209), 'updated': None}
2019-08-07 08:14:18,406 INFO sqlalchemy.engine.base.Engine COMMIT
2019-08-07 08:14:18,415 INFO sqlalchemy.engine.base.Engine BEGIN (implicit)
2019-08-07 08:14:18,420 INFO sqlalchemy.engine.base.Engine SELECT job_status.uuid AS job_status_uuid, job_status.parent_uuid AS job_status_parent_uuid, job_status.status AS job_status_status, job_status.extra_details AS job_status_extra_details, job_status.created AS job_status_created, job_status.updated AS job_status_updated 
FROM job_status 
WHERE job_status.uuid = %(param_1)s
2019-08-07 08:14:18,423 INFO sqlalchemy.engine.base.Engine {'param_1': 'AAAAA'}
2019-08-07 08:14:18,436 INFO sqlalchemy.engine.base.Engine UPDATE job_status SET data_path=%(data_path)s, tags=%(tags)s, extra_details=%(extra_details)s, updated=now() WHERE job_status.uuid = %(job_status_uuid)s
2019-08-07 08:14:18,437 INFO sqlalchemy.engine.base.Engine {'data_path': '/data/AAAAA', 'tags': '{"a": "b", "c": "d"}', 'extra_details': '{"simulation_type": "Python"}', 'job_status_uuid': 'AAAAA'}
2019-08-07 08:14:18,443 INFO sqlalchemy.engine.base.Engine COMMIT
2019-08-07 08:14:18,458 INFO sqlalchemy.engine.base.Engine BEGIN (implicit)
2019-08-07 08:14:18,467 INFO sqlalchemy.engine.base.Engine SELECT job_status.uuid AS job_status_uuid, job_status.parent_uuid AS job_status_parent_uuid, job_status.status AS job_status_status, job_status.data_path AS job_status_data_path, job_status.tags AS job_status_tags, job_status.extra_details AS job_status_extra_details, job_status.created AS job_status_created, job_status.updated AS job_status_updated 
FROM job_status 
WHERE job_status.uuid = %(uuid_1)s 
 LIMIT %(param_1)s
2019-08-07 08:14:18,468 INFO sqlalchemy.engine.base.Engine {'uuid_1': 'BBBBB', 'param_1': 1}
2019-08-07 08:14:18,481 INFO sqlalchemy.engine.base.Engine INSERT INTO job_status (uuid, parent_uuid, status, data_path, tags, extra_details, created, updated) VALUES (%(uuid)s, %(parent_uuid)s, %(status)s, %(data_path)s, %(tags)s, %(extra_details)s, %(created)s, %(updated)s)
2019-08-07 08:14:18,482 INFO sqlalchemy.engine.base.Engine {'uuid': 'BBBBB', 'parent_uuid': None, 'status': 'created', 'data_path': '/data/BBBBB', 'tags': '{"e": "f", "g": "h"}', 'extra_details': '{}', 'created': datetime.datetime(2019, 8, 7, 15, 14, 18, 478603), 'updated': None}
2019-08-07 08:14:18,492 INFO sqlalchemy.engine.base.Engine COMMIT
2019-08-07 08:14:18,501 INFO sqlalchemy.engine.base.Engine BEGIN (implicit)
2019-08-07 08:14:18,506 INFO sqlalchemy.engine.base.Engine SELECT job_status.uuid AS job_status_uuid, job_status.parent_uuid AS job_status_parent_uuid, job_status.status AS job_status_status, job_status.extra_details AS job_status_extra_details, job_status.created AS job_status_created, job_status.updated AS job_status_updated 
FROM job_status 
WHERE job_status.uuid = %(param_1)s
2019-08-07 08:14:18,510 INFO sqlalchemy.engine.base.Engine {'param_1': 'BBBBB'}
2019-08-07 08:14:18,518 INFO sqlalchemy.engine.base.Engine UPDATE job_status SET data_path=%(data_path)s, tags=%(tags)s, extra_details=%(extra_details)s, updated=now() WHERE job_status.uuid = %(job_status_uuid)s
2019-08-07 08:14:18,521 INFO sqlalchemy.engine.base.Engine {'data_path': '/data/BBBBB', 'tags': '{"e": "f", "g": "h"}', 'extra_details': '{"simulation_type": "Python"}', 'job_status_uuid': 'BBBBB'}
2019-08-07 08:14:18,527 INFO sqlalchemy.engine.base.Engine COMMIT
2019-08-07 08:14:18,538 INFO sqlalchemy.engine.base.Engine BEGIN (implicit)
2019-08-07 08:14:18,547 INFO sqlalchemy.engine.base.Engine SELECT job_status.uuid AS job_status_uuid, job_status.parent_uuid AS job_status_parent_uuid, job_status.status AS job_status_status, job_status.data_path AS job_status_data_path, job_status.tags AS job_status_tags, job_status.extra_details AS job_status_extra_details, job_status.created AS job_status_created, job_status.updated AS job_status_updated 
FROM job_status 
WHERE job_status.uuid = %(uuid_1)s 
 LIMIT %(param_1)s
2019-08-07 08:14:18,548 INFO sqlalchemy.engine.base.Engine {'uuid_1': 'CCCCC', 'param_1': 1}
2019-08-07 08:14:18,556 INFO sqlalchemy.engine.base.Engine INSERT INTO job_status (uuid, parent_uuid, status, data_path, tags, extra_details, created, updated) VALUES (%(uuid)s, %(parent_uuid)s, %(status)s, %(data_path)s, %(tags)s, %(extra_details)s, %(created)s, %(updated)s)
2019-08-07 08:14:18,557 INFO sqlalchemy.engine.base.Engine {'uuid': 'CCCCC', 'parent_uuid': 'BBBBB', 'status': 'created', 'data_path': '/data/CCCCC', 'tags': '{"i": "j", "k": "l"}', 'extra_details': '{}', 'created': datetime.datetime(2019, 8, 7, 15, 14, 18, 555657), 'updated': None}
2019-08-07 08:14:18,561 INFO sqlalchemy.engine.base.Engine COMMIT
2019-08-07 08:14:18,570 INFO sqlalchemy.engine.base.Engine BEGIN (implicit)
2019-08-07 08:14:18,582 INFO sqlalchemy.engine.base.Engine SELECT job_status.uuid AS job_status_uuid, job_status.parent_uuid AS job_status_parent_uuid, job_status.status AS job_status_status, job_status.extra_details AS job_status_extra_details, job_status.created AS job_status_created, job_status.updated AS job_status_updated 
FROM job_status 
WHERE job_status.uuid = %(param_1)s
2019-08-07 08:14:18,584 INFO sqlalchemy.engine.base.Engine {'param_1': 'CCCCC'}
2019-08-07 08:14:18,594 INFO sqlalchemy.engine.base.Engine UPDATE job_status SET data_path=%(data_path)s, tags=%(tags)s, extra_details=%(extra_details)s, updated=now() WHERE job_status.uuid = %(job_status_uuid)s
2019-08-07 08:14:18,595 INFO sqlalchemy.engine.base.Engine {'data_path': '/data/CCCCC', 'tags': '{"i": "j", "k": "l"}', 'extra_details': '{"simulation_type": "Python"}', 'job_status_uuid': 'CCCCC'}
2019-08-07 08:14:18,599 INFO sqlalchemy.engine.base.Engine COMMIT
2019-08-07 08:14:18,609 INFO sqlalchemy.engine.base.Engine BEGIN (implicit)
2019-08-07 08:14:18,615 INFO sqlalchemy.engine.base.Engine SELECT job_status.uuid AS job_status_uuid, job_status.parent_uuid AS job_status_parent_uuid, job_status.status AS job_status_status, job_status.data_path AS job_status_data_path, job_status.tags AS job_status_tags, job_status.extra_details AS job_status_extra_details, job_status.created AS job_status_created, job_status.updated AS job_status_updated 
FROM job_status 
WHERE job_status.uuid = %(uuid_1)s 
 LIMIT %(param_1)s
2019-08-07 08:14:18,616 INFO sqlalchemy.engine.base.Engine {'uuid_1': 'DDDDD', 'param_1': 1}
2019-08-07 08:14:18,626 INFO sqlalchemy.engine.base.Engine INSERT INTO job_status (uuid, parent_uuid, status, data_path, tags, extra_details, created, updated) VALUES (%(uuid)s, %(parent_uuid)s, %(status)s, %(data_path)s, %(tags)s, %(extra_details)s, %(created)s, %(updated)s)
2019-08-07 08:14:18,627 INFO sqlalchemy.engine.base.Engine {'uuid': 'DDDDD', 'parent_uuid': None, 'status': 'created', 'data_path': '/data/DDDD', 'tags': '{"e": "f", "c": "d"}', 'extra_details': '{}', 'created': datetime.datetime(2019, 8, 7, 15, 14, 18, 625938), 'updated': None}
2019-08-07 08:14:18,641 INFO sqlalchemy.engine.base.Engine COMMIT
2019-08-07 08:14:18,653 INFO sqlalchemy.engine.base.Engine BEGIN (implicit)
2019-08-07 08:14:18,662 INFO sqlalchemy.engine.base.Engine SELECT job_status.uuid AS job_status_uuid, job_status.parent_uuid AS job_status_parent_uuid, job_status.status AS job_status_status, job_status.extra_details AS job_status_extra_details, job_status.created AS job_status_created, job_status.updated AS job_status_updated 
FROM job_status 
WHERE job_status.uuid = %(param_1)s
2019-08-07 08:14:18,663 INFO sqlalchemy.engine.base.Engine {'param_1': 'DDDDD'}
2019-08-07 08:14:18,674 INFO sqlalchemy.engine.base.Engine UPDATE job_status SET data_path=%(data_path)s, tags=%(tags)s, extra_details=%(extra_details)s, updated=now() WHERE job_status.uuid = %(job_status_uuid)s
2019-08-07 08:14:18,675 INFO sqlalchemy.engine.base.Engine {'data_path': '/data/DDDD', 'tags': '{"e": "f", "c": "d"}', 'extra_details': '{"simulation_type": "Python"}', 'job_status_uuid': 'DDDDD'}
2019-08-07 08:14:18,679 INFO sqlalchemy.engine.base.Engine COMMIT
2019-08-07 08:14:18,691 INFO sqlalchemy.engine.base.Engine BEGIN (implicit)
2019-08-07 08:14:18,697 INFO sqlalchemy.engine.base.Engine SELECT job_status.uuid AS job_status_uuid, job_status.parent_uuid AS job_status_parent_uuid, job_status.status AS job_status_status, job_status.data_path AS job_status_data_path, job_status.tags AS job_status_tags, job_status.extra_details AS job_status_extra_details, job_status.created AS job_status_created, job_status.updated AS job_status_updated 
FROM job_status 
WHERE job_status.uuid = %(uuid_1)s 
 LIMIT %(param_1)s
2019-08-07 08:14:18,700 INFO sqlalchemy.engine.base.Engine {'uuid_1': 'EEEEE', 'param_1': 1}
2019-08-07 08:14:18,707 INFO sqlalchemy.engine.base.Engine INSERT INTO job_status (uuid, parent_uuid, status, data_path, tags, extra_details, created, updated) VALUES (%(uuid)s, %(parent_uuid)s, %(status)s, %(data_path)s, %(tags)s, %(extra_details)s, %(created)s, %(updated)s)
2019-08-07 08:14:18,709 INFO sqlalchemy.engine.base.Engine {'uuid': 'EEEEE', 'parent_uuid': 'DDDDD', 'status': 'created', 'data_path': '/data/EEEEE', 'tags': '{"i": "j", "k": "l"}', 'extra_details': '{}', 'created': datetime.datetime(2019, 8, 7, 15, 14, 18, 707231), 'updated': None}
2019-08-07 08:14:18,719 INFO sqlalchemy.engine.base.Engine COMMIT
2019-08-07 08:14:18,728 INFO sqlalchemy.engine.base.Engine BEGIN (implicit)
2019-08-07 08:14:18,735 INFO sqlalchemy.engine.base.Engine SELECT job_status.uuid AS job_status_uuid, job_status.parent_uuid AS job_status_parent_uuid, job_status.status AS job_status_status, job_status.extra_details AS job_status_extra_details, job_status.created AS job_status_created, job_status.updated AS job_status_updated 
FROM job_status 
WHERE job_status.uuid = %(param_1)s
2019-08-07 08:14:18,736 INFO sqlalchemy.engine.base.Engine {'param_1': 'EEEEE'}
2019-08-07 08:14:18,743 INFO sqlalchemy.engine.base.Engine UPDATE job_status SET data_path=%(data_path)s, tags=%(tags)s, extra_details=%(extra_details)s, updated=now() WHERE job_status.uuid = %(job_status_uuid)s
2019-08-07 08:14:18,745 INFO sqlalchemy.engine.base.Engine {'data_path': '/data/EEEEE', 'tags': '{"i": "j", "k": "l"}', 'extra_details': '{"simulation_type": "Python"}', 'job_status_uuid': 'EEEEE'}
2019-08-07 08:14:18,755 INFO sqlalchemy.engine.base.Engine COMMIT
2019-08-07 08:14:18,767 INFO sqlalchemy.engine.base.Engine BEGIN (implicit)
2019-08-07 08:14:18,776 INFO sqlalchemy.engine.base.Engine SELECT job_status.uuid AS job_status_uuid, job_status.parent_uuid AS job_status_parent_uuid, job_status.status AS job_status_status, job_status.data_path AS job_status_data_path, job_status.tags AS job_status_tags, job_status.extra_details AS job_status_extra_details, job_status.created AS job_status_created, job_status.updated AS job_status_updated 
FROM job_status 
WHERE job_status.uuid = %(uuid_1)s 
 LIMIT %(param_1)s
2019-08-07 08:14:18,778 INFO sqlalchemy.engine.base.Engine {'uuid_1': 'FFFFF', 'param_1': 1}
2019-08-07 08:14:18,795 INFO sqlalchemy.engine.base.Engine INSERT INTO job_status (uuid, parent_uuid, status, data_path, tags, extra_details, created, updated) VALUES (%(uuid)s, %(parent_uuid)s, %(status)s, %(data_path)s, %(tags)s, %(extra_details)s, %(created)s, %(updated)s)
2019-08-07 08:14:18,797 INFO sqlalchemy.engine.base.Engine {'uuid': 'FFFFF', 'parent_uuid': 'DDDDD', 'status': 'created', 'data_path': '/data/FFFFF', 'tags': '{"i": "j", "k": "l"}', 'extra_details': '{}', 'created': datetime.datetime(2019, 8, 7, 15, 14, 18, 794393), 'updated': None}
2019-08-07 08:14:18,802 INFO sqlalchemy.engine.base.Engine COMMIT
2019-08-07 08:14:18,818 INFO sqlalchemy.engine.base.Engine BEGIN (implicit)
2019-08-07 08:14:18,825 INFO sqlalchemy.engine.base.Engine SELECT job_status.uuid AS job_status_uuid, job_status.parent_uuid AS job_status_parent_uuid, job_status.status AS job_status_status, job_status.extra_details AS job_status_extra_details, job_status.created AS job_status_created, job_status.updated AS job_status_updated 
FROM job_status 
WHERE job_status.uuid = %(param_1)s
2019-08-07 08:14:18,826 INFO sqlalchemy.engine.base.Engine {'param_1': 'FFFFF'}
2019-08-07 08:14:18,835 INFO sqlalchemy.engine.base.Engine UPDATE job_status SET data_path=%(data_path)s, tags=%(tags)s, extra_details=%(extra_details)s, updated=now() WHERE job_status.uuid = %(job_status_uuid)s
2019-08-07 08:14:18,837 INFO sqlalchemy.engine.base.Engine {'data_path': '/data/FFFFF', 'tags': '{"i": "j", "k": "l"}', 'extra_details': '{"simulation_type": "Python"}', 'job_status_uuid': 'FFFFF'}
2019-08-07 08:14:18,845 INFO sqlalchemy.engine.base.Engine COMMIT
2019-08-07 08:14:23,113 INFO sqlalchemy.engine.base.Engine select relname from pg_class c join pg_namespace n on n.oid=c.relnamespace where pg_catalog.pg_table_is_visible(c.oid) and relname=%(name)s
2019-08-07 08:14:23,115 INFO sqlalchemy.engine.base.Engine {'name': 'SELECT job_status.uuid, job_status.parent_uuid, job_status.status, job_status.data_path, job_status.tags, job_status.extra_details, job_status.create ... (21 characters truncated) ...  \nFROM job_status \nWHERE job_status.parent_uuid IS NULL AND CAST((job_status.tags ->> :tags_1) AS VARCHAR) = :param_1 ORDER BY job_status.uuid DESC'}
2019-08-07 08:14:23,130 INFO sqlalchemy.engine.base.Engine SELECT job_status.uuid, job_status.parent_uuid, job_status.status, job_status.data_path, job_status.tags, job_status.extra_details, job_status.created, job_status.updated 
FROM job_status 
WHERE job_status.parent_uuid IS NULL AND CAST((job_status.tags ->> %(tags_1)s) AS VARCHAR) = %(param_1)s ORDER BY job_status.uuid DESC
2019-08-07 08:14:23,131 INFO sqlalchemy.engine.base.Engine {'tags_1': 'a', 'param_1': 'b'}
2019-08-07 08:14:23,224 INFO sqlalchemy.engine.base.Engine select relname from pg_class c join pg_namespace n on n.oid=c.relnamespace where pg_catalog.pg_table_is_visible(c.oid) and relname=%(name)s
2019-08-07 08:14:23,225 INFO sqlalchemy.engine.base.Engine {'name': 'SELECT job_status.parent_uuid, job_status.status, count(job_status.status) AS total \nFROM job_status \nWHERE job_status.parent_uuid IS NOT NULL GROUP BY job_status.parent_uuid, job_status.status'}
2019-08-07 08:14:23,234 INFO sqlalchemy.engine.base.Engine SELECT job_status.parent_uuid, job_status.status, count(job_status.status) AS total 
FROM job_status 
WHERE job_status.parent_uuid IS NOT NULL GROUP BY job_status.parent_uuid, job_status.status
2019-08-07 08:14:23,235 INFO sqlalchemy.engine.base.Engine {}
2019-08-07 08:14:23,619 INFO sqlalchemy.engine.base.Engine select relname from pg_class c join pg_namespace n on n.oid=c.relnamespace where pg_catalog.pg_table_is_visible(c.oid) and relname=%(name)s
2019-08-07 08:14:23,620 INFO sqlalchemy.engine.base.Engine {'name': 'SELECT job_status.uuid, job_status.parent_uuid, job_status.status, job_status.data_path, job_status.tags, job_status.extra_details, job_status.create ... (21 characters truncated) ...  \nFROM job_status \nWHERE job_status.parent_uuid IS NULL AND CAST((job_status.tags ->> :tags_1) AS VARCHAR) = :param_1 ORDER BY job_status.uuid DESC'}
2019-08-07 08:14:23,634 INFO sqlalchemy.engine.base.Engine SELECT job_status.uuid, job_status.parent_uuid, job_status.status, job_status.data_path, job_status.tags, job_status.extra_details, job_status.created, job_status.updated 
FROM job_status 
WHERE job_status.parent_uuid IS NULL AND CAST((job_status.tags ->> %(tags_1)s) AS VARCHAR) = %(param_1)s ORDER BY job_status.uuid DESC
2019-08-07 08:14:23,636 INFO sqlalchemy.engine.base.Engine {'tags_1': 'a', 'param_1': 'c'}
2019-08-07 08:14:23,682 INFO sqlalchemy.engine.base.Engine select relname from pg_class c join pg_namespace n on n.oid=c.relnamespace where pg_catalog.pg_table_is_visible(c.oid) and relname=%(name)s
2019-08-07 08:14:23,683 INFO sqlalchemy.engine.base.Engine {'name': 'SELECT job_status.parent_uuid, job_status.status, count(job_status.status) AS total \nFROM job_status \nWHERE job_status.parent_uuid IS NOT NULL GROUP BY job_status.parent_uuid, job_status.status'}
2019-08-07 08:14:23,692 INFO sqlalchemy.engine.base.Engine SELECT job_status.parent_uuid, job_status.status, count(job_status.status) AS total 
FROM job_status 
WHERE job_status.parent_uuid IS NOT NULL GROUP BY job_status.parent_uuid, job_status.status
2019-08-07 08:14:23,693 INFO sqlalchemy.engine.base.Engine {}

⠋[0m Stopping IDM Tools Local Platform services[K
⠙[0m Stopping IDM Tools Local Platform services[K
⠹[0m Stopping IDM Tools Local Platform services[K
⠸[0m Stopping IDM Tools Local Platform services[K
⠼[0m Stopping IDM Tools Local Platform services[K
⠴[0m Stopping IDM Tools Local Platform services[K
⠦[0m Stopping IDM Tools Local Platform services[K
⠧[0m Stopping IDM Tools Local Platform services[K
⠇[0m Stopping IDM Tools Local Platform services[K
⠏[0m Stopping IDM Tools Local Platform services[K
⠋[0m Stopping IDM Tools Local Platform services[K
⠙[0m Stopping IDM Tools Local Platform services[K
⠹[0m Stopping IDM Tools Local Platform services[K
⠸[0m Stopping IDM Tools Local Platform services[K
⠼[0m Stopping IDM Tools Local Platform services[K
⠴[0m Stopping IDM Tools Local Platform services[K
⠦[0m Stopping IDM Tools Local Platform services[K
⠧[0m Stopping IDM Tools Local Platform services[K
⠇[0m Stopping IDM Tools Local Platform services[K
⠏[0m Stopping IDM Tools Local Platform services[K
⠋[0m Stopping IDM Tools Local Platform services[K
⠙[0m Stopping IDM Tools Local Platform services[K
⠹[0m Stopping IDM Tools Local Platform services[K
⠸[0m Stopping IDM Tools Local Platform services[K
⠼[0m Stopping IDM Tools Local Platform services[K
⠴[0m Stopping IDM Tools Local Platform services[K
⠦[0m Stopping IDM Tools Local Platform services[K
⠧[0m Stopping IDM Tools Local Platform services[K
⠇[0m Stopping IDM Tools Local Platform services[K
⠏[0m Stopping IDM Tools Local Platform services[K
⠋[0m Stopping IDM Tools Local Platform services[K
⠙[0m Stopping IDM Tools Local Platform services[K
⠹[0m Stopping IDM Tools Local Platform services[K
⠸[0m Stopping IDM Tools Local Platform services[K
⠼[0m Stopping IDM Tools Local Platform services[K
⠴[0m Stopping IDM Tools Local Platform services[K
⠦[0m Stopping IDM Tools Local Platform services[K
⠧[0m Stopping IDM Tools Local Platform services[K
⠇[0m Stopping IDM Tools Local Platform services[K
⠏[0m Stopping IDM Tools Local Platform services[K
⠋[0m Stopping IDM Tools Local Platform services[K
⠙[0m Stopping IDM Tools Local Platform services[K
⠹[0m Stopping IDM Tools Local Platform services[K
⠸[0m Stopping IDM Tools Local Platform services[K
⠼[0m Stopping IDM Tools Local Platform services[K
⠴[0m Stopping IDM Tools Local Platform services[K
⠦[0m Stopping IDM Tools Local Platform services[K
⠧[0m Stopping IDM Tools Local Platform services[K
⠇[0m Stopping IDM Tools Local Platform services[K
⠏[0m Stopping IDM Tools Local Platform services[K
⠋[0m Stopping IDM Tools Local Platform services[K
⠙[0m Stopping IDM Tools Local Platform services[K
⠹[0m Stopping IDM Tools Local Platform services[K
⠸[0m Stopping IDM Tools Local Platform services[K
⠼[0m Stopping IDM Tools Local Platform services[K
⠴[0m Stopping IDM Tools Local Platform services[K
⠦[0m Stopping IDM Tools Local Platform services[K
⠧[0m Stopping IDM Tools Local Platform services[K
⠇[0m Stopping IDM Tools Local Platform services[K
⠏[0m Stopping IDM Tools Local Platform services[K
⠋[0m Stopping IDM Tools Local Platform services[K
⠙[0m Stopping IDM Tools Local Platform services[K
⠹[0m Stopping IDM Tools Local Platform services[K
⠸[0m Stopping IDM Tools Local Platform services[K
⠼[0m Stopping IDM Tools Local Platform services[K
⠴[0m Stopping IDM Tools Local Platform services[K
⠦[0m Stopping IDM Tools Local Platform services[K
⠧[0m Stopping IDM Tools Local Platform services[K
⠇[0m Stopping IDM Tools Local Platform services[K
⠏[0m Stopping IDM Tools Local Platform services[K
⠋[0m Stopping IDM Tools Local Platform services[K
⠙[0m Stopping IDM Tools Local Platform services[K
⠹[0m Stopping IDM Tools Local Platform services[K
⠸[0m Stopping IDM Tools Local Platform services[K
⠼[0m Stopping IDM Tools Local Platform services[K
⠴[0m Stopping IDM Tools Local Platform services[K
⠦[0m Stopping IDM Tools Local Platform services[K
⠧[0m Stopping IDM Tools Local Platform services[K
⠇[0m Stopping IDM Tools Local Platform services[K
⠏[0m Stopping IDM Tools Local Platform services[K
⠋[0m Stopping IDM Tools Local Platform services[K
⠙[0m Stopping IDM Tools Local Platform services[K
⠹[0m Stopping IDM Tools Local Platform services[K
⠸[0m Stopping IDM Tools Local Platform services[K
⠼[0m Stopping IDM Tools Local Platform services[K
⠴[0m Stopping IDM Tools Local Platform services[K
⠦[0m Stopping IDM Tools Local Platform services[K
⠧[0m Stopping IDM Tools Local Platform services[K
⠇[0m Stopping IDM Tools Local Platform services[K
⠏[0m Stopping IDM Tools Local Platform services[K
⠋[0m Stopping IDM Tools Local Platform services[K
⠙[0m Stopping IDM Tools Local Platform services[K
⠹[0m Stopping IDM Tools Local Platform services[K
⠸[0m Stopping IDM Tools Local Platform services[K
⠼[0m Stopping IDM Tools Local Platform services[K
⠴[0m Stopping IDM Tools Local Platform services[K
⠦[0m Stopping IDM Tools Local Platform services[K
⠧[0m Stopping IDM Tools Local Platform services[K
⠇[0m Stopping IDM Tools Local Platform services[K
⠏[0m Stopping IDM Tools Local Platform services[K
⠋[0m Stopping IDM Tools Local Platform services[K
⠙[0m Stopping IDM Tools Local Platform services[K
⠹[0m Stopping IDM Tools Local Platform services[K
⠸[0m Stopping IDM Tools Local Platform services[K
⠼[0m Stopping IDM Tools Local Platform services[K
⠴[0m Stopping IDM Tools Local Platform services[K
⠦[0m Stopping IDM Tools Local Platform services[K
⠧[0m Stopping IDM Tools Local Platform services[K
⠇[0m Stopping IDM Tools Local Platform services[K
⠏[0m Stopping IDM Tools Local Platform services[K
⠋[0m Stopping IDM Tools Local Platform services[K
⠙[0m Stopping IDM Tools Local Platform services[K
⠹[0m Stopping IDM Tools Local Platform services[K
⠸[0m Stopping IDM Tools Local Platform services[K
⠼[0m Stopping IDM Tools Local Platform services[K
⠴[0m Stopping IDM Tools Local Platform services[K
⠦[0m Stopping IDM Tools Local Platform services[K
⠧[0m Stopping IDM Tools Local Platform services[K
⠇[0m Stopping IDM Tools Local Platform services[K
⠏[0m Stopping IDM Tools Local Platform services[K
⠋[0m Stopping IDM Tools Local Platform services[K
⠙[0m Stopping IDM Tools Local Platform services[K
⠹[0m Stopping IDM Tools Local Platform services[K
⠸[0m Stopping IDM Tools Local Platform services[K
⠼[0m Stopping IDM Tools Local Platform services[K
⠴[0m Stopping IDM Tools Local Platform services[K
⠦[0m Stopping IDM Tools Local Platform services[K
⠧[0m Stopping IDM Tools Local Platform services[K
⠇[0m Stopping IDM Tools Local Platform services[K
⠏[0m Stopping IDM Tools Local Platform services[K
⠋[0m Stopping IDM Tools Local Platform services[K
⠙[0m Stopping IDM Tools Local Platform services[K
⠹[0m Stopping IDM Tools Local Platform services[K
⠸[0m Stopping IDM Tools Local Platform services[K
⠼[0m Stopping IDM Tools Local Platform services[K
⠴[0m Stopping IDM Tools Local Platform services[K
⠦[0m Stopping IDM Tools Local Platform services[K
⠧[0m Stopping IDM Tools Local Platform services[K
⠇[0m Stopping IDM Tools Local Platform services[K
⠏[0m Stopping IDM Tools Local Platform services[K
⠋[0m Stopping IDM Tools Local Platform services[K
⠙[0m Stopping IDM Tools Local Platform services[K
⠹[0m Stopping IDM Tools Local Platform services[K
⠸[0m Stopping IDM Tools Local Platform services[K
⠼[0m Stopping IDM Tools Local Platform services[K
⠴[0m Stopping IDM Tools Local Platform services[K
⠦[0m Stopping IDM Tools Local Platform services[K
⠧[0m Stopping IDM Tools Local Platform services[K
⠇[0m Stopping IDM Tools Local Platform services[K
⠏[0m Stopping IDM Tools Local Platform services[K
⠋[0m Stopping IDM Tools Local Platform services[K
⠙[0m Stopping IDM Tools Local Platform services[K
⠹[0m Stopping IDM Tools Local Platform services[K
⠸[0m Stopping IDM Tools Local Platform services[K
⠼[0m Stopping IDM Tools Local Platform services[K
⠴[0m Stopping IDM Tools Local Platform services[K
⠦[0m Stopping IDM Tools Local Platform services[K
⠧[0m Stopping IDM Tools Local Platform services[K
⠇[0m Stopping IDM Tools Local Platform services[K
⠏[0m Stopping IDM Tools Local Platform services[K
⠋[0m Stopping IDM Tools Local Platform services[K
⠙[0m Stopping IDM Tools Local Platform services[K
⠹[0m Stopping IDM Tools Local Platform services[K
⠸[0m Stopping IDM Tools Local Platform services[K
⠼[0m Stopping IDM Tools Local Platform services[K
⠴[0m Stopping IDM Tools Local Platform services[K
⠦[0m Stopping IDM Tools Local Platform services[K
⠧[0m Stopping IDM Tools Local Platform services[K
⠇[0m Stopping IDM Tools Local Platform services[K
⠏[0m Stopping IDM Tools Local Platform services[K
⠋[0m Stopping IDM Tools Local Platform services[K
⠙[0m Stopping IDM Tools Local Platform services[K
⠹[0m Stopping IDM Tools Local Platform services[K
⠸[0m Stopping IDM Tools Local Platform services[K
⠼[0m Stopping IDM Tools Local Platform services[K
⠴[0m Stopping IDM Tools Local Platform services[K
⠦[0m Stopping IDM Tools Local Platform services[K
⠧[0m Stopping IDM Tools Local Platform services[K
⠇[0m Stopping IDM Tools Local Platform services[K
⠏[0m Stopping IDM Tools Local Platform services[K
⠋[0m Stopping IDM Tools Local Platform services[K
⠙[0m Stopping IDM Tools Local Platform services[K
⠹[0m Stopping IDM Tools Local Platform services[K
⠸[0m Stopping IDM Tools Local Platform services[K
⠼[0m Stopping IDM Tools Local Platform services[K
⠴[0m Stopping IDM Tools Local Platform services[K
⠦[0m Stopping IDM Tools Local Platform services[K
⠧[0m Stopping IDM Tools Local Platform services[K
⠇[0m Stopping IDM Tools Local Platform services[K
⠏[0m Stopping IDM Tools Local Platform services[K
⠋[0m Stopping IDM Tools Local Platform services[K
⠙[0m Stopping IDM Tools Local Platform services[K
[K]]>        </system-out>
        <system-err>
            <![CDATA[]]>        </system-err>
    </testcase>
    <testcase classname="test_api.TestAPI" file="test_api.py" line="48" name="test_fetch_experiments" time="0.652"
              timestamp="2019-08-07T08:14:40">
        <system-out>
            <![CDATA[]]>        </system-out>
        <system-err>
            <![CDATA[]]>        </system-err>
    </testcase>
    <testcase classname="test_api.TestAPI" file="test_api.py" line="67" name="test_fetch_one_experiment_works"
              time="0.455" timestamp="2019-08-07T08:14:40">
        <system-out>
            <![CDATA[]]>        </system-out>
        <system-err>
            <![CDATA[]]>        </system-err>
    </testcase>
    <testcase classname="test_api.TestAPI" file="test_api.py" line="100" name="test_fetch_one_simulation_works"
              time="0.216" timestamp="2019-08-07T08:14:40">
        <system-out>
            <![CDATA[]]>        </system-out>
        <system-err>
            <![CDATA[]]>        </system-err>
    </testcase>
    <testcase classname="test_api.TestAPI" file="test_api.py" line="77" name="test_fetch_simulations" time="0.225"
              timestamp="2019-08-07T08:14:40">
        <failure message="'7ITE47KV' != 'CCCCC'
- 7ITE47KV
+ CCCCC
" type="AssertionError">
            <![CDATA[Traceback (most recent call last):
  File "/home/clinton/development/work/idmtools/idmtools_platform_local/tests/test_api.py", line 88, in test_fetch_simulations
    self.assertEqual(data[0]['simulation_uid'], 'CCCCC')
AssertionError: '7ITE47KV' != 'CCCCC'
- 7ITE47KV
+ CCCCC

]]>        </failure>
        <system-out>
            <![CDATA[]]>        </system-out>
        <system-err>
            <![CDATA[]]>        </system-err>
    </testcase>
</testsuite>
