<?xml version="1.0" encoding="UTF-8"?>
<testsuite errors="0" failures="0" file="test_docker_operations.py"
           name="test_docker_operations.TestDockerOperations-20190807202342" skipped="0" tests="5" time="43.113"
           timestamp="2019-08-07T20:27:43">
    <testcase classname="test_docker_operations.TestDockerOperations" file="test_docker_operations.py" line="27"
              name="test_create_db_starts" time="12.124" timestamp="2019-08-07T20:27:12">
        <system-out>
            <![CDATA[
[K]]>        </system-out>
        <system-err>
            <![CDATA[]]>        </system-err>
    </testcase>
    <testcase classname="test_docker_operations.TestDockerOperations" file="test_docker_operations.py" line="21"
              name="test_create_redis_starts" time="1.873" timestamp="2019-08-07T20:27:14">
        <system-out>
            <![CDATA[
[K]]>        </system-out>
        <system-err>
            <![CDATA[]]>        </system-err>
    </testcase>
    <testcase classname="test_docker_operations.TestDockerOperations" file="test_docker_operations.py" line="37"
              name="test_create_stack_starts" time="20.557" timestamp="2019-08-07T20:27:34">
        <system-out>
            <![CDATA[]]>        </system-out>
        <system-err>
            <![CDATA[]]>        </system-err>
    </testcase>
    <testcase classname="test_docker_operations.TestDockerOperations" file="test_docker_operations.py" line="74"
              name="test_error_if_try_to_run_as_root" time="0.171" timestamp="2019-08-07T20:27:35">
        <system-out>
            <![CDATA[]]>        </system-out>
        <system-err>
            <![CDATA[]]>        </system-err>
    </testcase>
    <testcase classname="test_docker_operations.TestDockerOperations" file="test_docker_operations.py" line="59"
              name="test_port_taken_has_coherent_error" time="8.387" timestamp="2019-08-07T20:27:43">
        <system-out>
            <![CDATA[
[K]]>        </system-out>
        <system-err>
            <![CDATA[]]>        </system-err>
    </testcase>
</testsuite>
