<?xml version="1.0" encoding="UTF-8"?>
<testsuite errors="0" failures="0" file="test_tasks.py" name="test_tasks.TestTasks-20190807074734" skipped="0" tests="3"
           time="0.046" timestamp="2019-08-07T07:47:34">
    <testcase classname="test_tasks.TestTasks" file="test_tasks.py" line="26" name="test_create_experiment" time="0.015"
              timestamp="2019-08-07T07:47:34">
        <system-out>
            <![CDATA[/tmp/tmpa3wdopoo/data
]]>        </system-out>
        <system-err>
            <![CDATA[]]>        </system-err>
    </testcase>
    <testcase classname="test_tasks.TestTasks" file="test_tasks.py" line="39" name="test_create_simulation" time="0.005"
              timestamp="2019-08-07T07:47:34">
        <system-out>
            <![CDATA[]]>        </system-out>
        <system-err>
            <![CDATA[]]>        </system-err>
    </testcase>
    <testcase classname="test_tasks.TestTasks" file="test_tasks.py" line="53" name="test_run_task" time="0.025"
              timestamp="2019-08-07T07:47:34">
        <system-out>
            <![CDATA[]]>        </system-out>
        <system-err>
            <![CDATA[]]>        </system-err>
    </testcase>
</testsuite>
