<?xml version="1.0" encoding="UTF-8"?><testsuite errors="0" failures="0" file="test_local_cli_basics.py"           name="test_local_cli_basics.TestLocalCLIBasic-20190807081325" skipped="0" tests="3" time="43.832"           timestamp="2019-08-07T08:15:24">    <testcase classname="test_local_cli_basics.TestLocalCLIBasic" file="test_local_cli_basics.py" line="62"              name="test_docker" time="42.974" timestamp="2019-08-07T08:15:23">        <system-out>            <![CDATA[⠹[0m Stopping IDM Tools Local Platform services[K⠸[0m Stopping IDM Tools Local Platform services[K[K2019-08-07 08:14:51,672 INFO sqlalchemy.engine.base.Engine select version()2019-08-07 08:14:51,673 INFO sqlalchemy.engine.base.Engine {}2019-08-07 08:14:51,676 INFO sqlalchemy.engine.base.Engine select current_schema()2019-08-07 08:14:51,677 INFO sqlalchemy.engine.base.Engine {}2019-08-07 08:14:51,685 INFO sqlalchemy.engine.base.Engine SELECT CAST('test plain returns' AS VARCHAR(60)) AS anon_12019-08-07 08:14:51,686 INFO sqlalchemy.engine.base.Engine {}2019-08-07 08:14:51,692 INFO sqlalchemy.engine.base.Engine SELECT CAST('test unicode returns' AS VARCHAR(60)) AS anon_12019-08-07 08:14:51,693 INFO sqlalchemy.engine.base.Engine {}2019-08-07 08:14:51,696 INFO sqlalchemy.engine.base.Engine show standard_conforming_strings2019-08-07 08:14:51,698 INFO sqlalchemy.engine.base.Engine {}2019-08-07 08:14:51,711 INFO sqlalchemy.engine.base.Engine select relname from pg_class c join pg_namespace n on n.oid=c.relnamespace where pg_catalog.pg_table_is_visible(c.oid) and relname=%(name)s2019-08-07 08:14:51,712 INFO sqlalchemy.engine.base.Engine {'name': 'job_status'}2019-08-07 08:14:51,722 INFO sqlalchemy.engine.base.Engine             SELECT EXISTS (                SELECT * FROM pg_catalog.pg_type t                WHERE t.typname = %(typname)s                AND pg_type_is_visible(t.oid)                )                2019-08-07 08:14:51,723 INFO sqlalchemy.engine.base.Engine {'typname': 'status'}2019-08-07 08:14:51,728 INFO sqlalchemy.engine.base.Engine CREATE TYPE status AS ENUM ('created', 'in_progress', 'canceled', 'failed', 'done')2019-08-07 08:14:51,729 INFO sqlalchemy.engine.base.Engine {}2019-08-07 08:14:51,733 INFO sqlalchemy.engine.base.Engine COMMIT2019-08-07 08:14:51,741 INFO sqlalchemy.engine.base.Engine             SELECT EXISTS (                SELECT * FROM pg_catalog.pg_type t                WHERE t.typname = %(typname)s                AND pg_type_is_visible(t.oid)                )                2019-08-07 08:14:51,743 INFO sqlalchemy.engine.base.Engine {'typname': 'status'}2019-08-07 08:14:51,758 INFO sqlalchemy.engine.base.Engine CREATE TABLE job_status (	uuid VARCHAR NOT NULL, 	parent_uuid VARCHAR, 	status status NOT NULL, 	data_path VARCHAR NOT NULL, 	tags JSON, 	extra_details JSON, 	created TIMESTAMP WITH TIME ZONE DEFAULT now(), 	updated TIMESTAMP WITH TIME ZONE, 	PRIMARY KEY (uuid), 	UNIQUE (uuid))2019-08-07 08:14:51,759 INFO sqlalchemy.engine.base.Engine {}2019-08-07 08:14:51,773 INFO sqlalchemy.engine.base.Engine COMMIT2019-08-07 08:14:51,792 INFO sqlalchemy.engine.base.Engine BEGIN (implicit)2019-08-07 08:14:51,800 INFO sqlalchemy.engine.base.Engine SELECT job_status.uuid AS job_status_uuid, job_status.parent_uuid AS job_status_parent_uuid, job_status.status AS job_status_status, job_status.data_path AS job_status_data_path, job_status.tags AS job_status_tags, job_status.extra_details AS job_status_extra_details, job_status.created AS job_status_created, job_status.updated AS job_status_updated FROM job_status WHERE job_status.uuid = %(uuid_1)s  LIMIT %(param_1)s2019-08-07 08:14:51,801 INFO sqlalchemy.engine.base.Engine {'uuid_1': 'AAAAA', 'param_1': 1}2019-08-07 08:14:51,817 INFO sqlalchemy.engine.base.Engine INSERT INTO job_status (uuid, parent_uuid, status, data_path, tags, extra_details, created, updated) VALUES (%(uuid)s, %(parent_uuid)s, %(status)s, %(data_path)s, %(tags)s, %(extra_details)s, %(created)s, %(updated)s)2019-08-07 08:14:51,818 INFO sqlalchemy.engine.base.Engine {'uuid': 'AAAAA', 'parent_uuid': None, 'status': 'created', 'data_path': '/data/AAAAA', 'tags': '{"a": "b", "c": "d"}', 'extra_details': '{}', 'created': datetime.datetime(2019, 8, 7, 15, 14, 51, 815242), 'updated': None}2019-08-07 08:14:51,825 INFO sqlalchemy.engine.base.Engine COMMIT2019-08-07 08:14:51,832 INFO sqlalchemy.engine.base.Engine BEGIN (implicit)2019-08-07 08:14:51,837 INFO sqlalchemy.engine.base.Engine SELECT job_status.uuid AS job_status_uuid, job_status.parent_uuid AS job_status_parent_uuid, job_status.status AS job_status_status, job_status.extra_details AS job_status_extra_details, job_status.created AS job_status_created, job_status.updated AS job_status_updated FROM job_status WHERE job_status.uuid = %(param_1)s2019-08-07 08:14:51,838 INFO sqlalchemy.engine.base.Engine {'param_1': 'AAAAA'}2019-08-07 08:14:51,851 INFO sqlalchemy.engine.base.Engine UPDATE job_status SET data_path=%(data_path)s, tags=%(tags)s, extra_details=%(extra_details)s, updated=now() WHERE job_status.uuid = %(job_status_uuid)s2019-08-07 08:14:51,852 INFO sqlalchemy.engine.base.Engine {'data_path': '/data/AAAAA', 'tags': '{"a": "b", "c": "d"}', 'extra_details': '{"simulation_type": "Python"}', 'job_status_uuid': 'AAAAA'}2019-08-07 08:14:51,857 INFO sqlalchemy.engine.base.Engine COMMIT2019-08-07 08:14:51,870 INFO sqlalchemy.engine.base.Engine BEGIN (implicit)2019-08-07 08:14:51,877 INFO sqlalchemy.engine.base.Engine SELECT job_status.uuid AS job_status_uuid, job_status.parent_uuid AS job_status_parent_uuid, job_status.status AS job_status_status, job_status.data_path AS job_status_data_path, job_status.tags AS job_status_tags, job_status.extra_details AS job_status_extra_details, job_status.created AS job_status_created, job_status.updated AS job_status_updated FROM job_status WHERE job_status.uuid = %(uuid_1)s  LIMIT %(param_1)s2019-08-07 08:14:51,878 INFO sqlalchemy.engine.base.Engine {'uuid_1': 'BBBBB', 'param_1': 1}2019-08-07 08:14:51,894 INFO sqlalchemy.engine.base.Engine INSERT INTO job_status (uuid, parent_uuid, status, data_path, tags, extra_details, created, updated) VALUES (%(uuid)s, %(parent_uuid)s, %(status)s, %(data_path)s, %(tags)s, %(extra_details)s, %(created)s, %(updated)s)2019-08-07 08:14:51,895 INFO sqlalchemy.engine.base.Engine {'uuid': 'BBBBB', 'parent_uuid': None, 'status': 'created', 'data_path': '/data/BBBBB', 'tags': '{"e": "f", "g": "h"}', 'extra_details': '{}', 'created': datetime.datetime(2019, 8, 7, 15, 14, 51, 892566), 'updated': None}2019-08-07 08:14:51,900 INFO sqlalchemy.engine.base.Engine COMMIT2019-08-07 08:14:51,911 INFO sqlalchemy.engine.base.Engine BEGIN (implicit)2019-08-07 08:14:51,917 INFO sqlalchemy.engine.base.Engine SELECT job_status.uuid AS job_status_uuid, job_status.parent_uuid AS job_status_parent_uuid, job_status.status AS job_status_status, job_status.extra_details AS job_status_extra_details, job_status.created AS job_status_created, job_status.updated AS job_status_updated FROM job_status WHERE job_status.uuid = %(param_1)s2019-08-07 08:14:51,919 INFO sqlalchemy.engine.base.Engine {'param_1': 'BBBBB'}2019-08-07 08:14:51,928 INFO sqlalchemy.engine.base.Engine UPDATE job_status SET data_path=%(data_path)s, tags=%(tags)s, extra_details=%(extra_details)s, updated=now() WHERE job_status.uuid = %(job_status_uuid)s2019-08-07 08:14:51,929 INFO sqlalchemy.engine.base.Engine {'data_path': '/data/BBBBB', 'tags': '{"e": "f", "g": "h"}', 'extra_details': '{"simulation_type": "Python"}', 'job_status_uuid': 'BBBBB'}2019-08-07 08:14:51,934 INFO sqlalchemy.engine.base.Engine COMMIT2019-08-07 08:14:51,950 INFO sqlalchemy.engine.base.Engine BEGIN (implicit)2019-08-07 08:14:51,962 INFO sqlalchemy.engine.base.Engine SELECT job_status.uuid AS job_status_uuid, job_status.parent_uuid AS job_status_parent_uuid, job_status.status AS job_status_status, job_status.data_path AS job_status_data_path, job_status.tags AS job_status_tags, job_status.extra_details AS job_status_extra_details, job_status.created AS job_status_created, job_status.updated AS job_status_updated FROM job_status WHERE job_status.uuid = %(uuid_1)s  LIMIT %(param_1)s2019-08-07 08:14:51,963 INFO sqlalchemy.engine.base.Engine {'uuid_1': 'CCCCC', 'param_1': 1}2019-08-07 08:14:51,973 INFO sqlalchemy.engine.base.Engine INSERT INTO job_status (uuid, parent_uuid, status, data_path, tags, extra_details, created, updated) VALUES (%(uuid)s, %(parent_uuid)s, %(status)s, %(data_path)s, %(tags)s, %(extra_details)s, %(created)s, %(updated)s)2019-08-07 08:14:51,974 INFO sqlalchemy.engine.base.Engine {'uuid': 'CCCCC', 'parent_uuid': 'BBBBB', 'status': 'created', 'data_path': '/data/CCCCC', 'tags': '{"i": "j", "k": "l"}', 'extra_details': '{}', 'created': datetime.datetime(2019, 8, 7, 15, 14, 51, 972735), 'updated': None}2019-08-07 08:14:51,981 INFO sqlalchemy.engine.base.Engine COMMIT2019-08-07 08:14:51,998 INFO sqlalchemy.engine.base.Engine BEGIN (implicit)2019-08-07 08:14:52,006 INFO sqlalchemy.engine.base.Engine SELECT job_status.uuid AS job_status_uuid, job_status.parent_uuid AS job_status_parent_uuid, job_status.status AS job_status_status, job_status.extra_details AS job_status_extra_details, job_status.created AS job_status_created, job_status.updated AS job_status_updated FROM job_status WHERE job_status.uuid = %(param_1)s2019-08-07 08:14:52,007 INFO sqlalchemy.engine.base.Engine {'param_1': 'CCCCC'}2019-08-07 08:14:52,014 INFO sqlalchemy.engine.base.Engine UPDATE job_status SET data_path=%(data_path)s, tags=%(tags)s, extra_details=%(extra_details)s, updated=now() WHERE job_status.uuid = %(job_status_uuid)s2019-08-07 08:14:52,019 INFO sqlalchemy.engine.base.Engine {'data_path': '/data/CCCCC', 'tags': '{"i": "j", "k": "l"}', 'extra_details': '{"simulation_type": "Python"}', 'job_status_uuid': 'CCCCC'}2019-08-07 08:14:52,024 INFO sqlalchemy.engine.base.Engine COMMIT2019-08-07 08:14:52,034 INFO sqlalchemy.engine.base.Engine BEGIN (implicit)2019-08-07 08:14:52,042 INFO sqlalchemy.engine.base.Engine SELECT job_status.uuid AS job_status_uuid, job_status.parent_uuid AS job_status_parent_uuid, job_status.status AS job_status_status, job_status.data_path AS job_status_data_path, job_status.tags AS job_status_tags, job_status.extra_details AS job_status_extra_details, job_status.created AS job_status_created, job_status.updated AS job_status_updated FROM job_status WHERE job_status.uuid = %(uuid_1)s  LIMIT %(param_1)s2019-08-07 08:14:52,043 INFO sqlalchemy.engine.base.Engine {'uuid_1': 'DDDDD', 'param_1': 1}2019-08-07 08:14:52,055 INFO sqlalchemy.engine.base.Engine INSERT INTO job_status (uuid, parent_uuid, status, data_path, tags, extra_details, created, updated) VALUES (%(uuid)s, %(parent_uuid)s, %(status)s, %(data_path)s, %(tags)s, %(extra_details)s, %(created)s, %(updated)s)2019-08-07 08:14:52,056 INFO sqlalchemy.engine.base.Engine {'uuid': 'DDDDD', 'parent_uuid': None, 'status': 'created', 'data_path': '/data/DDDD', 'tags': '{"e": "f", "c": "d"}', 'extra_details': '{}', 'created': datetime.datetime(2019, 8, 7, 15, 14, 52, 54814), 'updated': None}2019-08-07 08:14:52,061 INFO sqlalchemy.engine.base.Engine COMMIT2019-08-07 08:14:52,071 INFO sqlalchemy.engine.base.Engine BEGIN (implicit)2019-08-07 08:14:52,081 INFO sqlalchemy.engine.base.Engine SELECT job_status.uuid AS job_status_uuid, job_status.parent_uuid AS job_status_parent_uuid, job_status.status AS job_status_status, job_status.extra_details AS job_status_extra_details, job_status.created AS job_status_created, job_status.updated AS job_status_updated FROM job_status WHERE job_status.uuid = %(param_1)s2019-08-07 08:14:52,083 INFO sqlalchemy.engine.base.Engine {'param_1': 'DDDDD'}2019-08-07 08:14:52,094 INFO sqlalchemy.engine.base.Engine UPDATE job_status SET data_path=%(data_path)s, tags=%(tags)s, extra_details=%(extra_details)s, updated=now() WHERE job_status.uuid = %(job_status_uuid)s2019-08-07 08:14:52,096 INFO sqlalchemy.engine.base.Engine {'data_path': '/data/DDDD', 'tags': '{"e": "f", "c": "d"}', 'extra_details': '{"simulation_type": "Python"}', 'job_status_uuid': 'DDDDD'}2019-08-07 08:14:52,103 INFO sqlalchemy.engine.base.Engine COMMIT2019-08-07 08:14:52,115 INFO sqlalchemy.engine.base.Engine BEGIN (implicit)2019-08-07 08:14:52,124 INFO sqlalchemy.engine.base.Engine SELECT job_status.uuid AS job_status_uuid, job_status.parent_uuid AS job_status_parent_uuid, job_status.status AS job_status_status, job_status.data_path AS job_status_data_path, job_status.tags AS job_status_tags, job_status.extra_details AS job_status_extra_details, job_status.created AS job_status_created, job_status.updated AS job_status_updated FROM job_status WHERE job_status.uuid = %(uuid_1)s  LIMIT %(param_1)s2019-08-07 08:14:52,125 INFO sqlalchemy.engine.base.Engine {'uuid_1': 'EEEEE', 'param_1': 1}2019-08-07 08:14:52,133 INFO sqlalchemy.engine.base.Engine INSERT INTO job_status (uuid, parent_uuid, status, data_path, tags, extra_details, created, updated) VALUES (%(uuid)s, %(parent_uuid)s, %(status)s, %(data_path)s, %(tags)s, %(extra_details)s, %(created)s, %(updated)s)2019-08-07 08:14:52,134 INFO sqlalchemy.engine.base.Engine {'uuid': 'EEEEE', 'parent_uuid': 'DDDDD', 'status': 'done', 'data_path': '/data/EEEEE', 'tags': '{"i": "j", "k": "l"}', 'extra_details': '{}', 'created': datetime.datetime(2019, 8, 7, 15, 14, 52, 133345), 'updated': None}2019-08-07 08:14:52,145 INFO sqlalchemy.engine.base.Engine COMMIT2019-08-07 08:14:52,154 INFO sqlalchemy.engine.base.Engine BEGIN (implicit)2019-08-07 08:14:52,159 INFO sqlalchemy.engine.base.Engine SELECT job_status.uuid AS job_status_uuid, job_status.parent_uuid AS job_status_parent_uuid, job_status.status AS job_status_status, job_status.extra_details AS job_status_extra_details, job_status.created AS job_status_created, job_status.updated AS job_status_updated FROM job_status WHERE job_status.uuid = %(param_1)s2019-08-07 08:14:52,160 INFO sqlalchemy.engine.base.Engine {'param_1': 'EEEEE'}2019-08-07 08:14:52,167 INFO sqlalchemy.engine.base.Engine UPDATE job_status SET data_path=%(data_path)s, tags=%(tags)s, extra_details=%(extra_details)s, updated=now() WHERE job_status.uuid = %(job_status_uuid)s2019-08-07 08:14:52,168 INFO sqlalchemy.engine.base.Engine {'data_path': '/data/EEEEE', 'tags': '{"i": "j", "k": "l"}', 'extra_details': '{"simulation_type": "Python"}', 'job_status_uuid': 'EEEEE'}2019-08-07 08:14:52,172 INFO sqlalchemy.engine.base.Engine COMMIT2019-08-07 08:14:52,190 INFO sqlalchemy.engine.base.Engine BEGIN (implicit)2019-08-07 08:14:52,198 INFO sqlalchemy.engine.base.Engine SELECT job_status.uuid AS job_status_uuid, job_status.parent_uuid AS job_status_parent_uuid, job_status.status AS job_status_status, job_status.data_path AS job_status_data_path, job_status.tags AS job_status_tags, job_status.extra_details AS job_status_extra_details, job_status.created AS job_status_created, job_status.updated AS job_status_updated FROM job_status WHERE job_status.uuid = %(uuid_1)s  LIMIT %(param_1)s2019-08-07 08:14:52,199 INFO sqlalchemy.engine.base.Engine {'uuid_1': 'FFFFF', 'param_1': 1}2019-08-07 08:14:52,211 INFO sqlalchemy.engine.base.Engine INSERT INTO job_status (uuid, parent_uuid, status, data_path, tags, extra_details, created, updated) VALUES (%(uuid)s, %(parent_uuid)s, %(status)s, %(data_path)s, %(tags)s, %(extra_details)s, %(created)s, %(updated)s)2019-08-07 08:14:52,212 INFO sqlalchemy.engine.base.Engine {'uuid': 'FFFFF', 'parent_uuid': 'DDDDD', 'status': 'done', 'data_path': '/data/FFFFF', 'tags': '{"i": "j", "k": "l"}', 'extra_details': '{}', 'created': datetime.datetime(2019, 8, 7, 15, 14, 52, 209084), 'updated': None}2019-08-07 08:14:52,217 INFO sqlalchemy.engine.base.Engine COMMIT2019-08-07 08:14:52,227 INFO sqlalchemy.engine.base.Engine BEGIN (implicit)2019-08-07 08:14:52,235 INFO sqlalchemy.engine.base.Engine SELECT job_status.uuid AS job_status_uuid, job_status.parent_uuid AS job_status_parent_uuid, job_status.status AS job_status_status, job_status.extra_details AS job_status_extra_details, job_status.created AS job_status_created, job_status.updated AS job_status_updated FROM job_status WHERE job_status.uuid = %(param_1)s2019-08-07 08:14:52,236 INFO sqlalchemy.engine.base.Engine {'param_1': 'FFFFF'}2019-08-07 08:14:52,243 INFO sqlalchemy.engine.base.Engine UPDATE job_status SET data_path=%(data_path)s, tags=%(tags)s, extra_details=%(extra_details)s, updated=now() WHERE job_status.uuid = %(job_status_uuid)s2019-08-07 08:14:52,247 INFO sqlalchemy.engine.base.Engine {'data_path': '/data/FFFFF', 'tags': '{"i": "j", "k": "l"}', 'extra_details': '{"simulation_type": "Python"}', 'job_status_uuid': 'FFFFF'}2019-08-07 08:14:52,251 INFO sqlalchemy.engine.base.Engine COMMIT⠼ Stopping IDM Tools Local Platform services⠴ Stopping IDM Tools Local Platform services⠦ Stopping IDM Tools Local Platform services⠧ Stopping IDM Tools Local Platform services⠇ Stopping IDM Tools Local Platform services⠏ Stopping IDM Tools Local Platform services⠋ Stopping IDM Tools Local Platform services⠙ Stopping IDM Tools Local Platform services⠹ Stopping IDM Tools Local Platform services⠸ Stopping IDM Tools Local Platform services⠼ Stopping IDM Tools Local Platform services⠴ Stopping IDM Tools Local Platform services⠦ Stopping IDM Tools Local Platform services⠧ Stopping IDM Tools Local Platform services⠇ Stopping IDM Tools Local Platform services⠏ Stopping IDM Tools Local Platform services⠋ Stopping IDM Tools Local Platform services⠙ Stopping IDM Tools Local Platform services⠹ Stopping IDM Tools Local Platform services⠸ Stopping IDM Tools Local Platform services⠼ Stopping IDM Tools Local Platform services⠴ Stopping IDM Tools Local Platform services⠦ Stopping IDM Tools Local Platform services⠧ Stopping IDM Tools Local Platform services⠇ Stopping IDM Tools Local Platform services⠏ Stopping IDM Tools Local Platform services⠋ Stopping IDM Tools Local Platform services⠙ Stopping IDM Tools Local Platform services⠹ Stopping IDM Tools Local Platform services⠸ Stopping IDM Tools Local Platform services⠼ Stopping IDM Tools Local Platform services⠴ Stopping IDM Tools Local Platform services⠦ Stopping IDM Tools Local Platform services⠧ Stopping IDM Tools Local Platform services⠇ Stopping IDM Tools Local Platform services⠏ Stopping IDM Tools Local Platform services⠋ Stopping IDM Tools Local Platform services⠙ Stopping IDM Tools Local Platform services⠹ Stopping IDM Tools Local Platform services⠸ Stopping IDM Tools Local Platform services⠼ Stopping IDM Tools Local Platform services⠴ Stopping IDM Tools Local Platform services⠦ Stopping IDM Tools Local Platform services⠧ Stopping IDM Tools Local Platform services⠇ Stopping IDM Tools Local Platform services⠏ Stopping IDM Tools Local Platform services⠋ Stopping IDM Tools Local Platform services⠙ Stopping IDM Tools Local Platform services⠹ Stopping IDM Tools Local Platform services⠸ Stopping IDM Tools Local Platform services⠼ Stopping IDM Tools Local Platform services⠴ Stopping IDM Tools Local Platform services⠦ Stopping IDM Tools Local Platform services⠧ Stopping IDM Tools Local Platform services⠇ Stopping IDM Tools Local Platform services⠏ Stopping IDM Tools Local Platform services⠋ Stopping IDM Tools Local Platform services⠙ Stopping IDM Tools Local Platform services⠹ Stopping IDM Tools Local Platform services⠸ Stopping IDM Tools Local Platform services⠼ Stopping IDM Tools Local Platform services⠴ Stopping IDM Tools Local Platform services⠦ Stopping IDM Tools Local Platform services⠧ Stopping IDM Tools Local Platform services⠇ Stopping IDM Tools Local Platform services⠏ Stopping IDM Tools Local Platform services⠋ Stopping IDM Tools Local Platform services⠙ Stopping IDM Tools Local Platform services⠹ Stopping IDM Tools Local Platform services⠸ Stopping IDM Tools Local Platform services⠼ Stopping IDM Tools Local Platform services⠴ Stopping IDM Tools Local Platform services⠦ Stopping IDM Tools Local Platform services⠧ Stopping IDM Tools Local Platform services⠇ Stopping IDM Tools Local Platform services⠏ Stopping IDM Tools Local Platform services⠋ Stopping IDM Tools Local Platform services⠙ Stopping IDM Tools Local Platform services⠹ Stopping IDM Tools Local Platform services⠸ Stopping IDM Tools Local Platform services⠼ Stopping IDM Tools Local Platform services⠴ Stopping IDM Tools Local Platform services⠦ Stopping IDM Tools Local Platform services⠧ Stopping IDM Tools Local Platform services⠇ Stopping IDM Tools Local Platform services⠏ Stopping IDM Tools Local Platform services⠋ Stopping IDM Tools Local Platform services⠙ Stopping IDM Tools Local Platform services⠹ Stopping IDM Tools Local Platform services⠸ Stopping IDM Tools Local Platform services⠼ Stopping IDM Tools Local Platform services⠴ Stopping IDM Tools Local Platform services⠦ Stopping IDM Tools Local Platform services⠧ Stopping IDM Tools Local Platform services⠇ Stopping IDM Tools Local Platform services⠏ Stopping IDM Tools Local Platform services⠋ Stopping IDM Tools Local Platform services⠙ Stopping IDM Tools Local Platform services⠹ Stopping IDM Tools Local Platform services⠸ Stopping IDM Tools Local Platform services⠼ Stopping IDM Tools Local Platform services⠴ Stopping IDM Tools Local Platform services⠦ Stopping IDM Tools Local Platform services⠧ Stopping IDM Tools Local Platform services⠇ Stopping IDM Tools Local Platform services⠏ Stopping IDM Tools Local Platform services⠋ Stopping IDM Tools Local Platform services⠙ Stopping IDM Tools Local Platform services⠹ Stopping IDM Tools Local Platform services⠸ Stopping IDM Tools Local Platform services⠼ Stopping IDM Tools Local Platform services⠴ Stopping IDM Tools Local Platform services⠦ Stopping IDM Tools Local Platform services⠧ Stopping IDM Tools Local Platform services⠇ Stopping IDM Tools Local Platform services⠏ Stopping IDM Tools Local Platform services⠋ Stopping IDM Tools Local Platform services⠙ Stopping IDM Tools Local Platform services⠹ Stopping IDM Tools Local Platform services⠸ Stopping IDM Tools Local Platform services⠼ Stopping IDM Tools Local Platform services⠴ Stopping IDM Tools Local Platform services⠦ Stopping IDM Tools Local Platform services⠧ Stopping IDM Tools Local Platform services⠇ Stopping IDM Tools Local Platform services⠏ Stopping IDM Tools Local Platform services⠋ Stopping IDM Tools Local Platform services⠙ Stopping IDM Tools Local Platform services⠹ Stopping IDM Tools Local Platform services⠸ Stopping IDM Tools Local Platform services⠼ Stopping IDM Tools Local Platform services⠴ Stopping IDM Tools Local Platform services⠦ Stopping IDM Tools Local Platform services⠧ Stopping IDM Tools Local Platform services⠇ Stopping IDM Tools Local Platform services⠏ Stopping IDM Tools Local Platform services⠋ Stopping IDM Tools Local Platform services⠙ Stopping IDM Tools Local Platform services⠹ Stopping IDM Tools Local Platform services⠸ Stopping IDM Tools Local Platform services⠼ Stopping IDM Tools Local Platform services⠴ Stopping IDM Tools Local Platform services⠦ Stopping IDM Tools Local Platform services⠧ Stopping IDM Tools Local Platform services⠇ Stopping IDM Tools Local Platform services⠏ Stopping IDM Tools Local Platform services⠋ Stopping IDM Tools Local Platform services⠙ Stopping IDM Tools Local Platform services⠹ Stopping IDM Tools Local Platform services⠸ Stopping IDM Tools Local Platform services⠼ Stopping IDM Tools Local Platform services⠴ Stopping IDM Tools Local Platform services⠦ Stopping IDM Tools Local Platform services⠧ Stopping IDM Tools Local Platform services⠇ Stopping IDM Tools Local Platform services⠏ Stopping IDM Tools Local Platform services⠋ Stopping IDM Tools Local Platform services⠙ Stopping IDM Tools Local Platform services⠹ Stopping IDM Tools Local Platform services⠸ Stopping IDM Tools Local Platform services⠼ Stopping IDM Tools Local Platform services⠴ Stopping IDM Tools Local Platform services⠦ Stopping IDM Tools Local Platform services⠧ Stopping IDM Tools Local Platform services⠇ Stopping IDM Tools Local Platform services⠏ Stopping IDM Tools Local Platform services⠋ Stopping IDM Tools Local Platform services⠙ Stopping IDM Tools Local Platform services⠹ Stopping IDM Tools Local Platform services⠸ Stopping IDM Tools Local Platform services⠼ Stopping IDM Tools Local Platform services⠴ Stopping IDM Tools Local Platform services⠦ Stopping IDM Tools Local Platform services⠧ Stopping IDM Tools Local Platform services⠇ Stopping IDM Tools Local Platform services⠏ Stopping IDM Tools Local Platform services⠋ Stopping IDM Tools Local Platform services⠙ Stopping IDM Tools Local Platform services⠹ Stopping IDM Tools Local Platform services⠸ Stopping IDM Tools Local Platform services⠼ Stopping IDM Tools Local Platform services⠴ Stopping IDM Tools Local Platform services⠦ Stopping IDM Tools Local Platform services⠧ Stopping IDM Tools Local Platform services⠇ Stopping IDM Tools Local Platform services⠏ Stopping IDM Tools Local Platform services⠋ Stopping IDM Tools Local Platform services⠙ Stopping IDM Tools Local Platform services⠹ Stopping IDM Tools Local Platform services]]>        </system-out>        <system-err>            <![CDATA[]]>        </system-err>    </testcase>    <testcase classname="test_local_cli_basics.TestLocalCLIBasic" file="test_local_cli_basics.py" line="52"              name="test_load" time="0.411" timestamp="2019-08-07T08:15:24">        <system-out>            <![CDATA[]]>        </system-out>        <system-err>            <![CDATA[]]>        </system-err>    </testcase>    <testcase classname="test_local_cli_basics.TestLocalCLIBasic" file="test_local_cli_basics.py" line="58"              name="test_status" time="0.447" timestamp="2019-08-07T08:15:24">        <system-out>            <![CDATA[<Result SystemExit(-1)>]]>        </system-out>        <system-err>            <![CDATA[]]>        </system-err>    </testcase></testsuite>