<?xml version="1.0" encoding="UTF-8"?>
<testsuite errors="0" failures="0" file="test_docker_operations.py"
           name="test_docker_operations.TestDockerOperations-20190807200617" skipped="0" tests="5" time="35.722"
           timestamp="2019-08-07T20:09:42">
    <testcase classname="test_docker_operations.TestDockerOperations" file="test_docker_operations.py" line="27"
              name="test_create_db_starts" time="11.387" timestamp="2019-08-07T20:09:18">
        <system-out>
            <![CDATA[
[K]]>        </system-out>
        <system-err>
            <![CDATA[]]>        </system-err>
    </testcase>
    <testcase classname="test_docker_operations.TestDockerOperations" file="test_docker_operations.py" line="21"
              name="test_create_redis_starts" time="1.273" timestamp="2019-08-07T20:09:19">
        <system-out>
            <![CDATA[
[K]]>        </system-out>
        <system-err>
            <![CDATA[]]>        </system-err>
    </testcase>
    <testcase classname="test_docker_operations.TestDockerOperations" file="test_docker_operations.py" line="39"
              name="test_create_stack_starts" time="16.084" timestamp="2019-08-07T20:09:35">
        <system-out>
            <![CDATA[]]>        </system-out>
        <system-err>
            <![CDATA[]]>        </system-err>
    </testcase>
    <testcase classname="test_docker_operations.TestDockerOperations" file="test_docker_operations.py" line="74"
              name="test_error_if_try_to_run_as_root" time="0.016" timestamp="2019-08-07T20:09:35">
        <system-out>
            <![CDATA[]]>        </system-out>
        <system-err>
            <![CDATA[]]>        </system-err>
    </testcase>
    <testcase classname="test_docker_operations.TestDockerOperations" file="test_docker_operations.py" line="59"
              name="test_port_taken_has_coherent_error" time="6.962" timestamp="2019-08-07T20:09:42">
        <system-out>
            <![CDATA[
[K]]>        </system-out>
        <system-err>
            <![CDATA[]]>        </system-err>
    </testcase>
</testsuite>
