<?xml version="1.0" encoding="UTF-8"?>
<testsuite errors="1" failures="0" file="test_python_simulation.py"
           name="test_python_simulation.TestPythonSimulation-20190807212229" skipped="0" tests="2" time="194.172"
           timestamp="2019-08-07T21:27:36">
    <testcase classname="test_python_simulation.TestPythonSimulation" file="test_python_simulation.py" line="30"
              name="test_direct_sweep_one_parameter_local" time="118.623" timestamp="2019-08-07T21:27:36">
        <system-out>
            <![CDATA[
[K
[K
[K[Local_Staging]: the following Config Settings are not used:
 - extra2 = 2
 - extra1 = 1

[K<Experiment: M3ZWZ8HP - test_python_simulation.py--test_direct_sweep_one_parameter_local / Sim count 5>
+----------+--------+
| ID       | Tags   |
|----------+--------|
| RKVLKUXO | - a:0  |
| PXD9WC1T | - a:1  |
| 6SG9RG43 | - a:2  |
| 7N9FYXUN | - a:3  |
| TREK7E1C | - a:4  |
+----------+--------+

[K]]>        </system-out>
        <system-err>
            <![CDATA[2019-08-07 21:25:44 sahara docker.utils.config[1819] DEBUG Trying paths: ['/home/clinton/.docker/config.json', '/home/clinton/.dockercfg']
2019-08-07 21:25:44 sahara docker.utils.config[1819] DEBUG Found file at path: /home/clinton/.docker/config.json
2019-08-07 21:25:44 sahara docker.auth[1819] DEBUG Found 'auths' section
2019-08-07 21:25:44 sahara docker.auth[1819] DEBUG Found entry (registry='docker.packages.idmod.org', username='ccollins@idmod.org')
2019-08-07 21:25:44 sahara docker.auth[1819] DEBUG Found entry (registry='iazdvfil01.azurecr.io', username='iazdvfil01')
2019-08-07 21:25:44 sahara docker.auth[1819] DEBUG Found entry (registry='idm-docker-production.packages.idmod.org', username='ccollins@idmod.org')
2019-08-07 21:25:44 sahara docker.auth[1819] DEBUG Found entry (registry='idm-docker-staging.packages.idmod.org', username='ccollins@idmod.org')
2019-08-07 21:25:44 sahara idmtools_platform_local.docker.DockerOperations[1819] DEBUG Ensuring redis is running
2019-08-07 21:25:44 sahara idmtools_platform_local.docker.DockerOperations[1819] DEBUG Stopping container idmtools_redis
2019-08-07 21:25:44 sahara idmtools_platform_local.docker.DockerOperations[1819] DEBUG Removing container idmtools_redis
2019-08-07 21:25:44 sahara idmtools_platform_local.docker.DockerOperations[1819] DEBUG Ensuring postgres is running
2019-08-07 21:25:44 sahara idmtools_platform_local.docker.DockerOperations[1819] DEBUG Stopping container idmtools_postgres
2019-08-07 21:25:55 sahara idmtools_platform_local.docker.DockerOperations[1819] DEBUG Removing container idmtools_postgres
2019-08-07 21:25:55 sahara idmtools_platform_local.docker.DockerOperations[1819] DEBUG Ensuring worker is running
2019-08-07 21:25:55 sahara idmtools_platform_local.docker.DockerOperations[1819] DEBUG Stopping container idmtools_workers
2019-08-07 21:25:59 sahara idmtools_platform_local.docker.DockerOperations[1819] DEBUG Removing container idmtools_workers
2019-08-07 21:25:59 sahara idmtools_platform_local.docker.DockerOperations[1819] DEBUG Ensuring redis is running
2019-08-07 21:25:59 sahara idmtools_platform_local.docker.DockerOperations[1819] DEBUG Ensuring postgres is running
2019-08-07 21:25:59 sahara idmtools_platform_local.docker.DockerOperations[1819] DEBUG Ensuring worker is running
2019-08-07 21:25:59 sahara idmtools_platform_local.docker.DockerOperations[1819] DEBUG Creating network idmtools
2019-08-07 21:26:00 sahara idmtools_platform_local.docker.DockerOperations[1819] DEBUG Creating network idmtools
2019-08-07 21:26:00 sahara idmtools_platform_local.docker.DockerOperations[1819] DEBUG Ensuring redis is running
2019-08-07 21:26:00 sahara idmtools_platform_local.docker.DockerOperations[1819] DEBUG Redis Config: {'name': 'idmtools_redis', 'hostname': 'redis', 'image': 'redis:5.0.4-alpine', 'ports': {6379: 6379}, 'volumes': {'/home/clinton/development/work/idmtools/idmtools_platform_local/tests/.local_data/redis-data': {'bind': '/data', 'mode': 'rw'}}, 'user': '1000:1000', 'restart_policy': {'MaximumRetryCount': 15, 'name': 'on-failure'}, 'detach': True, 'labels': {'idmtools_version': '0.1.0+nightly0'}, 'mem_limit': '128m', 'mem_reservation': '64m'}
2019-08-07 21:26:00 sahara idmtools_platform_local.docker.DockerOperations[1819] DEBUG Redis Container Config {'name': 'idmtools_redis', 'hostname': 'redis', 'image': 'redis:5.0.4-alpine', 'ports': {6379: 6379}, 'volumes': {'/home/clinton/development/work/idmtools/idmtools_platform_local/tests/.local_data/redis-data': {'bind': '/data', 'mode': 'rw'}}, 'user': '1000:1000', 'restart_policy': {'MaximumRetryCount': 15, 'name': 'on-failure'}, 'detach': True, 'labels': {'idmtools_version': '0.1.0+nightly0'}, 'mem_limit': '128m', 'mem_reservation': '64m'}
2019-08-07 21:26:01 sahara idmtools_platform_local.docker.DockerOperations[1819] DEBUG Ensuring postgres is running
2019-08-07 21:26:01 sahara idmtools_platform_local.docker.DockerOperations[1819] DEBUG Postgres Config: {'name': 'idmtools_postgres', 'image': 'postgres:11.4', 'ports': {5432: 5432}, 'volumes': {'idmtools_local_postgres': {'bind': '/var/lib/postgresql/data', 'mode': 'rw'}}, 'hostname': 'postgres', 'environment': ['POSTGRES_USER=idmtools', 'POSTGRES_PASSWORD=idmtools'], 'restart_policy': {'MaximumRetryCount': 15, 'name': 'on-failure'}, 'detach': True, 'labels': {'idmtools_version': '0.1.0+nightly0'}, 'mem_limit': '64m', 'mem_reservation': '32m'}
2019-08-07 21:26:01 sahara idmtools_platform_local.docker.DockerOperations[1819] DEBUG Postgres Container Config {'name': 'idmtools_postgres', 'image': 'postgres:11.4', 'ports': {5432: 5432}, 'volumes': {'idmtools_local_postgres': {'bind': '/var/lib/postgresql/data', 'mode': 'rw'}}, 'hostname': 'postgres', 'environment': ['POSTGRES_USER=idmtools', 'POSTGRES_PASSWORD=idmtools'], 'restart_policy': {'MaximumRetryCount': 15, 'name': 'on-failure'}, 'detach': True, 'labels': {'idmtools_version': '0.1.0+nightly0'}, 'mem_limit': '64m', 'mem_reservation': '32m'}
2019-08-07 21:26:07 sahara idmtools_platform_local.docker.DockerOperations[1819] DEBUG Ensuring worker is running
2019-08-07 21:26:07 sahara idmtools_platform_local.docker.DockerOperations[1819] DEBUG Creating working container
2019-08-07 21:26:07 sahara idmtools_platform_local.docker.DockerOperations[1819] DEBUG Worker Config: {'name': 'idmtools_workers', 'hostname': 'idmtools', 'image': 'idm-docker-staging.packages.idmod.org/idmtools_local_workers:latest', 'ports': {5000: 5000}, 'links': {'idmtools_redis': 'redis', 'idmtools_postgres': 'postgres'}, 'volumes': {'/home/clinton/development/work/idmtools/idmtools_platform_local/tests/.local_data/workers': {'bind': '/data', 'mode': 'rw'}, '/var/run/docker.sock': {'bind': '/var/run/docker.sock', 'mode': 'rw'}}, 'runtime': 'runc', 'environment': ['REDIS_URL=redis://redis:6379', 'CURRENT_UID=1000:1000'], 'restart_policy': {'MaximumRetryCount': 15, 'name': 'on-failure'}, 'detach': True, 'labels': {'idmtools_version': '0.1.0+nightly0'}, 'mem_limit': '128m', 'mem_reservation': '64m'}
2019-08-07 21:26:07 sahara idmtools_platform_local.docker.DockerOperations[1819] DEBUG Worker Container Config {'name': 'idmtools_workers', 'hostname': 'idmtools', 'image': 'idm-docker-staging.packages.idmod.org/idmtools_local_workers:latest', 'ports': {5000: 5000}, 'links': {'idmtools_redis': 'redis', 'idmtools_postgres': 'postgres'}, 'volumes': {'/home/clinton/development/work/idmtools/idmtools_platform_local/tests/.local_data/workers': {'bind': '/data', 'mode': 'rw'}, '/var/run/docker.sock': {'bind': '/var/run/docker.sock', 'mode': 'rw'}}, 'runtime': 'runc', 'environment': ['REDIS_URL=redis://redis:6379', 'CURRENT_UID=1000:1000'], 'restart_policy': {'MaximumRetryCount': 15, 'name': 'on-failure'}, 'detach': True, 'labels': {'idmtools_version': '0.1.0+nightly0'}, 'mem_limit': '128m', 'mem_reservation': '64m'}
2019-08-07 21:26:15 sahara docker.utils.config[1819] DEBUG Trying paths: ['/home/clinton/.docker/config.json', '/home/clinton/.dockercfg']
2019-08-07 21:26:15 sahara docker.utils.config[1819] DEBUG Found file at path: /home/clinton/.docker/config.json
2019-08-07 21:26:15 sahara docker.auth[1819] DEBUG Found 'auths' section
2019-08-07 21:26:15 sahara docker.auth[1819] DEBUG Found entry (registry='docker.packages.idmod.org', username='ccollins@idmod.org')
2019-08-07 21:26:15 sahara docker.auth[1819] DEBUG Found entry (registry='iazdvfil01.azurecr.io', username='iazdvfil01')
2019-08-07 21:26:15 sahara docker.auth[1819] DEBUG Found entry (registry='idm-docker-production.packages.idmod.org', username='ccollins@idmod.org')
2019-08-07 21:26:15 sahara docker.auth[1819] DEBUG Found entry (registry='idm-docker-staging.packages.idmod.org', username='ccollins@idmod.org')
2019-08-07 21:26:15 sahara idmtools_platform_local.docker.DockerOperations[1819] DEBUG Ensuring redis is running
2019-08-07 21:26:16 sahara idmtools_platform_local.docker.DockerOperations[1819] DEBUG Ensuring postgres is running
2019-08-07 21:26:21 sahara idmtools_platform_local.docker.DockerOperations[1819] DEBUG Ensuring worker is running
2019-08-07 21:26:30 sahara dramatiq.broker.RedisBroker[1819] DEBUG Enqueueing message '2b45a2af-8e66-4242-ae5a-06fd88c36209' on queue 'default'.
2019-08-07 21:26:31 sahara idmtools_platform_local.docker.DockerOperations[1819] DEBUG Ensuring worker is running
2019-08-07 21:26:31 sahara idmtools_platform_local.docker.DockerOperations[1819] DEBUG Ensuring worker is running
2019-08-07 21:26:32 sahara idmtools_platform_local.local_platform[1819] DEBUG Creating directory /data/M3ZWZ8HP/Assets result: ExecResult(exit_code=0, output=b'')
2019-08-07 21:26:32 sahara idmtools_platform_local.docker.DockerOperations[1819] DEBUG Ensuring worker is running
2019-08-07 21:26:32 sahara idmtools_platform_local.docker.DockerOperations[1819] DEBUG Copying /home/clinton/development/work/idmtools/idmtools_test/idmtools_test/inputs/python/model1.py to docker container 840498b3c545f870dbc0ce433f9c8e80d02ff6cf86e70d7a666f18b445dbbc6b:/data/M3ZWZ8HP/Assets
2019-08-07 21:26:32 sahara idmtools_platform_local.docker.DockerOperations[1819] DEBUG Copying /home/clinton/development/work/idmtools/idmtools_test/idmtools_test/inputs/python/model1.py to tar stream
2019-08-07 21:26:32 sahara root[1819] DEBUG Saving be309a07243024b0b3dcab2aa6e8d90f to platforms
2019-08-07 21:26:32 sahara root[1819] DEBUG Saving M3ZWZ8HP to experiments
2019-08-07 21:26:32 sahara dramatiq.broker.RedisBroker[1819] DEBUG Enqueueing message 'a2a44e41-ddfc-453b-9bcf-0a06b20bbb35' on queue 'default'.
2019-08-07 21:27:12 sahara idmtools_platform_local.docker.DockerOperations[1819] DEBUG Ensuring worker is running
2019-08-07 21:27:13 sahara idmtools_platform_local.local_platform[1819] DEBUG Creating directory /data/M3ZWZ8HP/RKVLKUXO result: ExecResult(exit_code=0, output=b'')
2019-08-07 21:27:13 sahara idmtools_platform_local.docker.DockerOperations[1819] DEBUG Ensuring worker is running
2019-08-07 21:27:13 sahara idmtools_platform_local.docker.DockerOperations[1819] DEBUG Copying /tmp/tmpb6dh0pe0 to docker container 840498b3c545f870dbc0ce433f9c8e80d02ff6cf86e70d7a666f18b445dbbc6b:/data/M3ZWZ8HP/RKVLKUXO
2019-08-07 21:27:13 sahara idmtools_platform_local.docker.DockerOperations[1819] DEBUG Copying /tmp/tmpb6dh0pe0 to tar stream
2019-08-07 21:27:13 sahara dramatiq.broker.RedisBroker[1819] DEBUG Enqueueing message 'fe459c3b-675e-412c-a377-8c868bf45e47' on queue 'default'.
2019-08-07 21:27:15 sahara idmtools_platform_local.docker.DockerOperations[1819] DEBUG Ensuring worker is running
2019-08-07 21:27:16 sahara idmtools_platform_local.local_platform[1819] DEBUG Creating directory /data/M3ZWZ8HP/PXD9WC1T result: ExecResult(exit_code=0, output=b'')
2019-08-07 21:27:16 sahara idmtools_platform_local.docker.DockerOperations[1819] DEBUG Ensuring worker is running
2019-08-07 21:27:16 sahara idmtools_platform_local.docker.DockerOperations[1819] DEBUG Copying /tmp/tmp7zoekv5d to docker container 840498b3c545f870dbc0ce433f9c8e80d02ff6cf86e70d7a666f18b445dbbc6b:/data/M3ZWZ8HP/PXD9WC1T
2019-08-07 21:27:16 sahara idmtools_platform_local.docker.DockerOperations[1819] DEBUG Copying /tmp/tmp7zoekv5d to tar stream
2019-08-07 21:27:16 sahara dramatiq.broker.RedisBroker[1819] DEBUG Enqueueing message '44c6b31c-e225-4575-a671-cc92b0893462' on queue 'default'.
2019-08-07 21:27:17 sahara idmtools_platform_local.docker.DockerOperations[1819] DEBUG Ensuring worker is running
2019-08-07 21:27:17 sahara idmtools_platform_local.local_platform[1819] DEBUG Creating directory /data/M3ZWZ8HP/6SG9RG43 result: ExecResult(exit_code=0, output=b'')
2019-08-07 21:27:17 sahara idmtools_platform_local.docker.DockerOperations[1819] DEBUG Ensuring worker is running
2019-08-07 21:27:18 sahara idmtools_platform_local.docker.DockerOperations[1819] DEBUG Copying /tmp/tmpopzkzavo to docker container 840498b3c545f870dbc0ce433f9c8e80d02ff6cf86e70d7a666f18b445dbbc6b:/data/M3ZWZ8HP/6SG9RG43
2019-08-07 21:27:18 sahara idmtools_platform_local.docker.DockerOperations[1819] DEBUG Copying /tmp/tmpopzkzavo to tar stream
2019-08-07 21:27:18 sahara dramatiq.broker.RedisBroker[1819] DEBUG Enqueueing message '47ab6ab9-4cd0-414b-ac42-9bce62254688' on queue 'default'.
2019-08-07 21:27:18 sahara idmtools_platform_local.docker.DockerOperations[1819] DEBUG Ensuring worker is running
2019-08-07 21:27:18 sahara idmtools_platform_local.local_platform[1819] DEBUG Creating directory /data/M3ZWZ8HP/7N9FYXUN result: ExecResult(exit_code=0, output=b'')
2019-08-07 21:27:18 sahara idmtools_platform_local.docker.DockerOperations[1819] DEBUG Ensuring worker is running
2019-08-07 21:27:18 sahara idmtools_platform_local.docker.DockerOperations[1819] DEBUG Copying /tmp/tmpd5ko516t to docker container 840498b3c545f870dbc0ce433f9c8e80d02ff6cf86e70d7a666f18b445dbbc6b:/data/M3ZWZ8HP/7N9FYXUN
2019-08-07 21:27:18 sahara idmtools_platform_local.docker.DockerOperations[1819] DEBUG Copying /tmp/tmpd5ko516t to tar stream
2019-08-07 21:27:19 sahara dramatiq.broker.RedisBroker[1819] DEBUG Enqueueing message 'e1bb7b20-5bea-471c-a502-2398d44d3e0d' on queue 'default'.
2019-08-07 21:27:19 sahara idmtools_platform_local.docker.DockerOperations[1819] DEBUG Ensuring worker is running
2019-08-07 21:27:19 sahara idmtools_platform_local.local_platform[1819] DEBUG Creating directory /data/M3ZWZ8HP/TREK7E1C result: ExecResult(exit_code=0, output=b'')
2019-08-07 21:27:19 sahara idmtools_platform_local.docker.DockerOperations[1819] DEBUG Ensuring worker is running
2019-08-07 21:27:19 sahara idmtools_platform_local.docker.DockerOperations[1819] DEBUG Copying /tmp/tmpzn4pfvm0 to docker container 840498b3c545f870dbc0ce433f9c8e80d02ff6cf86e70d7a666f18b445dbbc6b:/data/M3ZWZ8HP/TREK7E1C
2019-08-07 21:27:19 sahara idmtools_platform_local.docker.DockerOperations[1819] DEBUG Copying /tmp/tmpzn4pfvm0 to tar stream
2019-08-07 21:27:20 sahara dramatiq.broker.RedisBroker[1819] DEBUG Enqueueing message '72b0606a-3965-4256-b661-26a4d0878a44' on queue 'default'.
2019-08-07 21:27:20 sahara dramatiq.broker.RedisBroker[1819] DEBUG Enqueueing message 'ca32c92c-5cc9-422d-a9f8-0e7ce7f85df1' on queue 'default'.
2019-08-07 21:27:20 sahara dramatiq.broker.RedisBroker[1819] DEBUG Enqueueing message 'fb9a2909-523b-4c41-b5cd-2b5cf12310ae' on queue 'default'.
2019-08-07 21:27:20 sahara dramatiq.broker.RedisBroker[1819] DEBUG Enqueueing message 'b4bf1072-941a-4c89-9d4a-ac2cc1042810' on queue 'default'.
2019-08-07 21:27:20 sahara dramatiq.broker.RedisBroker[1819] DEBUG Enqueueing message '234f9ad9-26e8-49d5-b182-cb3448b1c03e' on queue 'default'.
2019-08-07 21:27:20 sahara root[1819] DEBUG Saving M3ZWZ8HP to experiments
2019-08-07 21:27:20 sahara idmtools_platform_local.docker.DockerOperations[1819] DEBUG Ensuring redis is running
2019-08-07 21:27:20 sahara idmtools_platform_local.docker.DockerOperations[1819] DEBUG Stopping container idmtools_redis
2019-08-07 21:27:21 sahara idmtools_platform_local.docker.DockerOperations[1819] DEBUG Removing container idmtools_redis
2019-08-07 21:27:21 sahara idmtools_platform_local.docker.DockerOperations[1819] DEBUG Ensuring postgres is running
2019-08-07 21:27:21 sahara idmtools_platform_local.docker.DockerOperations[1819] DEBUG Stopping container idmtools_postgres
2019-08-07 21:27:32 sahara idmtools_platform_local.docker.DockerOperations[1819] DEBUG Removing container idmtools_postgres
2019-08-07 21:27:32 sahara idmtools_platform_local.docker.DockerOperations[1819] DEBUG Ensuring worker is running
2019-08-07 21:27:32 sahara idmtools_platform_local.docker.DockerOperations[1819] DEBUG Stopping container idmtools_workers
2019-08-07 21:27:36 sahara idmtools_platform_local.docker.DockerOperations[1819] DEBUG Removing container idmtools_workers
]]>        </system-err>
    </testcase>
    <testcase classname="test_python_simulation.TestPythonSimulation" file="test_python_simulation.py" line="76"
              name="test_add_prefixed_relative_path_to_assets_local" time="75.549" timestamp="2019-08-07T21:25:38">
        <error message="CreateSimulationTask('KI1JBOWM', {'a': 0})" type="ResultTimeout">
            <![CDATA[Traceback (most recent call last):
  File "/home/clinton/development/work/idmtools/idmtools_platform_local/tests/test_python_simulation.py", line 102, in test_add_prefixed_relative_path_to_assets_local
    em.run()
  File "/home/clinton/development/work/idmtools/idmtools_core/idmtools/managers/ExperimentManager.py", line 95, in run
    self.create_simulations()
  File "/home/clinton/development/work/idmtools/idmtools_core/idmtools/managers/ExperimentManager.py", line 74, in create_simulations
    for sim_batch in results:
  File "/usr/lib/python3.7/concurrent/futures/_base.py", line 586, in result_iterator
    yield fs.pop().result()
  File "/usr/lib/python3.7/concurrent/futures/_base.py", line 425, in result
    return self.__get_result()
  File "/usr/lib/python3.7/concurrent/futures/_base.py", line 384, in __get_result
    raise self._exception
  File "/usr/lib/python3.7/concurrent/futures/thread.py", line 57, in run
    result = self.fn(*self.args, **self.kwargs)
  File "/home/clinton/development/work/idmtools/idmtools_core/idmtools/managers/ExperimentManager.py", line 56, in simulation_batch_worker_thread
    ids = self.platform.create_simulations(simulation_batch)
  File "/home/clinton/development/work/idmtools/idmtools_platform_local/idmtools_platform_local/local_platform.py", line 156, in create_simulations
    sid = m.get_result(block=True, timeout=self.default_timeout * 1000)
  File "/home/clinton/.virtualenvs/idmtools/lib/python3.7/site-packages/dramatiq/message.py", line 147, in get_result
    return backend.get_result(self, block=block, timeout=timeout)
  File "/home/clinton/.virtualenvs/idmtools/lib/python3.7/site-packages/dramatiq/results/backends/redis.py", line 81, in get_result
    raise ResultTimeout(message)
dramatiq.results.errors.ResultTimeout: CreateSimulationTask('KI1JBOWM', {'a': 0})
]]>        </error>
        <system-out>
            <![CDATA[
[K[Local_Staging]: the following Config Settings are not used:
 - extra2 = 2
 - extra1 = 1

[K]]>        </system-out>
        <system-err>
            <![CDATA[2019-08-07 21:24:23 sahara docker.utils.config[1819] DEBUG Trying paths: ['/home/clinton/.docker/config.json', '/home/clinton/.dockercfg']
2019-08-07 21:24:23 sahara docker.utils.config[1819] DEBUG Found file at path: /home/clinton/.docker/config.json
2019-08-07 21:24:23 sahara docker.auth[1819] DEBUG Found 'auths' section
2019-08-07 21:24:23 sahara docker.auth[1819] DEBUG Found entry (registry='docker.packages.idmod.org', username='ccollins@idmod.org')
2019-08-07 21:24:23 sahara docker.auth[1819] DEBUG Found entry (registry='iazdvfil01.azurecr.io', username='iazdvfil01')
2019-08-07 21:24:23 sahara docker.auth[1819] DEBUG Found entry (registry='idm-docker-production.packages.idmod.org', username='ccollins@idmod.org')
2019-08-07 21:24:23 sahara docker.auth[1819] DEBUG Found entry (registry='idm-docker-staging.packages.idmod.org', username='ccollins@idmod.org')
2019-08-07 21:24:23 sahara idmtools_platform_local.docker.DockerOperations[1819] DEBUG Ensuring redis is running
2019-08-07 21:24:23 sahara idmtools_platform_local.docker.DockerOperations[1819] DEBUG Ensuring postgres is running
2019-08-07 21:24:23 sahara idmtools_platform_local.docker.DockerOperations[1819] DEBUG Ensuring worker is running
2019-08-07 21:24:27 sahara docker.utils.config[1819] DEBUG Trying paths: ['/home/clinton/.docker/config.json', '/home/clinton/.dockercfg']
2019-08-07 21:24:27 sahara docker.utils.config[1819] DEBUG Found file at path: /home/clinton/.docker/config.json
2019-08-07 21:24:27 sahara docker.auth[1819] DEBUG Found 'auths' section
2019-08-07 21:24:27 sahara docker.auth[1819] DEBUG Found entry (registry='docker.packages.idmod.org', username='ccollins@idmod.org')
2019-08-07 21:24:27 sahara docker.auth[1819] DEBUG Found entry (registry='iazdvfil01.azurecr.io', username='iazdvfil01')
2019-08-07 21:24:27 sahara docker.auth[1819] DEBUG Found entry (registry='idm-docker-production.packages.idmod.org', username='ccollins@idmod.org')
2019-08-07 21:24:27 sahara docker.auth[1819] DEBUG Found entry (registry='idm-docker-staging.packages.idmod.org', username='ccollins@idmod.org')
2019-08-07 21:24:27 sahara idmtools_platform_local.docker.DockerOperations[1819] DEBUG Creating network idmtools
2019-08-07 21:24:27 sahara idmtools_platform_local.docker.DockerOperations[1819] DEBUG Ensuring redis is running
2019-08-07 21:24:27 sahara idmtools_platform_local.docker.DockerOperations[1819] DEBUG Redis Config: {'name': 'idmtools_redis', 'hostname': 'redis', 'image': 'redis:5.0.4-alpine', 'ports': {6379: 6379}, 'volumes': {'/home/clinton/development/work/idmtools/idmtools_platform_local/tests/.local_data/redis-data': {'bind': '/data', 'mode': 'rw'}}, 'user': '1000:1000', 'restart_policy': {'MaximumRetryCount': 15, 'name': 'on-failure'}, 'detach': True, 'labels': {'idmtools_version': '0.1.0+nightly0'}, 'mem_limit': '128m', 'mem_reservation': '64m'}
2019-08-07 21:24:27 sahara idmtools_platform_local.docker.DockerOperations[1819] DEBUG Redis Container Config {'name': 'idmtools_redis', 'hostname': 'redis', 'image': 'redis:5.0.4-alpine', 'ports': {6379: 6379}, 'volumes': {'/home/clinton/development/work/idmtools/idmtools_platform_local/tests/.local_data/redis-data': {'bind': '/data', 'mode': 'rw'}}, 'user': '1000:1000', 'restart_policy': {'MaximumRetryCount': 15, 'name': 'on-failure'}, 'detach': True, 'labels': {'idmtools_version': '0.1.0+nightly0'}, 'mem_limit': '128m', 'mem_reservation': '64m'}
2019-08-07 21:24:28 sahara idmtools_platform_local.docker.DockerOperations[1819] DEBUG Ensuring postgres is running
2019-08-07 21:24:28 sahara idmtools_platform_local.docker.DockerOperations[1819] DEBUG Postgres Config: {'name': 'idmtools_postgres', 'image': 'postgres:11.4', 'ports': {5432: 5432}, 'volumes': {'idmtools_local_postgres': {'bind': '/var/lib/postgresql/data', 'mode': 'rw'}}, 'hostname': 'postgres', 'environment': ['POSTGRES_USER=idmtools', 'POSTGRES_PASSWORD=idmtools'], 'restart_policy': {'MaximumRetryCount': 15, 'name': 'on-failure'}, 'detach': True, 'labels': {'idmtools_version': '0.1.0+nightly0'}, 'mem_limit': '64m', 'mem_reservation': '32m'}
2019-08-07 21:24:28 sahara idmtools_platform_local.docker.DockerOperations[1819] DEBUG Postgres Container Config {'name': 'idmtools_postgres', 'image': 'postgres:11.4', 'ports': {5432: 5432}, 'volumes': {'idmtools_local_postgres': {'bind': '/var/lib/postgresql/data', 'mode': 'rw'}}, 'hostname': 'postgres', 'environment': ['POSTGRES_USER=idmtools', 'POSTGRES_PASSWORD=idmtools'], 'restart_policy': {'MaximumRetryCount': 15, 'name': 'on-failure'}, 'detach': True, 'labels': {'idmtools_version': '0.1.0+nightly0'}, 'mem_limit': '64m', 'mem_reservation': '32m'}
2019-08-07 21:24:34 sahara idmtools_platform_local.docker.DockerOperations[1819] DEBUG Ensuring worker is running
2019-08-07 21:24:34 sahara idmtools_platform_local.docker.DockerOperations[1819] DEBUG Creating working container
2019-08-07 21:24:34 sahara idmtools_platform_local.docker.DockerOperations[1819] DEBUG Worker Config: {'name': 'idmtools_workers', 'hostname': 'idmtools', 'image': 'idm-docker-staging.packages.idmod.org/idmtools_local_workers:latest', 'ports': {5000: 5000}, 'links': {'idmtools_redis': 'redis', 'idmtools_postgres': 'postgres'}, 'volumes': {'/home/clinton/development/work/idmtools/idmtools_platform_local/tests/.local_data/workers': {'bind': '/data', 'mode': 'rw'}, '/var/run/docker.sock': {'bind': '/var/run/docker.sock', 'mode': 'rw'}}, 'runtime': None, 'environment': ['REDIS_URL=redis://redis:6379', 'CURRENT_UID=1000:1000'], 'restart_policy': {'MaximumRetryCount': 15, 'name': 'on-failure'}, 'detach': True, 'labels': {'idmtools_version': '0.1.0+nightly0'}, 'mem_limit': '128m', 'mem_reservation': '64m'}
2019-08-07 21:24:34 sahara idmtools_platform_local.docker.DockerOperations[1819] DEBUG Worker Container Config {'name': 'idmtools_workers', 'hostname': 'idmtools', 'image': 'idm-docker-staging.packages.idmod.org/idmtools_local_workers:latest', 'ports': {5000: 5000}, 'links': {'idmtools_redis': 'redis', 'idmtools_postgres': 'postgres'}, 'volumes': {'/home/clinton/development/work/idmtools/idmtools_platform_local/tests/.local_data/workers': {'bind': '/data', 'mode': 'rw'}, '/var/run/docker.sock': {'bind': '/var/run/docker.sock', 'mode': 'rw'}}, 'runtime': None, 'environment': ['REDIS_URL=redis://redis:6379', 'CURRENT_UID=1000:1000'], 'restart_policy': {'MaximumRetryCount': 15, 'name': 'on-failure'}, 'detach': True, 'labels': {'idmtools_version': '0.1.0+nightly0'}, 'mem_limit': '128m', 'mem_reservation': '64m'}
2019-08-07 21:24:38 sahara dramatiq.broker.RedisBroker[1819] DEBUG Enqueueing message '1638be7c-1c0b-4250-8ff2-f000a28b51e5' on queue 'default'.
2019-08-07 21:24:38 sahara idmtools_platform_local.docker.DockerOperations[1819] DEBUG Ensuring worker is running
2019-08-07 21:24:39 sahara idmtools_platform_local.docker.DockerOperations[1819] DEBUG Ensuring worker is running
2019-08-07 21:24:39 sahara idmtools_platform_local.local_platform[1819] DEBUG Creating directory /data/KI1JBOWM/Assets/MyExternalLibrary result: ExecResult(exit_code=0, output=b'')
2019-08-07 21:24:39 sahara idmtools_platform_local.docker.DockerOperations[1819] DEBUG Ensuring worker is running
2019-08-07 21:24:39 sahara idmtools_platform_local.docker.DockerOperations[1819] DEBUG Copying /home/clinton/development/work/idmtools/idmtools_test/idmtools_test/inputs/python/Assets/MyExternalLibrary/functions.py to docker container 17fc93d70184643d129aa3670c84f692d3c1ce69f8f572c685f278a598f9a0d6:/data/KI1JBOWM/Assets/MyExternalLibrary
2019-08-07 21:24:39 sahara idmtools_platform_local.docker.DockerOperations[1819] DEBUG Copying /home/clinton/development/work/idmtools/idmtools_test/idmtools_test/inputs/python/Assets/MyExternalLibrary/functions.py to tar stream
2019-08-07 21:24:40 sahara idmtools_platform_local.docker.DockerOperations[1819] DEBUG Ensuring worker is running
2019-08-07 21:24:40 sahara idmtools_platform_local.local_platform[1819] DEBUG Creating directory /data/KI1JBOWM/Assets/MyExternalLibrary result: ExecResult(exit_code=0, output=b'')
2019-08-07 21:24:40 sahara idmtools_platform_local.docker.DockerOperations[1819] DEBUG Ensuring worker is running
2019-08-07 21:24:40 sahara idmtools_platform_local.docker.DockerOperations[1819] DEBUG Copying /home/clinton/development/work/idmtools/idmtools_test/idmtools_test/inputs/python/Assets/MyExternalLibrary/__init__.py to docker container 17fc93d70184643d129aa3670c84f692d3c1ce69f8f572c685f278a598f9a0d6:/data/KI1JBOWM/Assets/MyExternalLibrary
2019-08-07 21:24:40 sahara idmtools_platform_local.docker.DockerOperations[1819] DEBUG Copying /home/clinton/development/work/idmtools/idmtools_test/idmtools_test/inputs/python/Assets/MyExternalLibrary/__init__.py to tar stream
2019-08-07 21:24:41 sahara idmtools_platform_local.docker.DockerOperations[1819] DEBUG Ensuring worker is running
2019-08-07 21:24:41 sahara idmtools_platform_local.local_platform[1819] DEBUG Creating directory /data/KI1JBOWM/Assets result: ExecResult(exit_code=0, output=b'')
2019-08-07 21:24:41 sahara idmtools_platform_local.docker.DockerOperations[1819] DEBUG Ensuring worker is running
2019-08-07 21:24:41 sahara idmtools_platform_local.docker.DockerOperations[1819] DEBUG Copying /home/clinton/development/work/idmtools/idmtools_test/idmtools_test/inputs/python/model.py to docker container 17fc93d70184643d129aa3670c84f692d3c1ce69f8f572c685f278a598f9a0d6:/data/KI1JBOWM/Assets
2019-08-07 21:24:41 sahara idmtools_platform_local.docker.DockerOperations[1819] DEBUG Copying /home/clinton/development/work/idmtools/idmtools_test/idmtools_test/inputs/python/model.py to tar stream
2019-08-07 21:24:41 sahara root[1819] DEBUG Saving be309a07243024b0b3dcab2aa6e8d90f to platforms
2019-08-07 21:24:42 sahara root[1819] DEBUG Saving KI1JBOWM to experiments
]]>        </system-err>
    </testcase>
</testsuite>
