<?xml version="1.0" encoding="UTF-8"?>
<testsuite errors="0" failures="0" file="test_local_cli_basics.py"
           name="test_local_cli_basics.TestLocalCLIBasic-20190807212229" skipped="0" tests="3" time="30.791"
           timestamp="2019-08-07T21:28:07">
    <testcase classname="test_local_cli_basics.TestLocalCLIBasic" file="test_local_cli_basics.py" line="58"
              name="test_docker" time="29.948" timestamp="2019-08-07T21:28:06">
        <system-out>
            <![CDATA[
[K2019-08-07 21:27:47,105 INFO sqlalchemy.engine.base.Engine select version()
2019-08-07 21:27:47,106 INFO sqlalchemy.engine.base.Engine {}
2019-08-07 21:27:47,115 INFO sqlalchemy.engine.base.Engine select current_schema()
2019-08-07 21:27:47,117 INFO sqlalchemy.engine.base.Engine {}
2019-08-07 21:27:47,127 INFO sqlalchemy.engine.base.Engine SELECT CAST('test plain returns' AS VARCHAR(60)) AS anon_1
2019-08-07 21:27:47,129 INFO sqlalchemy.engine.base.Engine {}
2019-08-07 21:27:47,134 INFO sqlalchemy.engine.base.Engine SELECT CAST('test unicode returns' AS VARCHAR(60)) AS anon_1
2019-08-07 21:27:47,136 INFO sqlalchemy.engine.base.Engine {}
2019-08-07 21:27:47,141 INFO sqlalchemy.engine.base.Engine show standard_conforming_strings
2019-08-07 21:27:47,143 INFO sqlalchemy.engine.base.Engine {}
2019-08-07 21:27:47,164 INFO sqlalchemy.engine.base.Engine select relname from pg_class c join pg_namespace n on n.oid=c.relnamespace where pg_catalog.pg_table_is_visible(c.oid) and relname=%(name)s
2019-08-07 21:27:47,167 INFO sqlalchemy.engine.base.Engine {'name': 'job_status'}
2019-08-07 21:27:47,181 INFO sqlalchemy.engine.base.Engine 
            SELECT EXISTS (
                SELECT * FROM pg_catalog.pg_type t
                WHERE t.typname = %(typname)s
                AND pg_type_is_visible(t.oid)
                )
                
2019-08-07 21:27:47,183 INFO sqlalchemy.engine.base.Engine {'typname': 'status'}
2019-08-07 21:27:47,189 INFO sqlalchemy.engine.base.Engine CREATE TYPE status AS ENUM ('created', 'in_progress', 'canceled', 'failed', 'done')
2019-08-07 21:27:47,191 INFO sqlalchemy.engine.base.Engine {}
2019-08-07 21:27:47,201 INFO sqlalchemy.engine.base.Engine COMMIT
2019-08-07 21:27:47,207 INFO sqlalchemy.engine.base.Engine 
            SELECT EXISTS (
                SELECT * FROM pg_catalog.pg_type t
                WHERE t.typname = %(typname)s
                AND pg_type_is_visible(t.oid)
                )
                
2019-08-07 21:27:47,210 INFO sqlalchemy.engine.base.Engine {'typname': 'status'}
2019-08-07 21:27:47,221 INFO sqlalchemy.engine.base.Engine 
CREATE TABLE job_status (
	uuid VARCHAR NOT NULL, 
	parent_uuid VARCHAR, 
	status status NOT NULL, 
	data_path VARCHAR NOT NULL, 
	tags JSON, 
	extra_details JSON, 
	created TIMESTAMP WITH TIME ZONE DEFAULT now(), 
	updated TIMESTAMP WITH TIME ZONE, 
	PRIMARY KEY (uuid), 
	UNIQUE (uuid)
)


2019-08-07 21:27:47,222 INFO sqlalchemy.engine.base.Engine {}
2019-08-07 21:27:47,237 INFO sqlalchemy.engine.base.Engine COMMIT
2019-08-07 21:27:47,259 INFO sqlalchemy.engine.base.Engine BEGIN (implicit)
2019-08-07 21:27:47,268 INFO sqlalchemy.engine.base.Engine SELECT job_status.uuid AS job_status_uuid, job_status.parent_uuid AS job_status_parent_uuid, job_status.status AS job_status_status, job_status.data_path AS job_status_data_path, job_status.tags AS job_status_tags, job_status.extra_details AS job_status_extra_details, job_status.created AS job_status_created, job_status.updated AS job_status_updated 
FROM job_status 
WHERE job_status.uuid = %(uuid_1)s 
 LIMIT %(param_1)s
2019-08-07 21:27:47,269 INFO sqlalchemy.engine.base.Engine {'uuid_1': 'AAAAA', 'param_1': 1}
2019-08-07 21:27:47,296 INFO sqlalchemy.engine.base.Engine INSERT INTO job_status (uuid, parent_uuid, status, data_path, tags, extra_details, created, updated) VALUES (%(uuid)s, %(parent_uuid)s, %(status)s, %(data_path)s, %(tags)s, %(extra_details)s, %(created)s, %(updated)s)
2019-08-07 21:27:47,297 INFO sqlalchemy.engine.base.Engine {'uuid': 'AAAAA', 'parent_uuid': None, 'status': 'created', 'data_path': '/data/AAAAA', 'tags': '{"a": "b", "c": "d"}', 'extra_details': '{}', 'created': datetime.datetime(2019, 8, 8, 4, 27, 47, 294450), 'updated': None}
2019-08-07 21:27:47,304 INFO sqlalchemy.engine.base.Engine COMMIT
2019-08-07 21:27:47,311 INFO sqlalchemy.engine.base.Engine BEGIN (implicit)
2019-08-07 21:27:47,319 INFO sqlalchemy.engine.base.Engine SELECT job_status.uuid AS job_status_uuid, job_status.parent_uuid AS job_status_parent_uuid, job_status.status AS job_status_status, job_status.extra_details AS job_status_extra_details, job_status.created AS job_status_created, job_status.updated AS job_status_updated 
FROM job_status 
WHERE job_status.uuid = %(param_1)s
2019-08-07 21:27:47,322 INFO sqlalchemy.engine.base.Engine {'param_1': 'AAAAA'}
2019-08-07 21:27:47,340 INFO sqlalchemy.engine.base.Engine UPDATE job_status SET data_path=%(data_path)s, tags=%(tags)s, extra_details=%(extra_details)s, updated=now() WHERE job_status.uuid = %(job_status_uuid)s
2019-08-07 21:27:47,341 INFO sqlalchemy.engine.base.Engine {'data_path': '/data/AAAAA', 'tags': '{"a": "b", "c": "d"}', 'extra_details': '{"simulation_type": "Python"}', 'job_status_uuid': 'AAAAA'}
2019-08-07 21:27:47,347 INFO sqlalchemy.engine.base.Engine COMMIT
2019-08-07 21:27:47,365 INFO sqlalchemy.engine.base.Engine BEGIN (implicit)
2019-08-07 21:27:47,371 INFO sqlalchemy.engine.base.Engine SELECT job_status.uuid AS job_status_uuid, job_status.parent_uuid AS job_status_parent_uuid, job_status.status AS job_status_status, job_status.data_path AS job_status_data_path, job_status.tags AS job_status_tags, job_status.extra_details AS job_status_extra_details, job_status.created AS job_status_created, job_status.updated AS job_status_updated 
FROM job_status 
WHERE job_status.uuid = %(uuid_1)s 
 LIMIT %(param_1)s
2019-08-07 21:27:47,374 INFO sqlalchemy.engine.base.Engine {'uuid_1': 'BBBBB', 'param_1': 1}
2019-08-07 21:27:47,387 INFO sqlalchemy.engine.base.Engine INSERT INTO job_status (uuid, parent_uuid, status, data_path, tags, extra_details, created, updated) VALUES (%(uuid)s, %(parent_uuid)s, %(status)s, %(data_path)s, %(tags)s, %(extra_details)s, %(created)s, %(updated)s)
2019-08-07 21:27:47,389 INFO sqlalchemy.engine.base.Engine {'uuid': 'BBBBB', 'parent_uuid': None, 'status': 'created', 'data_path': '/data/BBBBB', 'tags': '{"e": "f", "g": "h"}', 'extra_details': '{}', 'created': datetime.datetime(2019, 8, 8, 4, 27, 47, 385426), 'updated': None}
2019-08-07 21:27:47,398 INFO sqlalchemy.engine.base.Engine COMMIT
2019-08-07 21:27:47,406 INFO sqlalchemy.engine.base.Engine BEGIN (implicit)
2019-08-07 21:27:47,412 INFO sqlalchemy.engine.base.Engine SELECT job_status.uuid AS job_status_uuid, job_status.parent_uuid AS job_status_parent_uuid, job_status.status AS job_status_status, job_status.extra_details AS job_status_extra_details, job_status.created AS job_status_created, job_status.updated AS job_status_updated 
FROM job_status 
WHERE job_status.uuid = %(param_1)s
2019-08-07 21:27:47,415 INFO sqlalchemy.engine.base.Engine {'param_1': 'BBBBB'}
2019-08-07 21:27:47,424 INFO sqlalchemy.engine.base.Engine UPDATE job_status SET data_path=%(data_path)s, tags=%(tags)s, extra_details=%(extra_details)s, updated=now() WHERE job_status.uuid = %(job_status_uuid)s
2019-08-07 21:27:47,429 INFO sqlalchemy.engine.base.Engine {'data_path': '/data/BBBBB', 'tags': '{"e": "f", "g": "h"}', 'extra_details': '{"simulation_type": "Python"}', 'job_status_uuid': 'BBBBB'}
2019-08-07 21:27:47,435 INFO sqlalchemy.engine.base.Engine COMMIT
2019-08-07 21:27:47,450 INFO sqlalchemy.engine.base.Engine BEGIN (implicit)
2019-08-07 21:27:47,457 INFO sqlalchemy.engine.base.Engine SELECT job_status.uuid AS job_status_uuid, job_status.parent_uuid AS job_status_parent_uuid, job_status.status AS job_status_status, job_status.data_path AS job_status_data_path, job_status.tags AS job_status_tags, job_status.extra_details AS job_status_extra_details, job_status.created AS job_status_created, job_status.updated AS job_status_updated 
FROM job_status 
WHERE job_status.uuid = %(uuid_1)s 
 LIMIT %(param_1)s
2019-08-07 21:27:47,458 INFO sqlalchemy.engine.base.Engine {'uuid_1': 'CCCCC', 'param_1': 1}
2019-08-07 21:27:47,468 INFO sqlalchemy.engine.base.Engine INSERT INTO job_status (uuid, parent_uuid, status, data_path, tags, extra_details, created, updated) VALUES (%(uuid)s, %(parent_uuid)s, %(status)s, %(data_path)s, %(tags)s, %(extra_details)s, %(created)s, %(updated)s)
2019-08-07 21:27:47,470 INFO sqlalchemy.engine.base.Engine {'uuid': 'CCCCC', 'parent_uuid': 'BBBBB', 'status': 'created', 'data_path': '/data/CCCCC', 'tags': '{"i": "j", "k": "l"}', 'extra_details': '{}', 'created': datetime.datetime(2019, 8, 8, 4, 27, 47, 467230), 'updated': None}
2019-08-07 21:27:47,477 INFO sqlalchemy.engine.base.Engine COMMIT
2019-08-07 21:27:47,485 INFO sqlalchemy.engine.base.Engine BEGIN (implicit)
2019-08-07 21:27:47,490 INFO sqlalchemy.engine.base.Engine SELECT job_status.uuid AS job_status_uuid, job_status.parent_uuid AS job_status_parent_uuid, job_status.status AS job_status_status, job_status.extra_details AS job_status_extra_details, job_status.created AS job_status_created, job_status.updated AS job_status_updated 
FROM job_status 
WHERE job_status.uuid = %(param_1)s
2019-08-07 21:27:47,493 INFO sqlalchemy.engine.base.Engine {'param_1': 'CCCCC'}
2019-08-07 21:27:47,501 INFO sqlalchemy.engine.base.Engine UPDATE job_status SET data_path=%(data_path)s, tags=%(tags)s, extra_details=%(extra_details)s, updated=now() WHERE job_status.uuid = %(job_status_uuid)s
2019-08-07 21:27:47,503 INFO sqlalchemy.engine.base.Engine {'data_path': '/data/CCCCC', 'tags': '{"i": "j", "k": "l"}', 'extra_details': '{"simulation_type": "Python"}', 'job_status_uuid': 'CCCCC'}
2019-08-07 21:27:47,508 INFO sqlalchemy.engine.base.Engine COMMIT
2019-08-07 21:27:47,524 INFO sqlalchemy.engine.base.Engine BEGIN (implicit)
2019-08-07 21:27:47,537 INFO sqlalchemy.engine.base.Engine SELECT job_status.uuid AS job_status_uuid, job_status.parent_uuid AS job_status_parent_uuid, job_status.status AS job_status_status, job_status.data_path AS job_status_data_path, job_status.tags AS job_status_tags, job_status.extra_details AS job_status_extra_details, job_status.created AS job_status_created, job_status.updated AS job_status_updated 
FROM job_status 
WHERE job_status.uuid = %(uuid_1)s 
 LIMIT %(param_1)s
2019-08-07 21:27:47,546 INFO sqlalchemy.engine.base.Engine {'uuid_1': 'DDDDD', 'param_1': 1}
2019-08-07 21:27:47,559 INFO sqlalchemy.engine.base.Engine INSERT INTO job_status (uuid, parent_uuid, status, data_path, tags, extra_details, created, updated) VALUES (%(uuid)s, %(parent_uuid)s, %(status)s, %(data_path)s, %(tags)s, %(extra_details)s, %(created)s, %(updated)s)
2019-08-07 21:27:47,563 INFO sqlalchemy.engine.base.Engine {'uuid': 'DDDDD', 'parent_uuid': None, 'status': 'created', 'data_path': '/data/DDDD', 'tags': '{"e": "f", "c": "d"}', 'extra_details': '{}', 'created': datetime.datetime(2019, 8, 8, 4, 27, 47, 558564), 'updated': None}
2019-08-07 21:27:47,569 INFO sqlalchemy.engine.base.Engine COMMIT
2019-08-07 21:27:47,576 INFO sqlalchemy.engine.base.Engine BEGIN (implicit)
2019-08-07 21:27:47,581 INFO sqlalchemy.engine.base.Engine SELECT job_status.uuid AS job_status_uuid, job_status.parent_uuid AS job_status_parent_uuid, job_status.status AS job_status_status, job_status.extra_details AS job_status_extra_details, job_status.created AS job_status_created, job_status.updated AS job_status_updated 
FROM job_status 
WHERE job_status.uuid = %(param_1)s
2019-08-07 21:27:47,583 INFO sqlalchemy.engine.base.Engine {'param_1': 'DDDDD'}
2019-08-07 21:27:47,591 INFO sqlalchemy.engine.base.Engine UPDATE job_status SET data_path=%(data_path)s, tags=%(tags)s, extra_details=%(extra_details)s, updated=now() WHERE job_status.uuid = %(job_status_uuid)s
2019-08-07 21:27:47,593 INFO sqlalchemy.engine.base.Engine {'data_path': '/data/DDDD', 'tags': '{"e": "f", "c": "d"}', 'extra_details': '{"simulation_type": "Python"}', 'job_status_uuid': 'DDDDD'}
2019-08-07 21:27:47,599 INFO sqlalchemy.engine.base.Engine COMMIT
2019-08-07 21:27:47,610 INFO sqlalchemy.engine.base.Engine BEGIN (implicit)
2019-08-07 21:27:47,627 INFO sqlalchemy.engine.base.Engine SELECT job_status.uuid AS job_status_uuid, job_status.parent_uuid AS job_status_parent_uuid, job_status.status AS job_status_status, job_status.data_path AS job_status_data_path, job_status.tags AS job_status_tags, job_status.extra_details AS job_status_extra_details, job_status.created AS job_status_created, job_status.updated AS job_status_updated 
FROM job_status 
WHERE job_status.uuid = %(uuid_1)s 
 LIMIT %(param_1)s
2019-08-07 21:27:47,629 INFO sqlalchemy.engine.base.Engine {'uuid_1': 'EEEEE', 'param_1': 1}
2019-08-07 21:27:47,640 INFO sqlalchemy.engine.base.Engine INSERT INTO job_status (uuid, parent_uuid, status, data_path, tags, extra_details, created, updated) VALUES (%(uuid)s, %(parent_uuid)s, %(status)s, %(data_path)s, %(tags)s, %(extra_details)s, %(created)s, %(updated)s)
2019-08-07 21:27:47,642 INFO sqlalchemy.engine.base.Engine {'uuid': 'EEEEE', 'parent_uuid': 'DDDDD', 'status': 'done', 'data_path': '/data/EEEEE', 'tags': '{"i": "j", "k": "l"}', 'extra_details': '{}', 'created': datetime.datetime(2019, 8, 8, 4, 27, 47, 639716), 'updated': None}
2019-08-07 21:27:47,647 INFO sqlalchemy.engine.base.Engine COMMIT
2019-08-07 21:27:47,657 INFO sqlalchemy.engine.base.Engine BEGIN (implicit)
2019-08-07 21:27:47,663 INFO sqlalchemy.engine.base.Engine SELECT job_status.uuid AS job_status_uuid, job_status.parent_uuid AS job_status_parent_uuid, job_status.status AS job_status_status, job_status.extra_details AS job_status_extra_details, job_status.created AS job_status_created, job_status.updated AS job_status_updated 
FROM job_status 
WHERE job_status.uuid = %(param_1)s
2019-08-07 21:27:47,664 INFO sqlalchemy.engine.base.Engine {'param_1': 'EEEEE'}
2019-08-07 21:27:47,673 INFO sqlalchemy.engine.base.Engine UPDATE job_status SET data_path=%(data_path)s, tags=%(tags)s, extra_details=%(extra_details)s, updated=now() WHERE job_status.uuid = %(job_status_uuid)s
2019-08-07 21:27:47,674 INFO sqlalchemy.engine.base.Engine {'data_path': '/data/EEEEE', 'tags': '{"i": "j", "k": "l"}', 'extra_details': '{"simulation_type": "Python"}', 'job_status_uuid': 'EEEEE'}
2019-08-07 21:27:47,690 INFO sqlalchemy.engine.base.Engine COMMIT
2019-08-07 21:27:47,704 INFO sqlalchemy.engine.base.Engine BEGIN (implicit)
2019-08-07 21:27:47,713 INFO sqlalchemy.engine.base.Engine SELECT job_status.uuid AS job_status_uuid, job_status.parent_uuid AS job_status_parent_uuid, job_status.status AS job_status_status, job_status.data_path AS job_status_data_path, job_status.tags AS job_status_tags, job_status.extra_details AS job_status_extra_details, job_status.created AS job_status_created, job_status.updated AS job_status_updated 
FROM job_status 
WHERE job_status.uuid = %(uuid_1)s 
 LIMIT %(param_1)s
2019-08-07 21:27:47,715 INFO sqlalchemy.engine.base.Engine {'uuid_1': 'FFFFF', 'param_1': 1}
2019-08-07 21:27:47,727 INFO sqlalchemy.engine.base.Engine INSERT INTO job_status (uuid, parent_uuid, status, data_path, tags, extra_details, created, updated) VALUES (%(uuid)s, %(parent_uuid)s, %(status)s, %(data_path)s, %(tags)s, %(extra_details)s, %(created)s, %(updated)s)
2019-08-07 21:27:47,728 INFO sqlalchemy.engine.base.Engine {'uuid': 'FFFFF', 'parent_uuid': 'DDDDD', 'status': 'done', 'data_path': '/data/FFFFF', 'tags': '{"i": "j", "k": "l"}', 'extra_details': '{}', 'created': datetime.datetime(2019, 8, 8, 4, 27, 47, 726552), 'updated': None}
2019-08-07 21:27:47,738 INFO sqlalchemy.engine.base.Engine COMMIT
2019-08-07 21:27:47,745 INFO sqlalchemy.engine.base.Engine BEGIN (implicit)
2019-08-07 21:27:47,750 INFO sqlalchemy.engine.base.Engine SELECT job_status.uuid AS job_status_uuid, job_status.parent_uuid AS job_status_parent_uuid, job_status.status AS job_status_status, job_status.extra_details AS job_status_extra_details, job_status.created AS job_status_created, job_status.updated AS job_status_updated 
FROM job_status 
WHERE job_status.uuid = %(param_1)s
2019-08-07 21:27:47,756 INFO sqlalchemy.engine.base.Engine {'param_1': 'FFFFF'}
2019-08-07 21:27:47,764 INFO sqlalchemy.engine.base.Engine UPDATE job_status SET data_path=%(data_path)s, tags=%(tags)s, extra_details=%(extra_details)s, updated=now() WHERE job_status.uuid = %(job_status_uuid)s
2019-08-07 21:27:47,771 INFO sqlalchemy.engine.base.Engine {'data_path': '/data/FFFFF', 'tags': '{"i": "j", "k": "l"}', 'extra_details': '{"simulation_type": "Python"}', 'job_status_uuid': 'FFFFF'}
2019-08-07 21:27:47,781 INFO sqlalchemy.engine.base.Engine COMMIT

]]>        </system-out>
        <system-err>
            <![CDATA[2019-08-07 21:27:36 sahara docker.utils.config[1819] DEBUG Trying paths: ['/home/clinton/.docker/config.json', '/home/clinton/.dockercfg']
2019-08-07 21:27:36 sahara docker.utils.config[1819] DEBUG Found file at path: /home/clinton/.docker/config.json
2019-08-07 21:27:36 sahara docker.auth[1819] DEBUG Found 'auths' section
2019-08-07 21:27:36 sahara docker.auth[1819] DEBUG Found entry (registry='docker.packages.idmod.org', username='ccollins@idmod.org')
2019-08-07 21:27:36 sahara docker.auth[1819] DEBUG Found entry (registry='iazdvfil01.azurecr.io', username='iazdvfil01')
2019-08-07 21:27:36 sahara docker.auth[1819] DEBUG Found entry (registry='idm-docker-production.packages.idmod.org', username='ccollins@idmod.org')
2019-08-07 21:27:36 sahara docker.auth[1819] DEBUG Found entry (registry='idm-docker-staging.packages.idmod.org', username='ccollins@idmod.org')
2019-08-07 21:27:36 sahara idmtools_platform_local.docker.DockerOperations[1819] DEBUG Ensuring redis is running
2019-08-07 21:27:36 sahara idmtools_platform_local.docker.DockerOperations[1819] DEBUG Ensuring postgres is running
2019-08-07 21:27:37 sahara idmtools_platform_local.docker.DockerOperations[1819] DEBUG Ensuring worker is running
2019-08-07 21:27:37 sahara idmtools_platform_local.docker.DockerOperations[1819] DEBUG Creating network idmtools
2019-08-07 21:27:37 sahara idmtools_platform_local.docker.DockerOperations[1819] DEBUG Ensuring postgres is running
2019-08-07 21:27:37 sahara idmtools_platform_local.docker.DockerOperations[1819] DEBUG Postgres Config: {'name': 'idmtools_postgres', 'image': 'postgres:11.4', 'ports': {5432: 5432}, 'volumes': {'idmtools_local_postgres': {'bind': '/var/lib/postgresql/data', 'mode': 'rw'}}, 'hostname': 'postgres', 'environment': ['POSTGRES_USER=idmtools', 'POSTGRES_PASSWORD=idmtools'], 'restart_policy': {'MaximumRetryCount': 15, 'name': 'on-failure'}, 'detach': True, 'labels': {'idmtools_version': '0.1.0+nightly0'}, 'mem_limit': '64m', 'mem_reservation': '32m'}
2019-08-07 21:27:37 sahara idmtools_platform_local.docker.DockerOperations[1819] DEBUG Postgres Container Config {'name': 'idmtools_postgres', 'image': 'postgres:11.4', 'ports': {5432: 5432}, 'volumes': {'idmtools_local_postgres': {'bind': '/var/lib/postgresql/data', 'mode': 'rw'}}, 'hostname': 'postgres', 'environment': ['POSTGRES_USER=idmtools', 'POSTGRES_PASSWORD=idmtools'], 'restart_policy': {'MaximumRetryCount': 15, 'name': 'on-failure'}, 'detach': True, 'labels': {'idmtools_version': '0.1.0+nightly0'}, 'mem_limit': '64m', 'mem_reservation': '32m'}
2019-08-07 21:27:38 sahara idmtools_platform_local.docker.DockerOperations[1819] DEBUG Ensuring redis is running
2019-08-07 21:27:38 sahara idmtools_platform_local.docker.DockerOperations[1819] DEBUG Redis Config: {'name': 'idmtools_redis', 'hostname': 'redis', 'image': 'redis:5.0.4-alpine', 'ports': {6379: 6379}, 'volumes': {'/home/clinton/development/work/idmtools/idmtools_platform_local/tests/.local_data/redis-data': {'bind': '/data', 'mode': 'rw'}}, 'user': '1000:1000', 'restart_policy': {'MaximumRetryCount': 15, 'name': 'on-failure'}, 'detach': True, 'labels': {'idmtools_version': '0.1.0+nightly0'}, 'mem_limit': '128m', 'mem_reservation': '64m'}
2019-08-07 21:27:38 sahara idmtools_platform_local.docker.DockerOperations[1819] DEBUG Redis Container Config {'name': 'idmtools_redis', 'hostname': 'redis', 'image': 'redis:5.0.4-alpine', 'ports': {6379: 6379}, 'volumes': {'/home/clinton/development/work/idmtools/idmtools_platform_local/tests/.local_data/redis-data': {'bind': '/data', 'mode': 'rw'}}, 'user': '1000:1000', 'restart_policy': {'MaximumRetryCount': 15, 'name': 'on-failure'}, 'detach': True, 'labels': {'idmtools_version': '0.1.0+nightly0'}, 'mem_limit': '128m', 'mem_reservation': '64m'}
2019-08-07 21:27:42 sahara idmtools_platform_local.docker.DockerOperations[1819] DEBUG Ensuring worker is running
2019-08-07 21:27:42 sahara idmtools_platform_local.docker.DockerOperations[1819] DEBUG Creating working container
2019-08-07 21:27:42 sahara idmtools_platform_local.docker.DockerOperations[1819] DEBUG Worker Config: {'name': 'idmtools_workers', 'hostname': 'idmtools', 'image': 'idm-docker-staging.packages.idmod.org/idmtools_local_workers:latest', 'ports': {5000: 5000}, 'links': {'idmtools_redis': 'redis', 'idmtools_postgres': 'postgres'}, 'volumes': {'/home/clinton/development/work/idmtools/idmtools_platform_local/tests/.local_data/workers': {'bind': '/data', 'mode': 'rw'}, '/var/run/docker.sock': {'bind': '/var/run/docker.sock', 'mode': 'rw'}}, 'runtime': 'runc', 'environment': ['REDIS_URL=redis://redis:6379', 'CURRENT_UID=1000:1000'], 'restart_policy': {'MaximumRetryCount': 15, 'name': 'on-failure'}, 'detach': True, 'labels': {'idmtools_version': '0.1.0+nightly0'}, 'mem_limit': '128m', 'mem_reservation': '64m'}
2019-08-07 21:27:42 sahara idmtools_platform_local.docker.DockerOperations[1819] DEBUG Worker Container Config {'name': 'idmtools_workers', 'hostname': 'idmtools', 'image': 'idm-docker-staging.packages.idmod.org/idmtools_local_workers:latest', 'ports': {5000: 5000}, 'links': {'idmtools_redis': 'redis', 'idmtools_postgres': 'postgres'}, 'volumes': {'/home/clinton/development/work/idmtools/idmtools_platform_local/tests/.local_data/workers': {'bind': '/data', 'mode': 'rw'}, '/var/run/docker.sock': {'bind': '/var/run/docker.sock', 'mode': 'rw'}}, 'runtime': 'runc', 'environment': ['REDIS_URL=redis://redis:6379', 'CURRENT_UID=1000:1000'], 'restart_policy': {'MaximumRetryCount': 15, 'name': 'on-failure'}, 'detach': True, 'labels': {'idmtools_version': '0.1.0+nightly0'}, 'mem_limit': '128m', 'mem_reservation': '64m'}
2019-08-07 21:27:47 sahara sqlalchemy.engine.base.Engine[1819] INFO select version()
2019-08-07 21:27:47 sahara sqlalchemy.engine.base.Engine[1819] INFO {}
2019-08-07 21:27:47 sahara sqlalchemy.engine.base.Engine[1819] INFO select current_schema()
2019-08-07 21:27:47 sahara sqlalchemy.engine.base.Engine[1819] INFO {}
2019-08-07 21:27:47 sahara sqlalchemy.engine.base.Engine[1819] INFO SELECT CAST('test plain returns' AS VARCHAR(60)) AS anon_1
2019-08-07 21:27:47 sahara sqlalchemy.engine.base.Engine[1819] INFO {}
2019-08-07 21:27:47 sahara sqlalchemy.engine.base.Engine[1819] INFO SELECT CAST('test unicode returns' AS VARCHAR(60)) AS anon_1
2019-08-07 21:27:47 sahara sqlalchemy.engine.base.Engine[1819] INFO {}
2019-08-07 21:27:47 sahara sqlalchemy.engine.base.Engine[1819] INFO show standard_conforming_strings
2019-08-07 21:27:47 sahara sqlalchemy.engine.base.Engine[1819] INFO {}
2019-08-07 21:27:47 sahara sqlalchemy.engine.base.Engine[1819] INFO select relname from pg_class c join pg_namespace n on n.oid=c.relnamespace where pg_catalog.pg_table_is_visible(c.oid) and relname=%(name)s
2019-08-07 21:27:47 sahara sqlalchemy.engine.base.Engine[1819] INFO {'name': 'job_status'}
2019-08-07 21:27:47 sahara sqlalchemy.engine.base.Engine[1819] INFO 
            SELECT EXISTS (
                SELECT * FROM pg_catalog.pg_type t
                WHERE t.typname = %(typname)s
                AND pg_type_is_visible(t.oid)
                )
                
2019-08-07 21:27:47 sahara sqlalchemy.engine.base.Engine[1819] INFO {'typname': 'status'}
2019-08-07 21:27:47 sahara sqlalchemy.engine.base.Engine[1819] INFO CREATE TYPE status AS ENUM ('created', 'in_progress', 'canceled', 'failed', 'done')
2019-08-07 21:27:47 sahara sqlalchemy.engine.base.Engine[1819] INFO {}
2019-08-07 21:27:47 sahara sqlalchemy.engine.base.Engine[1819] INFO COMMIT
2019-08-07 21:27:47 sahara sqlalchemy.engine.base.Engine[1819] INFO 
            SELECT EXISTS (
                SELECT * FROM pg_catalog.pg_type t
                WHERE t.typname = %(typname)s
                AND pg_type_is_visible(t.oid)
                )
                
2019-08-07 21:27:47 sahara sqlalchemy.engine.base.Engine[1819] INFO {'typname': 'status'}
2019-08-07 21:27:47 sahara sqlalchemy.engine.base.Engine[1819] INFO 
CREATE TABLE job_status (
	uuid VARCHAR NOT NULL, 
	parent_uuid VARCHAR, 
	status status NOT NULL, 
	data_path VARCHAR NOT NULL, 
	tags JSON, 
	extra_details JSON, 
	created TIMESTAMP WITH TIME ZONE DEFAULT now(), 
	updated TIMESTAMP WITH TIME ZONE, 
	PRIMARY KEY (uuid), 
	UNIQUE (uuid)
)


2019-08-07 21:27:47 sahara sqlalchemy.engine.base.Engine[1819] INFO {}
2019-08-07 21:27:47 sahara sqlalchemy.engine.base.Engine[1819] INFO COMMIT
2019-08-07 21:27:47 sahara sqlalchemy.engine.base.Engine[1819] INFO BEGIN (implicit)
2019-08-07 21:27:47 sahara sqlalchemy.engine.base.Engine[1819] INFO SELECT job_status.uuid AS job_status_uuid, job_status.parent_uuid AS job_status_parent_uuid, job_status.status AS job_status_status, job_status.data_path AS job_status_data_path, job_status.tags AS job_status_tags, job_status.extra_details AS job_status_extra_details, job_status.created AS job_status_created, job_status.updated AS job_status_updated 
FROM job_status 
WHERE job_status.uuid = %(uuid_1)s 
 LIMIT %(param_1)s
2019-08-07 21:27:47 sahara sqlalchemy.engine.base.Engine[1819] INFO {'uuid_1': 'AAAAA', 'param_1': 1}
2019-08-07 21:27:47 sahara sqlalchemy.engine.base.Engine[1819] INFO INSERT INTO job_status (uuid, parent_uuid, status, data_path, tags, extra_details, created, updated) VALUES (%(uuid)s, %(parent_uuid)s, %(status)s, %(data_path)s, %(tags)s, %(extra_details)s, %(created)s, %(updated)s)
2019-08-07 21:27:47 sahara sqlalchemy.engine.base.Engine[1819] INFO {'uuid': 'AAAAA', 'parent_uuid': None, 'status': 'created', 'data_path': '/data/AAAAA', 'tags': '{"a": "b", "c": "d"}', 'extra_details': '{}', 'created': datetime.datetime(2019, 8, 8, 4, 27, 47, 294450), 'updated': None}
2019-08-07 21:27:47 sahara sqlalchemy.engine.base.Engine[1819] INFO COMMIT
2019-08-07 21:27:47 sahara sqlalchemy.engine.base.Engine[1819] INFO BEGIN (implicit)
2019-08-07 21:27:47 sahara sqlalchemy.engine.base.Engine[1819] INFO SELECT job_status.uuid AS job_status_uuid, job_status.parent_uuid AS job_status_parent_uuid, job_status.status AS job_status_status, job_status.extra_details AS job_status_extra_details, job_status.created AS job_status_created, job_status.updated AS job_status_updated 
FROM job_status 
WHERE job_status.uuid = %(param_1)s
2019-08-07 21:27:47 sahara sqlalchemy.engine.base.Engine[1819] INFO {'param_1': 'AAAAA'}
2019-08-07 21:27:47 sahara sqlalchemy.engine.base.Engine[1819] INFO UPDATE job_status SET data_path=%(data_path)s, tags=%(tags)s, extra_details=%(extra_details)s, updated=now() WHERE job_status.uuid = %(job_status_uuid)s
2019-08-07 21:27:47 sahara sqlalchemy.engine.base.Engine[1819] INFO {'data_path': '/data/AAAAA', 'tags': '{"a": "b", "c": "d"}', 'extra_details': '{"simulation_type": "Python"}', 'job_status_uuid': 'AAAAA'}
2019-08-07 21:27:47 sahara sqlalchemy.engine.base.Engine[1819] INFO COMMIT
2019-08-07 21:27:47 sahara sqlalchemy.engine.base.Engine[1819] INFO BEGIN (implicit)
2019-08-07 21:27:47 sahara sqlalchemy.engine.base.Engine[1819] INFO SELECT job_status.uuid AS job_status_uuid, job_status.parent_uuid AS job_status_parent_uuid, job_status.status AS job_status_status, job_status.data_path AS job_status_data_path, job_status.tags AS job_status_tags, job_status.extra_details AS job_status_extra_details, job_status.created AS job_status_created, job_status.updated AS job_status_updated 
FROM job_status 
WHERE job_status.uuid = %(uuid_1)s 
 LIMIT %(param_1)s
2019-08-07 21:27:47 sahara sqlalchemy.engine.base.Engine[1819] INFO {'uuid_1': 'BBBBB', 'param_1': 1}
2019-08-07 21:27:47 sahara sqlalchemy.engine.base.Engine[1819] INFO INSERT INTO job_status (uuid, parent_uuid, status, data_path, tags, extra_details, created, updated) VALUES (%(uuid)s, %(parent_uuid)s, %(status)s, %(data_path)s, %(tags)s, %(extra_details)s, %(created)s, %(updated)s)
2019-08-07 21:27:47 sahara sqlalchemy.engine.base.Engine[1819] INFO {'uuid': 'BBBBB', 'parent_uuid': None, 'status': 'created', 'data_path': '/data/BBBBB', 'tags': '{"e": "f", "g": "h"}', 'extra_details': '{}', 'created': datetime.datetime(2019, 8, 8, 4, 27, 47, 385426), 'updated': None}
2019-08-07 21:27:47 sahara sqlalchemy.engine.base.Engine[1819] INFO COMMIT
2019-08-07 21:27:47 sahara sqlalchemy.engine.base.Engine[1819] INFO BEGIN (implicit)
2019-08-07 21:27:47 sahara sqlalchemy.engine.base.Engine[1819] INFO SELECT job_status.uuid AS job_status_uuid, job_status.parent_uuid AS job_status_parent_uuid, job_status.status AS job_status_status, job_status.extra_details AS job_status_extra_details, job_status.created AS job_status_created, job_status.updated AS job_status_updated 
FROM job_status 
WHERE job_status.uuid = %(param_1)s
2019-08-07 21:27:47 sahara sqlalchemy.engine.base.Engine[1819] INFO {'param_1': 'BBBBB'}
2019-08-07 21:27:47 sahara sqlalchemy.engine.base.Engine[1819] INFO UPDATE job_status SET data_path=%(data_path)s, tags=%(tags)s, extra_details=%(extra_details)s, updated=now() WHERE job_status.uuid = %(job_status_uuid)s
2019-08-07 21:27:47 sahara sqlalchemy.engine.base.Engine[1819] INFO {'data_path': '/data/BBBBB', 'tags': '{"e": "f", "g": "h"}', 'extra_details': '{"simulation_type": "Python"}', 'job_status_uuid': 'BBBBB'}
2019-08-07 21:27:47 sahara sqlalchemy.engine.base.Engine[1819] INFO COMMIT
2019-08-07 21:27:47 sahara sqlalchemy.engine.base.Engine[1819] INFO BEGIN (implicit)
2019-08-07 21:27:47 sahara sqlalchemy.engine.base.Engine[1819] INFO SELECT job_status.uuid AS job_status_uuid, job_status.parent_uuid AS job_status_parent_uuid, job_status.status AS job_status_status, job_status.data_path AS job_status_data_path, job_status.tags AS job_status_tags, job_status.extra_details AS job_status_extra_details, job_status.created AS job_status_created, job_status.updated AS job_status_updated 
FROM job_status 
WHERE job_status.uuid = %(uuid_1)s 
 LIMIT %(param_1)s
2019-08-07 21:27:47 sahara sqlalchemy.engine.base.Engine[1819] INFO {'uuid_1': 'CCCCC', 'param_1': 1}
2019-08-07 21:27:47 sahara sqlalchemy.engine.base.Engine[1819] INFO INSERT INTO job_status (uuid, parent_uuid, status, data_path, tags, extra_details, created, updated) VALUES (%(uuid)s, %(parent_uuid)s, %(status)s, %(data_path)s, %(tags)s, %(extra_details)s, %(created)s, %(updated)s)
2019-08-07 21:27:47 sahara sqlalchemy.engine.base.Engine[1819] INFO {'uuid': 'CCCCC', 'parent_uuid': 'BBBBB', 'status': 'created', 'data_path': '/data/CCCCC', 'tags': '{"i": "j", "k": "l"}', 'extra_details': '{}', 'created': datetime.datetime(2019, 8, 8, 4, 27, 47, 467230), 'updated': None}
2019-08-07 21:27:47 sahara sqlalchemy.engine.base.Engine[1819] INFO COMMIT
2019-08-07 21:27:47 sahara sqlalchemy.engine.base.Engine[1819] INFO BEGIN (implicit)
2019-08-07 21:27:47 sahara sqlalchemy.engine.base.Engine[1819] INFO SELECT job_status.uuid AS job_status_uuid, job_status.parent_uuid AS job_status_parent_uuid, job_status.status AS job_status_status, job_status.extra_details AS job_status_extra_details, job_status.created AS job_status_created, job_status.updated AS job_status_updated 
FROM job_status 
WHERE job_status.uuid = %(param_1)s
2019-08-07 21:27:47 sahara sqlalchemy.engine.base.Engine[1819] INFO {'param_1': 'CCCCC'}
2019-08-07 21:27:47 sahara sqlalchemy.engine.base.Engine[1819] INFO UPDATE job_status SET data_path=%(data_path)s, tags=%(tags)s, extra_details=%(extra_details)s, updated=now() WHERE job_status.uuid = %(job_status_uuid)s
2019-08-07 21:27:47 sahara sqlalchemy.engine.base.Engine[1819] INFO {'data_path': '/data/CCCCC', 'tags': '{"i": "j", "k": "l"}', 'extra_details': '{"simulation_type": "Python"}', 'job_status_uuid': 'CCCCC'}
2019-08-07 21:27:47 sahara sqlalchemy.engine.base.Engine[1819] INFO COMMIT
2019-08-07 21:27:47 sahara sqlalchemy.engine.base.Engine[1819] INFO BEGIN (implicit)
2019-08-07 21:27:47 sahara sqlalchemy.engine.base.Engine[1819] INFO SELECT job_status.uuid AS job_status_uuid, job_status.parent_uuid AS job_status_parent_uuid, job_status.status AS job_status_status, job_status.data_path AS job_status_data_path, job_status.tags AS job_status_tags, job_status.extra_details AS job_status_extra_details, job_status.created AS job_status_created, job_status.updated AS job_status_updated 
FROM job_status 
WHERE job_status.uuid = %(uuid_1)s 
 LIMIT %(param_1)s
2019-08-07 21:27:47 sahara sqlalchemy.engine.base.Engine[1819] INFO {'uuid_1': 'DDDDD', 'param_1': 1}
2019-08-07 21:27:47 sahara sqlalchemy.engine.base.Engine[1819] INFO INSERT INTO job_status (uuid, parent_uuid, status, data_path, tags, extra_details, created, updated) VALUES (%(uuid)s, %(parent_uuid)s, %(status)s, %(data_path)s, %(tags)s, %(extra_details)s, %(created)s, %(updated)s)
2019-08-07 21:27:47 sahara sqlalchemy.engine.base.Engine[1819] INFO {'uuid': 'DDDDD', 'parent_uuid': None, 'status': 'created', 'data_path': '/data/DDDD', 'tags': '{"e": "f", "c": "d"}', 'extra_details': '{}', 'created': datetime.datetime(2019, 8, 8, 4, 27, 47, 558564), 'updated': None}
2019-08-07 21:27:47 sahara sqlalchemy.engine.base.Engine[1819] INFO COMMIT
2019-08-07 21:27:47 sahara sqlalchemy.engine.base.Engine[1819] INFO BEGIN (implicit)
2019-08-07 21:27:47 sahara sqlalchemy.engine.base.Engine[1819] INFO SELECT job_status.uuid AS job_status_uuid, job_status.parent_uuid AS job_status_parent_uuid, job_status.status AS job_status_status, job_status.extra_details AS job_status_extra_details, job_status.created AS job_status_created, job_status.updated AS job_status_updated 
FROM job_status 
WHERE job_status.uuid = %(param_1)s
2019-08-07 21:27:47 sahara sqlalchemy.engine.base.Engine[1819] INFO {'param_1': 'DDDDD'}
2019-08-07 21:27:47 sahara sqlalchemy.engine.base.Engine[1819] INFO UPDATE job_status SET data_path=%(data_path)s, tags=%(tags)s, extra_details=%(extra_details)s, updated=now() WHERE job_status.uuid = %(job_status_uuid)s
2019-08-07 21:27:47 sahara sqlalchemy.engine.base.Engine[1819] INFO {'data_path': '/data/DDDD', 'tags': '{"e": "f", "c": "d"}', 'extra_details': '{"simulation_type": "Python"}', 'job_status_uuid': 'DDDDD'}
2019-08-07 21:27:47 sahara sqlalchemy.engine.base.Engine[1819] INFO COMMIT
2019-08-07 21:27:47 sahara sqlalchemy.engine.base.Engine[1819] INFO BEGIN (implicit)
2019-08-07 21:27:47 sahara sqlalchemy.engine.base.Engine[1819] INFO SELECT job_status.uuid AS job_status_uuid, job_status.parent_uuid AS job_status_parent_uuid, job_status.status AS job_status_status, job_status.data_path AS job_status_data_path, job_status.tags AS job_status_tags, job_status.extra_details AS job_status_extra_details, job_status.created AS job_status_created, job_status.updated AS job_status_updated 
FROM job_status 
WHERE job_status.uuid = %(uuid_1)s 
 LIMIT %(param_1)s
2019-08-07 21:27:47 sahara sqlalchemy.engine.base.Engine[1819] INFO {'uuid_1': 'EEEEE', 'param_1': 1}
2019-08-07 21:27:47 sahara sqlalchemy.engine.base.Engine[1819] INFO INSERT INTO job_status (uuid, parent_uuid, status, data_path, tags, extra_details, created, updated) VALUES (%(uuid)s, %(parent_uuid)s, %(status)s, %(data_path)s, %(tags)s, %(extra_details)s, %(created)s, %(updated)s)
2019-08-07 21:27:47 sahara sqlalchemy.engine.base.Engine[1819] INFO {'uuid': 'EEEEE', 'parent_uuid': 'DDDDD', 'status': 'done', 'data_path': '/data/EEEEE', 'tags': '{"i": "j", "k": "l"}', 'extra_details': '{}', 'created': datetime.datetime(2019, 8, 8, 4, 27, 47, 639716), 'updated': None}
2019-08-07 21:27:47 sahara sqlalchemy.engine.base.Engine[1819] INFO COMMIT
2019-08-07 21:27:47 sahara sqlalchemy.engine.base.Engine[1819] INFO BEGIN (implicit)
2019-08-07 21:27:47 sahara sqlalchemy.engine.base.Engine[1819] INFO SELECT job_status.uuid AS job_status_uuid, job_status.parent_uuid AS job_status_parent_uuid, job_status.status AS job_status_status, job_status.extra_details AS job_status_extra_details, job_status.created AS job_status_created, job_status.updated AS job_status_updated 
FROM job_status 
WHERE job_status.uuid = %(param_1)s
2019-08-07 21:27:47 sahara sqlalchemy.engine.base.Engine[1819] INFO {'param_1': 'EEEEE'}
2019-08-07 21:27:47 sahara sqlalchemy.engine.base.Engine[1819] INFO UPDATE job_status SET data_path=%(data_path)s, tags=%(tags)s, extra_details=%(extra_details)s, updated=now() WHERE job_status.uuid = %(job_status_uuid)s
2019-08-07 21:27:47 sahara sqlalchemy.engine.base.Engine[1819] INFO {'data_path': '/data/EEEEE', 'tags': '{"i": "j", "k": "l"}', 'extra_details': '{"simulation_type": "Python"}', 'job_status_uuid': 'EEEEE'}
2019-08-07 21:27:47 sahara sqlalchemy.engine.base.Engine[1819] INFO COMMIT
2019-08-07 21:27:47 sahara sqlalchemy.engine.base.Engine[1819] INFO BEGIN (implicit)
2019-08-07 21:27:47 sahara sqlalchemy.engine.base.Engine[1819] INFO SELECT job_status.uuid AS job_status_uuid, job_status.parent_uuid AS job_status_parent_uuid, job_status.status AS job_status_status, job_status.data_path AS job_status_data_path, job_status.tags AS job_status_tags, job_status.extra_details AS job_status_extra_details, job_status.created AS job_status_created, job_status.updated AS job_status_updated 
FROM job_status 
WHERE job_status.uuid = %(uuid_1)s 
 LIMIT %(param_1)s
2019-08-07 21:27:47 sahara sqlalchemy.engine.base.Engine[1819] INFO {'uuid_1': 'FFFFF', 'param_1': 1}
2019-08-07 21:27:47 sahara sqlalchemy.engine.base.Engine[1819] INFO INSERT INTO job_status (uuid, parent_uuid, status, data_path, tags, extra_details, created, updated) VALUES (%(uuid)s, %(parent_uuid)s, %(status)s, %(data_path)s, %(tags)s, %(extra_details)s, %(created)s, %(updated)s)
2019-08-07 21:27:47 sahara sqlalchemy.engine.base.Engine[1819] INFO {'uuid': 'FFFFF', 'parent_uuid': 'DDDDD', 'status': 'done', 'data_path': '/data/FFFFF', 'tags': '{"i": "j", "k": "l"}', 'extra_details': '{}', 'created': datetime.datetime(2019, 8, 8, 4, 27, 47, 726552), 'updated': None}
2019-08-07 21:27:47 sahara sqlalchemy.engine.base.Engine[1819] INFO COMMIT
2019-08-07 21:27:47 sahara sqlalchemy.engine.base.Engine[1819] INFO BEGIN (implicit)
2019-08-07 21:27:47 sahara sqlalchemy.engine.base.Engine[1819] INFO SELECT job_status.uuid AS job_status_uuid, job_status.parent_uuid AS job_status_parent_uuid, job_status.status AS job_status_status, job_status.extra_details AS job_status_extra_details, job_status.created AS job_status_created, job_status.updated AS job_status_updated 
FROM job_status 
WHERE job_status.uuid = %(param_1)s
2019-08-07 21:27:47 sahara sqlalchemy.engine.base.Engine[1819] INFO {'param_1': 'FFFFF'}
2019-08-07 21:27:47 sahara sqlalchemy.engine.base.Engine[1819] INFO UPDATE job_status SET data_path=%(data_path)s, tags=%(tags)s, extra_details=%(extra_details)s, updated=now() WHERE job_status.uuid = %(job_status_uuid)s
2019-08-07 21:27:47 sahara sqlalchemy.engine.base.Engine[1819] INFO {'data_path': '/data/FFFFF', 'tags': '{"i": "j", "k": "l"}', 'extra_details': '{"simulation_type": "Python"}', 'job_status_uuid': 'FFFFF'}
2019-08-07 21:27:47 sahara sqlalchemy.engine.base.Engine[1819] INFO COMMIT
2019-08-07 21:27:49 sahara idmtools.registry.utils[1819] DEBUG Loading <class 'idmtools_platform_comps.comps_cli.COMPSCLISpecification'> as COMPS
2019-08-07 21:27:49 sahara idmtools.registry.utils[1819] DEBUG Loading <class 'idmtools_platform_local.local_cli.LocalCLISpecification'> as Local
2019-08-07 21:27:49 sahara idmtools.registry.utils[1819] DEBUG Loading <class 'idmtools_platform_comps.comps_cli.COMPSCLISpecification'> as COMPS
2019-08-07 21:27:49 sahara idmtools.registry.utils[1819] DEBUG Loading <class 'idmtools_platform_local.local_cli.LocalCLISpecification'> as Local
2019-08-07 21:27:50 sahara idmtools.registry.utils[1819] DEBUG Loading <class 'idmtools_platform_comps.comps_cli.COMPSCLISpecification'> as COMPS
2019-08-07 21:27:50 sahara idmtools.registry.utils[1819] DEBUG Loading <class 'idmtools_platform_local.local_cli.LocalCLISpecification'> as Local
2019-08-07 21:27:50 sahara idmtools_platform_local.docker.DockerOperations[1819] DEBUG Ensuring redis is running
2019-08-07 21:27:50 sahara idmtools_platform_local.docker.DockerOperations[1819] DEBUG Stopping container idmtools_redis
2019-08-07 21:27:51 sahara idmtools_platform_local.docker.DockerOperations[1819] DEBUG Removing container idmtools_redis
2019-08-07 21:27:51 sahara idmtools_platform_local.docker.DockerOperations[1819] DEBUG Ensuring postgres is running
2019-08-07 21:27:51 sahara idmtools_platform_local.docker.DockerOperations[1819] DEBUG Stopping container idmtools_postgres
2019-08-07 21:28:01 sahara idmtools_platform_local.docker.DockerOperations[1819] DEBUG Removing container idmtools_postgres
2019-08-07 21:28:02 sahara idmtools_platform_local.docker.DockerOperations[1819] DEBUG Ensuring worker is running
2019-08-07 21:28:02 sahara idmtools_platform_local.docker.DockerOperations[1819] DEBUG Stopping container idmtools_workers
2019-08-07 21:28:06 sahara idmtools_platform_local.docker.DockerOperations[1819] DEBUG Removing container idmtools_workers
2019-08-07 21:28:06 sahara idmtools_platform_local.docker.DockerOperations[1819] DEBUG Creating network idmtools
]]>        </system-err>
    </testcase>
    <testcase classname="test_local_cli_basics.TestLocalCLIBasic" file="test_local_cli_basics.py" line="48"
              name="test_load" time="0.407" timestamp="2019-08-07T21:28:07">
        <system-out>
            <![CDATA[]]>        </system-out>
        <system-err>
            <![CDATA[2019-08-07 21:28:06 sahara idmtools.registry.utils[1819] DEBUG Loading <class 'idmtools_platform_comps.comps_cli.COMPSCLISpecification'> as COMPS
2019-08-07 21:28:07 sahara idmtools.registry.utils[1819] DEBUG Loading <class 'idmtools_platform_local.local_cli.LocalCLISpecification'> as Local
]]>        </system-err>
    </testcase>
    <testcase classname="test_local_cli_basics.TestLocalCLIBasic" file="test_local_cli_basics.py" line="54"
              name="test_status" time="0.436" timestamp="2019-08-07T21:28:07">
        <system-out>
            <![CDATA[<Result SystemExit(-1)>
]]>        </system-out>
        <system-err>
            <![CDATA[2019-08-07 21:28:07 sahara idmtools.registry.utils[1819] DEBUG Loading <class 'idmtools_platform_comps.comps_cli.COMPSCLISpecification'> as COMPS
2019-08-07 21:28:07 sahara idmtools.registry.utils[1819] DEBUG Loading <class 'idmtools_platform_local.local_cli.LocalCLISpecification'> as Local
]]>        </system-err>
    </testcase>
</testsuite>
