<?xml version="1.0" encoding="UTF-8"?>
<testsuite errors="0" failures="0" file="test_tasks.py" name="test_tasks.TestTasks-20190807081325" skipped="0" tests="3"
           time="0.521" timestamp="2019-08-07T08:13:26">
    <testcase classname="test_tasks.TestTasks" file="test_tasks.py" line="26" name="test_create_experiment" time="0.045"
              timestamp="2019-08-07T08:13:25">
        <system-out>
            <![CDATA[/tmp/tmpd288yskv/data
]]>        </system-out>
        <system-err>
            <![CDATA[]]>        </system-err>
    </testcase>
    <testcase classname="test_tasks.TestTasks" file="test_tasks.py" line="39" name="test_create_simulation" time="0.011"
              timestamp="2019-08-07T08:13:25">
        <system-out>
            <![CDATA[]]>        </system-out>
        <system-err>
            <![CDATA[]]>        </system-err>
    </testcase>
    <testcase classname="test_tasks.TestTasks" file="test_tasks.py" line="53" name="test_run_task" time="0.465"
              timestamp="2019-08-07T08:13:26">
        <system-out>
            <![CDATA[]]>        </system-out>
        <system-err>
            <![CDATA[]]>        </system-err>
    </testcase>
</testsuite>
