<?xml version="1.0" encoding="UTF-8"?><testsuite errors="0" failures="0" file="test_local_cli_basics.py"           name="test_local_cli_basics.TestLocalCLIBasic-20190807082558" skipped="0" tests="3" time="29.660"           timestamp="2019-08-07T08:26:54">    <testcase classname="test_local_cli_basics.TestLocalCLIBasic" file="test_local_cli_basics.py" line="62"              name="test_docker" time="28.824" timestamp="2019-08-07T08:26:53">        <system-out>            <![CDATA[⠹[0m Stopping IDM Tools Local Platform services[K⠸[0m Stopping IDM Tools Local Platform services[K[K2019-08-07 08:26:34,249 INFO sqlalchemy.engine.base.Engine select version()2019-08-07 08:26:34,250 INFO sqlalchemy.engine.base.Engine {}2019-08-07 08:26:34,256 INFO sqlalchemy.engine.base.Engine select current_schema()2019-08-07 08:26:34,258 INFO sqlalchemy.engine.base.Engine {}2019-08-07 08:26:34,265 INFO sqlalchemy.engine.base.Engine SELECT CAST('test plain returns' AS VARCHAR(60)) AS anon_12019-08-07 08:26:34,266 INFO sqlalchemy.engine.base.Engine {}2019-08-07 08:26:34,269 INFO sqlalchemy.engine.base.Engine SELECT CAST('test unicode returns' AS VARCHAR(60)) AS anon_12019-08-07 08:26:34,270 INFO sqlalchemy.engine.base.Engine {}2019-08-07 08:26:34,271 INFO sqlalchemy.engine.base.Engine show standard_conforming_strings2019-08-07 08:26:34,272 INFO sqlalchemy.engine.base.Engine {}2019-08-07 08:26:34,277 INFO sqlalchemy.engine.base.Engine select relname from pg_class c join pg_namespace n on n.oid=c.relnamespace where pg_catalog.pg_table_is_visible(c.oid) and relname=%(name)s2019-08-07 08:26:34,277 INFO sqlalchemy.engine.base.Engine {'name': 'job_status'}2019-08-07 08:26:34,283 INFO sqlalchemy.engine.base.Engine             SELECT EXISTS (                SELECT * FROM pg_catalog.pg_type t                WHERE t.typname = %(typname)s                AND pg_type_is_visible(t.oid)                )                2019-08-07 08:26:34,284 INFO sqlalchemy.engine.base.Engine {'typname': 'status'}2019-08-07 08:26:34,289 INFO sqlalchemy.engine.base.Engine CREATE TYPE status AS ENUM ('created', 'in_progress', 'canceled', 'failed', 'done')2019-08-07 08:26:34,289 INFO sqlalchemy.engine.base.Engine {}2019-08-07 08:26:34,293 INFO sqlalchemy.engine.base.Engine COMMIT2019-08-07 08:26:34,297 INFO sqlalchemy.engine.base.Engine             SELECT EXISTS (                SELECT * FROM pg_catalog.pg_type t                WHERE t.typname = %(typname)s                AND pg_type_is_visible(t.oid)                )                2019-08-07 08:26:34,297 INFO sqlalchemy.engine.base.Engine {'typname': 'status'}2019-08-07 08:26:34,307 INFO sqlalchemy.engine.base.Engine CREATE TABLE job_status (	uuid VARCHAR NOT NULL, 	parent_uuid VARCHAR, 	status status NOT NULL, 	data_path VARCHAR NOT NULL, 	tags JSON, 	extra_details JSON, 	created TIMESTAMP WITH TIME ZONE DEFAULT now(), 	updated TIMESTAMP WITH TIME ZONE, 	PRIMARY KEY (uuid), 	UNIQUE (uuid))2019-08-07 08:26:34,307 INFO sqlalchemy.engine.base.Engine {}2019-08-07 08:26:34,323 INFO sqlalchemy.engine.base.Engine COMMIT2019-08-07 08:26:34,347 INFO sqlalchemy.engine.base.Engine BEGIN (implicit)2019-08-07 08:26:34,353 INFO sqlalchemy.engine.base.Engine SELECT job_status.uuid AS job_status_uuid, job_status.parent_uuid AS job_status_parent_uuid, job_status.status AS job_status_status, job_status.data_path AS job_status_data_path, job_status.tags AS job_status_tags, job_status.extra_details AS job_status_extra_details, job_status.created AS job_status_created, job_status.updated AS job_status_updated FROM job_status WHERE job_status.uuid = %(uuid_1)s  LIMIT %(param_1)s2019-08-07 08:26:34,354 INFO sqlalchemy.engine.base.Engine {'uuid_1': 'AAAAA', 'param_1': 1}2019-08-07 08:26:34,366 INFO sqlalchemy.engine.base.Engine INSERT INTO job_status (uuid, parent_uuid, status, data_path, tags, extra_details, created, updated) VALUES (%(uuid)s, %(parent_uuid)s, %(status)s, %(data_path)s, %(tags)s, %(extra_details)s, %(created)s, %(updated)s)2019-08-07 08:26:34,367 INFO sqlalchemy.engine.base.Engine {'uuid': 'AAAAA', 'parent_uuid': None, 'status': 'created', 'data_path': '/data/AAAAA', 'tags': '{"a": "b", "c": "d"}', 'extra_details': '{}', 'created': datetime.datetime(2019, 8, 7, 15, 26, 34, 364898), 'updated': None}2019-08-07 08:26:34,370 INFO sqlalchemy.engine.base.Engine COMMIT2019-08-07 08:26:34,376 INFO sqlalchemy.engine.base.Engine BEGIN (implicit)2019-08-07 08:26:34,380 INFO sqlalchemy.engine.base.Engine SELECT job_status.uuid AS job_status_uuid, job_status.parent_uuid AS job_status_parent_uuid, job_status.status AS job_status_status, job_status.extra_details AS job_status_extra_details, job_status.created AS job_status_created, job_status.updated AS job_status_updated FROM job_status WHERE job_status.uuid = %(param_1)s2019-08-07 08:26:34,381 INFO sqlalchemy.engine.base.Engine {'param_1': 'AAAAA'}2019-08-07 08:26:34,390 INFO sqlalchemy.engine.base.Engine UPDATE job_status SET data_path=%(data_path)s, tags=%(tags)s, extra_details=%(extra_details)s, updated=now() WHERE job_status.uuid = %(job_status_uuid)s2019-08-07 08:26:34,391 INFO sqlalchemy.engine.base.Engine {'data_path': '/data/AAAAA', 'tags': '{"a": "b", "c": "d"}', 'extra_details': '{"simulation_type": "Python"}', 'job_status_uuid': 'AAAAA'}2019-08-07 08:26:34,394 INFO sqlalchemy.engine.base.Engine COMMIT2019-08-07 08:26:34,401 INFO sqlalchemy.engine.base.Engine BEGIN (implicit)2019-08-07 08:26:34,406 INFO sqlalchemy.engine.base.Engine SELECT job_status.uuid AS job_status_uuid, job_status.parent_uuid AS job_status_parent_uuid, job_status.status AS job_status_status, job_status.data_path AS job_status_data_path, job_status.tags AS job_status_tags, job_status.extra_details AS job_status_extra_details, job_status.created AS job_status_created, job_status.updated AS job_status_updated FROM job_status WHERE job_status.uuid = %(uuid_1)s  LIMIT %(param_1)s2019-08-07 08:26:34,407 INFO sqlalchemy.engine.base.Engine {'uuid_1': 'BBBBB', 'param_1': 1}2019-08-07 08:26:34,414 INFO sqlalchemy.engine.base.Engine INSERT INTO job_status (uuid, parent_uuid, status, data_path, tags, extra_details, created, updated) VALUES (%(uuid)s, %(parent_uuid)s, %(status)s, %(data_path)s, %(tags)s, %(extra_details)s, %(created)s, %(updated)s)2019-08-07 08:26:34,415 INFO sqlalchemy.engine.base.Engine {'uuid': 'BBBBB', 'parent_uuid': None, 'status': 'created', 'data_path': '/data/BBBBB', 'tags': '{"e": "f", "g": "h"}', 'extra_details': '{}', 'created': datetime.datetime(2019, 8, 7, 15, 26, 34, 413804), 'updated': None}2019-08-07 08:26:34,418 INFO sqlalchemy.engine.base.Engine COMMIT2019-08-07 08:26:34,424 INFO sqlalchemy.engine.base.Engine BEGIN (implicit)2019-08-07 08:26:34,428 INFO sqlalchemy.engine.base.Engine SELECT job_status.uuid AS job_status_uuid, job_status.parent_uuid AS job_status_parent_uuid, job_status.status AS job_status_status, job_status.extra_details AS job_status_extra_details, job_status.created AS job_status_created, job_status.updated AS job_status_updated FROM job_status WHERE job_status.uuid = %(param_1)s2019-08-07 08:26:34,428 INFO sqlalchemy.engine.base.Engine {'param_1': 'BBBBB'}2019-08-07 08:26:34,435 INFO sqlalchemy.engine.base.Engine UPDATE job_status SET data_path=%(data_path)s, tags=%(tags)s, extra_details=%(extra_details)s, updated=now() WHERE job_status.uuid = %(job_status_uuid)s2019-08-07 08:26:34,435 INFO sqlalchemy.engine.base.Engine {'data_path': '/data/BBBBB', 'tags': '{"e": "f", "g": "h"}', 'extra_details': '{"simulation_type": "Python"}', 'job_status_uuid': 'BBBBB'}2019-08-07 08:26:34,439 INFO sqlalchemy.engine.base.Engine COMMIT2019-08-07 08:26:34,446 INFO sqlalchemy.engine.base.Engine BEGIN (implicit)2019-08-07 08:26:34,451 INFO sqlalchemy.engine.base.Engine SELECT job_status.uuid AS job_status_uuid, job_status.parent_uuid AS job_status_parent_uuid, job_status.status AS job_status_status, job_status.data_path AS job_status_data_path, job_status.tags AS job_status_tags, job_status.extra_details AS job_status_extra_details, job_status.created AS job_status_created, job_status.updated AS job_status_updated FROM job_status WHERE job_status.uuid = %(uuid_1)s  LIMIT %(param_1)s2019-08-07 08:26:34,452 INFO sqlalchemy.engine.base.Engine {'uuid_1': 'CCCCC', 'param_1': 1}2019-08-07 08:26:34,459 INFO sqlalchemy.engine.base.Engine INSERT INTO job_status (uuid, parent_uuid, status, data_path, tags, extra_details, created, updated) VALUES (%(uuid)s, %(parent_uuid)s, %(status)s, %(data_path)s, %(tags)s, %(extra_details)s, %(created)s, %(updated)s)2019-08-07 08:26:34,460 INFO sqlalchemy.engine.base.Engine {'uuid': 'CCCCC', 'parent_uuid': 'BBBBB', 'status': 'created', 'data_path': '/data/CCCCC', 'tags': '{"i": "j", "k": "l"}', 'extra_details': '{}', 'created': datetime.datetime(2019, 8, 7, 15, 26, 34, 458914), 'updated': None}2019-08-07 08:26:34,463 INFO sqlalchemy.engine.base.Engine COMMIT2019-08-07 08:26:34,469 INFO sqlalchemy.engine.base.Engine BEGIN (implicit)2019-08-07 08:26:34,473 INFO sqlalchemy.engine.base.Engine SELECT job_status.uuid AS job_status_uuid, job_status.parent_uuid AS job_status_parent_uuid, job_status.status AS job_status_status, job_status.extra_details AS job_status_extra_details, job_status.created AS job_status_created, job_status.updated AS job_status_updated FROM job_status WHERE job_status.uuid = %(param_1)s2019-08-07 08:26:34,474 INFO sqlalchemy.engine.base.Engine {'param_1': 'CCCCC'}2019-08-07 08:26:34,480 INFO sqlalchemy.engine.base.Engine UPDATE job_status SET data_path=%(data_path)s, tags=%(tags)s, extra_details=%(extra_details)s, updated=now() WHERE job_status.uuid = %(job_status_uuid)s2019-08-07 08:26:34,481 INFO sqlalchemy.engine.base.Engine {'data_path': '/data/CCCCC', 'tags': '{"i": "j", "k": "l"}', 'extra_details': '{"simulation_type": "Python"}', 'job_status_uuid': 'CCCCC'}2019-08-07 08:26:34,484 INFO sqlalchemy.engine.base.Engine COMMIT2019-08-07 08:26:34,492 INFO sqlalchemy.engine.base.Engine BEGIN (implicit)2019-08-07 08:26:34,497 INFO sqlalchemy.engine.base.Engine SELECT job_status.uuid AS job_status_uuid, job_status.parent_uuid AS job_status_parent_uuid, job_status.status AS job_status_status, job_status.data_path AS job_status_data_path, job_status.tags AS job_status_tags, job_status.extra_details AS job_status_extra_details, job_status.created AS job_status_created, job_status.updated AS job_status_updated FROM job_status WHERE job_status.uuid = %(uuid_1)s  LIMIT %(param_1)s2019-08-07 08:26:34,498 INFO sqlalchemy.engine.base.Engine {'uuid_1': 'DDDDD', 'param_1': 1}2019-08-07 08:26:34,505 INFO sqlalchemy.engine.base.Engine INSERT INTO job_status (uuid, parent_uuid, status, data_path, tags, extra_details, created, updated) VALUES (%(uuid)s, %(parent_uuid)s, %(status)s, %(data_path)s, %(tags)s, %(extra_details)s, %(created)s, %(updated)s)2019-08-07 08:26:34,505 INFO sqlalchemy.engine.base.Engine {'uuid': 'DDDDD', 'parent_uuid': None, 'status': 'created', 'data_path': '/data/DDDD', 'tags': '{"e": "f", "c": "d"}', 'extra_details': '{}', 'created': datetime.datetime(2019, 8, 7, 15, 26, 34, 504730), 'updated': None}2019-08-07 08:26:34,508 INFO sqlalchemy.engine.base.Engine COMMIT2019-08-07 08:26:34,514 INFO sqlalchemy.engine.base.Engine BEGIN (implicit)2019-08-07 08:26:34,518 INFO sqlalchemy.engine.base.Engine SELECT job_status.uuid AS job_status_uuid, job_status.parent_uuid AS job_status_parent_uuid, job_status.status AS job_status_status, job_status.extra_details AS job_status_extra_details, job_status.created AS job_status_created, job_status.updated AS job_status_updated FROM job_status WHERE job_status.uuid = %(param_1)s2019-08-07 08:26:34,519 INFO sqlalchemy.engine.base.Engine {'param_1': 'DDDDD'}2019-08-07 08:26:34,524 INFO sqlalchemy.engine.base.Engine UPDATE job_status SET data_path=%(data_path)s, tags=%(tags)s, extra_details=%(extra_details)s, updated=now() WHERE job_status.uuid = %(job_status_uuid)s2019-08-07 08:26:34,525 INFO sqlalchemy.engine.base.Engine {'data_path': '/data/DDDD', 'tags': '{"e": "f", "c": "d"}', 'extra_details': '{"simulation_type": "Python"}', 'job_status_uuid': 'DDDDD'}2019-08-07 08:26:34,528 INFO sqlalchemy.engine.base.Engine COMMIT2019-08-07 08:26:34,537 INFO sqlalchemy.engine.base.Engine BEGIN (implicit)2019-08-07 08:26:34,542 INFO sqlalchemy.engine.base.Engine SELECT job_status.uuid AS job_status_uuid, job_status.parent_uuid AS job_status_parent_uuid, job_status.status AS job_status_status, job_status.data_path AS job_status_data_path, job_status.tags AS job_status_tags, job_status.extra_details AS job_status_extra_details, job_status.created AS job_status_created, job_status.updated AS job_status_updated FROM job_status WHERE job_status.uuid = %(uuid_1)s  LIMIT %(param_1)s2019-08-07 08:26:34,542 INFO sqlalchemy.engine.base.Engine {'uuid_1': 'EEEEE', 'param_1': 1}2019-08-07 08:26:34,549 INFO sqlalchemy.engine.base.Engine INSERT INTO job_status (uuid, parent_uuid, status, data_path, tags, extra_details, created, updated) VALUES (%(uuid)s, %(parent_uuid)s, %(status)s, %(data_path)s, %(tags)s, %(extra_details)s, %(created)s, %(updated)s)2019-08-07 08:26:34,550 INFO sqlalchemy.engine.base.Engine {'uuid': 'EEEEE', 'parent_uuid': 'DDDDD', 'status': 'done', 'data_path': '/data/EEEEE', 'tags': '{"i": "j", "k": "l"}', 'extra_details': '{}', 'created': datetime.datetime(2019, 8, 7, 15, 26, 34, 549258), 'updated': None}2019-08-07 08:26:34,553 INFO sqlalchemy.engine.base.Engine COMMIT2019-08-07 08:26:34,559 INFO sqlalchemy.engine.base.Engine BEGIN (implicit)2019-08-07 08:26:34,563 INFO sqlalchemy.engine.base.Engine SELECT job_status.uuid AS job_status_uuid, job_status.parent_uuid AS job_status_parent_uuid, job_status.status AS job_status_status, job_status.extra_details AS job_status_extra_details, job_status.created AS job_status_created, job_status.updated AS job_status_updated FROM job_status WHERE job_status.uuid = %(param_1)s2019-08-07 08:26:34,564 INFO sqlalchemy.engine.base.Engine {'param_1': 'EEEEE'}2019-08-07 08:26:34,570 INFO sqlalchemy.engine.base.Engine UPDATE job_status SET data_path=%(data_path)s, tags=%(tags)s, extra_details=%(extra_details)s, updated=now() WHERE job_status.uuid = %(job_status_uuid)s2019-08-07 08:26:34,571 INFO sqlalchemy.engine.base.Engine {'data_path': '/data/EEEEE', 'tags': '{"i": "j", "k": "l"}', 'extra_details': '{"simulation_type": "Python"}', 'job_status_uuid': 'EEEEE'}2019-08-07 08:26:34,574 INFO sqlalchemy.engine.base.Engine COMMIT2019-08-07 08:26:34,581 INFO sqlalchemy.engine.base.Engine BEGIN (implicit)2019-08-07 08:26:34,586 INFO sqlalchemy.engine.base.Engine SELECT job_status.uuid AS job_status_uuid, job_status.parent_uuid AS job_status_parent_uuid, job_status.status AS job_status_status, job_status.data_path AS job_status_data_path, job_status.tags AS job_status_tags, job_status.extra_details AS job_status_extra_details, job_status.created AS job_status_created, job_status.updated AS job_status_updated FROM job_status WHERE job_status.uuid = %(uuid_1)s  LIMIT %(param_1)s2019-08-07 08:26:34,587 INFO sqlalchemy.engine.base.Engine {'uuid_1': 'FFFFF', 'param_1': 1}2019-08-07 08:26:34,594 INFO sqlalchemy.engine.base.Engine INSERT INTO job_status (uuid, parent_uuid, status, data_path, tags, extra_details, created, updated) VALUES (%(uuid)s, %(parent_uuid)s, %(status)s, %(data_path)s, %(tags)s, %(extra_details)s, %(created)s, %(updated)s)2019-08-07 08:26:34,594 INFO sqlalchemy.engine.base.Engine {'uuid': 'FFFFF', 'parent_uuid': 'DDDDD', 'status': 'done', 'data_path': '/data/FFFFF', 'tags': '{"i": "j", "k": "l"}', 'extra_details': '{}', 'created': datetime.datetime(2019, 8, 7, 15, 26, 34, 593762), 'updated': None}2019-08-07 08:26:34,598 INFO sqlalchemy.engine.base.Engine COMMIT2019-08-07 08:26:34,603 INFO sqlalchemy.engine.base.Engine BEGIN (implicit)2019-08-07 08:26:34,607 INFO sqlalchemy.engine.base.Engine SELECT job_status.uuid AS job_status_uuid, job_status.parent_uuid AS job_status_parent_uuid, job_status.status AS job_status_status, job_status.extra_details AS job_status_extra_details, job_status.created AS job_status_created, job_status.updated AS job_status_updated FROM job_status WHERE job_status.uuid = %(param_1)s2019-08-07 08:26:34,608 INFO sqlalchemy.engine.base.Engine {'param_1': 'FFFFF'}2019-08-07 08:26:34,614 INFO sqlalchemy.engine.base.Engine UPDATE job_status SET data_path=%(data_path)s, tags=%(tags)s, extra_details=%(extra_details)s, updated=now() WHERE job_status.uuid = %(job_status_uuid)s2019-08-07 08:26:34,615 INFO sqlalchemy.engine.base.Engine {'data_path': '/data/FFFFF', 'tags': '{"i": "j", "k": "l"}', 'extra_details': '{"simulation_type": "Python"}', 'job_status_uuid': 'FFFFF'}2019-08-07 08:26:34,619 INFO sqlalchemy.engine.base.Engine COMMIT⠼ Stopping IDM Tools Local Platform services⠴ Stopping IDM Tools Local Platform services⠦ Stopping IDM Tools Local Platform services⠧ Stopping IDM Tools Local Platform services⠇ Stopping IDM Tools Local Platform services⠏ Stopping IDM Tools Local Platform services⠋ Stopping IDM Tools Local Platform services⠙ Stopping IDM Tools Local Platform services⠹ Stopping IDM Tools Local Platform services⠸ Stopping IDM Tools Local Platform services⠼ Stopping IDM Tools Local Platform services⠴ Stopping IDM Tools Local Platform services⠦ Stopping IDM Tools Local Platform services⠧ Stopping IDM Tools Local Platform services⠇ Stopping IDM Tools Local Platform services⠏ Stopping IDM Tools Local Platform services⠋ Stopping IDM Tools Local Platform services⠙ Stopping IDM Tools Local Platform services⠹ Stopping IDM Tools Local Platform services⠸ Stopping IDM Tools Local Platform services⠼ Stopping IDM Tools Local Platform services⠴ Stopping IDM Tools Local Platform services⠦ Stopping IDM Tools Local Platform services⠧ Stopping IDM Tools Local Platform services⠇ Stopping IDM Tools Local Platform services⠏ Stopping IDM Tools Local Platform services⠋ Stopping IDM Tools Local Platform services⠙ Stopping IDM Tools Local Platform services⠹ Stopping IDM Tools Local Platform services⠸ Stopping IDM Tools Local Platform services⠼ Stopping IDM Tools Local Platform services⠴ Stopping IDM Tools Local Platform services⠦ Stopping IDM Tools Local Platform services⠧ Stopping IDM Tools Local Platform services⠇ Stopping IDM Tools Local Platform services⠏ Stopping IDM Tools Local Platform services⠋ Stopping IDM Tools Local Platform services⠙ Stopping IDM Tools Local Platform services⠹ Stopping IDM Tools Local Platform services⠸ Stopping IDM Tools Local Platform services⠼ Stopping IDM Tools Local Platform services⠴ Stopping IDM Tools Local Platform services⠦ Stopping IDM Tools Local Platform services⠧ Stopping IDM Tools Local Platform services⠇ Stopping IDM Tools Local Platform services⠏ Stopping IDM Tools Local Platform services⠋ Stopping IDM Tools Local Platform services⠙ Stopping IDM Tools Local Platform services⠹ Stopping IDM Tools Local Platform services⠸ Stopping IDM Tools Local Platform services⠼ Stopping IDM Tools Local Platform services⠴ Stopping IDM Tools Local Platform services⠦ Stopping IDM Tools Local Platform services⠧ Stopping IDM Tools Local Platform services⠇ Stopping IDM Tools Local Platform services⠏ Stopping IDM Tools Local Platform services⠋ Stopping IDM Tools Local Platform services⠙ Stopping IDM Tools Local Platform services⠹ Stopping IDM Tools Local Platform services⠸ Stopping IDM Tools Local Platform services⠼ Stopping IDM Tools Local Platform services⠴ Stopping IDM Tools Local Platform services⠦ Stopping IDM Tools Local Platform services⠧ Stopping IDM Tools Local Platform services⠇ Stopping IDM Tools Local Platform services⠏ Stopping IDM Tools Local Platform services⠋ Stopping IDM Tools Local Platform services⠙ Stopping IDM Tools Local Platform services⠹ Stopping IDM Tools Local Platform services⠸ Stopping IDM Tools Local Platform services⠼ Stopping IDM Tools Local Platform services⠴ Stopping IDM Tools Local Platform services⠦ Stopping IDM Tools Local Platform services⠧ Stopping IDM Tools Local Platform services⠇ Stopping IDM Tools Local Platform services⠏ Stopping IDM Tools Local Platform services⠋ Stopping IDM Tools Local Platform services⠙ Stopping IDM Tools Local Platform services⠹ Stopping IDM Tools Local Platform services⠸ Stopping IDM Tools Local Platform services⠼ Stopping IDM Tools Local Platform services⠴ Stopping IDM Tools Local Platform services⠦ Stopping IDM Tools Local Platform services⠧ Stopping IDM Tools Local Platform services⠇ Stopping IDM Tools Local Platform services⠏ Stopping IDM Tools Local Platform services⠋ Stopping IDM Tools Local Platform services⠙ Stopping IDM Tools Local Platform services⠹ Stopping IDM Tools Local Platform services⠸ Stopping IDM Tools Local Platform services⠼ Stopping IDM Tools Local Platform services⠴ Stopping IDM Tools Local Platform services⠦ Stopping IDM Tools Local Platform services⠧ Stopping IDM Tools Local Platform services⠇ Stopping IDM Tools Local Platform services⠏ Stopping IDM Tools Local Platform services⠋ Stopping IDM Tools Local Platform services⠙ Stopping IDM Tools Local Platform services⠹ Stopping IDM Tools Local Platform services⠸ Stopping IDM Tools Local Platform services⠼ Stopping IDM Tools Local Platform services⠴ Stopping IDM Tools Local Platform services⠦ Stopping IDM Tools Local Platform services⠧ Stopping IDM Tools Local Platform services⠇ Stopping IDM Tools Local Platform services⠏ Stopping IDM Tools Local Platform services⠋ Stopping IDM Tools Local Platform services⠙ Stopping IDM Tools Local Platform services⠹ Stopping IDM Tools Local Platform services⠸ Stopping IDM Tools Local Platform services⠼ Stopping IDM Tools Local Platform services⠴ Stopping IDM Tools Local Platform services⠦ Stopping IDM Tools Local Platform services⠧ Stopping IDM Tools Local Platform services⠇ Stopping IDM Tools Local Platform services⠏ Stopping IDM Tools Local Platform services⠋ Stopping IDM Tools Local Platform services⠙ Stopping IDM Tools Local Platform services⠹ Stopping IDM Tools Local Platform services⠸ Stopping IDM Tools Local Platform services⠼ Stopping IDM Tools Local Platform services⠴ Stopping IDM Tools Local Platform services⠦ Stopping IDM Tools Local Platform services⠧ Stopping IDM Tools Local Platform services⠇ Stopping IDM Tools Local Platform services⠏ Stopping IDM Tools Local Platform services⠋ Stopping IDM Tools Local Platform services⠙ Stopping IDM Tools Local Platform services⠹ Stopping IDM Tools Local Platform services⠸ Stopping IDM Tools Local Platform services⠼ Stopping IDM Tools Local Platform services⠴ Stopping IDM Tools Local Platform services⠦ Stopping IDM Tools Local Platform services⠧ Stopping IDM Tools Local Platform services⠇ Stopping IDM Tools Local Platform services⠏ Stopping IDM Tools Local Platform services⠋ Stopping IDM Tools Local Platform services⠙ Stopping IDM Tools Local Platform services⠹ Stopping IDM Tools Local Platform services⠸ Stopping IDM Tools Local Platform services⠼ Stopping IDM Tools Local Platform services⠴ Stopping IDM Tools Local Platform services⠦ Stopping IDM Tools Local Platform services⠧ Stopping IDM Tools Local Platform services⠇ Stopping IDM Tools Local Platform services⠏ Stopping IDM Tools Local Platform services⠋ Stopping IDM Tools Local Platform services⠙ Stopping IDM Tools Local Platform services⠹ Stopping IDM Tools Local Platform services⠸ Stopping IDM Tools Local Platform services⠼ Stopping IDM Tools Local Platform services⠴ Stopping IDM Tools Local Platform services⠦ Stopping IDM Tools Local Platform services⠧ Stopping IDM Tools Local Platform services⠇ Stopping IDM Tools Local Platform services⠏ Stopping IDM Tools Local Platform services⠋ Stopping IDM Tools Local Platform services⠙ Stopping IDM Tools Local Platform services⠹ Stopping IDM Tools Local Platform services⠸ Stopping IDM Tools Local Platform services⠼ Stopping IDM Tools Local Platform services⠴ Stopping IDM Tools Local Platform services⠦ Stopping IDM Tools Local Platform services⠧ Stopping IDM Tools Local Platform services⠇ Stopping IDM Tools Local Platform services⠏ Stopping IDM Tools Local Platform services⠋ Stopping IDM Tools Local Platform services⠙ Stopping IDM Tools Local Platform services⠹ Stopping IDM Tools Local Platform services⠸ Stopping IDM Tools Local Platform services⠼ Stopping IDM Tools Local Platform services⠴ Stopping IDM Tools Local Platform services⠦ Stopping IDM Tools Local Platform services⠧ Stopping IDM Tools Local Platform services⠇ Stopping IDM Tools Local Platform services⠏ Stopping IDM Tools Local Platform services⠋ Stopping IDM Tools Local Platform services⠙ Stopping IDM Tools Local Platform services⠹ Stopping IDM Tools Local Platform services⠸ Stopping IDM Tools Local Platform services⠼ Stopping IDM Tools Local Platform services⠴ Stopping IDM Tools Local Platform services⠦ Stopping IDM Tools Local Platform services⠧ Stopping IDM Tools Local Platform services⠇ Stopping IDM Tools Local Platform services⠏ Stopping IDM Tools Local Platform services⠋ Stopping IDM Tools Local Platform services⠙ Stopping IDM Tools Local Platform services⠹ Stopping IDM Tools Local Platform services]]>        </system-out>        <system-err>            <![CDATA[]]>        </system-err>    </testcase>    <testcase classname="test_local_cli_basics.TestLocalCLIBasic" file="test_local_cli_basics.py" line="52"              name="test_load" time="0.406" timestamp="2019-08-07T08:26:53">        <system-out>            <![CDATA[]]>        </system-out>        <system-err>            <![CDATA[]]>        </system-err>    </testcase>    <testcase classname="test_local_cli_basics.TestLocalCLIBasic" file="test_local_cli_basics.py" line="58"              name="test_status" time="0.431" timestamp="2019-08-07T08:26:54">        <system-out>            <![CDATA[<Result SystemExit(-1)>]]>        </system-out>        <system-err>            <![CDATA[]]>        </system-err>    </testcase></testsuite>