<?xml version="1.0" encoding="UTF-8"?>
<testsuite errors="0" failures="0" file="test_docker_operations.py"
           name="test_docker_operations.TestDockerOperations-20190807201137" skipped="0" tests="5" time="47.095"
           timestamp="2019-08-07T20:16:01">
    <testcase classname="test_docker_operations.TestDockerOperations" file="test_docker_operations.py" line="27"
              name="test_create_db_starts" time="12.227" timestamp="2019-08-07T20:15:26">
        <system-out>
            <![CDATA[
[K]]>        </system-out>
        <system-err>
            <![CDATA[]]>        </system-err>
    </testcase>
    <testcase classname="test_docker_operations.TestDockerOperations" file="test_docker_operations.py" line="21"
              name="test_create_redis_starts" time="1.966" timestamp="2019-08-07T20:15:28">
        <system-out>
            <![CDATA[
[K]]>        </system-out>
        <system-err>
            <![CDATA[]]>        </system-err>
    </testcase>
    <testcase classname="test_docker_operations.TestDockerOperations" file="test_docker_operations.py" line="37"
              name="test_create_stack_starts" time="24.395" timestamp="2019-08-07T20:15:52">
        <system-out>
            <![CDATA[]]>        </system-out>
        <system-err>
            <![CDATA[]]>        </system-err>
    </testcase>
    <testcase classname="test_docker_operations.TestDockerOperations" file="test_docker_operations.py" line="74"
              name="test_error_if_try_to_run_as_root" time="0.185" timestamp="2019-08-07T20:15:52">
        <system-out>
            <![CDATA[]]>        </system-out>
        <system-err>
            <![CDATA[]]>        </system-err>
    </testcase>
    <testcase classname="test_docker_operations.TestDockerOperations" file="test_docker_operations.py" line="59"
              name="test_port_taken_has_coherent_error" time="8.321" timestamp="2019-08-07T20:16:01">
        <system-out>
            <![CDATA[
[K]]>        </system-out>
        <system-err>
            <![CDATA[]]>        </system-err>
    </testcase>
</testsuite>
