<?xml version="1.0" encoding="UTF-8"?><testsuite errors="0" failures="0" file="test_local_cli_basics.py"           name="test_local_cli_basics.TestLocalCLIBasic-20190807074734" skipped="0" tests="3" time="34.113"           timestamp="2019-08-07T07:50:13">    <testcase classname="test_local_cli_basics.TestLocalCLIBasic" file="test_local_cli_basics.py" line="62"              name="test_docker" time="34.047" timestamp="2019-08-07T07:50:13">        <system-out>            <![CDATA[⠧[0m Stopping IDM Tools Local Platform services[K⠇[0m Stopping IDM Tools Local Platform services[K⠏[0m Stopping IDM Tools Local Platform services[K⠋[0m Stopping IDM Tools Local Platform services[K⠙[0m Stopping IDM Tools Local Platform services[K⠹[0m Stopping IDM Tools Local Platform services[K⠸[0m Stopping IDM Tools Local Platform services[K⠼[0m Stopping IDM Tools Local Platform services[K⠴[0m Stopping IDM Tools Local Platform services[K⠦[0m Stopping IDM Tools Local Platform services[K⠧[0m Stopping IDM Tools Local Platform services[K⠇[0m Stopping IDM Tools Local Platform services[K⠏[0m Stopping IDM Tools Local Platform services[K⠋[0m Stopping IDM Tools Local Platform services[K⠙[0m Stopping IDM Tools Local Platform services[K⠹[0m Stopping IDM Tools Local Platform services[K⠸[0m Stopping IDM Tools Local Platform services[K⠼[0m Stopping IDM Tools Local Platform services[K⠴[0m Stopping IDM Tools Local Platform services[K⠦[0m Stopping IDM Tools Local Platform services[K⠧[0m Stopping IDM Tools Local Platform services[K⠇[0m Stopping IDM Tools Local Platform services[K⠏[0m Stopping IDM Tools Local Platform services[K⠋[0m Stopping IDM Tools Local Platform services[K⠙[0m Stopping IDM Tools Local Platform services[K⠹[0m Stopping IDM Tools Local Platform services[K⠸[0m Stopping IDM Tools Local Platform services[K⠼[0m Stopping IDM Tools Local Platform services[K⠴[0m Stopping IDM Tools Local Platform services[K⠦[0m Stopping IDM Tools Local Platform services[K⠧[0m Stopping IDM Tools Local Platform services[K⠇[0m Stopping IDM Tools Local Platform services[K⠏[0m Stopping IDM Tools Local Platform services[K⠋[0m Stopping IDM Tools Local Platform services[K⠙[0m Stopping IDM Tools Local Platform services[K⠹[0m Stopping IDM Tools Local Platform services[K⠸[0m Stopping IDM Tools Local Platform services[K⠼[0m Stopping IDM Tools Local Platform services[K⠴[0m Stopping IDM Tools Local Platform services[K⠦[0m Stopping IDM Tools Local Platform services[K⠧[0m Stopping IDM Tools Local Platform services[K⠇[0m Stopping IDM Tools Local Platform services[K⠏[0m Stopping IDM Tools Local Platform services[K⠋[0m Stopping IDM Tools Local Platform services[K⠙[0m Stopping IDM Tools Local Platform services[K⠹[0m Stopping IDM Tools Local Platform services[K⠸[0m Stopping IDM Tools Local Platform services[K⠼[0m Stopping IDM Tools Local Platform services[K⠴[0m Stopping IDM Tools Local Platform services[K⠦[0m Stopping IDM Tools Local Platform services[K⠧[0m Stopping IDM Tools Local Platform services[K⠇[0m Stopping IDM Tools Local Platform services[K⠏[0m Stopping IDM Tools Local Platform services[K⠋[0m Stopping IDM Tools Local Platform services[K⠙[0m Stopping IDM Tools Local Platform services[K⠹[0m Stopping IDM Tools Local Platform services[K⠸[0m Stopping IDM Tools Local Platform services[K⠼[0m Stopping IDM Tools Local Platform services[K⠴[0m Stopping IDM Tools Local Platform services[K⠦[0m Stopping IDM Tools Local Platform services[K⠧[0m Stopping IDM Tools Local Platform services[K⠇[0m Stopping IDM Tools Local Platform services[K⠏[0m Stopping IDM Tools Local Platform services[K⠋[0m Stopping IDM Tools Local Platform services[K⠙[0m Stopping IDM Tools Local Platform services[K⠹[0m Stopping IDM Tools Local Platform services[K⠸[0m Stopping IDM Tools Local Platform services[K⠼[0m Stopping IDM Tools Local Platform services[K⠴[0m Stopping IDM Tools Local Platform services[K⠦[0m Stopping IDM Tools Local Platform services[K⠧[0m Stopping IDM Tools Local Platform services[K⠇[0m Stopping IDM Tools Local Platform services[K⠏[0m Stopping IDM Tools Local Platform services[K⠋[0m Stopping IDM Tools Local Platform services[K⠙[0m Stopping IDM Tools Local Platform services[K⠹[0m Stopping IDM Tools Local Platform services[K⠸[0m Stopping IDM Tools Local Platform services[K⠼[0m Stopping IDM Tools Local Platform services[K⠴[0m Stopping IDM Tools Local Platform services[K⠦[0m Stopping IDM Tools Local Platform services[K⠧[0m Stopping IDM Tools Local Platform services[K⠇[0m Stopping IDM Tools Local Platform services[K⠏[0m Stopping IDM Tools Local Platform services[K⠋[0m Stopping IDM Tools Local Platform services[K⠙[0m Stopping IDM Tools Local Platform services[K⠹[0m Stopping IDM Tools Local Platform services[K⠸[0m Stopping IDM Tools Local Platform services[K⠼[0m Stopping IDM Tools Local Platform services[K⠴[0m Stopping IDM Tools Local Platform services[K⠦[0m Stopping IDM Tools Local Platform services[K⠧[0m Stopping IDM Tools Local Platform services[K⠇[0m Stopping IDM Tools Local Platform services[K⠏[0m Stopping IDM Tools Local Platform services[K⠋[0m Stopping IDM Tools Local Platform services[K⠙[0m Stopping IDM Tools Local Platform services[K⠹[0m Stopping IDM Tools Local Platform services[K⠸[0m Stopping IDM Tools Local Platform services[K⠼[0m Stopping IDM Tools Local Platform services[K⠴[0m Stopping IDM Tools Local Platform services[K⠦[0m Stopping IDM Tools Local Platform services[K⠧[0m Stopping IDM Tools Local Platform services[K⠇[0m Stopping IDM Tools Local Platform services[K⠏[0m Stopping IDM Tools Local Platform services[K⠋[0m Stopping IDM Tools Local Platform services[K⠙[0m Stopping IDM Tools Local Platform services[K⠹[0m Stopping IDM Tools Local Platform services[K⠸[0m Stopping IDM Tools Local Platform services[K⠼[0m Stopping IDM Tools Local Platform services[K⠴[0m Stopping IDM Tools Local Platform services[K⠦[0m Stopping IDM Tools Local Platform services[K⠧[0m Stopping IDM Tools Local Platform services[K[K2019-08-07 07:49:56,436 INFO sqlalchemy.engine.base.Engine select version()2019-08-07 07:49:56,436 INFO sqlalchemy.engine.base.Engine {}2019-08-07 07:49:56,437 INFO sqlalchemy.engine.base.Engine select current_schema()2019-08-07 07:49:56,438 INFO sqlalchemy.engine.base.Engine {}2019-08-07 07:49:56,439 INFO sqlalchemy.engine.base.Engine SELECT CAST('test plain returns' AS VARCHAR(60)) AS anon_12019-08-07 07:49:56,440 INFO sqlalchemy.engine.base.Engine {}2019-08-07 07:49:56,441 INFO sqlalchemy.engine.base.Engine SELECT CAST('test unicode returns' AS VARCHAR(60)) AS anon_12019-08-07 07:49:56,441 INFO sqlalchemy.engine.base.Engine {}2019-08-07 07:49:56,442 INFO sqlalchemy.engine.base.Engine show standard_conforming_strings2019-08-07 07:49:56,442 INFO sqlalchemy.engine.base.Engine {}2019-08-07 07:49:56,444 INFO sqlalchemy.engine.base.Engine select relname from pg_class c join pg_namespace n on n.oid=c.relnamespace where pg_catalog.pg_table_is_visible(c.oid) and relname=%(name)s2019-08-07 07:49:56,444 INFO sqlalchemy.engine.base.Engine {'name': 'job_status'}2019-08-07 07:49:56,446 INFO sqlalchemy.engine.base.Engine             SELECT EXISTS (                SELECT * FROM pg_catalog.pg_type t                WHERE t.typname = %(typname)s                AND pg_type_is_visible(t.oid)                )                2019-08-07 07:49:56,446 INFO sqlalchemy.engine.base.Engine {'typname': 'status'}2019-08-07 07:49:56,448 INFO sqlalchemy.engine.base.Engine CREATE TYPE status AS ENUM ('created', 'in_progress', 'canceled', 'failed', 'done')2019-08-07 07:49:56,448 INFO sqlalchemy.engine.base.Engine {}2019-08-07 07:49:56,451 INFO sqlalchemy.engine.base.Engine COMMIT2019-08-07 07:49:56,453 INFO sqlalchemy.engine.base.Engine             SELECT EXISTS (                SELECT * FROM pg_catalog.pg_type t                WHERE t.typname = %(typname)s                AND pg_type_is_visible(t.oid)                )                2019-08-07 07:49:56,453 INFO sqlalchemy.engine.base.Engine {'typname': 'status'}2019-08-07 07:49:56,455 INFO sqlalchemy.engine.base.Engine CREATE TABLE job_status (	uuid VARCHAR NOT NULL, 	parent_uuid VARCHAR, 	status status NOT NULL, 	data_path VARCHAR NOT NULL, 	tags JSON, 	extra_details JSON, 	created TIMESTAMP WITH TIME ZONE DEFAULT now(), 	updated TIMESTAMP WITH TIME ZONE, 	PRIMARY KEY (uuid), 	UNIQUE (uuid))2019-08-07 07:49:56,455 INFO sqlalchemy.engine.base.Engine {}2019-08-07 07:49:56,468 INFO sqlalchemy.engine.base.Engine COMMIT2019-08-07 07:49:56,471 INFO sqlalchemy.engine.base.Engine BEGIN (implicit)2019-08-07 07:49:56,472 INFO sqlalchemy.engine.base.Engine SELECT job_status.uuid AS job_status_uuid, job_status.parent_uuid AS job_status_parent_uuid, job_status.status AS job_status_status, job_status.data_path AS job_status_data_path, job_status.tags AS job_status_tags, job_status.extra_details AS job_status_extra_details, job_status.created AS job_status_created, job_status.updated AS job_status_updated FROM job_status WHERE job_status.uuid = %(uuid_1)s  LIMIT %(param_1)s2019-08-07 07:49:56,472 INFO sqlalchemy.engine.base.Engine {'uuid_1': 'AAAAA', 'param_1': 1}2019-08-07 07:49:56,475 INFO sqlalchemy.engine.base.Engine INSERT INTO job_status (uuid, parent_uuid, status, data_path, tags, extra_details, created, updated) VALUES (%(uuid)s, %(parent_uuid)s, %(status)s, %(data_path)s, %(tags)s, %(extra_details)s, %(created)s, %(updated)s)2019-08-07 07:49:56,475 INFO sqlalchemy.engine.base.Engine {'uuid': 'AAAAA', 'parent_uuid': None, 'status': 'created', 'data_path': '/data/AAAAA', 'tags': '{"a": "b", "c": "d"}', 'extra_details': '{}', 'created': datetime.datetime(2019, 8, 7, 14, 49, 56, 474974), 'updated': None}2019-08-07 07:49:56,476 INFO sqlalchemy.engine.base.Engine COMMIT2019-08-07 07:49:56,477 INFO sqlalchemy.engine.base.Engine BEGIN (implicit)2019-08-07 07:49:56,477 INFO sqlalchemy.engine.base.Engine SELECT job_status.uuid AS job_status_uuid, job_status.parent_uuid AS job_status_parent_uuid, job_status.status AS job_status_status, job_status.extra_details AS job_status_extra_details, job_status.created AS job_status_created, job_status.updated AS job_status_updated FROM job_status WHERE job_status.uuid = %(param_1)s2019-08-07 07:49:56,477 INFO sqlalchemy.engine.base.Engine {'param_1': 'AAAAA'}2019-08-07 07:49:56,479 INFO sqlalchemy.engine.base.Engine UPDATE job_status SET data_path=%(data_path)s, tags=%(tags)s, extra_details=%(extra_details)s, updated=now() WHERE job_status.uuid = %(job_status_uuid)s2019-08-07 07:49:56,479 INFO sqlalchemy.engine.base.Engine {'data_path': '/data/AAAAA', 'tags': '{"a": "b", "c": "d"}', 'extra_details': '{"simulation_type": "Python"}', 'job_status_uuid': 'AAAAA'}2019-08-07 07:49:56,479 INFO sqlalchemy.engine.base.Engine COMMIT2019-08-07 07:49:56,481 INFO sqlalchemy.engine.base.Engine BEGIN (implicit)2019-08-07 07:49:56,481 INFO sqlalchemy.engine.base.Engine SELECT job_status.uuid AS job_status_uuid, job_status.parent_uuid AS job_status_parent_uuid, job_status.status AS job_status_status, job_status.data_path AS job_status_data_path, job_status.tags AS job_status_tags, job_status.extra_details AS job_status_extra_details, job_status.created AS job_status_created, job_status.updated AS job_status_updated FROM job_status WHERE job_status.uuid = %(uuid_1)s  LIMIT %(param_1)s2019-08-07 07:49:56,481 INFO sqlalchemy.engine.base.Engine {'uuid_1': 'BBBBB', 'param_1': 1}2019-08-07 07:49:56,483 INFO sqlalchemy.engine.base.Engine INSERT INTO job_status (uuid, parent_uuid, status, data_path, tags, extra_details, created, updated) VALUES (%(uuid)s, %(parent_uuid)s, %(status)s, %(data_path)s, %(tags)s, %(extra_details)s, %(created)s, %(updated)s)2019-08-07 07:49:56,483 INFO sqlalchemy.engine.base.Engine {'uuid': 'BBBBB', 'parent_uuid': None, 'status': 'created', 'data_path': '/data/BBBBB', 'tags': '{"e": "f", "g": "h"}', 'extra_details': '{}', 'created': datetime.datetime(2019, 8, 7, 14, 49, 56, 483230), 'updated': None}2019-08-07 07:49:56,483 INFO sqlalchemy.engine.base.Engine COMMIT2019-08-07 07:49:56,485 INFO sqlalchemy.engine.base.Engine BEGIN (implicit)2019-08-07 07:49:56,485 INFO sqlalchemy.engine.base.Engine SELECT job_status.uuid AS job_status_uuid, job_status.parent_uuid AS job_status_parent_uuid, job_status.status AS job_status_status, job_status.extra_details AS job_status_extra_details, job_status.created AS job_status_created, job_status.updated AS job_status_updated FROM job_status WHERE job_status.uuid = %(param_1)s2019-08-07 07:49:56,485 INFO sqlalchemy.engine.base.Engine {'param_1': 'BBBBB'}2019-08-07 07:49:56,486 INFO sqlalchemy.engine.base.Engine UPDATE job_status SET data_path=%(data_path)s, tags=%(tags)s, extra_details=%(extra_details)s, updated=now() WHERE job_status.uuid = %(job_status_uuid)s2019-08-07 07:49:56,487 INFO sqlalchemy.engine.base.Engine {'data_path': '/data/BBBBB', 'tags': '{"e": "f", "g": "h"}', 'extra_details': '{"simulation_type": "Python"}', 'job_status_uuid': 'BBBBB'}2019-08-07 07:49:56,487 INFO sqlalchemy.engine.base.Engine COMMIT2019-08-07 07:49:56,489 INFO sqlalchemy.engine.base.Engine BEGIN (implicit)2019-08-07 07:49:56,489 INFO sqlalchemy.engine.base.Engine SELECT job_status.uuid AS job_status_uuid, job_status.parent_uuid AS job_status_parent_uuid, job_status.status AS job_status_status, job_status.data_path AS job_status_data_path, job_status.tags AS job_status_tags, job_status.extra_details AS job_status_extra_details, job_status.created AS job_status_created, job_status.updated AS job_status_updated FROM job_status WHERE job_status.uuid = %(uuid_1)s  LIMIT %(param_1)s2019-08-07 07:49:56,490 INFO sqlalchemy.engine.base.Engine {'uuid_1': 'CCCCC', 'param_1': 1}2019-08-07 07:49:56,491 INFO sqlalchemy.engine.base.Engine INSERT INTO job_status (uuid, parent_uuid, status, data_path, tags, extra_details, created, updated) VALUES (%(uuid)s, %(parent_uuid)s, %(status)s, %(data_path)s, %(tags)s, %(extra_details)s, %(created)s, %(updated)s)2019-08-07 07:49:56,491 INFO sqlalchemy.engine.base.Engine {'uuid': 'CCCCC', 'parent_uuid': 'BBBBB', 'status': 'created', 'data_path': '/data/CCCCC', 'tags': '{"i": "j", "k": "l"}', 'extra_details': '{}', 'created': datetime.datetime(2019, 8, 7, 14, 49, 56, 491705), 'updated': None}2019-08-07 07:49:56,492 INFO sqlalchemy.engine.base.Engine COMMIT2019-08-07 07:49:56,494 INFO sqlalchemy.engine.base.Engine BEGIN (implicit)2019-08-07 07:49:56,494 INFO sqlalchemy.engine.base.Engine SELECT job_status.uuid AS job_status_uuid, job_status.parent_uuid AS job_status_parent_uuid, job_status.status AS job_status_status, job_status.extra_details AS job_status_extra_details, job_status.created AS job_status_created, job_status.updated AS job_status_updated FROM job_status WHERE job_status.uuid = %(param_1)s2019-08-07 07:49:56,494 INFO sqlalchemy.engine.base.Engine {'param_1': 'CCCCC'}2019-08-07 07:49:56,495 INFO sqlalchemy.engine.base.Engine UPDATE job_status SET data_path=%(data_path)s, tags=%(tags)s, extra_details=%(extra_details)s, updated=now() WHERE job_status.uuid = %(job_status_uuid)s2019-08-07 07:49:56,496 INFO sqlalchemy.engine.base.Engine {'data_path': '/data/CCCCC', 'tags': '{"i": "j", "k": "l"}', 'extra_details': '{"simulation_type": "Python"}', 'job_status_uuid': 'CCCCC'}2019-08-07 07:49:56,496 INFO sqlalchemy.engine.base.Engine COMMIT2019-08-07 07:49:56,498 INFO sqlalchemy.engine.base.Engine BEGIN (implicit)2019-08-07 07:49:56,498 INFO sqlalchemy.engine.base.Engine SELECT job_status.uuid AS job_status_uuid, job_status.parent_uuid AS job_status_parent_uuid, job_status.status AS job_status_status, job_status.data_path AS job_status_data_path, job_status.tags AS job_status_tags, job_status.extra_details AS job_status_extra_details, job_status.created AS job_status_created, job_status.updated AS job_status_updated FROM job_status WHERE job_status.uuid = %(uuid_1)s  LIMIT %(param_1)s2019-08-07 07:49:56,498 INFO sqlalchemy.engine.base.Engine {'uuid_1': 'DDDDD', 'param_1': 1}2019-08-07 07:49:56,500 INFO sqlalchemy.engine.base.Engine INSERT INTO job_status (uuid, parent_uuid, status, data_path, tags, extra_details, created, updated) VALUES (%(uuid)s, %(parent_uuid)s, %(status)s, %(data_path)s, %(tags)s, %(extra_details)s, %(created)s, %(updated)s)2019-08-07 07:49:56,500 INFO sqlalchemy.engine.base.Engine {'uuid': 'DDDDD', 'parent_uuid': None, 'status': 'created', 'data_path': '/data/DDDD', 'tags': '{"e": "f", "c": "d"}', 'extra_details': '{}', 'created': datetime.datetime(2019, 8, 7, 14, 49, 56, 500138), 'updated': None}2019-08-07 07:49:56,500 INFO sqlalchemy.engine.base.Engine COMMIT2019-08-07 07:49:56,502 INFO sqlalchemy.engine.base.Engine BEGIN (implicit)2019-08-07 07:49:56,502 INFO sqlalchemy.engine.base.Engine SELECT job_status.uuid AS job_status_uuid, job_status.parent_uuid AS job_status_parent_uuid, job_status.status AS job_status_status, job_status.extra_details AS job_status_extra_details, job_status.created AS job_status_created, job_status.updated AS job_status_updated FROM job_status WHERE job_status.uuid = %(param_1)s2019-08-07 07:49:56,502 INFO sqlalchemy.engine.base.Engine {'param_1': 'DDDDD'}2019-08-07 07:49:56,503 INFO sqlalchemy.engine.base.Engine UPDATE job_status SET data_path=%(data_path)s, tags=%(tags)s, extra_details=%(extra_details)s, updated=now() WHERE job_status.uuid = %(job_status_uuid)s2019-08-07 07:49:56,503 INFO sqlalchemy.engine.base.Engine {'data_path': '/data/DDDD', 'tags': '{"e": "f", "c": "d"}', 'extra_details': '{"simulation_type": "Python"}', 'job_status_uuid': 'DDDDD'}2019-08-07 07:49:56,504 INFO sqlalchemy.engine.base.Engine COMMIT2019-08-07 07:49:56,505 INFO sqlalchemy.engine.base.Engine BEGIN (implicit)2019-08-07 07:49:56,506 INFO sqlalchemy.engine.base.Engine SELECT job_status.uuid AS job_status_uuid, job_status.parent_uuid AS job_status_parent_uuid, job_status.status AS job_status_status, job_status.data_path AS job_status_data_path, job_status.tags AS job_status_tags, job_status.extra_details AS job_status_extra_details, job_status.created AS job_status_created, job_status.updated AS job_status_updated FROM job_status WHERE job_status.uuid = %(uuid_1)s  LIMIT %(param_1)s2019-08-07 07:49:56,506 INFO sqlalchemy.engine.base.Engine {'uuid_1': 'EEEEE', 'param_1': 1}2019-08-07 07:49:56,507 INFO sqlalchemy.engine.base.Engine INSERT INTO job_status (uuid, parent_uuid, status, data_path, tags, extra_details, created, updated) VALUES (%(uuid)s, %(parent_uuid)s, %(status)s, %(data_path)s, %(tags)s, %(extra_details)s, %(created)s, %(updated)s)2019-08-07 07:49:56,507 INFO sqlalchemy.engine.base.Engine {'uuid': 'EEEEE', 'parent_uuid': 'DDDDD', 'status': 'done', 'data_path': '/data/EEEEE', 'tags': '{"i": "j", "k": "l"}', 'extra_details': '{}', 'created': datetime.datetime(2019, 8, 7, 14, 49, 56, 507372), 'updated': None}2019-08-07 07:49:56,508 INFO sqlalchemy.engine.base.Engine COMMIT2019-08-07 07:49:56,509 INFO sqlalchemy.engine.base.Engine BEGIN (implicit)2019-08-07 07:49:56,509 INFO sqlalchemy.engine.base.Engine SELECT job_status.uuid AS job_status_uuid, job_status.parent_uuid AS job_status_parent_uuid, job_status.status AS job_status_status, job_status.extra_details AS job_status_extra_details, job_status.created AS job_status_created, job_status.updated AS job_status_updated FROM job_status WHERE job_status.uuid = %(param_1)s2019-08-07 07:49:56,510 INFO sqlalchemy.engine.base.Engine {'param_1': 'EEEEE'}2019-08-07 07:49:56,511 INFO sqlalchemy.engine.base.Engine UPDATE job_status SET data_path=%(data_path)s, tags=%(tags)s, extra_details=%(extra_details)s, updated=now() WHERE job_status.uuid = %(job_status_uuid)s2019-08-07 07:49:56,511 INFO sqlalchemy.engine.base.Engine {'data_path': '/data/EEEEE', 'tags': '{"i": "j", "k": "l"}', 'extra_details': '{"simulation_type": "Python"}', 'job_status_uuid': 'EEEEE'}2019-08-07 07:49:56,512 INFO sqlalchemy.engine.base.Engine COMMIT2019-08-07 07:49:56,513 INFO sqlalchemy.engine.base.Engine BEGIN (implicit)2019-08-07 07:49:56,514 INFO sqlalchemy.engine.base.Engine SELECT job_status.uuid AS job_status_uuid, job_status.parent_uuid AS job_status_parent_uuid, job_status.status AS job_status_status, job_status.data_path AS job_status_data_path, job_status.tags AS job_status_tags, job_status.extra_details AS job_status_extra_details, job_status.created AS job_status_created, job_status.updated AS job_status_updated FROM job_status WHERE job_status.uuid = %(uuid_1)s  LIMIT %(param_1)s2019-08-07 07:49:56,514 INFO sqlalchemy.engine.base.Engine {'uuid_1': 'FFFFF', 'param_1': 1}2019-08-07 07:49:56,515 INFO sqlalchemy.engine.base.Engine INSERT INTO job_status (uuid, parent_uuid, status, data_path, tags, extra_details, created, updated) VALUES (%(uuid)s, %(parent_uuid)s, %(status)s, %(data_path)s, %(tags)s, %(extra_details)s, %(created)s, %(updated)s)2019-08-07 07:49:56,515 INFO sqlalchemy.engine.base.Engine {'uuid': 'FFFFF', 'parent_uuid': 'DDDDD', 'status': 'done', 'data_path': '/data/FFFFF', 'tags': '{"i": "j", "k": "l"}', 'extra_details': '{}', 'created': datetime.datetime(2019, 8, 7, 14, 49, 56, 515379), 'updated': None}2019-08-07 07:49:56,516 INFO sqlalchemy.engine.base.Engine COMMIT2019-08-07 07:49:56,517 INFO sqlalchemy.engine.base.Engine BEGIN (implicit)2019-08-07 07:49:56,518 INFO sqlalchemy.engine.base.Engine SELECT job_status.uuid AS job_status_uuid, job_status.parent_uuid AS job_status_parent_uuid, job_status.status AS job_status_status, job_status.extra_details AS job_status_extra_details, job_status.created AS job_status_created, job_status.updated AS job_status_updated FROM job_status WHERE job_status.uuid = %(param_1)s2019-08-07 07:49:56,518 INFO sqlalchemy.engine.base.Engine {'param_1': 'FFFFF'}2019-08-07 07:49:56,519 INFO sqlalchemy.engine.base.Engine UPDATE job_status SET data_path=%(data_path)s, tags=%(tags)s, extra_details=%(extra_details)s, updated=now() WHERE job_status.uuid = %(job_status_uuid)s2019-08-07 07:49:56,519 INFO sqlalchemy.engine.base.Engine {'data_path': '/data/FFFFF', 'tags': '{"i": "j", "k": "l"}', 'extra_details': '{"simulation_type": "Python"}', 'job_status_uuid': 'FFFFF'}2019-08-07 07:49:56,519 INFO sqlalchemy.engine.base.Engine COMMIT⠇ Stopping IDM Tools Local Platform services⠏ Stopping IDM Tools Local Platform services⠋ Stopping IDM Tools Local Platform services⠙ Stopping IDM Tools Local Platform services⠹ Stopping IDM Tools Local Platform services⠸ Stopping IDM Tools Local Platform services⠼ Stopping IDM Tools Local Platform services⠴ Stopping IDM Tools Local Platform services⠦ Stopping IDM Tools Local Platform services⠧ Stopping IDM Tools Local Platform services⠇ Stopping IDM Tools Local Platform services⠏ Stopping IDM Tools Local Platform services⠋ Stopping IDM Tools Local Platform services⠙ Stopping IDM Tools Local Platform services⠹ Stopping IDM Tools Local Platform services⠸ Stopping IDM Tools Local Platform services⠼ Stopping IDM Tools Local Platform services⠴ Stopping IDM Tools Local Platform services⠦ Stopping IDM Tools Local Platform services⠧ Stopping IDM Tools Local Platform services⠇ Stopping IDM Tools Local Platform services⠏ Stopping IDM Tools Local Platform services⠋ Stopping IDM Tools Local Platform services⠙ Stopping IDM Tools Local Platform services⠹ Stopping IDM Tools Local Platform services⠸ Stopping IDM Tools Local Platform services⠼ Stopping IDM Tools Local Platform services⠴ Stopping IDM Tools Local Platform services⠦ Stopping IDM Tools Local Platform services⠧ Stopping IDM Tools Local Platform services⠇ Stopping IDM Tools Local Platform services⠏ Stopping IDM Tools Local Platform services⠋ Stopping IDM Tools Local Platform services⠙ Stopping IDM Tools Local Platform services⠹ Stopping IDM Tools Local Platform services⠸ Stopping IDM Tools Local Platform services⠼ Stopping IDM Tools Local Platform services⠴ Stopping IDM Tools Local Platform services⠦ Stopping IDM Tools Local Platform services⠧ Stopping IDM Tools Local Platform services⠇ Stopping IDM Tools Local Platform services⠏ Stopping IDM Tools Local Platform services⠋ Stopping IDM Tools Local Platform services⠙ Stopping IDM Tools Local Platform services⠹ Stopping IDM Tools Local Platform services⠸ Stopping IDM Tools Local Platform services⠼ Stopping IDM Tools Local Platform services⠴ Stopping IDM Tools Local Platform services⠦ Stopping IDM Tools Local Platform services⠧ Stopping IDM Tools Local Platform services⠇ Stopping IDM Tools Local Platform services⠏ Stopping IDM Tools Local Platform services⠋ Stopping IDM Tools Local Platform services⠙ Stopping IDM Tools Local Platform services⠹ Stopping IDM Tools Local Platform services⠸ Stopping IDM Tools Local Platform services⠼ Stopping IDM Tools Local Platform services⠴ Stopping IDM Tools Local Platform services⠦ Stopping IDM Tools Local Platform services⠧ Stopping IDM Tools Local Platform services⠇ Stopping IDM Tools Local Platform services⠏ Stopping IDM Tools Local Platform services⠋ Stopping IDM Tools Local Platform services⠙ Stopping IDM Tools Local Platform services⠹ Stopping IDM Tools Local Platform services⠸ Stopping IDM Tools Local Platform services⠼ Stopping IDM Tools Local Platform services⠴ Stopping IDM Tools Local Platform services⠦ Stopping IDM Tools Local Platform services⠧ Stopping IDM Tools Local Platform services⠇ Stopping IDM Tools Local Platform services⠏ Stopping IDM Tools Local Platform services⠋ Stopping IDM Tools Local Platform services⠙ Stopping IDM Tools Local Platform services⠹ Stopping IDM Tools Local Platform services⠸ Stopping IDM Tools Local Platform services⠼ Stopping IDM Tools Local Platform services⠴ Stopping IDM Tools Local Platform services⠦ Stopping IDM Tools Local Platform services⠧ Stopping IDM Tools Local Platform services⠇ Stopping IDM Tools Local Platform services⠏ Stopping IDM Tools Local Platform services⠋ Stopping IDM Tools Local Platform services⠙ Stopping IDM Tools Local Platform services⠹ Stopping IDM Tools Local Platform services⠸ Stopping IDM Tools Local Platform services⠼ Stopping IDM Tools Local Platform services⠴ Stopping IDM Tools Local Platform services⠦ Stopping IDM Tools Local Platform services⠧ Stopping IDM Tools Local Platform services⠇ Stopping IDM Tools Local Platform services⠏ Stopping IDM Tools Local Platform services⠋ Stopping IDM Tools Local Platform services⠙ Stopping IDM Tools Local Platform services⠹ Stopping IDM Tools Local Platform services⠸ Stopping IDM Tools Local Platform services⠼ Stopping IDM Tools Local Platform services⠴ Stopping IDM Tools Local Platform services⠦ Stopping IDM Tools Local Platform services⠧ Stopping IDM Tools Local Platform services⠇ Stopping IDM Tools Local Platform services⠏ Stopping IDM Tools Local Platform services⠋ Stopping IDM Tools Local Platform services⠙ Stopping IDM Tools Local Platform services⠹ Stopping IDM Tools Local Platform services⠸ Stopping IDM Tools Local Platform services⠼ Stopping IDM Tools Local Platform services⠴ Stopping IDM Tools Local Platform services⠦ Stopping IDM Tools Local Platform services⠧ Stopping IDM Tools Local Platform services⠇ Stopping IDM Tools Local Platform services⠏ Stopping IDM Tools Local Platform services⠋ Stopping IDM Tools Local Platform services⠙ Stopping IDM Tools Local Platform services⠹ Stopping IDM Tools Local Platform services⠸ Stopping IDM Tools Local Platform services⠼ Stopping IDM Tools Local Platform services⠴ Stopping IDM Tools Local Platform services⠦ Stopping IDM Tools Local Platform services⠧ Stopping IDM Tools Local Platform services⠇ Stopping IDM Tools Local Platform services⠏ Stopping IDM Tools Local Platform services⠋ Stopping IDM Tools Local Platform services⠙ Stopping IDM Tools Local Platform services⠹ Stopping IDM Tools Local Platform services⠸ Stopping IDM Tools Local Platform services⠼ Stopping IDM Tools Local Platform services⠴ Stopping IDM Tools Local Platform services⠦ Stopping IDM Tools Local Platform services⠧ Stopping IDM Tools Local Platform services⠇ Stopping IDM Tools Local Platform services⠏ Stopping IDM Tools Local Platform services⠋ Stopping IDM Tools Local Platform services⠙ Stopping IDM Tools Local Platform services⠹ Stopping IDM Tools Local Platform services⠸ Stopping IDM Tools Local Platform services⠼ Stopping IDM Tools Local Platform services⠴ Stopping IDM Tools Local Platform services⠦ Stopping IDM Tools Local Platform services⠧ Stopping IDM Tools Local Platform services⠇ Stopping IDM Tools Local Platform services⠏ Stopping IDM Tools Local Platform services⠋ Stopping IDM Tools Local Platform services⠙ Stopping IDM Tools Local Platform services⠹ Stopping IDM Tools Local Platform services⠸ Stopping IDM Tools Local Platform services⠼ Stopping IDM Tools Local Platform services⠴ Stopping IDM Tools Local Platform services⠦ Stopping IDM Tools Local Platform services⠧ Stopping IDM Tools Local Platform services⠇ Stopping IDM Tools Local Platform services⠏ Stopping IDM Tools Local Platform services⠋ Stopping IDM Tools Local Platform services⠙ Stopping IDM Tools Local Platform services⠹ Stopping IDM Tools Local Platform services⠸ Stopping IDM Tools Local Platform services⠼ Stopping IDM Tools Local Platform services⠴ Stopping IDM Tools Local Platform services⠦ Stopping IDM Tools Local Platform services⠧ Stopping IDM Tools Local Platform services⠇ Stopping IDM Tools Local Platform services⠏ Stopping IDM Tools Local Platform services⠋ Stopping IDM Tools Local Platform services⠙ Stopping IDM Tools Local Platform services⠹ Stopping IDM Tools Local Platform services⠸ Stopping IDM Tools Local Platform services⠼ Stopping IDM Tools Local Platform services⠴ Stopping IDM Tools Local Platform services⠦ Stopping IDM Tools Local Platform services⠧ Stopping IDM Tools Local Platform services⠇ Stopping IDM Tools Local Platform services⠏ Stopping IDM Tools Local Platform services⠋ Stopping IDM Tools Local Platform services⠙ Stopping IDM Tools Local Platform services⠹ Stopping IDM Tools Local Platform services⠸ Stopping IDM Tools Local Platform services⠼ Stopping IDM Tools Local Platform services⠴ Stopping IDM Tools Local Platform services⠦ Stopping IDM Tools Local Platform services⠧ Stopping IDM Tools Local Platform services⠇ Stopping IDM Tools Local Platform services⠏ Stopping IDM Tools Local Platform services⠋ Stopping IDM Tools Local Platform services⠙ Stopping IDM Tools Local Platform services⠹ Stopping IDM Tools Local Platform services⠸ Stopping IDM Tools Local Platform services⠼ Stopping IDM Tools Local Platform services]]>        </system-out>        <system-err>            <![CDATA[]]>        </system-err>    </testcase>    <testcase classname="test_local_cli_basics.TestLocalCLIBasic" file="test_local_cli_basics.py" line="52"              name="test_load" time="0.030" timestamp="2019-08-07T07:50:13">        <system-out>            <![CDATA[]]>        </system-out>        <system-err>            <![CDATA[]]>        </system-err>    </testcase>    <testcase classname="test_local_cli_basics.TestLocalCLIBasic" file="test_local_cli_basics.py" line="58"              name="test_status" time="0.035" timestamp="2019-08-07T07:50:13">        <system-out>            <![CDATA[<Result SystemExit(-1)>]]>        </system-out>        <system-err>            <![CDATA[]]>        </system-err>    </testcase></testsuite>