<?xml version="1.0" encoding="UTF-8"?>
<testsuite errors="0" failures="2" file="test_api.py" name="test_api.TestAPI-20190807200617" skipped="0" tests="5"
           time="16.584" timestamp="2019-08-07T20:07:09">
    <testcase classname="test_api.TestAPI" file="test_api.py" line="113" name="test_experiment_filtering" time="16.495"
              timestamp="2019-08-07T20:07:09">
        <system-out>
            <![CDATA[2019-08-07 20:06:58,268 INFO sqlalchemy.engine.base.Engine select version()
2019-08-07 20:06:58,269 INFO sqlalchemy.engine.base.Engine {}
2019-08-07 20:06:58,271 INFO sqlalchemy.engine.base.Engine select current_schema()
2019-08-07 20:06:58,271 INFO sqlalchemy.engine.base.Engine {}
2019-08-07 20:06:58,273 INFO sqlalchemy.engine.base.Engine SELECT CAST('test plain returns' AS VARCHAR(60)) AS anon_1
2019-08-07 20:06:58,273 INFO sqlalchemy.engine.base.Engine {}
2019-08-07 20:06:58,274 INFO sqlalchemy.engine.base.Engine SELECT CAST('test unicode returns' AS VARCHAR(60)) AS anon_1
2019-08-07 20:06:58,274 INFO sqlalchemy.engine.base.Engine {}
2019-08-07 20:06:58,274 INFO sqlalchemy.engine.base.Engine show standard_conforming_strings
2019-08-07 20:06:58,274 INFO sqlalchemy.engine.base.Engine {}
2019-08-07 20:06:58,276 INFO sqlalchemy.engine.base.Engine select relname from pg_class c join pg_namespace n on n.oid=c.relnamespace where pg_catalog.pg_table_is_visible(c.oid) and relname=%(name)s
2019-08-07 20:06:58,276 INFO sqlalchemy.engine.base.Engine {'name': 'job_status'}
2019-08-07 20:06:58,277 INFO sqlalchemy.engine.base.Engine 
            SELECT EXISTS (
                SELECT * FROM pg_catalog.pg_type t
                WHERE t.typname = %(typname)s
                AND pg_type_is_visible(t.oid)
                )
                
2019-08-07 20:06:58,278 INFO sqlalchemy.engine.base.Engine {'typname': 'status'}
2019-08-07 20:06:58,279 INFO sqlalchemy.engine.base.Engine CREATE TYPE status AS ENUM ('created', 'in_progress', 'canceled', 'failed', 'done')
2019-08-07 20:06:58,279 INFO sqlalchemy.engine.base.Engine {}
2019-08-07 20:06:58,281 INFO sqlalchemy.engine.base.Engine COMMIT
2019-08-07 20:06:58,283 INFO sqlalchemy.engine.base.Engine 
            SELECT EXISTS (
                SELECT * FROM pg_catalog.pg_type t
                WHERE t.typname = %(typname)s
                AND pg_type_is_visible(t.oid)
                )
                
2019-08-07 20:06:58,283 INFO sqlalchemy.engine.base.Engine {'typname': 'status'}
2019-08-07 20:06:58,285 INFO sqlalchemy.engine.base.Engine 
CREATE TABLE job_status (
	uuid VARCHAR NOT NULL, 
	parent_uuid VARCHAR, 
	status status NOT NULL, 
	data_path VARCHAR NOT NULL, 
	tags JSON, 
	extra_details JSON, 
	created TIMESTAMP WITH TIME ZONE DEFAULT now(), 
	updated TIMESTAMP WITH TIME ZONE, 
	PRIMARY KEY (uuid), 
	UNIQUE (uuid)
)


2019-08-07 20:06:58,285 INFO sqlalchemy.engine.base.Engine {}
2019-08-07 20:06:58,298 INFO sqlalchemy.engine.base.Engine COMMIT
2019-08-07 20:06:58,308 INFO sqlalchemy.engine.base.Engine BEGIN (implicit)
2019-08-07 20:06:58,309 INFO sqlalchemy.engine.base.Engine SELECT job_status.uuid AS job_status_uuid, job_status.parent_uuid AS job_status_parent_uuid, job_status.status AS job_status_status, job_status.data_path AS job_status_data_path, job_status.tags AS job_status_tags, job_status.extra_details AS job_status_extra_details, job_status.created AS job_status_created, job_status.updated AS job_status_updated 
FROM job_status 
WHERE job_status.uuid = %(uuid_1)s 
 LIMIT %(param_1)s
2019-08-07 20:06:58,309 INFO sqlalchemy.engine.base.Engine {'uuid_1': 'AAAAA', 'param_1': 1}
2019-08-07 20:06:58,313 INFO sqlalchemy.engine.base.Engine INSERT INTO job_status (uuid, parent_uuid, status, data_path, tags, extra_details, created, updated) VALUES (%(uuid)s, %(parent_uuid)s, %(status)s, %(data_path)s, %(tags)s, %(extra_details)s, %(created)s, %(updated)s)
2019-08-07 20:06:58,313 INFO sqlalchemy.engine.base.Engine {'uuid': 'AAAAA', 'parent_uuid': None, 'status': 'created', 'data_path': '/data/AAAAA', 'tags': '{"a": "b", "c": "d"}', 'extra_details': '{}', 'created': datetime.datetime(2019, 8, 8, 3, 6, 58, 313430), 'updated': None}
2019-08-07 20:06:58,315 INFO sqlalchemy.engine.base.Engine COMMIT
2019-08-07 20:06:58,317 INFO sqlalchemy.engine.base.Engine BEGIN (implicit)
2019-08-07 20:06:58,317 INFO sqlalchemy.engine.base.Engine SELECT job_status.uuid AS job_status_uuid, job_status.parent_uuid AS job_status_parent_uuid, job_status.status AS job_status_status, job_status.extra_details AS job_status_extra_details, job_status.created AS job_status_created, job_status.updated AS job_status_updated 
FROM job_status 
WHERE job_status.uuid = %(param_1)s
2019-08-07 20:06:58,317 INFO sqlalchemy.engine.base.Engine {'param_1': 'AAAAA'}
2019-08-07 20:06:58,319 INFO sqlalchemy.engine.base.Engine UPDATE job_status SET data_path=%(data_path)s, tags=%(tags)s, extra_details=%(extra_details)s, updated=now() WHERE job_status.uuid = %(job_status_uuid)s
2019-08-07 20:06:58,319 INFO sqlalchemy.engine.base.Engine {'data_path': '/data/AAAAA', 'tags': '{"a": "b", "c": "d"}', 'extra_details': '{"simulation_type": "Python"}', 'job_status_uuid': 'AAAAA'}
2019-08-07 20:06:58,320 INFO sqlalchemy.engine.base.Engine COMMIT
2019-08-07 20:06:58,322 INFO sqlalchemy.engine.base.Engine BEGIN (implicit)
2019-08-07 20:06:58,322 INFO sqlalchemy.engine.base.Engine SELECT job_status.uuid AS job_status_uuid, job_status.parent_uuid AS job_status_parent_uuid, job_status.status AS job_status_status, job_status.data_path AS job_status_data_path, job_status.tags AS job_status_tags, job_status.extra_details AS job_status_extra_details, job_status.created AS job_status_created, job_status.updated AS job_status_updated 
FROM job_status 
WHERE job_status.uuid = %(uuid_1)s 
 LIMIT %(param_1)s
2019-08-07 20:06:58,323 INFO sqlalchemy.engine.base.Engine {'uuid_1': 'BBBBB', 'param_1': 1}
2019-08-07 20:06:58,324 INFO sqlalchemy.engine.base.Engine INSERT INTO job_status (uuid, parent_uuid, status, data_path, tags, extra_details, created, updated) VALUES (%(uuid)s, %(parent_uuid)s, %(status)s, %(data_path)s, %(tags)s, %(extra_details)s, %(created)s, %(updated)s)
2019-08-07 20:06:58,325 INFO sqlalchemy.engine.base.Engine {'uuid': 'BBBBB', 'parent_uuid': None, 'status': 'created', 'data_path': '/data/BBBBB', 'tags': '{"e": "f", "g": "h"}', 'extra_details': '{}', 'created': datetime.datetime(2019, 8, 8, 3, 6, 58, 324889), 'updated': None}
2019-08-07 20:06:58,325 INFO sqlalchemy.engine.base.Engine COMMIT
2019-08-07 20:06:58,327 INFO sqlalchemy.engine.base.Engine BEGIN (implicit)
2019-08-07 20:06:58,327 INFO sqlalchemy.engine.base.Engine SELECT job_status.uuid AS job_status_uuid, job_status.parent_uuid AS job_status_parent_uuid, job_status.status AS job_status_status, job_status.extra_details AS job_status_extra_details, job_status.created AS job_status_created, job_status.updated AS job_status_updated 
FROM job_status 
WHERE job_status.uuid = %(param_1)s
2019-08-07 20:06:58,327 INFO sqlalchemy.engine.base.Engine {'param_1': 'BBBBB'}
2019-08-07 20:06:58,329 INFO sqlalchemy.engine.base.Engine UPDATE job_status SET data_path=%(data_path)s, tags=%(tags)s, extra_details=%(extra_details)s, updated=now() WHERE job_status.uuid = %(job_status_uuid)s
2019-08-07 20:06:58,329 INFO sqlalchemy.engine.base.Engine {'data_path': '/data/BBBBB', 'tags': '{"e": "f", "g": "h"}', 'extra_details': '{"simulation_type": "Python"}', 'job_status_uuid': 'BBBBB'}
2019-08-07 20:06:58,330 INFO sqlalchemy.engine.base.Engine COMMIT
2019-08-07 20:06:58,331 INFO sqlalchemy.engine.base.Engine BEGIN (implicit)
2019-08-07 20:06:58,332 INFO sqlalchemy.engine.base.Engine SELECT job_status.uuid AS job_status_uuid, job_status.parent_uuid AS job_status_parent_uuid, job_status.status AS job_status_status, job_status.data_path AS job_status_data_path, job_status.tags AS job_status_tags, job_status.extra_details AS job_status_extra_details, job_status.created AS job_status_created, job_status.updated AS job_status_updated 
FROM job_status 
WHERE job_status.uuid = %(uuid_1)s 
 LIMIT %(param_1)s
2019-08-07 20:06:58,332 INFO sqlalchemy.engine.base.Engine {'uuid_1': 'CCCCC', 'param_1': 1}
2019-08-07 20:06:58,333 INFO sqlalchemy.engine.base.Engine INSERT INTO job_status (uuid, parent_uuid, status, data_path, tags, extra_details, created, updated) VALUES (%(uuid)s, %(parent_uuid)s, %(status)s, %(data_path)s, %(tags)s, %(extra_details)s, %(created)s, %(updated)s)
2019-08-07 20:06:58,333 INFO sqlalchemy.engine.base.Engine {'uuid': 'CCCCC', 'parent_uuid': 'BBBBB', 'status': 'created', 'data_path': '/data/CCCCC', 'tags': '{"i": "j", "k": "l"}', 'extra_details': '{}', 'created': datetime.datetime(2019, 8, 8, 3, 6, 58, 333754), 'updated': None}
2019-08-07 20:06:58,334 INFO sqlalchemy.engine.base.Engine COMMIT
2019-08-07 20:06:58,336 INFO sqlalchemy.engine.base.Engine BEGIN (implicit)
2019-08-07 20:06:58,336 INFO sqlalchemy.engine.base.Engine SELECT job_status.uuid AS job_status_uuid, job_status.parent_uuid AS job_status_parent_uuid, job_status.status AS job_status_status, job_status.extra_details AS job_status_extra_details, job_status.created AS job_status_created, job_status.updated AS job_status_updated 
FROM job_status 
WHERE job_status.uuid = %(param_1)s
2019-08-07 20:06:58,336 INFO sqlalchemy.engine.base.Engine {'param_1': 'CCCCC'}
2019-08-07 20:06:58,337 INFO sqlalchemy.engine.base.Engine UPDATE job_status SET data_path=%(data_path)s, tags=%(tags)s, extra_details=%(extra_details)s, updated=now() WHERE job_status.uuid = %(job_status_uuid)s
2019-08-07 20:06:58,338 INFO sqlalchemy.engine.base.Engine {'data_path': '/data/CCCCC', 'tags': '{"i": "j", "k": "l"}', 'extra_details': '{"simulation_type": "Python"}', 'job_status_uuid': 'CCCCC'}
2019-08-07 20:06:58,339 INFO sqlalchemy.engine.base.Engine COMMIT
2019-08-07 20:06:58,340 INFO sqlalchemy.engine.base.Engine BEGIN (implicit)
2019-08-07 20:06:58,340 INFO sqlalchemy.engine.base.Engine SELECT job_status.uuid AS job_status_uuid, job_status.parent_uuid AS job_status_parent_uuid, job_status.status AS job_status_status, job_status.data_path AS job_status_data_path, job_status.tags AS job_status_tags, job_status.extra_details AS job_status_extra_details, job_status.created AS job_status_created, job_status.updated AS job_status_updated 
FROM job_status 
WHERE job_status.uuid = %(uuid_1)s 
 LIMIT %(param_1)s
2019-08-07 20:06:58,341 INFO sqlalchemy.engine.base.Engine {'uuid_1': 'DDDDD', 'param_1': 1}
2019-08-07 20:06:58,342 INFO sqlalchemy.engine.base.Engine INSERT INTO job_status (uuid, parent_uuid, status, data_path, tags, extra_details, created, updated) VALUES (%(uuid)s, %(parent_uuid)s, %(status)s, %(data_path)s, %(tags)s, %(extra_details)s, %(created)s, %(updated)s)
2019-08-07 20:06:58,342 INFO sqlalchemy.engine.base.Engine {'uuid': 'DDDDD', 'parent_uuid': None, 'status': 'created', 'data_path': '/data/DDDD', 'tags': '{"e": "f", "c": "d"}', 'extra_details': '{}', 'created': datetime.datetime(2019, 8, 8, 3, 6, 58, 342353), 'updated': None}
2019-08-07 20:06:58,343 INFO sqlalchemy.engine.base.Engine COMMIT
2019-08-07 20:06:58,345 INFO sqlalchemy.engine.base.Engine BEGIN (implicit)
2019-08-07 20:06:58,345 INFO sqlalchemy.engine.base.Engine SELECT job_status.uuid AS job_status_uuid, job_status.parent_uuid AS job_status_parent_uuid, job_status.status AS job_status_status, job_status.extra_details AS job_status_extra_details, job_status.created AS job_status_created, job_status.updated AS job_status_updated 
FROM job_status 
WHERE job_status.uuid = %(param_1)s
2019-08-07 20:06:58,345 INFO sqlalchemy.engine.base.Engine {'param_1': 'DDDDD'}
2019-08-07 20:06:58,346 INFO sqlalchemy.engine.base.Engine UPDATE job_status SET data_path=%(data_path)s, tags=%(tags)s, extra_details=%(extra_details)s, updated=now() WHERE job_status.uuid = %(job_status_uuid)s
2019-08-07 20:06:58,347 INFO sqlalchemy.engine.base.Engine {'data_path': '/data/DDDD', 'tags': '{"e": "f", "c": "d"}', 'extra_details': '{"simulation_type": "Python"}', 'job_status_uuid': 'DDDDD'}
2019-08-07 20:06:58,347 INFO sqlalchemy.engine.base.Engine COMMIT
2019-08-07 20:06:58,349 INFO sqlalchemy.engine.base.Engine BEGIN (implicit)
2019-08-07 20:06:58,349 INFO sqlalchemy.engine.base.Engine SELECT job_status.uuid AS job_status_uuid, job_status.parent_uuid AS job_status_parent_uuid, job_status.status AS job_status_status, job_status.data_path AS job_status_data_path, job_status.tags AS job_status_tags, job_status.extra_details AS job_status_extra_details, job_status.created AS job_status_created, job_status.updated AS job_status_updated 
FROM job_status 
WHERE job_status.uuid = %(uuid_1)s 
 LIMIT %(param_1)s
2019-08-07 20:06:58,349 INFO sqlalchemy.engine.base.Engine {'uuid_1': 'EEEEE', 'param_1': 1}
2019-08-07 20:06:58,351 INFO sqlalchemy.engine.base.Engine INSERT INTO job_status (uuid, parent_uuid, status, data_path, tags, extra_details, created, updated) VALUES (%(uuid)s, %(parent_uuid)s, %(status)s, %(data_path)s, %(tags)s, %(extra_details)s, %(created)s, %(updated)s)
2019-08-07 20:06:58,351 INFO sqlalchemy.engine.base.Engine {'uuid': 'EEEEE', 'parent_uuid': 'DDDDD', 'status': 'created', 'data_path': '/data/EEEEE', 'tags': '{"i": "j", "k": "l"}', 'extra_details': '{}', 'created': datetime.datetime(2019, 8, 8, 3, 6, 58, 351021), 'updated': None}
2019-08-07 20:06:58,352 INFO sqlalchemy.engine.base.Engine COMMIT
2019-08-07 20:06:58,353 INFO sqlalchemy.engine.base.Engine BEGIN (implicit)
2019-08-07 20:06:58,353 INFO sqlalchemy.engine.base.Engine SELECT job_status.uuid AS job_status_uuid, job_status.parent_uuid AS job_status_parent_uuid, job_status.status AS job_status_status, job_status.extra_details AS job_status_extra_details, job_status.created AS job_status_created, job_status.updated AS job_status_updated 
FROM job_status 
WHERE job_status.uuid = %(param_1)s
2019-08-07 20:06:58,354 INFO sqlalchemy.engine.base.Engine {'param_1': 'EEEEE'}
2019-08-07 20:06:58,355 INFO sqlalchemy.engine.base.Engine UPDATE job_status SET data_path=%(data_path)s, tags=%(tags)s, extra_details=%(extra_details)s, updated=now() WHERE job_status.uuid = %(job_status_uuid)s
2019-08-07 20:06:58,355 INFO sqlalchemy.engine.base.Engine {'data_path': '/data/EEEEE', 'tags': '{"i": "j", "k": "l"}', 'extra_details': '{"simulation_type": "Python"}', 'job_status_uuid': 'EEEEE'}
2019-08-07 20:06:58,356 INFO sqlalchemy.engine.base.Engine COMMIT
2019-08-07 20:06:58,358 INFO sqlalchemy.engine.base.Engine BEGIN (implicit)
2019-08-07 20:06:58,358 INFO sqlalchemy.engine.base.Engine SELECT job_status.uuid AS job_status_uuid, job_status.parent_uuid AS job_status_parent_uuid, job_status.status AS job_status_status, job_status.data_path AS job_status_data_path, job_status.tags AS job_status_tags, job_status.extra_details AS job_status_extra_details, job_status.created AS job_status_created, job_status.updated AS job_status_updated 
FROM job_status 
WHERE job_status.uuid = %(uuid_1)s 
 LIMIT %(param_1)s
2019-08-07 20:06:58,358 INFO sqlalchemy.engine.base.Engine {'uuid_1': 'FFFFF', 'param_1': 1}
2019-08-07 20:06:58,360 INFO sqlalchemy.engine.base.Engine INSERT INTO job_status (uuid, parent_uuid, status, data_path, tags, extra_details, created, updated) VALUES (%(uuid)s, %(parent_uuid)s, %(status)s, %(data_path)s, %(tags)s, %(extra_details)s, %(created)s, %(updated)s)
2019-08-07 20:06:58,360 INFO sqlalchemy.engine.base.Engine {'uuid': 'FFFFF', 'parent_uuid': 'DDDDD', 'status': 'created', 'data_path': '/data/FFFFF', 'tags': '{"i": "j", "k": "l"}', 'extra_details': '{}', 'created': datetime.datetime(2019, 8, 8, 3, 6, 58, 360091), 'updated': None}
2019-08-07 20:06:58,361 INFO sqlalchemy.engine.base.Engine COMMIT
2019-08-07 20:06:58,362 INFO sqlalchemy.engine.base.Engine BEGIN (implicit)
2019-08-07 20:06:58,362 INFO sqlalchemy.engine.base.Engine SELECT job_status.uuid AS job_status_uuid, job_status.parent_uuid AS job_status_parent_uuid, job_status.status AS job_status_status, job_status.extra_details AS job_status_extra_details, job_status.created AS job_status_created, job_status.updated AS job_status_updated 
FROM job_status 
WHERE job_status.uuid = %(param_1)s
2019-08-07 20:06:58,362 INFO sqlalchemy.engine.base.Engine {'param_1': 'FFFFF'}
2019-08-07 20:06:58,363 INFO sqlalchemy.engine.base.Engine UPDATE job_status SET data_path=%(data_path)s, tags=%(tags)s, extra_details=%(extra_details)s, updated=now() WHERE job_status.uuid = %(job_status_uuid)s
2019-08-07 20:06:58,363 INFO sqlalchemy.engine.base.Engine {'data_path': '/data/FFFFF', 'tags': '{"i": "j", "k": "l"}', 'extra_details': '{"simulation_type": "Python"}', 'job_status_uuid': 'FFFFF'}
2019-08-07 20:06:58,364 INFO sqlalchemy.engine.base.Engine COMMIT
2019-08-07 20:06:58,368 INFO sqlalchemy.engine.base.Engine select relname from pg_class c join pg_namespace n on n.oid=c.relnamespace where pg_catalog.pg_table_is_visible(c.oid) and relname=%(name)s
2019-08-07 20:06:58,368 INFO sqlalchemy.engine.base.Engine {'name': 'SELECT job_status.uuid, job_status.parent_uuid, job_status.status, job_status.data_path, job_status.tags, job_status.extra_details, job_status.create ... (21 characters truncated) ...  \nFROM job_status \nWHERE job_status.parent_uuid IS NULL AND CAST((job_status.tags ->> :tags_1) AS VARCHAR) = :param_1 ORDER BY job_status.uuid DESC'}
2019-08-07 20:06:58,370 INFO sqlalchemy.engine.base.Engine SELECT job_status.uuid, job_status.parent_uuid, job_status.status, job_status.data_path, job_status.tags, job_status.extra_details, job_status.created, job_status.updated 
FROM job_status 
WHERE job_status.parent_uuid IS NULL AND CAST((job_status.tags ->> %(tags_1)s) AS VARCHAR) = %(param_1)s ORDER BY job_status.uuid DESC
2019-08-07 20:06:58,370 INFO sqlalchemy.engine.base.Engine {'tags_1': 'a', 'param_1': 'b'}
2019-08-07 20:06:58,378 INFO sqlalchemy.engine.base.Engine select relname from pg_class c join pg_namespace n on n.oid=c.relnamespace where pg_catalog.pg_table_is_visible(c.oid) and relname=%(name)s
2019-08-07 20:06:58,378 INFO sqlalchemy.engine.base.Engine {'name': 'SELECT job_status.parent_uuid, job_status.status, count(job_status.status) AS total \nFROM job_status \nWHERE job_status.parent_uuid IS NOT NULL GROUP BY job_status.parent_uuid, job_status.status'}
2019-08-07 20:06:58,380 INFO sqlalchemy.engine.base.Engine SELECT job_status.parent_uuid, job_status.status, count(job_status.status) AS total 
FROM job_status 
WHERE job_status.parent_uuid IS NOT NULL GROUP BY job_status.parent_uuid, job_status.status
2019-08-07 20:06:58,380 INFO sqlalchemy.engine.base.Engine {}
2019-08-07 20:06:58,404 INFO sqlalchemy.engine.base.Engine select relname from pg_class c join pg_namespace n on n.oid=c.relnamespace where pg_catalog.pg_table_is_visible(c.oid) and relname=%(name)s
2019-08-07 20:06:58,404 INFO sqlalchemy.engine.base.Engine {'name': 'SELECT job_status.uuid, job_status.parent_uuid, job_status.status, job_status.data_path, job_status.tags, job_status.extra_details, job_status.create ... (21 characters truncated) ...  \nFROM job_status \nWHERE job_status.parent_uuid IS NULL AND CAST((job_status.tags ->> :tags_1) AS VARCHAR) = :param_1 ORDER BY job_status.uuid DESC'}
2019-08-07 20:06:58,405 INFO sqlalchemy.engine.base.Engine SELECT job_status.uuid, job_status.parent_uuid, job_status.status, job_status.data_path, job_status.tags, job_status.extra_details, job_status.created, job_status.updated 
FROM job_status 
WHERE job_status.parent_uuid IS NULL AND CAST((job_status.tags ->> %(tags_1)s) AS VARCHAR) = %(param_1)s ORDER BY job_status.uuid DESC
2019-08-07 20:06:58,405 INFO sqlalchemy.engine.base.Engine {'tags_1': 'a', 'param_1': 'c'}
2019-08-07 20:06:58,409 INFO sqlalchemy.engine.base.Engine select relname from pg_class c join pg_namespace n on n.oid=c.relnamespace where pg_catalog.pg_table_is_visible(c.oid) and relname=%(name)s
2019-08-07 20:06:58,409 INFO sqlalchemy.engine.base.Engine {'name': 'SELECT job_status.parent_uuid, job_status.status, count(job_status.status) AS total \nFROM job_status \nWHERE job_status.parent_uuid IS NOT NULL GROUP BY job_status.parent_uuid, job_status.status'}
2019-08-07 20:06:58,410 INFO sqlalchemy.engine.base.Engine SELECT job_status.parent_uuid, job_status.status, count(job_status.status) AS total 
FROM job_status 
WHERE job_status.parent_uuid IS NOT NULL GROUP BY job_status.parent_uuid, job_status.status
2019-08-07 20:06:58,410 INFO sqlalchemy.engine.base.Engine {}

[K]]>        </system-out>
        <system-err>
            <![CDATA[]]>        </system-err>
    </testcase>
    <testcase classname="test_api.TestAPI" file="test_api.py" line="69" name="test_fetch_one_experiment_works"
              time="0.026" timestamp="2019-08-07T20:07:09">
        <system-out>
            <![CDATA[]]>        </system-out>
        <system-err>
            <![CDATA[]]>        </system-err>
    </testcase>
    <testcase classname="test_api.TestAPI" file="test_api.py" line="102" name="test_fetch_one_simulation_works"
              time="0.014" timestamp="2019-08-07T20:07:09">
        <system-out>
            <![CDATA[]]>        </system-out>
        <system-err>
            <![CDATA[]]>        </system-err>
    </testcase>
    <testcase classname="test_api.TestAPI" file="test_api.py" line="50" name="test_fetch_experiments" time="0.037"
              timestamp="2019-08-07T20:07:09">
        <failure message="'ASH73XM3' != 'BBBBB'
- ASH73XM3
+ BBBBB
" type="AssertionError">
            <![CDATA[Traceback (most recent call last):
  File "/home/clinton/development/work/idmtools/idmtools_platform_local/tests/test_api.py", line 64, in test_fetch_experiments
    self.assertEqual(data[1]['experiment_id'], 'BBBBB')
AssertionError: 'ASH73XM3' != 'BBBBB'
- ASH73XM3
+ BBBBB

]]>        </failure>
        <system-out>
            <![CDATA[]]>        </system-out>
        <system-err>
            <![CDATA[]]>        </system-err>
    </testcase>
    <testcase classname="test_api.TestAPI" file="test_api.py" line="79" name="test_fetch_simulations" time="0.013"
              timestamp="2019-08-07T20:07:09">
        <failure message="'6M279GPH' != 'CCCCC'
- 6M279GPH
+ CCCCC
" type="AssertionError">
            <![CDATA[Traceback (most recent call last):
  File "/home/clinton/development/work/idmtools/idmtools_platform_local/tests/test_api.py", line 90, in test_fetch_simulations
    self.assertEqual(data[0]['simulation_uid'], 'CCCCC')
AssertionError: '6M279GPH' != 'CCCCC'
- 6M279GPH
+ CCCCC

]]>        </failure>
        <system-out>
            <![CDATA[]]>        </system-out>
        <system-err>
            <![CDATA[]]>        </system-err>
    </testcase>
</testsuite>
