<?xml version="1.0" encoding="UTF-8"?>
<testsuite errors="0" failures="0" file="test_tasks.py" name="test_tasks.TestTasks-20190807203934" skipped="0" tests="3"
           time="0.524" timestamp="2019-08-07T20:39:34">
    <testcase classname="test_tasks.TestTasks" file="test_tasks.py" line="29" name="test_create_experiment" time="0.044"
              timestamp="2019-08-07T20:39:34">
        <system-out>
            <![CDATA[/tmp/tmpitm7v0y1/data
]]>        </system-out>
        <system-err>
            <![CDATA[]]>        </system-err>
    </testcase>
    <testcase classname="test_tasks.TestTasks" file="test_tasks.py" line="43" name="test_create_simulation" time="0.013"
              timestamp="2019-08-07T20:39:34">
        <system-out>
            <![CDATA[]]>        </system-out>
        <system-err>
            <![CDATA[]]>        </system-err>
    </testcase>
    <testcase classname="test_tasks.TestTasks" file="test_tasks.py" line="58" name="test_run_task" time="0.467"
              timestamp="2019-08-07T20:39:34">
        <system-out>
            <![CDATA[]]>        </system-out>
        <system-err>
            <![CDATA[]]>        </system-err>
    </testcase>
</testsuite>
