<?xml version="1.0" encoding="UTF-8"?><testsuite errors="1" failures="0" file="unittest/suite.py" name="unittest.suite._ErrorHolder-20190807074734"           skipped="0" tests="1" time="0.000" timestamp="0001-01-01T00:00:00">    <testcase classname="setUpClass (test_local_runner_API_CLI" file="test_tasks.py" line="53"              name="TestLocalRunnerCLI)" time="0.000" timestamp="0001-01-01T00:00:00">        <error message="CreateExperimentTask({'idmtools': 'idmtools-automation', 'string_tag': 'test', 'number_tag': 123, 'type': 'idmtools_models.python.PythonExperiment'}, None)"               type="ResultTimeout">            <![CDATA[Traceback (most recent call last):  File "/home/clinton/development/work/idmtools/idmtools_platform_local/tests/test_local_runner_API_CLI.py", line 42, in setUpClass    em.run()  File "/home/clinton/development/work/idmtools/idmtools_core/idmtools/managers/ExperimentManager.py", line 92, in run    self.create_experiment()  File "/home/clinton/development/work/idmtools/idmtools_core/idmtools/managers/ExperimentManager.py", line 41, in create_experiment    self.platform.create_experiment(self.experiment)  File "/home/clinton/development/work/idmtools/idmtools_platform_local/idmtools_platform_local/local_platform.py", line 96, in create_experiment    eid = m.get_result(block=True, timeout=self.default_timeout * 1000)  File "/home/clinton/.virtualenvs/idmtools/lib/python3.7/site-packages/dramatiq/message.py", line 147, in get_result    return backend.get_result(self, block=block, timeout=timeout)  File "/home/clinton/.virtualenvs/idmtools/lib/python3.7/site-packages/dramatiq/results/backend.py", line 87, in get_result    raise ResultTimeout(message)dramatiq.results.errors.ResultTimeout: CreateExperimentTask({'idmtools': 'idmtools-automation', 'string_tag': 'test', 'number_tag': 123, 'type': 'idmtools_models.python.PythonExperiment'}, None)]]>        </error>        <system-out>            <![CDATA[INI File Used: /home/clinton/development/work/idmtools/idmtools.ini[Local_Staging]: the following Config Settings are not used: - extra1 = 1 - extra2 = 2⠋[0m Ensure IDM Tools Local Platform services are loaded[K⠙[0m Ensure IDM Tools Local Platform services are loaded[K⠹[0m Ensure IDM Tools Local Platform services are loaded[K⠸[0m Ensure IDM Tools Local Platform services are loaded[K⠼[0m Ensure IDM Tools Local Platform services are loaded[K⠴[0m Ensure IDM Tools Local Platform services are loaded[K⠦[0m Ensure IDM Tools Local Platform services are loaded[K⠧[0m Ensure IDM Tools Local Platform services are loaded[K⠇[0m Ensure IDM Tools Local Platform services are loaded[K⠏[0m Ensure IDM Tools Local Platform services are loaded[K⠋[0m Ensure IDM Tools Local Platform services are loaded[K⠙[0m Ensure IDM Tools Local Platform services are loaded[K⠹[0m Ensure IDM Tools Local Platform services are loaded[K⠸[0m Ensure IDM Tools Local Platform services are loaded[K⠼[0m Ensure IDM Tools Local Platform services are loaded[K⠴[0m Ensure IDM Tools Local Platform services are loaded[K⠦[0m Ensure IDM Tools Local Platform services are loaded[K⠧[0m Ensure IDM Tools Local Platform services are loaded[K⠇[0m Ensure IDM Tools Local Platform services are loaded[K⠏[0m Ensure IDM Tools Local Platform services are loaded[K⠋[0m Ensure IDM Tools Local Platform services are loaded[K⠙[0m Ensure IDM Tools Local Platform services are loaded[K⠹[0m Ensure IDM Tools Local Platform services are loaded[K⠸[0m Ensure IDM Tools Local Platform services are loaded[K⠼[0m Ensure IDM Tools Local Platform services are loaded[K⠴[0m Ensure IDM Tools Local Platform services are loaded[K⠦[0m Ensure IDM Tools Local Platform services are loaded[K⠧[0m Ensure IDM Tools Local Platform services are loaded[K⠇[0m Ensure IDM Tools Local Platform services are loaded[K⠏[0m Ensure IDM Tools Local Platform services are loaded[K⠋[0m Ensure IDM Tools Local Platform services are loaded[K⠙[0m Ensure IDM Tools Local Platform services are loaded[K⠹[0m Ensure IDM Tools Local Platform services are loaded[K⠸[0m Ensure IDM Tools Local Platform services are loaded[K⠼[0m Ensure IDM Tools Local Platform services are loaded[K⠴[0m Ensure IDM Tools Local Platform services are loaded[K⠦[0m Ensure IDM Tools Local Platform services are loaded[K⠧[0m Ensure IDM Tools Local Platform services are loaded[K⠇[0m Ensure IDM Tools Local Platform services are loaded[K⠏[0m Ensure IDM Tools Local Platform services are loaded[K⠋[0m Ensure IDM Tools Local Platform services are loaded[K⠙[0m Ensure IDM Tools Local Platform services are loaded[K⠹[0m Ensure IDM Tools Local Platform services are loaded[K⠸[0m Ensure IDM Tools Local Platform services are loaded[K⠼[0m Ensure IDM Tools Local Platform services are loaded[K⠴[0m Ensure IDM Tools Local Platform services are loaded[K⠦[0m Ensure IDM Tools Local Platform services are loaded[K⠧[0m Ensure IDM Tools Local Platform services are loaded[K⠇[0m Ensure IDM Tools Local Platform services are loaded[K⠏[0m Ensure IDM Tools Local Platform services are loaded[K⠋[0m Ensure IDM Tools Local Platform services are loaded[K⠙[0m Ensure IDM Tools Local Platform services are loaded[K⠹[0m Ensure IDM Tools Local Platform services are loaded[K⠸[0m Ensure IDM Tools Local Platform services are loaded[K⠼[0m Ensure IDM Tools Local Platform services are loaded[K⠴[0m Ensure IDM Tools Local Platform services are loaded[K⠦[0m Ensure IDM Tools Local Platform services are loaded[K⠧[0m Ensure IDM Tools Local Platform services are loaded[K⠇[0m Ensure IDM Tools Local Platform services are loaded[K⠏[0m Ensure IDM Tools Local Platform services are loaded[K⠋[0m Ensure IDM Tools Local Platform services are loaded[K⠙[0m Ensure IDM Tools Local Platform services are loaded[K⠹[0m Ensure IDM Tools Local Platform services are loaded[K[K]]>        </system-out>        <system-err>            <![CDATA[]]>        </system-err>    </testcase></testsuite>