<?xml version="1.0" encoding="UTF-8"?>
<testsuite errors="0" failures="0" file="test_api.py" name="test_api.TestAPI-20190807195322" skipped="1" tests="5"
           time="0.194" timestamp="2019-08-07T19:53:23">
    <testcase classname="test_api.TestAPI" file="test_api.py" line="50" name="test_fetch_experiments" time="0.136"
              timestamp="2019-08-07T19:53:22">
        <system-out>
            <![CDATA[]]>        </system-out>
        <system-err>
            <![CDATA[[2019-08-07 19:53:22,940] ERROR in experiments:   experiment_id  ...          progress
0      ZH4QT5MT  ...     [{'done': 1}]
1      WVO7Q6YN  ...  [{'created': 1}]
2      EVGSP0I0  ...                []
3         DDDDD  ...  [{'created': 2}]
4         BBBBB  ...  [{'created': 1}]

[5 rows x 7 columns]
]]>        </system-err>
    </testcase>
    <testcase classname="test_api.TestAPI" file="test_api.py" line="69" name="test_fetch_one_experiment_works"
              time="0.026" timestamp="2019-08-07T19:53:22">
        <system-out>
            <![CDATA[]]>        </system-out>
        <system-err>
            <![CDATA[[2019-08-07 19:53:22,971] ERROR in experiments:   experiment_id    data_path  ...              updated progress
0         AAAAA  /data/AAAAA  ...  2019-08-08 02:53:22       []

[1 rows x 7 columns]
]]>        </system-err>
    </testcase>
    <testcase classname="test_api.TestAPI" file="test_api.py" line="102" name="test_fetch_one_simulation_works"
              time="0.013" timestamp="2019-08-07T19:53:22">
        <system-out>
            <![CDATA[]]>        </system-out>
        <system-err>
            <![CDATA[]]>        </system-err>
    </testcase>
    <testcase classname="test_api.TestAPI" file="test_api.py" line="79" name="test_fetch_simulations" time="0.017"
              timestamp="2019-08-07T19:53:23">
        <system-out>
            <![CDATA[]]>        </system-out>
        <system-err>
            <![CDATA[]]>        </system-err>
    </testcase>
    <testcase classname="test_api.TestAPI" file="test_api.py" line="113" name="test_experiment_filtering" time="0.002"
              timestamp="2019-08-07T19:53:22">
        <skipped message="No Docker testing" type="skip"/>
        <system-out>
            <![CDATA[]]>        </system-out>
        <system-err>
            <![CDATA[]]>        </system-err>
    </testcase>
</testsuite>
