<?xml version="1.0" encoding="UTF-8"?>
<testsuite errors="0" failures="0" file="test_docker_operations.py"
           name="test_docker_operations.TestDockerOperations-20190807203115" skipped="0" tests="5" time="39.487"
           timestamp="2019-08-07T20:35:18">
    <testcase classname="test_docker_operations.TestDockerOperations" file="test_docker_operations.py" line="27"
              name="test_create_db_starts" time="12.096" timestamp="2019-08-07T20:34:51">
        <system-out>
            <![CDATA[
[K]]>        </system-out>
        <system-err>
            <![CDATA[]]>        </system-err>
    </testcase>
    <testcase classname="test_docker_operations.TestDockerOperations" file="test_docker_operations.py" line="21"
              name="test_create_redis_starts" time="1.823" timestamp="2019-08-07T20:34:53">
        <system-out>
            <![CDATA[
[K]]>        </system-out>
        <system-err>
            <![CDATA[]]>        </system-err>
    </testcase>
    <testcase classname="test_docker_operations.TestDockerOperations" file="test_docker_operations.py" line="37"
              name="test_create_stack_starts" time="17.182" timestamp="2019-08-07T20:35:10">
        <system-out>
            <![CDATA[]]>        </system-out>
        <system-err>
            <![CDATA[]]>        </system-err>
    </testcase>
    <testcase classname="test_docker_operations.TestDockerOperations" file="test_docker_operations.py" line="74"
              name="test_error_if_try_to_run_as_root" time="0.170" timestamp="2019-08-07T20:35:10">
        <system-out>
            <![CDATA[]]>        </system-out>
        <system-err>
            <![CDATA[]]>        </system-err>
    </testcase>
    <testcase classname="test_docker_operations.TestDockerOperations" file="test_docker_operations.py" line="59"
              name="test_port_taken_has_coherent_error" time="8.216" timestamp="2019-08-07T20:35:18">
        <system-out>
            <![CDATA[
[K]]>        </system-out>
        <system-err>
            <![CDATA[]]>        </system-err>
    </testcase>
</testsuite>
