<?xml version="1.0" encoding="UTF-8"?>
<testsuite errors="0" failures="0" file="test_local_cli_basics.py"
           name="test_local_cli_basics.TestLocalCLIBasic-20190807202342" skipped="0" tests="3" time="47.763"
           timestamp="2019-08-07T20:27:00">
    <testcase classname="test_local_cli_basics.TestLocalCLIBasic" file="test_local_cli_basics.py" line="58"
              name="test_docker" time="46.828" timestamp="2019-08-07T20:26:59">
        <system-out>
            <![CDATA[
[K2019-08-07 20:26:37,844 INFO sqlalchemy.engine.base.Engine select version()
2019-08-07 20:26:37,846 INFO sqlalchemy.engine.base.Engine {}
2019-08-07 20:26:37,851 INFO sqlalchemy.engine.base.Engine select current_schema()
2019-08-07 20:26:37,853 INFO sqlalchemy.engine.base.Engine {}
2019-08-07 20:26:37,865 INFO sqlalchemy.engine.base.Engine SELECT CAST('test plain returns' AS VARCHAR(60)) AS anon_1
2019-08-07 20:26:37,866 INFO sqlalchemy.engine.base.Engine {}
2019-08-07 20:26:37,876 INFO sqlalchemy.engine.base.Engine SELECT CAST('test unicode returns' AS VARCHAR(60)) AS anon_1
2019-08-07 20:26:37,877 INFO sqlalchemy.engine.base.Engine {}
2019-08-07 20:26:37,882 INFO sqlalchemy.engine.base.Engine show standard_conforming_strings
2019-08-07 20:26:37,884 INFO sqlalchemy.engine.base.Engine {}
2019-08-07 20:26:37,895 INFO sqlalchemy.engine.base.Engine select relname from pg_class c join pg_namespace n on n.oid=c.relnamespace where pg_catalog.pg_table_is_visible(c.oid) and relname=%(name)s
2019-08-07 20:26:37,897 INFO sqlalchemy.engine.base.Engine {'name': 'job_status'}
2019-08-07 20:26:37,906 INFO sqlalchemy.engine.base.Engine 
            SELECT EXISTS (
                SELECT * FROM pg_catalog.pg_type t
                WHERE t.typname = %(typname)s
                AND pg_type_is_visible(t.oid)
                )
                
2019-08-07 20:26:37,907 INFO sqlalchemy.engine.base.Engine {'typname': 'status'}
2019-08-07 20:26:37,913 INFO sqlalchemy.engine.base.Engine CREATE TYPE status AS ENUM ('created', 'in_progress', 'canceled', 'failed', 'done')
2019-08-07 20:26:37,914 INFO sqlalchemy.engine.base.Engine {}
2019-08-07 20:26:37,921 INFO sqlalchemy.engine.base.Engine COMMIT
2019-08-07 20:26:37,931 INFO sqlalchemy.engine.base.Engine 
            SELECT EXISTS (
                SELECT * FROM pg_catalog.pg_type t
                WHERE t.typname = %(typname)s
                AND pg_type_is_visible(t.oid)
                )
                
2019-08-07 20:26:37,933 INFO sqlalchemy.engine.base.Engine {'typname': 'status'}
2019-08-07 20:26:37,947 INFO sqlalchemy.engine.base.Engine 
CREATE TABLE job_status (
	uuid VARCHAR NOT NULL, 
	parent_uuid VARCHAR, 
	status status NOT NULL, 
	data_path VARCHAR NOT NULL, 
	tags JSON, 
	extra_details JSON, 
	created TIMESTAMP WITH TIME ZONE DEFAULT now(), 
	updated TIMESTAMP WITH TIME ZONE, 
	PRIMARY KEY (uuid), 
	UNIQUE (uuid)
)


2019-08-07 20:26:37,948 INFO sqlalchemy.engine.base.Engine {}
2019-08-07 20:26:37,963 INFO sqlalchemy.engine.base.Engine COMMIT
2019-08-07 20:26:37,984 INFO sqlalchemy.engine.base.Engine BEGIN (implicit)
2019-08-07 20:26:37,992 INFO sqlalchemy.engine.base.Engine SELECT job_status.uuid AS job_status_uuid, job_status.parent_uuid AS job_status_parent_uuid, job_status.status AS job_status_status, job_status.data_path AS job_status_data_path, job_status.tags AS job_status_tags, job_status.extra_details AS job_status_extra_details, job_status.created AS job_status_created, job_status.updated AS job_status_updated 
FROM job_status 
WHERE job_status.uuid = %(uuid_1)s 
 LIMIT %(param_1)s
2019-08-07 20:26:37,993 INFO sqlalchemy.engine.base.Engine {'uuid_1': 'AAAAA', 'param_1': 1}
2019-08-07 20:26:38,009 INFO sqlalchemy.engine.base.Engine INSERT INTO job_status (uuid, parent_uuid, status, data_path, tags, extra_details, created, updated) VALUES (%(uuid)s, %(parent_uuid)s, %(status)s, %(data_path)s, %(tags)s, %(extra_details)s, %(created)s, %(updated)s)
2019-08-07 20:26:38,010 INFO sqlalchemy.engine.base.Engine {'uuid': 'AAAAA', 'parent_uuid': None, 'status': 'created', 'data_path': '/data/AAAAA', 'tags': '{"a": "b", "c": "d"}', 'extra_details': '{}', 'created': datetime.datetime(2019, 8, 8, 3, 26, 38, 8162), 'updated': None}
2019-08-07 20:26:38,017 INFO sqlalchemy.engine.base.Engine COMMIT
2019-08-07 20:26:38,025 INFO sqlalchemy.engine.base.Engine BEGIN (implicit)
2019-08-07 20:26:38,031 INFO sqlalchemy.engine.base.Engine SELECT job_status.uuid AS job_status_uuid, job_status.parent_uuid AS job_status_parent_uuid, job_status.status AS job_status_status, job_status.extra_details AS job_status_extra_details, job_status.created AS job_status_created, job_status.updated AS job_status_updated 
FROM job_status 
WHERE job_status.uuid = %(param_1)s
2019-08-07 20:26:38,032 INFO sqlalchemy.engine.base.Engine {'param_1': 'AAAAA'}
2019-08-07 20:26:38,045 INFO sqlalchemy.engine.base.Engine UPDATE job_status SET data_path=%(data_path)s, tags=%(tags)s, extra_details=%(extra_details)s, updated=now() WHERE job_status.uuid = %(job_status_uuid)s
2019-08-07 20:26:38,046 INFO sqlalchemy.engine.base.Engine {'data_path': '/data/AAAAA', 'tags': '{"a": "b", "c": "d"}', 'extra_details': '{"simulation_type": "Python"}', 'job_status_uuid': 'AAAAA'}
2019-08-07 20:26:38,050 INFO sqlalchemy.engine.base.Engine COMMIT
2019-08-07 20:26:38,063 INFO sqlalchemy.engine.base.Engine BEGIN (implicit)
2019-08-07 20:26:38,069 INFO sqlalchemy.engine.base.Engine SELECT job_status.uuid AS job_status_uuid, job_status.parent_uuid AS job_status_parent_uuid, job_status.status AS job_status_status, job_status.data_path AS job_status_data_path, job_status.tags AS job_status_tags, job_status.extra_details AS job_status_extra_details, job_status.created AS job_status_created, job_status.updated AS job_status_updated 
FROM job_status 
WHERE job_status.uuid = %(uuid_1)s 
 LIMIT %(param_1)s
2019-08-07 20:26:38,070 INFO sqlalchemy.engine.base.Engine {'uuid_1': 'BBBBB', 'param_1': 1}
2019-08-07 20:26:38,093 INFO sqlalchemy.engine.base.Engine INSERT INTO job_status (uuid, parent_uuid, status, data_path, tags, extra_details, created, updated) VALUES (%(uuid)s, %(parent_uuid)s, %(status)s, %(data_path)s, %(tags)s, %(extra_details)s, %(created)s, %(updated)s)
2019-08-07 20:26:38,095 INFO sqlalchemy.engine.base.Engine {'uuid': 'BBBBB', 'parent_uuid': None, 'status': 'created', 'data_path': '/data/BBBBB', 'tags': '{"e": "f", "g": "h"}', 'extra_details': '{}', 'created': datetime.datetime(2019, 8, 8, 3, 26, 38, 92962), 'updated': None}
2019-08-07 20:26:38,099 INFO sqlalchemy.engine.base.Engine COMMIT
2019-08-07 20:26:38,107 INFO sqlalchemy.engine.base.Engine BEGIN (implicit)
2019-08-07 20:26:38,112 INFO sqlalchemy.engine.base.Engine SELECT job_status.uuid AS job_status_uuid, job_status.parent_uuid AS job_status_parent_uuid, job_status.status AS job_status_status, job_status.extra_details AS job_status_extra_details, job_status.created AS job_status_created, job_status.updated AS job_status_updated 
FROM job_status 
WHERE job_status.uuid = %(param_1)s
2019-08-07 20:26:38,115 INFO sqlalchemy.engine.base.Engine {'param_1': 'BBBBB'}
2019-08-07 20:26:38,131 INFO sqlalchemy.engine.base.Engine UPDATE job_status SET data_path=%(data_path)s, tags=%(tags)s, extra_details=%(extra_details)s, updated=now() WHERE job_status.uuid = %(job_status_uuid)s
2019-08-07 20:26:38,133 INFO sqlalchemy.engine.base.Engine {'data_path': '/data/BBBBB', 'tags': '{"e": "f", "g": "h"}', 'extra_details': '{"simulation_type": "Python"}', 'job_status_uuid': 'BBBBB'}
2019-08-07 20:26:38,138 INFO sqlalchemy.engine.base.Engine COMMIT
2019-08-07 20:26:38,152 INFO sqlalchemy.engine.base.Engine BEGIN (implicit)
2019-08-07 20:26:38,159 INFO sqlalchemy.engine.base.Engine SELECT job_status.uuid AS job_status_uuid, job_status.parent_uuid AS job_status_parent_uuid, job_status.status AS job_status_status, job_status.data_path AS job_status_data_path, job_status.tags AS job_status_tags, job_status.extra_details AS job_status_extra_details, job_status.created AS job_status_created, job_status.updated AS job_status_updated 
FROM job_status 
WHERE job_status.uuid = %(uuid_1)s 
 LIMIT %(param_1)s
2019-08-07 20:26:38,160 INFO sqlalchemy.engine.base.Engine {'uuid_1': 'CCCCC', 'param_1': 1}
2019-08-07 20:26:38,173 INFO sqlalchemy.engine.base.Engine INSERT INTO job_status (uuid, parent_uuid, status, data_path, tags, extra_details, created, updated) VALUES (%(uuid)s, %(parent_uuid)s, %(status)s, %(data_path)s, %(tags)s, %(extra_details)s, %(created)s, %(updated)s)
2019-08-07 20:26:38,174 INFO sqlalchemy.engine.base.Engine {'uuid': 'CCCCC', 'parent_uuid': 'BBBBB', 'status': 'created', 'data_path': '/data/CCCCC', 'tags': '{"i": "j", "k": "l"}', 'extra_details': '{}', 'created': datetime.datetime(2019, 8, 8, 3, 26, 38, 167574), 'updated': None}
2019-08-07 20:26:38,180 INFO sqlalchemy.engine.base.Engine COMMIT
2019-08-07 20:26:38,187 INFO sqlalchemy.engine.base.Engine BEGIN (implicit)
2019-08-07 20:26:38,191 INFO sqlalchemy.engine.base.Engine SELECT job_status.uuid AS job_status_uuid, job_status.parent_uuid AS job_status_parent_uuid, job_status.status AS job_status_status, job_status.extra_details AS job_status_extra_details, job_status.created AS job_status_created, job_status.updated AS job_status_updated 
FROM job_status 
WHERE job_status.uuid = %(param_1)s
2019-08-07 20:26:38,192 INFO sqlalchemy.engine.base.Engine {'param_1': 'CCCCC'}
2019-08-07 20:26:38,205 INFO sqlalchemy.engine.base.Engine UPDATE job_status SET data_path=%(data_path)s, tags=%(tags)s, extra_details=%(extra_details)s, updated=now() WHERE job_status.uuid = %(job_status_uuid)s
2019-08-07 20:26:38,206 INFO sqlalchemy.engine.base.Engine {'data_path': '/data/CCCCC', 'tags': '{"i": "j", "k": "l"}', 'extra_details': '{"simulation_type": "Python"}', 'job_status_uuid': 'CCCCC'}
2019-08-07 20:26:38,211 INFO sqlalchemy.engine.base.Engine COMMIT
2019-08-07 20:26:38,224 INFO sqlalchemy.engine.base.Engine BEGIN (implicit)
2019-08-07 20:26:38,230 INFO sqlalchemy.engine.base.Engine SELECT job_status.uuid AS job_status_uuid, job_status.parent_uuid AS job_status_parent_uuid, job_status.status AS job_status_status, job_status.data_path AS job_status_data_path, job_status.tags AS job_status_tags, job_status.extra_details AS job_status_extra_details, job_status.created AS job_status_created, job_status.updated AS job_status_updated 
FROM job_status 
WHERE job_status.uuid = %(uuid_1)s 
 LIMIT %(param_1)s
2019-08-07 20:26:38,231 INFO sqlalchemy.engine.base.Engine {'uuid_1': 'DDDDD', 'param_1': 1}
2019-08-07 20:26:38,244 INFO sqlalchemy.engine.base.Engine INSERT INTO job_status (uuid, parent_uuid, status, data_path, tags, extra_details, created, updated) VALUES (%(uuid)s, %(parent_uuid)s, %(status)s, %(data_path)s, %(tags)s, %(extra_details)s, %(created)s, %(updated)s)
2019-08-07 20:26:38,246 INFO sqlalchemy.engine.base.Engine {'uuid': 'DDDDD', 'parent_uuid': None, 'status': 'created', 'data_path': '/data/DDDD', 'tags': '{"e": "f", "c": "d"}', 'extra_details': '{}', 'created': datetime.datetime(2019, 8, 8, 3, 26, 38, 243992), 'updated': None}
2019-08-07 20:26:38,251 INFO sqlalchemy.engine.base.Engine COMMIT
2019-08-07 20:26:38,258 INFO sqlalchemy.engine.base.Engine BEGIN (implicit)
2019-08-07 20:26:38,265 INFO sqlalchemy.engine.base.Engine SELECT job_status.uuid AS job_status_uuid, job_status.parent_uuid AS job_status_parent_uuid, job_status.status AS job_status_status, job_status.extra_details AS job_status_extra_details, job_status.created AS job_status_created, job_status.updated AS job_status_updated 
FROM job_status 
WHERE job_status.uuid = %(param_1)s
2019-08-07 20:26:38,266 INFO sqlalchemy.engine.base.Engine {'param_1': 'DDDDD'}
2019-08-07 20:26:38,277 INFO sqlalchemy.engine.base.Engine UPDATE job_status SET data_path=%(data_path)s, tags=%(tags)s, extra_details=%(extra_details)s, updated=now() WHERE job_status.uuid = %(job_status_uuid)s
2019-08-07 20:26:38,278 INFO sqlalchemy.engine.base.Engine {'data_path': '/data/DDDD', 'tags': '{"e": "f", "c": "d"}', 'extra_details': '{"simulation_type": "Python"}', 'job_status_uuid': 'DDDDD'}
2019-08-07 20:26:38,283 INFO sqlalchemy.engine.base.Engine COMMIT
2019-08-07 20:26:38,299 INFO sqlalchemy.engine.base.Engine BEGIN (implicit)
2019-08-07 20:26:38,306 INFO sqlalchemy.engine.base.Engine SELECT job_status.uuid AS job_status_uuid, job_status.parent_uuid AS job_status_parent_uuid, job_status.status AS job_status_status, job_status.data_path AS job_status_data_path, job_status.tags AS job_status_tags, job_status.extra_details AS job_status_extra_details, job_status.created AS job_status_created, job_status.updated AS job_status_updated 
FROM job_status 
WHERE job_status.uuid = %(uuid_1)s 
 LIMIT %(param_1)s
2019-08-07 20:26:38,307 INFO sqlalchemy.engine.base.Engine {'uuid_1': 'EEEEE', 'param_1': 1}
2019-08-07 20:26:38,317 INFO sqlalchemy.engine.base.Engine INSERT INTO job_status (uuid, parent_uuid, status, data_path, tags, extra_details, created, updated) VALUES (%(uuid)s, %(parent_uuid)s, %(status)s, %(data_path)s, %(tags)s, %(extra_details)s, %(created)s, %(updated)s)
2019-08-07 20:26:38,318 INFO sqlalchemy.engine.base.Engine {'uuid': 'EEEEE', 'parent_uuid': 'DDDDD', 'status': 'done', 'data_path': '/data/EEEEE', 'tags': '{"i": "j", "k": "l"}', 'extra_details': '{}', 'created': datetime.datetime(2019, 8, 8, 3, 26, 38, 317327), 'updated': None}
2019-08-07 20:26:38,323 INFO sqlalchemy.engine.base.Engine COMMIT
2019-08-07 20:26:38,333 INFO sqlalchemy.engine.base.Engine BEGIN (implicit)
2019-08-07 20:26:38,339 INFO sqlalchemy.engine.base.Engine SELECT job_status.uuid AS job_status_uuid, job_status.parent_uuid AS job_status_parent_uuid, job_status.status AS job_status_status, job_status.extra_details AS job_status_extra_details, job_status.created AS job_status_created, job_status.updated AS job_status_updated 
FROM job_status 
WHERE job_status.uuid = %(param_1)s
2019-08-07 20:26:38,342 INFO sqlalchemy.engine.base.Engine {'param_1': 'EEEEE'}
2019-08-07 20:26:38,349 INFO sqlalchemy.engine.base.Engine UPDATE job_status SET data_path=%(data_path)s, tags=%(tags)s, extra_details=%(extra_details)s, updated=now() WHERE job_status.uuid = %(job_status_uuid)s
2019-08-07 20:26:38,356 INFO sqlalchemy.engine.base.Engine {'data_path': '/data/EEEEE', 'tags': '{"i": "j", "k": "l"}', 'extra_details': '{"simulation_type": "Python"}', 'job_status_uuid': 'EEEEE'}
2019-08-07 20:26:38,360 INFO sqlalchemy.engine.base.Engine COMMIT
2019-08-07 20:26:38,374 INFO sqlalchemy.engine.base.Engine BEGIN (implicit)
2019-08-07 20:26:38,381 INFO sqlalchemy.engine.base.Engine SELECT job_status.uuid AS job_status_uuid, job_status.parent_uuid AS job_status_parent_uuid, job_status.status AS job_status_status, job_status.data_path AS job_status_data_path, job_status.tags AS job_status_tags, job_status.extra_details AS job_status_extra_details, job_status.created AS job_status_created, job_status.updated AS job_status_updated 
FROM job_status 
WHERE job_status.uuid = %(uuid_1)s 
 LIMIT %(param_1)s
2019-08-07 20:26:38,382 INFO sqlalchemy.engine.base.Engine {'uuid_1': 'FFFFF', 'param_1': 1}
2019-08-07 20:26:38,394 INFO sqlalchemy.engine.base.Engine INSERT INTO job_status (uuid, parent_uuid, status, data_path, tags, extra_details, created, updated) VALUES (%(uuid)s, %(parent_uuid)s, %(status)s, %(data_path)s, %(tags)s, %(extra_details)s, %(created)s, %(updated)s)
2019-08-07 20:26:38,395 INFO sqlalchemy.engine.base.Engine {'uuid': 'FFFFF', 'parent_uuid': 'DDDDD', 'status': 'done', 'data_path': '/data/FFFFF', 'tags': '{"i": "j", "k": "l"}', 'extra_details': '{}', 'created': datetime.datetime(2019, 8, 8, 3, 26, 38, 390798), 'updated': None}
2019-08-07 20:26:38,400 INFO sqlalchemy.engine.base.Engine COMMIT
2019-08-07 20:26:38,406 INFO sqlalchemy.engine.base.Engine BEGIN (implicit)
2019-08-07 20:26:38,412 INFO sqlalchemy.engine.base.Engine SELECT job_status.uuid AS job_status_uuid, job_status.parent_uuid AS job_status_parent_uuid, job_status.status AS job_status_status, job_status.extra_details AS job_status_extra_details, job_status.created AS job_status_created, job_status.updated AS job_status_updated 
FROM job_status 
WHERE job_status.uuid = %(param_1)s
2019-08-07 20:26:38,413 INFO sqlalchemy.engine.base.Engine {'param_1': 'FFFFF'}
2019-08-07 20:26:38,422 INFO sqlalchemy.engine.base.Engine UPDATE job_status SET data_path=%(data_path)s, tags=%(tags)s, extra_details=%(extra_details)s, updated=now() WHERE job_status.uuid = %(job_status_uuid)s
2019-08-07 20:26:38,425 INFO sqlalchemy.engine.base.Engine {'data_path': '/data/FFFFF', 'tags': '{"i": "j", "k": "l"}', 'extra_details': '{"simulation_type": "Python"}', 'job_status_uuid': 'FFFFF'}
2019-08-07 20:26:38,429 INFO sqlalchemy.engine.base.Engine COMMIT

]]>        </system-out>
        <system-err>
            <![CDATA[]]>        </system-err>
    </testcase>
    <testcase classname="test_local_cli_basics.TestLocalCLIBasic" file="test_local_cli_basics.py" line="48"
              name="test_load" time="0.486" timestamp="2019-08-07T20:26:59">
        <system-out>
            <![CDATA[]]>        </system-out>
        <system-err>
            <![CDATA[]]>        </system-err>
    </testcase>
    <testcase classname="test_local_cli_basics.TestLocalCLIBasic" file="test_local_cli_basics.py" line="54"
              name="test_status" time="0.450" timestamp="2019-08-07T20:27:00">
        <system-out>
            <![CDATA[<Result SystemExit(-1)>
]]>        </system-out>
        <system-err>
            <![CDATA[]]>        </system-err>
    </testcase>
</testsuite>
