<?xml version="1.0" encoding="UTF-8"?><testsuite errors="0" failures="1" file="test_docker_operations.py"           name="test_docker_operations.TestDockerOperations-20190807082558" skipped="0" tests="4" time="31.324"           timestamp="2019-08-07T08:27:25">    <testcase classname="test_docker_operations.TestDockerOperations" file="test_docker_operations.py" line="34"              name="test_create_db_starts" time="12.122" timestamp="2019-08-07T08:27:06">        <system-out>            <![CDATA[⠸[0m Stopping IDM Tools Local Platform services[K⠼[0m Stopping IDM Tools Local Platform services[K⠴[0m Stopping IDM Tools Local Platform services[K⠦[0m Stopping IDM Tools Local Platform services[K⠧[0m Stopping IDM Tools Local Platform services[K⠇[0m Stopping IDM Tools Local Platform services[K⠏[0m Stopping IDM Tools Local Platform services[K⠋[0m Stopping IDM Tools Local Platform services[K⠙[0m Stopping IDM Tools Local Platform services[K⠹[0m Stopping IDM Tools Local Platform services[K⠸[0m Stopping IDM Tools Local Platform services[K⠼[0m Stopping IDM Tools Local Platform services[K⠴[0m Stopping IDM Tools Local Platform services[K⠦[0m Stopping IDM Tools Local Platform services[K⠧[0m Stopping IDM Tools Local Platform services[K⠇[0m Stopping IDM Tools Local Platform services[K⠏[0m Stopping IDM Tools Local Platform services[K⠋[0m Stopping IDM Tools Local Platform services[K⠙[0m Stopping IDM Tools Local Platform services[K⠹[0m Stopping IDM Tools Local Platform services[K⠸[0m Stopping IDM Tools Local Platform services[K⠼[0m Stopping IDM Tools Local Platform services[K⠴[0m Stopping IDM Tools Local Platform services[K⠦[0m Stopping IDM Tools Local Platform services[K⠧[0m Stopping IDM Tools Local Platform services[K⠇[0m Stopping IDM Tools Local Platform services[K⠏[0m Stopping IDM Tools Local Platform services[K⠋[0m Stopping IDM Tools Local Platform services[K⠙[0m Stopping IDM Tools Local Platform services[K⠹[0m Stopping IDM Tools Local Platform services[K⠸[0m Stopping IDM Tools Local Platform services[K⠼[0m Stopping IDM Tools Local Platform services[K⠴[0m Stopping IDM Tools Local Platform services[K⠦[0m Stopping IDM Tools Local Platform services[K⠧[0m Stopping IDM Tools Local Platform services[K⠇[0m Stopping IDM Tools Local Platform services[K⠏[0m Stopping IDM Tools Local Platform services[K⠋[0m Stopping IDM Tools Local Platform services[K⠙[0m Stopping IDM Tools Local Platform services[K⠹[0m Stopping IDM Tools Local Platform services[K⠸[0m Stopping IDM Tools Local Platform services[K⠼[0m Stopping IDM Tools Local Platform services[K⠴[0m Stopping IDM Tools Local Platform services[K⠦[0m Stopping IDM Tools Local Platform services[K⠧[0m Stopping IDM Tools Local Platform services[K⠇[0m Stopping IDM Tools Local Platform services[K⠏[0m Stopping IDM Tools Local Platform services[K⠋[0m Stopping IDM Tools Local Platform services[K⠙[0m Stopping IDM Tools Local Platform services[K⠹[0m Stopping IDM Tools Local Platform services[K⠸[0m Stopping IDM Tools Local Platform services[K⠼[0m Stopping IDM Tools Local Platform services[K⠴[0m Stopping IDM Tools Local Platform services[K⠦[0m Stopping IDM Tools Local Platform services[K⠧[0m Stopping IDM Tools Local Platform services[K⠇[0m Stopping IDM Tools Local Platform services[K⠏[0m Stopping IDM Tools Local Platform services[K⠋[0m Stopping IDM Tools Local Platform services[K⠙[0m Stopping IDM Tools Local Platform services[K⠹[0m Stopping IDM Tools Local Platform services[K⠸[0m Stopping IDM Tools Local Platform services[K⠼[0m Stopping IDM Tools Local Platform services[K⠴[0m Stopping IDM Tools Local Platform services[K⠦[0m Stopping IDM Tools Local Platform services[K⠧[0m Stopping IDM Tools Local Platform services[K⠇[0m Stopping IDM Tools Local Platform services[K⠏[0m Stopping IDM Tools Local Platform services[K⠋[0m Stopping IDM Tools Local Platform services[K⠙[0m Stopping IDM Tools Local Platform services[K⠹[0m Stopping IDM Tools Local Platform services[K⠸[0m Stopping IDM Tools Local Platform services[K⠼[0m Stopping IDM Tools Local Platform services[K⠴[0m Stopping IDM Tools Local Platform services[K⠦[0m Stopping IDM Tools Local Platform services[K⠧[0m Stopping IDM Tools Local Platform services[K⠇[0m Stopping IDM Tools Local Platform services[K⠏[0m Stopping IDM Tools Local Platform services[K⠋[0m Stopping IDM Tools Local Platform services[K⠙[0m Stopping IDM Tools Local Platform services[K⠹[0m Stopping IDM Tools Local Platform services[K⠸[0m Stopping IDM Tools Local Platform services[K⠼[0m Stopping IDM Tools Local Platform services[K⠴[0m Stopping IDM Tools Local Platform services[K⠦[0m Stopping IDM Tools Local Platform services[K⠧[0m Stopping IDM Tools Local Platform services[K⠇[0m Stopping IDM Tools Local Platform services[K⠏[0m Stopping IDM Tools Local Platform services[K⠋[0m Stopping IDM Tools Local Platform services[K⠙[0m Stopping IDM Tools Local Platform services[K⠹[0m Stopping IDM Tools Local Platform services[K⠸[0m Stopping IDM Tools Local Platform services[K⠼[0m Stopping IDM Tools Local Platform services[K⠴[0m Stopping IDM Tools Local Platform services[K⠦[0m Stopping IDM Tools Local Platform services[K⠧[0m Stopping IDM Tools Local Platform services[K⠇[0m Stopping IDM Tools Local Platform services[K⠏[0m Stopping IDM Tools Local Platform services[K⠋[0m Stopping IDM Tools Local Platform services[K⠙[0m Stopping IDM Tools Local Platform services[K⠹[0m Stopping IDM Tools Local Platform services[K⠸[0m Stopping IDM Tools Local Platform services[K⠼[0m Stopping IDM Tools Local Platform services[K⠴[0m Stopping IDM Tools Local Platform services[K⠦[0m Stopping IDM Tools Local Platform services[K⠧[0m Stopping IDM Tools Local Platform services[K⠇[0m Stopping IDM Tools Local Platform services[K⠏[0m Stopping IDM Tools Local Platform services[K⠋[0m Stopping IDM Tools Local Platform services[K⠙[0m Stopping IDM Tools Local Platform services[K⠹[0m Stopping IDM Tools Local Platform services[K⠸[0m Stopping IDM Tools Local Platform services[K⠼[0m Stopping IDM Tools Local Platform services[K⠴[0m Stopping IDM Tools Local Platform services[K⠦[0m Stopping IDM Tools Local Platform services[K⠧[0m Stopping IDM Tools Local Platform services[K⠇[0m Stopping IDM Tools Local Platform services[K⠏[0m Stopping IDM Tools Local Platform services[K⠋[0m Stopping IDM Tools Local Platform services[K⠙[0m Stopping IDM Tools Local Platform services[K⠹[0m Stopping IDM Tools Local Platform services[K⠸[0m Stopping IDM Tools Local Platform services[K⠼[0m Stopping IDM Tools Local Platform services[K⠴[0m Stopping IDM Tools Local Platform services[K⠦[0m Stopping IDM Tools Local Platform services[K⠧[0m Stopping IDM Tools Local Platform services[K⠇[0m Stopping IDM Tools Local Platform services[K⠏[0m Stopping IDM Tools Local Platform services[K⠋[0m Stopping IDM Tools Local Platform services[K⠙[0m Stopping IDM Tools Local Platform services[K⠹[0m Stopping IDM Tools Local Platform services[K⠸[0m Stopping IDM Tools Local Platform services[K⠼[0m Stopping IDM Tools Local Platform services[K⠴[0m Stopping IDM Tools Local Platform services[K⠦[0m Stopping IDM Tools Local Platform services[K⠧[0m Stopping IDM Tools Local Platform services[K[K]]>        </system-out>        <system-err>            <![CDATA[]]>        </system-err>    </testcase>    <testcase classname="test_docker_operations.TestDockerOperations" file="test_docker_operations.py" line="28"              name="test_create_redis_starts" time="1.941" timestamp="2019-08-07T08:27:08">        <system-out>            <![CDATA[⠇[0m Stopping IDM Tools Local Platform services[K⠏[0m Stopping IDM Tools Local Platform services[K⠋[0m Stopping IDM Tools Local Platform services[K⠙[0m Stopping IDM Tools Local Platform services[K⠹[0m Stopping IDM Tools Local Platform services[K⠸[0m Stopping IDM Tools Local Platform services[K⠼[0m Stopping IDM Tools Local Platform services[K⠴[0m Stopping IDM Tools Local Platform services[K⠦[0m Stopping IDM Tools Local Platform services[K⠧[0m Stopping IDM Tools Local Platform services[K[K]]>        </system-out>        <system-err>            <![CDATA[]]>        </system-err>    </testcase>    <testcase classname="test_docker_operations.TestDockerOperations" file="test_docker_operations.py" line="91"              name="test_port_taken" time="0.013" timestamp="2019-08-07T08:27:25">        <system-out>            <![CDATA[]]>        </system-out>        <system-err>            <![CDATA[]]>        </system-err>    </testcase>    <testcase classname="test_docker_operations.TestDockerOperations" file="test_docker_operations.py" line="44"              name="test_create_stack_starts [can_copy_to_container]" time="17.247" timestamp="2019-08-07T08:27:25">        <failure                message="'Hello World!' not found in '\r⠋\x1b[0m Ensure IDM Tools Local Platform services are loaded\x1b[K\r⠙\x1b[0m Ensure IDM Tools Local Platform services are loaded\x1b[K\r⠹\x1b[0m Ensure IDM Tools Local Platform services are loaded\x1b[K\r⠸\x1b[0m Ensure IDM Tools Local Platform services are loaded\x1b[K\r⠼\x1b[0m Ensure IDM Tools Local Platform services are loaded\x1b[K\r⠴\x1b[0m Ensure IDM Tools Local Platform services are loaded\x1b[K\r⠦\x1b[0m Ensure IDM Tools Local Platform services are loaded\x1b[K\r⠧\x1b[0m Ensure IDM Tools Local Platform services are loaded\x1b[K\r⠇\x1b[0m Ensure IDM Tools Local Platform services are loaded\x1b[K\r⠏\x1b[0m Ensure IDM Tools Local Platform services are loaded\x1b[K\r⠋\x1b[0m Ensure IDM Tools Local Platform services are loaded\x1b[K\r⠙\x1b[0m Ensure IDM Tools Local Platform services are loaded\x1b[K\r⠹\x1b[0m Ensure IDM Tools Local Platform services are loaded\x1b[K\r⠸\x1b[0m Ensure IDM Tools Local Platform services are loaded\x1b[K\r⠼\x1b[0m Ensure IDM Tools Local Platform services are loaded\x1b[K\r⠴\x1b[0m Ensure IDM Tools Local Platform services are loaded\x1b[K\r⠦\x1b[0m Ensure IDM Tools Local Platform services are loaded\x1b[K\r⠧\x1b[0m Ensure IDM Tools Local Platform services are loaded\x1b[K\r⠇\x1b[0m Ensure IDM Tools Local Platform services are loaded\x1b[K\r⠏\x1b[0m Ensure IDM Tools Local Platform services are loaded\x1b[K\r⠋\x1b[0m Ensure IDM Tools Local Platform services are loaded\x1b[K\r⠙\x1b[0m Ensure IDM Tools Local Platform services are loaded\x1b[K\r⠹\x1b[0m Ensure IDM Tools Local Platform services are loaded\x1b[K\r⠸\x1b[0m Ensure IDM Tools Local Platform services are loaded\x1b[K\r⠼\x1b[0m Ensure IDM Tools Local Platform services are loaded\x1b[K\r⠴\x1b[0m Ensure IDM Tools Local Platform services are loaded\x1b[K\r⠦\x1b[0m Ensure IDM Tools Local Platform services are loaded\x1b[K\r⠧\x1b[0m Ensure IDM Tools Local Platform services are loaded\x1b[K\r⠇\x1b[0m Ensure IDM Tools Local Platform services are loaded\x1b[K\r⠏\x1b[0m Ensure IDM Tools Local Platform services are loaded\x1b[K\r⠋\x1b[0m Ensure IDM Tools Local Platform services are loaded\x1b[K\r⠙\x1b[0m Ensure IDM Tools Local Platform services are loaded\x1b[K\r⠹\x1b[0m Ensure IDM Tools Local Platform services are loaded\x1b[K\r⠸\x1b[0m Ensure IDM Tools Local Platform services are loaded\x1b[K\r⠼\x1b[0m Ensure IDM Tools Local Platform services are loaded\x1b[K\r⠴\x1b[0m Ensure IDM Tools Local Platform services are loaded\x1b[K\r⠦\x1b[0m Ensure IDM Tools Local Platform services are loaded\x1b[K\r⠧\x1b[0m Ensure IDM Tools Local Platform services are loaded\x1b[K\r⠇\x1b[0m Ensure IDM Tools Local Platform services are loaded\x1b[K\r⠏\x1b[0m Ensure IDM Tools Local Platform services are loaded\x1b[K\r⠋\x1b[0m Ensure IDM Tools Local Platform services are loaded\x1b[K\r⠙\x1b[0m Ensure IDM Tools Local Platform services are loaded\x1b[K\r⠹\x1b[0m Ensure IDM Tools Local Platform services are loaded\x1b[K\r⠸\x1b[0m Ensure IDM Tools Local Platform services are loaded\x1b[K\r⠼\x1b[0m Ensure IDM Tools Local Platform services are loaded\x1b[K\r⠴\x1b[0m Ensure IDM Tools Local Platform services are loaded\x1b[K\r⠦\x1b[0m Ensure IDM Tools Local Platform services are loaded\x1b[K\r⠧\x1b[0m Ensure IDM Tools Local Platform services are loaded\x1b[K\r⠇\x1b[0m Ensure IDM Tools Local Platform services are loaded\x1b[K\r⠏\x1b[0m Ensure IDM Tools Local Platform services are loaded\x1b[K\r⠋\x1b[0m Ensure IDM Tools Local Platform services are loaded\x1b[K\r⠙\x1b[0m Ensure IDM Tools Local Platform services are loaded\x1b[K\r⠹\x1b[0m Ensure IDM Tools Local Platform services are loaded\x1b[K\r⠸\x1b[0m Ensure IDM Tools Local Platform services are loaded\x1b[K\r⠼\x1b[0m Ensure IDM Tools Local Platform services are loaded\x1b[K\r⠴\x1b[0m Ensure IDM Tools Local Platform services are loaded\x1b[K\r⠦\x1b[0m Ensure IDM Tools Local Platform services are loaded\x1b[K\r⠧\x1b[0m Ensure IDM Tools Local Platform services are loaded\x1b[K\r⠇\x1b[0m Ensure IDM Tools Local Platform services are loaded\x1b[K\r⠏\x1b[0m Ensure IDM Tools Local Platform services are loaded\x1b[K\r⠋\x1b[0m Ensure IDM Tools Local Platform services are loaded\x1b[K\r⠙\x1b[0m Ensure IDM Tools Local Platform services are loaded\x1b[K\r⠹\x1b[0m Ensure IDM Tools Local Platform services are loaded\x1b[K\r⠸\x1b[0m Ensure IDM Tools Local Platform services are loaded\x1b[K\r⠼\x1b[0m Ensure IDM Tools Local Platform services are loaded\x1b[K\r⠴\x1b[0m Ensure IDM Tools Local Platform services are loaded\x1b[K\r⠦\x1b[0m Ensure IDM Tools Local Platform services are loaded\x1b[K\r⠧\x1b[0m Ensure IDM Tools Local Platform services are loaded\x1b[K\r⠇\x1b[0m Ensure IDM Tools Local Platform services are loaded\x1b[K\r⠏\x1b[0m Ensure IDM Tools Local Platform services are loaded\x1b[K\r⠋\x1b[0m Ensure IDM Tools Local Platform services are loaded\x1b[K\r⠙\x1b[0m Ensure IDM Tools Local Platform services are loaded\x1b[K\r⠹\x1b[0m Ensure IDM Tools Local Platform services are loaded\x1b[K\r⠸\x1b[0m Ensure IDM Tools Local Platform services are loaded\x1b[K\r⠼\x1b[0m Ensure IDM Tools Local Platform services are loaded\x1b[K\r⠴\x1b[0m Ensure IDM Tools Local Platform services are loaded\x1b[K\r⠦\x1b[0m Ensure IDM Tools Local Platform services are loaded\x1b[K\r⠧\x1b[0m Ensure IDM Tools Local Platform services are loaded\x1b[K\r⠇\x1b[0m Ensure IDM Tools Local Platform services are loaded\x1b[K\r⠏\x1b[0m Ensure IDM Tools Local Platform services are loaded\x1b[K\r⠋\x1b[0m Ensure IDM Tools Local Platform services are loaded\x1b[K\r⠙\x1b[0m Ensure IDM Tools Local Platform services are loaded\x1b[K\r⠹\x1b[0m Ensure IDM Tools Local Platform services are loaded\x1b[K\r⠸\x1b[0m Ensure IDM Tools Local Platform services are loaded\x1b[K\r⠼\x1b[0m Ensure IDM Tools Local Platform services are loaded\x1b[K\r⠴\x1b[0m Ensure IDM Tools Local Platform services are loaded\x1b[K\r⠦\x1b[0m Ensure IDM Tools Local Platform services are loaded\x1b[K\r⠧\x1b[0m Ensure IDM Tools Local Platform services are loaded\x1b[K\r⠇\x1b[0m Ensure IDM Tools Local Platform services are loaded\x1b[K\r⠏\x1b[0m Ensure IDM Tools Local Platform services are loaded\x1b[K\r⠋\x1b[0m Ensure IDM Tools Local Platform services are loaded\x1b[K\r⠙\x1b[0m Ensure IDM Tools Local Platform services are loaded\x1b[K\r⠹\x1b[0m Ensure IDM Tools Local Platform services are loaded\x1b[K\r⠸\x1b[0m Ensure IDM Tools Local Platform services are loaded\x1b[K\r⠼\x1b[0m Ensure IDM Tools Local Platform services are loaded\x1b[K\r⠴\x1b[0m Ensure IDM Tools Local Platform services are loaded\x1b[K\r⠦\x1b[0m Ensure IDM Tools Local Platform services are loaded\x1b[K\r⠧\x1b[0m Ensure IDM Tools Local Platform services are loaded\x1b[K\r⠇\x1b[0m Ensure IDM Tools Local Platform services are loaded\x1b[K\r\x1b[K'"                type="AssertionError">            <![CDATA[Traceback (most recent call last):  File "/home/clinton/development/work/idmtools/idmtools_platform_local/tests/test_docker_operations.py", line 62, in test_create_stack_starts    self.assertIn('Hello World!', std_capture.getvalue())AssertionError: 'Hello World!' not found in '\r⠋\x1b[0m Ensure IDM Tools Local Platform services are loaded\x1b[K\r⠙\x1b[0m Ensure IDM Tools Local Platform services are loaded\x1b[K\r⠹\x1b[0m Ensure IDM Tools Local Platform services are loaded\x1b[K\r⠸\x1b[0m Ensure IDM Tools Local Platform services are loaded\x1b[K\r⠼\x1b[0m Ensure IDM Tools Local Platform services are loaded\x1b[K\r⠴\x1b[0m Ensure IDM Tools Local Platform services are loaded\x1b[K\r⠦\x1b[0m Ensure IDM Tools Local Platform services are loaded\x1b[K\r⠧\x1b[0m Ensure IDM Tools Local Platform services are loaded\x1b[K\r⠇\x1b[0m Ensure IDM Tools Local Platform services are loaded\x1b[K\r⠏\x1b[0m Ensure IDM Tools Local Platform services are loaded\x1b[K\r⠋\x1b[0m Ensure IDM Tools Local Platform services are loaded\x1b[K\r⠙\x1b[0m Ensure IDM Tools Local Platform services are loaded\x1b[K\r⠹\x1b[0m Ensure IDM Tools Local Platform services are loaded\x1b[K\r⠸\x1b[0m Ensure IDM Tools Local Platform services are loaded\x1b[K\r⠼\x1b[0m Ensure IDM Tools Local Platform services are loaded\x1b[K\r⠴\x1b[0m Ensure IDM Tools Local Platform services are loaded\x1b[K\r⠦\x1b[0m Ensure IDM Tools Local Platform services are loaded\x1b[K\r⠧\x1b[0m Ensure IDM Tools Local Platform services are loaded\x1b[K\r⠇\x1b[0m Ensure IDM Tools Local Platform services are loaded\x1b[K\r⠏\x1b[0m Ensure IDM Tools Local Platform services are loaded\x1b[K\r⠋\x1b[0m Ensure IDM Tools Local Platform services are loaded\x1b[K\r⠙\x1b[0m Ensure IDM Tools Local Platform services are loaded\x1b[K\r⠹\x1b[0m Ensure IDM Tools Local Platform services are loaded\x1b[K\r⠸\x1b[0m Ensure IDM Tools Local Platform services are loaded\x1b[K\r⠼\x1b[0m Ensure IDM Tools Local Platform services are loaded\x1b[K\r⠴\x1b[0m Ensure IDM Tools Local Platform services are loaded\x1b[K\r⠦\x1b[0m Ensure IDM Tools Local Platform services are loaded\x1b[K\r⠧\x1b[0m Ensure IDM Tools Local Platform services are loaded\x1b[K\r⠇\x1b[0m Ensure IDM Tools Local Platform services are loaded\x1b[K\r⠏\x1b[0m Ensure IDM Tools Local Platform services are loaded\x1b[K\r⠋\x1b[0m Ensure IDM Tools Local Platform services are loaded\x1b[K\r⠙\x1b[0m Ensure IDM Tools Local Platform services are loaded\x1b[K\r⠹\x1b[0m Ensure IDM Tools Local Platform services are loaded\x1b[K\r⠸\x1b[0m Ensure IDM Tools Local Platform services are loaded\x1b[K\r⠼\x1b[0m Ensure IDM Tools Local Platform services are loaded\x1b[K\r⠴\x1b[0m Ensure IDM Tools Local Platform services are loaded\x1b[K\r⠦\x1b[0m Ensure IDM Tools Local Platform services are loaded\x1b[K\r⠧\x1b[0m Ensure IDM Tools Local Platform services are loaded\x1b[K\r⠇\x1b[0m Ensure IDM Tools Local Platform services are loaded\x1b[K\r⠏\x1b[0m Ensure IDM Tools Local Platform services are loaded\x1b[K\r⠋\x1b[0m Ensure IDM Tools Local Platform services are loaded\x1b[K\r⠙\x1b[0m Ensure IDM Tools Local Platform services are loaded\x1b[K\r⠹\x1b[0m Ensure IDM Tools Local Platform services are loaded\x1b[K\r⠸\x1b[0m Ensure IDM Tools Local Platform services are loaded\x1b[K\r⠼\x1b[0m Ensure IDM Tools Local Platform services are loaded\x1b[K\r⠴\x1b[0m Ensure IDM Tools Local Platform services are loaded\x1b[K\r⠦\x1b[0m Ensure IDM Tools Local Platform services are loaded\x1b[K\r⠧\x1b[0m Ensure IDM Tools Local Platform services are loaded\x1b[K\r⠇\x1b[0m Ensure IDM Tools Local Platform services are loaded\x1b[K\r⠏\x1b[0m Ensure IDM Tools Local Platform services are loaded\x1b[K\r⠋\x1b[0m Ensure IDM Tools Local Platform services are loaded\x1b[K\r⠙\x1b[0m Ensure IDM Tools Local Platform services are loaded\x1b[K\r⠹\x1b[0m Ensure IDM Tools Local Platform services are loaded\x1b[K\r⠸\x1b[0m Ensure IDM Tools Local Platform services are loaded\x1b[K\r⠼\x1b[0m Ensure IDM Tools Local Platform services are loaded\x1b[K\r⠴\x1b[0m Ensure IDM Tools Local Platform services are loaded\x1b[K\r⠦\x1b[0m Ensure IDM Tools Local Platform services are loaded\x1b[K\r⠧\x1b[0m Ensure IDM Tools Local Platform services are loaded\x1b[K\r⠇\x1b[0m Ensure IDM Tools Local Platform services are loaded\x1b[K\r⠏\x1b[0m Ensure IDM Tools Local Platform services are loaded\x1b[K\r⠋\x1b[0m Ensure IDM Tools Local Platform services are loaded\x1b[K\r⠙\x1b[0m Ensure IDM Tools Local Platform services are loaded\x1b[K\r⠹\x1b[0m Ensure IDM Tools Local Platform services are loaded\x1b[K\r⠸\x1b[0m Ensure IDM Tools Local Platform services are loaded\x1b[K\r⠼\x1b[0m Ensure IDM Tools Local Platform services are loaded\x1b[K\r⠴\x1b[0m Ensure IDM Tools Local Platform services are loaded\x1b[K\r⠦\x1b[0m Ensure IDM Tools Local Platform services are loaded\x1b[K\r⠧\x1b[0m Ensure IDM Tools Local Platform services are loaded\x1b[K\r⠇\x1b[0m Ensure IDM Tools Local Platform services are loaded\x1b[K\r⠏\x1b[0m Ensure IDM Tools Local Platform services are loaded\x1b[K\r⠋\x1b[0m Ensure IDM Tools Local Platform services are loaded\x1b[K\r⠙\x1b[0m Ensure IDM Tools Local Platform services are loaded\x1b[K\r⠹\x1b[0m Ensure IDM Tools Local Platform services are loaded\x1b[K\r⠸\x1b[0m Ensure IDM Tools Local Platform services are loaded\x1b[K\r⠼\x1b[0m Ensure IDM Tools Local Platform services are loaded\x1b[K\r⠴\x1b[0m Ensure IDM Tools Local Platform services are loaded\x1b[K\r⠦\x1b[0m Ensure IDM Tools Local Platform services are loaded\x1b[K\r⠧\x1b[0m Ensure IDM Tools Local Platform services are loaded\x1b[K\r⠇\x1b[0m Ensure IDM Tools Local Platform services are loaded\x1b[K\r⠏\x1b[0m Ensure IDM Tools Local Platform services are loaded\x1b[K\r⠋\x1b[0m Ensure IDM Tools Local Platform services are loaded\x1b[K\r⠙\x1b[0m Ensure IDM Tools Local Platform services are loaded\x1b[K\r⠹\x1b[0m Ensure IDM Tools Local Platform services are loaded\x1b[K\r⠸\x1b[0m Ensure IDM Tools Local Platform services are loaded\x1b[K\r⠼\x1b[0m Ensure IDM Tools Local Platform services are loaded\x1b[K\r⠴\x1b[0m Ensure IDM Tools Local Platform services are loaded\x1b[K\r⠦\x1b[0m Ensure IDM Tools Local Platform services are loaded\x1b[K\r⠧\x1b[0m Ensure IDM Tools Local Platform services are loaded\x1b[K\r⠇\x1b[0m Ensure IDM Tools Local Platform services are loaded\x1b[K\r⠏\x1b[0m Ensure IDM Tools Local Platform services are loaded\x1b[K\r⠋\x1b[0m Ensure IDM Tools Local Platform services are loaded\x1b[K\r⠙\x1b[0m Ensure IDM Tools Local Platform services are loaded\x1b[K\r⠹\x1b[0m Ensure IDM Tools Local Platform services are loaded\x1b[K\r⠸\x1b[0m Ensure IDM Tools Local Platform services are loaded\x1b[K\r⠼\x1b[0m Ensure IDM Tools Local Platform services are loaded\x1b[K\r⠴\x1b[0m Ensure IDM Tools Local Platform services are loaded\x1b[K\r⠦\x1b[0m Ensure IDM Tools Local Platform services are loaded\x1b[K\r⠧\x1b[0m Ensure IDM Tools Local Platform services are loaded\x1b[K\r⠇\x1b[0m Ensure IDM Tools Local Platform services are loaded\x1b[K\r\x1b[K']]>        </failure>        <system-out>            <![CDATA[]]>        </system-out>        <system-err>            <![CDATA[]]>        </system-err>    </testcase></testsuite>