<?xml version="1.0" encoding="UTF-8"?>
<testsuite errors="2" failures="0" file="test_python_simulation.py"
           name="test_python_simulation.TestPythonSimulation-20190807211648" skipped="0" tests="2" time="151.061"
           timestamp="2019-08-07T21:20:31">
    <testcase classname="test_python_simulation.TestPythonSimulation" file="test_python_simulation.py" line="75"
              name="test_add_prefixed_relative_path_to_assets_local" time="120.859" timestamp="2019-08-07T21:20:01">
        <error message="CreateSimulationTask('SHH7OQB2', {'a': 0})" type="ResultTimeout">
            <![CDATA[Traceback (most recent call last):
  File "/home/clinton/development/work/idmtools/idmtools_platform_local/tests/test_python_simulation.py", line 101, in test_add_prefixed_relative_path_to_assets_local
    em.run()
  File "/home/clinton/development/work/idmtools/idmtools_core/idmtools/managers/ExperimentManager.py", line 95, in run
    self.create_simulations()
  File "/home/clinton/development/work/idmtools/idmtools_core/idmtools/managers/ExperimentManager.py", line 74, in create_simulations
    for sim_batch in results:
  File "/usr/lib/python3.7/concurrent/futures/_base.py", line 586, in result_iterator
    yield fs.pop().result()
  File "/usr/lib/python3.7/concurrent/futures/_base.py", line 425, in result
    return self.__get_result()
  File "/usr/lib/python3.7/concurrent/futures/_base.py", line 384, in __get_result
    raise self._exception
  File "/usr/lib/python3.7/concurrent/futures/thread.py", line 57, in run
    result = self.fn(*self.args, **self.kwargs)
  File "/home/clinton/development/work/idmtools/idmtools_core/idmtools/managers/ExperimentManager.py", line 56, in simulation_batch_worker_thread
    ids = self.platform.create_simulations(simulation_batch)
  File "/home/clinton/development/work/idmtools/idmtools_platform_local/idmtools_platform_local/local_platform.py", line 156, in create_simulations
    sid = m.get_result(block=True, timeout=self.default_timeout * 1000)
  File "/home/clinton/.virtualenvs/idmtools/lib/python3.7/site-packages/dramatiq/message.py", line 147, in get_result
    return backend.get_result(self, block=block, timeout=timeout)
  File "/home/clinton/.virtualenvs/idmtools/lib/python3.7/site-packages/dramatiq/results/backends/redis.py", line 81, in get_result
    raise ResultTimeout(message)
dramatiq.results.errors.ResultTimeout: CreateSimulationTask('SHH7OQB2', {'a': 0})
]]>        </error>
        <system-out>
            <![CDATA[
[K[Local_Staging]: the following Config Settings are not used:
 - extra2 = 2
 - extra1 = 1

[K]]>        </system-out>
        <system-err>
            <![CDATA[2019-08-07 21:18:08 sahara docker.utils.config[26785] DEBUG Trying paths: ['/home/clinton/.docker/config.json', '/home/clinton/.dockercfg']
2019-08-07 21:18:08 sahara docker.utils.config[26785] DEBUG Found file at path: /home/clinton/.docker/config.json
2019-08-07 21:18:08 sahara docker.auth[26785] DEBUG Found 'auths' section
2019-08-07 21:18:08 sahara docker.auth[26785] DEBUG Found entry (registry='docker.packages.idmod.org', username='ccollins@idmod.org')
2019-08-07 21:18:08 sahara docker.auth[26785] DEBUG Found entry (registry='iazdvfil01.azurecr.io', username='iazdvfil01')
2019-08-07 21:18:08 sahara docker.auth[26785] DEBUG Found entry (registry='idm-docker-production.packages.idmod.org', username='ccollins@idmod.org')
2019-08-07 21:18:08 sahara docker.auth[26785] DEBUG Found entry (registry='idm-docker-staging.packages.idmod.org', username='ccollins@idmod.org')
2019-08-07 21:18:08 sahara idmtools_platform_local.docker.DockerOperations[26785] DEBUG Ensuring redis is running
2019-08-07 21:18:08 sahara idmtools_platform_local.docker.DockerOperations[26785] DEBUG Ensuring postgres is running
2019-08-07 21:18:08 sahara idmtools_platform_local.docker.DockerOperations[26785] DEBUG Ensuring worker is running
2019-08-07 21:18:09 sahara docker.utils.config[26785] DEBUG Trying paths: ['/home/clinton/.docker/config.json', '/home/clinton/.dockercfg']
2019-08-07 21:18:09 sahara docker.utils.config[26785] DEBUG Found file at path: /home/clinton/.docker/config.json
2019-08-07 21:18:09 sahara docker.auth[26785] DEBUG Found 'auths' section
2019-08-07 21:18:09 sahara docker.auth[26785] DEBUG Found entry (registry='docker.packages.idmod.org', username='ccollins@idmod.org')
2019-08-07 21:18:09 sahara docker.auth[26785] DEBUG Found entry (registry='iazdvfil01.azurecr.io', username='iazdvfil01')
2019-08-07 21:18:09 sahara docker.auth[26785] DEBUG Found entry (registry='idm-docker-production.packages.idmod.org', username='ccollins@idmod.org')
2019-08-07 21:18:09 sahara docker.auth[26785] DEBUG Found entry (registry='idm-docker-staging.packages.idmod.org', username='ccollins@idmod.org')
2019-08-07 21:18:09 sahara idmtools_platform_local.docker.DockerOperations[26785] DEBUG Creating network idmtools
2019-08-07 21:18:09 sahara idmtools_platform_local.docker.DockerOperations[26785] DEBUG Ensuring redis is running
2019-08-07 21:18:09 sahara idmtools_platform_local.docker.DockerOperations[26785] DEBUG Redis Config: {'name': 'idmtools_redis', 'hostname': 'redis', 'image': 'redis:5.0.4-alpine', 'ports': {6379: 6379}, 'volumes': {'/home/clinton/development/work/idmtools/idmtools_platform_local/tests/.local_data/redis-data': {'bind': '/data', 'mode': 'rw'}}, 'user': '1000:1000', 'restart_policy': {'MaximumRetryCount': 15, 'name': 'on-failure'}, 'detach': True, 'labels': {'idmtools_version': '0.1.0+nightly0'}, 'mem_limit': '128m', 'mem_reservation': '64m'}
2019-08-07 21:18:09 sahara idmtools_platform_local.docker.DockerOperations[26785] DEBUG Redis Container Config {'name': 'idmtools_redis', 'hostname': 'redis', 'image': 'redis:5.0.4-alpine', 'ports': {6379: 6379}, 'volumes': {'/home/clinton/development/work/idmtools/idmtools_platform_local/tests/.local_data/redis-data': {'bind': '/data', 'mode': 'rw'}}, 'user': '1000:1000', 'restart_policy': {'MaximumRetryCount': 15, 'name': 'on-failure'}, 'detach': True, 'labels': {'idmtools_version': '0.1.0+nightly0'}, 'mem_limit': '128m', 'mem_reservation': '64m'}
2019-08-07 21:18:10 sahara idmtools_platform_local.docker.DockerOperations[26785] DEBUG Ensuring postgres is running
2019-08-07 21:18:10 sahara idmtools_platform_local.docker.DockerOperations[26785] DEBUG Postgres Config: {'name': 'idmtools_postgres', 'image': 'postgres:11.4', 'ports': {5432: 5432}, 'volumes': {'idmtools_local_postgres': {'bind': '/var/lib/postgresql/data', 'mode': 'rw'}}, 'hostname': 'postgres', 'environment': ['POSTGRES_USER=idmtools', 'POSTGRES_PASSWORD=idmtools'], 'restart_policy': {'MaximumRetryCount': 15, 'name': 'on-failure'}, 'detach': True, 'labels': {'idmtools_version': '0.1.0+nightly0'}, 'mem_limit': '64m', 'mem_reservation': '32m'}
2019-08-07 21:18:10 sahara idmtools_platform_local.docker.DockerOperations[26785] DEBUG Postgres Container Config {'name': 'idmtools_postgres', 'image': 'postgres:11.4', 'ports': {5432: 5432}, 'volumes': {'idmtools_local_postgres': {'bind': '/var/lib/postgresql/data', 'mode': 'rw'}}, 'hostname': 'postgres', 'environment': ['POSTGRES_USER=idmtools', 'POSTGRES_PASSWORD=idmtools'], 'restart_policy': {'MaximumRetryCount': 15, 'name': 'on-failure'}, 'detach': True, 'labels': {'idmtools_version': '0.1.0+nightly0'}, 'mem_limit': '64m', 'mem_reservation': '32m'}
2019-08-07 21:18:16 sahara idmtools_platform_local.docker.DockerOperations[26785] DEBUG Ensuring worker is running
2019-08-07 21:18:16 sahara idmtools_platform_local.docker.DockerOperations[26785] DEBUG Creating working container
2019-08-07 21:18:16 sahara idmtools_platform_local.docker.DockerOperations[26785] DEBUG Worker Config: {'name': 'idmtools_workers', 'hostname': 'idmtools', 'image': 'idm-docker-staging.packages.idmod.org/idmtools_local_workers:latest', 'ports': {5000: 5000}, 'links': {'idmtools_redis': 'redis', 'idmtools_postgres': 'postgres'}, 'volumes': {'/home/clinton/development/work/idmtools/idmtools_platform_local/tests/.local_data/workers': {'bind': '/data', 'mode': 'rw'}, '/var/run/docker.sock': {'bind': '/var/run/docker.sock', 'mode': 'rw'}}, 'runtime': None, 'environment': ['REDIS_URL=redis://redis:6379', 'CURRENT_UID=1000:1000'], 'restart_policy': {'MaximumRetryCount': 15, 'name': 'on-failure'}, 'detach': True, 'labels': {'idmtools_version': '0.1.0+nightly0'}, 'mem_limit': '128m', 'mem_reservation': '64m'}
2019-08-07 21:18:16 sahara idmtools_platform_local.docker.DockerOperations[26785] DEBUG Worker Container Config {'name': 'idmtools_workers', 'hostname': 'idmtools', 'image': 'idm-docker-staging.packages.idmod.org/idmtools_local_workers:latest', 'ports': {5000: 5000}, 'links': {'idmtools_redis': 'redis', 'idmtools_postgres': 'postgres'}, 'volumes': {'/home/clinton/development/work/idmtools/idmtools_platform_local/tests/.local_data/workers': {'bind': '/data', 'mode': 'rw'}, '/var/run/docker.sock': {'bind': '/var/run/docker.sock', 'mode': 'rw'}}, 'runtime': None, 'environment': ['REDIS_URL=redis://redis:6379', 'CURRENT_UID=1000:1000'], 'restart_policy': {'MaximumRetryCount': 15, 'name': 'on-failure'}, 'detach': True, 'labels': {'idmtools_version': '0.1.0+nightly0'}, 'mem_limit': '128m', 'mem_reservation': '64m'}
2019-08-07 21:18:20 sahara dramatiq.broker.RedisBroker[26785] DEBUG Enqueueing message 'fb9fa598-d355-4851-90b4-d38ee3ac8561' on queue 'default'.
2019-08-07 21:18:20 sahara idmtools_platform_local.docker.DockerOperations[26785] DEBUG Ensuring worker is running
2019-08-07 21:18:21 sahara idmtools_platform_local.docker.DockerOperations[26785] DEBUG Ensuring worker is running
2019-08-07 21:18:21 sahara idmtools_platform_local.local_platform[26785] DEBUG Creating directory /data/SHH7OQB2/Assets/MyExternalLibrary result: ExecResult(exit_code=0, output=b'')
2019-08-07 21:18:21 sahara idmtools_platform_local.docker.DockerOperations[26785] DEBUG Ensuring worker is running
2019-08-07 21:18:21 sahara idmtools_platform_local.docker.DockerOperations[26785] DEBUG Copying /home/clinton/development/work/idmtools/idmtools_test/idmtools_test/inputs/python/Assets/MyExternalLibrary/functions.py to docker container fecb7c73958b66ce6012c8d505485799a8271e0337c01af8bf23ec00b27eb77a:/data/SHH7OQB2/Assets/MyExternalLibrary
2019-08-07 21:18:21 sahara idmtools_platform_local.docker.DockerOperations[26785] DEBUG Copying /home/clinton/development/work/idmtools/idmtools_test/idmtools_test/inputs/python/Assets/MyExternalLibrary/functions.py to tar stream
2019-08-07 21:18:22 sahara idmtools_platform_local.docker.DockerOperations[26785] DEBUG Ensuring worker is running
2019-08-07 21:18:22 sahara idmtools_platform_local.local_platform[26785] DEBUG Creating directory /data/SHH7OQB2/Assets/MyExternalLibrary result: ExecResult(exit_code=0, output=b'')
2019-08-07 21:18:22 sahara idmtools_platform_local.docker.DockerOperations[26785] DEBUG Ensuring worker is running
2019-08-07 21:18:22 sahara idmtools_platform_local.docker.DockerOperations[26785] DEBUG Copying /home/clinton/development/work/idmtools/idmtools_test/idmtools_test/inputs/python/Assets/MyExternalLibrary/__init__.py to docker container fecb7c73958b66ce6012c8d505485799a8271e0337c01af8bf23ec00b27eb77a:/data/SHH7OQB2/Assets/MyExternalLibrary
2019-08-07 21:18:22 sahara idmtools_platform_local.docker.DockerOperations[26785] DEBUG Copying /home/clinton/development/work/idmtools/idmtools_test/idmtools_test/inputs/python/Assets/MyExternalLibrary/__init__.py to tar stream
2019-08-07 21:18:23 sahara idmtools_platform_local.docker.DockerOperations[26785] DEBUG Ensuring worker is running
2019-08-07 21:18:23 sahara idmtools_platform_local.local_platform[26785] DEBUG Creating directory /data/SHH7OQB2/Assets result: ExecResult(exit_code=0, output=b'')
2019-08-07 21:18:23 sahara idmtools_platform_local.docker.DockerOperations[26785] DEBUG Ensuring worker is running
2019-08-07 21:18:23 sahara idmtools_platform_local.docker.DockerOperations[26785] DEBUG Copying /home/clinton/development/work/idmtools/idmtools_test/idmtools_test/inputs/python/model.py to docker container fecb7c73958b66ce6012c8d505485799a8271e0337c01af8bf23ec00b27eb77a:/data/SHH7OQB2/Assets
2019-08-07 21:18:23 sahara idmtools_platform_local.docker.DockerOperations[26785] DEBUG Copying /home/clinton/development/work/idmtools/idmtools_test/idmtools_test/inputs/python/model.py to tar stream
2019-08-07 21:18:24 sahara root[26785] DEBUG Saving be309a07243024b0b3dcab2aa6e8d90f to platforms
2019-08-07 21:18:24 sahara root[26785] DEBUG Saving SHH7OQB2 to experiments
]]>        </system-err>
    </testcase>
    <testcase classname="test_python_simulation.TestPythonSimulation" file="test_python_simulation.py" line="30"
              name="test_direct_sweep_one_parameter_local" time="30.202" timestamp="2019-08-07T21:20:31">
        <error message="reload() argument must be a module" type="TypeError">
            <![CDATA[Traceback (most recent call last):
  File "/home/clinton/development/work/idmtools/idmtools_test/idmtools_test/utils/decorators.py", line 76, in wrapper
    result = func(*args, **kwargs)
  File "/home/clinton/development/work/idmtools/idmtools_platform_local/tests/test_python_simulation.py", line 37, in test_direct_sweep_one_parameter_local
    reload(CreateExperimentTask)
  File "/usr/lib/python3.7/importlib/__init__.py", line 140, in reload
    raise TypeError("reload() argument must be a module")
TypeError: reload() argument must be a module
]]>        </error>
        <system-out>
            <![CDATA[
[K
[K
[K[Local_Staging]: the following Config Settings are not used:
 - extra2 = 2
 - extra1 = 1

[K]]>        </system-out>
        <system-err>
            <![CDATA[2019-08-07 21:20:01 sahara docker.utils.config[26785] DEBUG Trying paths: ['/home/clinton/.docker/config.json', '/home/clinton/.dockercfg']
2019-08-07 21:20:01 sahara docker.utils.config[26785] DEBUG Found file at path: /home/clinton/.docker/config.json
2019-08-07 21:20:01 sahara docker.auth[26785] DEBUG Found 'auths' section
2019-08-07 21:20:01 sahara docker.auth[26785] DEBUG Found entry (registry='docker.packages.idmod.org', username='ccollins@idmod.org')
2019-08-07 21:20:01 sahara docker.auth[26785] DEBUG Found entry (registry='iazdvfil01.azurecr.io', username='iazdvfil01')
2019-08-07 21:20:01 sahara docker.auth[26785] DEBUG Found entry (registry='idm-docker-production.packages.idmod.org', username='ccollins@idmod.org')
2019-08-07 21:20:01 sahara docker.auth[26785] DEBUG Found entry (registry='idm-docker-staging.packages.idmod.org', username='ccollins@idmod.org')
2019-08-07 21:20:01 sahara idmtools_platform_local.docker.DockerOperations[26785] DEBUG Ensuring redis is running
2019-08-07 21:20:01 sahara idmtools_platform_local.docker.DockerOperations[26785] DEBUG Stopping container idmtools_redis
2019-08-07 21:20:02 sahara idmtools_platform_local.docker.DockerOperations[26785] DEBUG Removing container idmtools_redis
2019-08-07 21:20:02 sahara idmtools_platform_local.docker.DockerOperations[26785] DEBUG Ensuring postgres is running
2019-08-07 21:20:02 sahara idmtools_platform_local.docker.DockerOperations[26785] DEBUG Stopping container idmtools_postgres
2019-08-07 21:20:13 sahara idmtools_platform_local.docker.DockerOperations[26785] DEBUG Removing container idmtools_postgres
2019-08-07 21:20:13 sahara idmtools_platform_local.docker.DockerOperations[26785] DEBUG Ensuring worker is running
2019-08-07 21:20:13 sahara idmtools_platform_local.docker.DockerOperations[26785] DEBUG Stopping container idmtools_workers
2019-08-07 21:20:17 sahara idmtools_platform_local.docker.DockerOperations[26785] DEBUG Removing container idmtools_workers
2019-08-07 21:20:17 sahara idmtools_platform_local.docker.DockerOperations[26785] DEBUG Ensuring redis is running
2019-08-07 21:20:17 sahara idmtools_platform_local.docker.DockerOperations[26785] DEBUG Ensuring postgres is running
2019-08-07 21:20:17 sahara idmtools_platform_local.docker.DockerOperations[26785] DEBUG Ensuring worker is running
2019-08-07 21:20:17 sahara idmtools_platform_local.docker.DockerOperations[26785] DEBUG Creating network idmtools
2019-08-07 21:20:17 sahara idmtools_platform_local.docker.DockerOperations[26785] DEBUG Creating network idmtools
2019-08-07 21:20:18 sahara idmtools_platform_local.docker.DockerOperations[26785] DEBUG Ensuring redis is running
2019-08-07 21:20:18 sahara idmtools_platform_local.docker.DockerOperations[26785] DEBUG Redis Config: {'name': 'idmtools_redis', 'hostname': 'redis', 'image': 'redis:5.0.4-alpine', 'ports': {6379: 6379}, 'volumes': {'/home/clinton/development/work/idmtools/idmtools_platform_local/tests/.local_data/redis-data': {'bind': '/data', 'mode': 'rw'}}, 'user': '1000:1000', 'restart_policy': {'MaximumRetryCount': 15, 'name': 'on-failure'}, 'detach': True, 'labels': {'idmtools_version': '0.1.0+nightly0'}, 'mem_limit': '128m', 'mem_reservation': '64m'}
2019-08-07 21:20:18 sahara idmtools_platform_local.docker.DockerOperations[26785] DEBUG Redis Container Config {'name': 'idmtools_redis', 'hostname': 'redis', 'image': 'redis:5.0.4-alpine', 'ports': {6379: 6379}, 'volumes': {'/home/clinton/development/work/idmtools/idmtools_platform_local/tests/.local_data/redis-data': {'bind': '/data', 'mode': 'rw'}}, 'user': '1000:1000', 'restart_policy': {'MaximumRetryCount': 15, 'name': 'on-failure'}, 'detach': True, 'labels': {'idmtools_version': '0.1.0+nightly0'}, 'mem_limit': '128m', 'mem_reservation': '64m'}
2019-08-07 21:20:18 sahara idmtools_platform_local.docker.DockerOperations[26785] DEBUG Ensuring postgres is running
2019-08-07 21:20:19 sahara idmtools_platform_local.docker.DockerOperations[26785] DEBUG Postgres Config: {'name': 'idmtools_postgres', 'image': 'postgres:11.4', 'ports': {5432: 5432}, 'volumes': {'idmtools_local_postgres': {'bind': '/var/lib/postgresql/data', 'mode': 'rw'}}, 'hostname': 'postgres', 'environment': ['POSTGRES_USER=idmtools', 'POSTGRES_PASSWORD=idmtools'], 'restart_policy': {'MaximumRetryCount': 15, 'name': 'on-failure'}, 'detach': True, 'labels': {'idmtools_version': '0.1.0+nightly0'}, 'mem_limit': '64m', 'mem_reservation': '32m'}
2019-08-07 21:20:19 sahara idmtools_platform_local.docker.DockerOperations[26785] DEBUG Postgres Container Config {'name': 'idmtools_postgres', 'image': 'postgres:11.4', 'ports': {5432: 5432}, 'volumes': {'idmtools_local_postgres': {'bind': '/var/lib/postgresql/data', 'mode': 'rw'}}, 'hostname': 'postgres', 'environment': ['POSTGRES_USER=idmtools', 'POSTGRES_PASSWORD=idmtools'], 'restart_policy': {'MaximumRetryCount': 15, 'name': 'on-failure'}, 'detach': True, 'labels': {'idmtools_version': '0.1.0+nightly0'}, 'mem_limit': '64m', 'mem_reservation': '32m'}
2019-08-07 21:20:24 sahara idmtools_platform_local.docker.DockerOperations[26785] DEBUG Ensuring worker is running
2019-08-07 21:20:25 sahara idmtools_platform_local.docker.DockerOperations[26785] DEBUG Creating working container
2019-08-07 21:20:25 sahara idmtools_platform_local.docker.DockerOperations[26785] DEBUG Worker Config: {'name': 'idmtools_workers', 'hostname': 'idmtools', 'image': 'idm-docker-staging.packages.idmod.org/idmtools_local_workers:latest', 'ports': {5000: 5000}, 'links': {'idmtools_redis': 'redis', 'idmtools_postgres': 'postgres'}, 'volumes': {'/home/clinton/development/work/idmtools/idmtools_platform_local/tests/.local_data/workers': {'bind': '/data', 'mode': 'rw'}, '/var/run/docker.sock': {'bind': '/var/run/docker.sock', 'mode': 'rw'}}, 'runtime': 'runc', 'environment': ['REDIS_URL=redis://redis:6379', 'CURRENT_UID=1000:1000'], 'restart_policy': {'MaximumRetryCount': 15, 'name': 'on-failure'}, 'detach': True, 'labels': {'idmtools_version': '0.1.0+nightly0'}, 'mem_limit': '128m', 'mem_reservation': '64m'}
2019-08-07 21:20:25 sahara idmtools_platform_local.docker.DockerOperations[26785] DEBUG Worker Container Config {'name': 'idmtools_workers', 'hostname': 'idmtools', 'image': 'idm-docker-staging.packages.idmod.org/idmtools_local_workers:latest', 'ports': {5000: 5000}, 'links': {'idmtools_redis': 'redis', 'idmtools_postgres': 'postgres'}, 'volumes': {'/home/clinton/development/work/idmtools/idmtools_platform_local/tests/.local_data/workers': {'bind': '/data', 'mode': 'rw'}, '/var/run/docker.sock': {'bind': '/var/run/docker.sock', 'mode': 'rw'}}, 'runtime': 'runc', 'environment': ['REDIS_URL=redis://redis:6379', 'CURRENT_UID=1000:1000'], 'restart_policy': {'MaximumRetryCount': 15, 'name': 'on-failure'}, 'detach': True, 'labels': {'idmtools_version': '0.1.0+nightly0'}, 'mem_limit': '128m', 'mem_reservation': '64m'}
2019-08-07 21:20:26 sahara docker.utils.config[26785] DEBUG Trying paths: ['/home/clinton/.docker/config.json', '/home/clinton/.dockercfg']
2019-08-07 21:20:26 sahara docker.utils.config[26785] DEBUG Found file at path: /home/clinton/.docker/config.json
2019-08-07 21:20:26 sahara docker.auth[26785] DEBUG Found 'auths' section
2019-08-07 21:20:26 sahara docker.auth[26785] DEBUG Found entry (registry='docker.packages.idmod.org', username='ccollins@idmod.org')
2019-08-07 21:20:26 sahara docker.auth[26785] DEBUG Found entry (registry='iazdvfil01.azurecr.io', username='iazdvfil01')
2019-08-07 21:20:26 sahara docker.auth[26785] DEBUG Found entry (registry='idm-docker-production.packages.idmod.org', username='ccollins@idmod.org')
2019-08-07 21:20:26 sahara docker.auth[26785] DEBUG Found entry (registry='idm-docker-staging.packages.idmod.org', username='ccollins@idmod.org')
2019-08-07 21:20:26 sahara idmtools_platform_local.docker.DockerOperations[26785] DEBUG Ensuring redis is running
2019-08-07 21:20:26 sahara idmtools_platform_local.docker.DockerOperations[26785] DEBUG Ensuring postgres is running
2019-08-07 21:20:31 sahara idmtools_platform_local.docker.DockerOperations[26785] DEBUG Ensuring worker is running
]]>        </system-err>
    </testcase>
</testsuite>
