<?xml version="1.0" encoding="UTF-8"?>
<testsuite errors="2" failures="0" file="test_python_simulation.py"
           name="test_python_simulation.TestPythonSimulation-20190807203934" skipped="0" tests="2" time="121.411"
           timestamp="2019-08-07T20:42:52">
    <testcase classname="test_python_simulation.TestPythonSimulation" file="test_python_simulation.py" line="68"
              name="test_add_prefixed_relative_path_to_assets_local" time="42.805" timestamp="2019-08-07T20:41:33">
        <error message="CreateSimulationTask('AX1ZBQ07', {'a': 0})" type="ResultTimeout">
            <![CDATA[Traceback (most recent call last):
  File "/home/clinton/development/work/idmtools/idmtools_platform_local/tests/test_python_simulation.py", line 93, in test_add_prefixed_relative_path_to_assets_local
    em.run()
  File "/home/clinton/development/work/idmtools/idmtools_core/idmtools/managers/ExperimentManager.py", line 95, in run
    self.create_simulations()
  File "/home/clinton/development/work/idmtools/idmtools_core/idmtools/managers/ExperimentManager.py", line 74, in create_simulations
    for sim_batch in results:
  File "/usr/lib/python3.7/concurrent/futures/_base.py", line 586, in result_iterator
    yield fs.pop().result()
  File "/usr/lib/python3.7/concurrent/futures/_base.py", line 425, in result
    return self.__get_result()
  File "/usr/lib/python3.7/concurrent/futures/_base.py", line 384, in __get_result
    raise self._exception
  File "/usr/lib/python3.7/concurrent/futures/thread.py", line 57, in run
    result = self.fn(*self.args, **self.kwargs)
  File "/home/clinton/development/work/idmtools/idmtools_core/idmtools/managers/ExperimentManager.py", line 56, in simulation_batch_worker_thread
    ids = self.platform.create_simulations(simulation_batch)
  File "/home/clinton/development/work/idmtools/idmtools_platform_local/idmtools_platform_local/local_platform.py", line 156, in create_simulations
    sid = m.get_result(block=True, timeout=self.default_timeout * 1000)
  File "/home/clinton/.virtualenvs/idmtools/lib/python3.7/site-packages/dramatiq/message.py", line 147, in get_result
    return backend.get_result(self, block=block, timeout=timeout)
  File "/home/clinton/.virtualenvs/idmtools/lib/python3.7/site-packages/dramatiq/results/backends/redis.py", line 81, in get_result
    raise ResultTimeout(message)
dramatiq.results.errors.ResultTimeout: CreateSimulationTask('AX1ZBQ07', {'a': 0})
]]>        </error>
        <system-out>
            <![CDATA[[Local_Staging]: the following Config Settings are not used:
 - extra1 = 1
 - extra2 = 2

[K]]>        </system-out>
        <system-err>
            <![CDATA[2019-08-07 20:40:51 sahara docker.utils.config[5365] DEBUG Trying paths: ['/home/clinton/.docker/config.json', '/home/clinton/.dockercfg']
2019-08-07 20:40:51 sahara docker.utils.config[5365] DEBUG Found file at path: /home/clinton/.docker/config.json
2019-08-07 20:40:51 sahara docker.auth[5365] DEBUG Found 'auths' section
2019-08-07 20:40:51 sahara docker.auth[5365] DEBUG Found entry (registry='docker.packages.idmod.org', username='ccollins@idmod.org')
2019-08-07 20:40:51 sahara docker.auth[5365] DEBUG Found entry (registry='iazdvfil01.azurecr.io', username='iazdvfil01')
2019-08-07 20:40:51 sahara docker.auth[5365] DEBUG Found entry (registry='idm-docker-production.packages.idmod.org', username='ccollins@idmod.org')
2019-08-07 20:40:51 sahara docker.auth[5365] DEBUG Found entry (registry='idm-docker-staging.packages.idmod.org', username='ccollins@idmod.org')
2019-08-07 20:40:51 sahara idmtools_platform_local.docker.DockerOperations[5365] DEBUG Creating network idmtools
2019-08-07 20:40:51 sahara idmtools_platform_local.docker.DockerOperations[5365] DEBUG Ensuring redis is running
2019-08-07 20:40:51 sahara idmtools_platform_local.docker.DockerOperations[5365] DEBUG Redis Config: {'name': 'idmtools_redis', 'hostname': 'redis', 'image': 'redis:5.0.4-alpine', 'ports': {6379: 6379}, 'volumes': {'/home/clinton/development/work/idmtools/idmtools_platform_local/tests/.local_data/redis-data': {'bind': '/data', 'mode': 'rw'}}, 'user': '1000:1000', 'restart_policy': {'MaximumRetryCount': 15, 'name': 'on-failure'}, 'detach': True, 'labels': {'idmtools_version': '0.1.0+nightly0'}, 'mem_limit': '128m', 'mem_reservation': '64m'}
2019-08-07 20:40:51 sahara idmtools_platform_local.docker.DockerOperations[5365] DEBUG Redis Container Config {'name': 'idmtools_redis', 'hostname': 'redis', 'image': 'redis:5.0.4-alpine', 'ports': {6379: 6379}, 'volumes': {'/home/clinton/development/work/idmtools/idmtools_platform_local/tests/.local_data/redis-data': {'bind': '/data', 'mode': 'rw'}}, 'user': '1000:1000', 'restart_policy': {'MaximumRetryCount': 15, 'name': 'on-failure'}, 'detach': True, 'labels': {'idmtools_version': '0.1.0+nightly0'}, 'mem_limit': '128m', 'mem_reservation': '64m'}
2019-08-07 20:40:52 sahara idmtools_platform_local.docker.DockerOperations[5365] DEBUG Ensuring postgres is running
2019-08-07 20:40:52 sahara idmtools_platform_local.docker.DockerOperations[5365] DEBUG Postgres Config: {'name': 'idmtools_postgres', 'image': 'postgres:11.4', 'ports': {5432: 5432}, 'volumes': {'idmtools_local_postgres': {'bind': '/var/lib/postgresql/data', 'mode': 'rw'}}, 'hostname': 'postgres', 'environment': ['POSTGRES_USER=idmtools', 'POSTGRES_PASSWORD=idmtools'], 'restart_policy': {'MaximumRetryCount': 15, 'name': 'on-failure'}, 'detach': True, 'labels': {'idmtools_version': '0.1.0+nightly0'}, 'mem_limit': '64m', 'mem_reservation': '32m'}
2019-08-07 20:40:52 sahara idmtools_platform_local.docker.DockerOperations[5365] DEBUG Postgres Container Config {'name': 'idmtools_postgres', 'image': 'postgres:11.4', 'ports': {5432: 5432}, 'volumes': {'idmtools_local_postgres': {'bind': '/var/lib/postgresql/data', 'mode': 'rw'}}, 'hostname': 'postgres', 'environment': ['POSTGRES_USER=idmtools', 'POSTGRES_PASSWORD=idmtools'], 'restart_policy': {'MaximumRetryCount': 15, 'name': 'on-failure'}, 'detach': True, 'labels': {'idmtools_version': '0.1.0+nightly0'}, 'mem_limit': '64m', 'mem_reservation': '32m'}
2019-08-07 20:40:57 sahara idmtools_platform_local.docker.DockerOperations[5365] DEBUG Ensuring worker is running
2019-08-07 20:40:58 sahara idmtools_platform_local.docker.DockerOperations[5365] DEBUG Creating working container
2019-08-07 20:40:58 sahara idmtools_platform_local.docker.DockerOperations[5365] DEBUG Worker Config: {'name': 'idmtools_workers', 'hostname': 'idmtools', 'image': 'idm-docker-staging.packages.idmod.org/idmtools_local_workers:latest', 'ports': {5000: 5000}, 'links': {'idmtools_redis': 'redis', 'idmtools_postgres': 'postgres'}, 'volumes': {'/home/clinton/development/work/idmtools/idmtools_platform_local/tests/.local_data/workers': {'bind': '/data', 'mode': 'rw'}, '/var/run/docker.sock': {'bind': '/var/run/docker.sock', 'mode': 'rw'}}, 'runtime': None, 'environment': ['REDIS_URL=redis://redis:6379', 'CURRENT_UID=1000:1000'], 'restart_policy': {'MaximumRetryCount': 15, 'name': 'on-failure'}, 'detach': True, 'labels': {'idmtools_version': '0.1.0+nightly0'}, 'mem_limit': '128m', 'mem_reservation': '64m'}
2019-08-07 20:40:58 sahara idmtools_platform_local.docker.DockerOperations[5365] DEBUG Worker Container Config {'name': 'idmtools_workers', 'hostname': 'idmtools', 'image': 'idm-docker-staging.packages.idmod.org/idmtools_local_workers:latest', 'ports': {5000: 5000}, 'links': {'idmtools_redis': 'redis', 'idmtools_postgres': 'postgres'}, 'volumes': {'/home/clinton/development/work/idmtools/idmtools_platform_local/tests/.local_data/workers': {'bind': '/data', 'mode': 'rw'}, '/var/run/docker.sock': {'bind': '/var/run/docker.sock', 'mode': 'rw'}}, 'runtime': None, 'environment': ['REDIS_URL=redis://redis:6379', 'CURRENT_UID=1000:1000'], 'restart_policy': {'MaximumRetryCount': 15, 'name': 'on-failure'}, 'detach': True, 'labels': {'idmtools_version': '0.1.0+nightly0'}, 'mem_limit': '128m', 'mem_reservation': '64m'}
2019-08-07 20:40:58 sahara dramatiq.broker.RedisBroker[5365] DEBUG Enqueueing message '0ed7cd6c-c27f-4b21-81a0-7ddc3eea6ecc' on queue 'default'.
2019-08-07 20:41:00 sahara idmtools_platform_local.docker.DockerOperations[5365] DEBUG Ensuring worker is running
2019-08-07 20:41:00 sahara idmtools_platform_local.docker.DockerOperations[5365] DEBUG Ensuring worker is running
2019-08-07 20:41:01 sahara idmtools_platform_local.local_platform[5365] DEBUG Creating directory /data/AX1ZBQ07/Assets/MyExternalLibrary result: ExecResult(exit_code=0, output=b'')
2019-08-07 20:41:01 sahara idmtools_platform_local.docker.DockerOperations[5365] DEBUG Ensuring worker is running
2019-08-07 20:41:01 sahara idmtools_platform_local.docker.DockerOperations[5365] DEBUG Copying /home/clinton/development/work/idmtools/idmtools_test/idmtools_test/inputs/python/Assets/MyExternalLibrary/functions.py to docker container 693c24512583be86130b1e0767c837b0497c5d2a69cd75967faa93929b9f0c49:/data/AX1ZBQ07/Assets/MyExternalLibrary
2019-08-07 20:41:01 sahara idmtools_platform_local.docker.DockerOperations[5365] DEBUG Copying /home/clinton/development/work/idmtools/idmtools_test/idmtools_test/inputs/python/Assets/MyExternalLibrary/functions.py to tar stream
2019-08-07 20:41:01 sahara idmtools_platform_local.docker.DockerOperations[5365] DEBUG Ensuring worker is running
2019-08-07 20:41:02 sahara idmtools_platform_local.local_platform[5365] DEBUG Creating directory /data/AX1ZBQ07/Assets/MyExternalLibrary result: ExecResult(exit_code=0, output=b'')
2019-08-07 20:41:02 sahara idmtools_platform_local.docker.DockerOperations[5365] DEBUG Ensuring worker is running
2019-08-07 20:41:02 sahara idmtools_platform_local.docker.DockerOperations[5365] DEBUG Copying /home/clinton/development/work/idmtools/idmtools_test/idmtools_test/inputs/python/Assets/MyExternalLibrary/__init__.py to docker container 693c24512583be86130b1e0767c837b0497c5d2a69cd75967faa93929b9f0c49:/data/AX1ZBQ07/Assets/MyExternalLibrary
2019-08-07 20:41:02 sahara idmtools_platform_local.docker.DockerOperations[5365] DEBUG Copying /home/clinton/development/work/idmtools/idmtools_test/idmtools_test/inputs/python/Assets/MyExternalLibrary/__init__.py to tar stream
2019-08-07 20:41:02 sahara idmtools_platform_local.docker.DockerOperations[5365] DEBUG Ensuring worker is running
2019-08-07 20:41:03 sahara idmtools_platform_local.local_platform[5365] DEBUG Creating directory /data/AX1ZBQ07/Assets result: ExecResult(exit_code=0, output=b'')
2019-08-07 20:41:03 sahara idmtools_platform_local.docker.DockerOperations[5365] DEBUG Ensuring worker is running
2019-08-07 20:41:03 sahara idmtools_platform_local.docker.DockerOperations[5365] DEBUG Copying /home/clinton/development/work/idmtools/idmtools_test/idmtools_test/inputs/python/model.py to docker container 693c24512583be86130b1e0767c837b0497c5d2a69cd75967faa93929b9f0c49:/data/AX1ZBQ07/Assets
2019-08-07 20:41:03 sahara idmtools_platform_local.docker.DockerOperations[5365] DEBUG Copying /home/clinton/development/work/idmtools/idmtools_test/idmtools_test/inputs/python/model.py to tar stream
2019-08-07 20:41:03 sahara root[5365] DEBUG Saving be309a07243024b0b3dcab2aa6e8d90f to platforms
2019-08-07 20:41:03 sahara root[5365] DEBUG Saving AX1ZBQ07 to experiments
]]>        </system-err>
    </testcase>
    <testcase classname="test_python_simulation.TestPythonSimulation" file="test_python_simulation.py" line="30"
              name="test_direct_sweep_one_parameter_local" time="78.606" timestamp="2019-08-07T20:42:52">
        <error message="CreateSimulationTask('3BMJ1GQY', {'a': 0})" type="ResultTimeout">
            <![CDATA[Traceback (most recent call last):
  File "/home/clinton/development/work/idmtools/idmtools_test/idmtools_test/utils/decorators.py", line 76, in wrapper
    result = func(*args, **kwargs)
  File "/home/clinton/development/work/idmtools/idmtools_platform_local/tests/test_python_simulation.py", line 48, in test_direct_sweep_one_parameter_local
    em.run()
  File "/home/clinton/development/work/idmtools/idmtools_core/idmtools/managers/ExperimentManager.py", line 95, in run
    self.create_simulations()
  File "/home/clinton/development/work/idmtools/idmtools_core/idmtools/managers/ExperimentManager.py", line 74, in create_simulations
    for sim_batch in results:
  File "/usr/lib/python3.7/concurrent/futures/_base.py", line 586, in result_iterator
    yield fs.pop().result()
  File "/usr/lib/python3.7/concurrent/futures/_base.py", line 425, in result
    return self.__get_result()
  File "/usr/lib/python3.7/concurrent/futures/_base.py", line 384, in __get_result
    raise self._exception
  File "/usr/lib/python3.7/concurrent/futures/thread.py", line 57, in run
    result = self.fn(*self.args, **self.kwargs)
  File "/home/clinton/development/work/idmtools/idmtools_core/idmtools/managers/ExperimentManager.py", line 56, in simulation_batch_worker_thread
    ids = self.platform.create_simulations(simulation_batch)
  File "/home/clinton/development/work/idmtools/idmtools_platform_local/idmtools_platform_local/local_platform.py", line 156, in create_simulations
    sid = m.get_result(block=True, timeout=self.default_timeout * 1000)
  File "/home/clinton/.virtualenvs/idmtools/lib/python3.7/site-packages/dramatiq/message.py", line 147, in get_result
    return backend.get_result(self, block=block, timeout=timeout)
  File "/home/clinton/.virtualenvs/idmtools/lib/python3.7/site-packages/dramatiq/results/backends/redis.py", line 81, in get_result
    raise ResultTimeout(message)
dramatiq.results.errors.ResultTimeout: CreateSimulationTask('3BMJ1GQY', {'a': 0})
]]>        </error>
        <system-out>
            <![CDATA[
[K
[K[Local_Staging]: the following Config Settings are not used:
 - extra1 = 1
 - extra2 = 2

[K]]>        </system-out>
        <system-err>
            <![CDATA[2019-08-07 20:41:33 sahara idmtools_platform_local.docker.DockerOperations[5365] DEBUG Ensuring redis is running
2019-08-07 20:41:33 sahara idmtools_platform_local.docker.DockerOperations[5365] DEBUG Stopping container idmtools_redis
2019-08-07 20:41:34 sahara idmtools_platform_local.docker.DockerOperations[5365] DEBUG Removing container idmtools_redis
2019-08-07 20:41:34 sahara idmtools_platform_local.docker.DockerOperations[5365] DEBUG Ensuring postgres is running
2019-08-07 20:41:34 sahara idmtools_platform_local.docker.DockerOperations[5365] DEBUG Stopping container idmtools_postgres
2019-08-07 20:41:45 sahara idmtools_platform_local.docker.DockerOperations[5365] DEBUG Removing container idmtools_postgres
2019-08-07 20:41:45 sahara idmtools_platform_local.docker.DockerOperations[5365] DEBUG Ensuring worker is running
2019-08-07 20:41:45 sahara idmtools_platform_local.docker.DockerOperations[5365] DEBUG Stopping container idmtools_workers
2019-08-07 20:41:48 sahara idmtools_platform_local.docker.DockerOperations[5365] DEBUG Removing container idmtools_workers
2019-08-07 20:41:49 sahara idmtools_platform_local.docker.DockerOperations[5365] DEBUG Creating network idmtools
2019-08-07 20:41:49 sahara idmtools_platform_local.docker.DockerOperations[5365] DEBUG Ensuring redis is running
2019-08-07 20:41:49 sahara idmtools_platform_local.docker.DockerOperations[5365] DEBUG Redis Config: {'name': 'idmtools_redis', 'hostname': 'redis', 'image': 'redis:5.0.4-alpine', 'ports': {6379: 6379}, 'volumes': {'/home/clinton/development/work/idmtools/idmtools_platform_local/tests/.local_data/redis-data': {'bind': '/data', 'mode': 'rw'}}, 'user': '1000:1000', 'restart_policy': {'MaximumRetryCount': 15, 'name': 'on-failure'}, 'detach': True, 'labels': {'idmtools_version': '0.1.0+nightly0'}, 'mem_limit': '128m', 'mem_reservation': '64m'}
2019-08-07 20:41:49 sahara idmtools_platform_local.docker.DockerOperations[5365] DEBUG Redis Container Config {'name': 'idmtools_redis', 'hostname': 'redis', 'image': 'redis:5.0.4-alpine', 'ports': {6379: 6379}, 'volumes': {'/home/clinton/development/work/idmtools/idmtools_platform_local/tests/.local_data/redis-data': {'bind': '/data', 'mode': 'rw'}}, 'user': '1000:1000', 'restart_policy': {'MaximumRetryCount': 15, 'name': 'on-failure'}, 'detach': True, 'labels': {'idmtools_version': '0.1.0+nightly0'}, 'mem_limit': '128m', 'mem_reservation': '64m'}
2019-08-07 20:41:50 sahara idmtools_platform_local.docker.DockerOperations[5365] DEBUG Ensuring postgres is running
2019-08-07 20:41:50 sahara idmtools_platform_local.docker.DockerOperations[5365] DEBUG Postgres Config: {'name': 'idmtools_postgres', 'image': 'postgres:11.4', 'ports': {5432: 5432}, 'volumes': {'idmtools_local_postgres': {'bind': '/var/lib/postgresql/data', 'mode': 'rw'}}, 'hostname': 'postgres', 'environment': ['POSTGRES_USER=idmtools', 'POSTGRES_PASSWORD=idmtools'], 'restart_policy': {'MaximumRetryCount': 15, 'name': 'on-failure'}, 'detach': True, 'labels': {'idmtools_version': '0.1.0+nightly0'}, 'mem_limit': '64m', 'mem_reservation': '32m'}
2019-08-07 20:41:50 sahara idmtools_platform_local.docker.DockerOperations[5365] DEBUG Postgres Container Config {'name': 'idmtools_postgres', 'image': 'postgres:11.4', 'ports': {5432: 5432}, 'volumes': {'idmtools_local_postgres': {'bind': '/var/lib/postgresql/data', 'mode': 'rw'}}, 'hostname': 'postgres', 'environment': ['POSTGRES_USER=idmtools', 'POSTGRES_PASSWORD=idmtools'], 'restart_policy': {'MaximumRetryCount': 15, 'name': 'on-failure'}, 'detach': True, 'labels': {'idmtools_version': '0.1.0+nightly0'}, 'mem_limit': '64m', 'mem_reservation': '32m'}
2019-08-07 20:41:56 sahara idmtools_platform_local.docker.DockerOperations[5365] DEBUG Ensuring worker is running
2019-08-07 20:41:56 sahara idmtools_platform_local.docker.DockerOperations[5365] DEBUG Creating working container
2019-08-07 20:41:56 sahara idmtools_platform_local.docker.DockerOperations[5365] DEBUG Worker Config: {'name': 'idmtools_workers', 'hostname': 'idmtools', 'image': 'idm-docker-staging.packages.idmod.org/idmtools_local_workers:latest', 'ports': {5000: 5000}, 'links': {'idmtools_redis': 'redis', 'idmtools_postgres': 'postgres'}, 'volumes': {'/home/clinton/development/work/idmtools/idmtools_platform_local/tests/.local_data/workers': {'bind': '/data', 'mode': 'rw'}, '/var/run/docker.sock': {'bind': '/var/run/docker.sock', 'mode': 'rw'}}, 'runtime': 'runc', 'environment': ['REDIS_URL=redis://redis:6379', 'CURRENT_UID=1000:1000'], 'restart_policy': {'MaximumRetryCount': 15, 'name': 'on-failure'}, 'detach': True, 'labels': {'idmtools_version': '0.1.0+nightly0'}, 'mem_limit': '128m', 'mem_reservation': '64m'}
2019-08-07 20:41:56 sahara idmtools_platform_local.docker.DockerOperations[5365] DEBUG Worker Container Config {'name': 'idmtools_workers', 'hostname': 'idmtools', 'image': 'idm-docker-staging.packages.idmod.org/idmtools_local_workers:latest', 'ports': {5000: 5000}, 'links': {'idmtools_redis': 'redis', 'idmtools_postgres': 'postgres'}, 'volumes': {'/home/clinton/development/work/idmtools/idmtools_platform_local/tests/.local_data/workers': {'bind': '/data', 'mode': 'rw'}, '/var/run/docker.sock': {'bind': '/var/run/docker.sock', 'mode': 'rw'}}, 'runtime': 'runc', 'environment': ['REDIS_URL=redis://redis:6379', 'CURRENT_UID=1000:1000'], 'restart_policy': {'MaximumRetryCount': 15, 'name': 'on-failure'}, 'detach': True, 'labels': {'idmtools_version': '0.1.0+nightly0'}, 'mem_limit': '128m', 'mem_reservation': '64m'}
2019-08-07 20:41:57 sahara docker.utils.config[5365] DEBUG Trying paths: ['/home/clinton/.docker/config.json', '/home/clinton/.dockercfg']
2019-08-07 20:41:57 sahara docker.utils.config[5365] DEBUG Found file at path: /home/clinton/.docker/config.json
2019-08-07 20:41:57 sahara docker.auth[5365] DEBUG Found 'auths' section
2019-08-07 20:41:57 sahara docker.auth[5365] DEBUG Found entry (registry='docker.packages.idmod.org', username='ccollins@idmod.org')
2019-08-07 20:41:57 sahara docker.auth[5365] DEBUG Found entry (registry='iazdvfil01.azurecr.io', username='iazdvfil01')
2019-08-07 20:41:57 sahara docker.auth[5365] DEBUG Found entry (registry='idm-docker-production.packages.idmod.org', username='ccollins@idmod.org')
2019-08-07 20:41:57 sahara docker.auth[5365] DEBUG Found entry (registry='idm-docker-staging.packages.idmod.org', username='ccollins@idmod.org')
2019-08-07 20:41:57 sahara idmtools_platform_local.docker.DockerOperations[5365] DEBUG Ensuring redis is running
2019-08-07 20:41:57 sahara idmtools_platform_local.docker.DockerOperations[5365] DEBUG Ensuring postgres is running
2019-08-07 20:42:02 sahara idmtools_platform_local.docker.DockerOperations[5365] DEBUG Ensuring worker is running
2019-08-07 20:42:11 sahara dramatiq.broker.RedisBroker[5365] DEBUG Enqueueing message '55a2856e-bfba-4cc7-a605-95bfaf15786e' on queue 'default'.
2019-08-07 20:42:11 sahara idmtools_platform_local.docker.DockerOperations[5365] DEBUG Ensuring worker is running
2019-08-07 20:42:12 sahara idmtools_platform_local.docker.DockerOperations[5365] DEBUG Ensuring worker is running
2019-08-07 20:42:12 sahara idmtools_platform_local.local_platform[5365] DEBUG Creating directory /data/3BMJ1GQY/Assets result: ExecResult(exit_code=0, output=b'')
2019-08-07 20:42:12 sahara idmtools_platform_local.docker.DockerOperations[5365] DEBUG Ensuring worker is running
2019-08-07 20:42:12 sahara idmtools_platform_local.docker.DockerOperations[5365] DEBUG Copying /home/clinton/development/work/idmtools/idmtools_test/idmtools_test/inputs/python/model1.py to docker container 831dc1f62665897a605e9cb3eb10b03af6bba8600fba12b7709c8ae9bdb18fc0:/data/3BMJ1GQY/Assets
2019-08-07 20:42:12 sahara idmtools_platform_local.docker.DockerOperations[5365] DEBUG Copying /home/clinton/development/work/idmtools/idmtools_test/idmtools_test/inputs/python/model1.py to tar stream
2019-08-07 20:42:13 sahara root[5365] DEBUG Saving be309a07243024b0b3dcab2aa6e8d90f to platforms
2019-08-07 20:42:13 sahara root[5365] DEBUG Saving 3BMJ1GQY to experiments
]]>        </system-err>
    </testcase>
</testsuite>
