<?xml version="1.0" encoding="UTF-8"?>
<testsuite errors="1" failures="0" file="unittest/suite.py" name="unittest.suite._ErrorHolder-20190807211648"
           skipped="0" tests="1" time="0.000" timestamp="0001-01-01T00:00:00">
    <testcase classname="setUpClass (test_local_runner_API_CLI" file="test_tasks.py" line="58"
              name="TestLocalRunnerCLI)" time="0.000" timestamp="0001-01-01T00:00:00">
        <error message="CreateSimulationTask('X21KRIZD', {'a': 0})" type="ResultTimeout">
            <![CDATA[Traceback (most recent call last):
  File "/home/clinton/development/work/idmtools/idmtools_platform_local/tests/test_local_runner_API_CLI.py", line 43, in setUpClass
    em.run()
  File "/home/clinton/development/work/idmtools/idmtools_core/idmtools/managers/ExperimentManager.py", line 95, in run
    self.create_simulations()
  File "/home/clinton/development/work/idmtools/idmtools_core/idmtools/managers/ExperimentManager.py", line 74, in create_simulations
    for sim_batch in results:
  File "/usr/lib/python3.7/concurrent/futures/_base.py", line 586, in result_iterator
    yield fs.pop().result()
  File "/usr/lib/python3.7/concurrent/futures/_base.py", line 425, in result
    return self.__get_result()
  File "/usr/lib/python3.7/concurrent/futures/_base.py", line 384, in __get_result
    raise self._exception
  File "/usr/lib/python3.7/concurrent/futures/thread.py", line 57, in run
    result = self.fn(*self.args, **self.kwargs)
  File "/home/clinton/development/work/idmtools/idmtools_core/idmtools/managers/ExperimentManager.py", line 56, in simulation_batch_worker_thread
    ids = self.platform.create_simulations(simulation_batch)
  File "/home/clinton/development/work/idmtools/idmtools_platform_local/idmtools_platform_local/local_platform.py", line 156, in create_simulations
    sid = m.get_result(block=True, timeout=self.default_timeout * 1000)
  File "/home/clinton/.virtualenvs/idmtools/lib/python3.7/site-packages/dramatiq/message.py", line 147, in get_result
    return backend.get_result(self, block=block, timeout=timeout)
  File "/home/clinton/.virtualenvs/idmtools/lib/python3.7/site-packages/dramatiq/results/backends/redis.py", line 81, in get_result
    raise ResultTimeout(message)
dramatiq.results.errors.ResultTimeout: CreateSimulationTask('X21KRIZD', {'a': 0})
]]>        </error>
        <system-out>
            <![CDATA[INI File Used: /home/clinton/development/work/idmtools/idmtools.ini
[Local_Staging]: the following Config Settings are not used:
 - extra2 = 2
 - extra1 = 1

[K]]>        </system-out>
        <system-err>
            <![CDATA[2019-08-07 21:16:50 sahara docker.utils.config[26785] DEBUG Trying paths: ['/home/clinton/.docker/config.json', '/home/clinton/.dockercfg']
2019-08-07 21:16:50 sahara docker.utils.config[26785] DEBUG Found file at path: /home/clinton/.docker/config.json
2019-08-07 21:16:50 sahara docker.auth[26785] DEBUG Found 'auths' section
2019-08-07 21:16:50 sahara docker.auth[26785] DEBUG Found entry (registry='docker.packages.idmod.org', username='ccollins@idmod.org')
2019-08-07 21:16:50 sahara docker.auth[26785] DEBUG Found entry (registry='iazdvfil01.azurecr.io', username='iazdvfil01')
2019-08-07 21:16:50 sahara docker.auth[26785] DEBUG Found entry (registry='idm-docker-production.packages.idmod.org', username='ccollins@idmod.org')
2019-08-07 21:16:50 sahara docker.auth[26785] DEBUG Found entry (registry='idm-docker-staging.packages.idmod.org', username='ccollins@idmod.org')
2019-08-07 21:16:50 sahara idmtools_platform_local.docker.DockerOperations[26785] DEBUG Ensuring redis is running
2019-08-07 21:16:50 sahara idmtools_platform_local.docker.DockerOperations[26785] DEBUG Ensuring postgres is running
2019-08-07 21:16:55 sahara idmtools_platform_local.docker.DockerOperations[26785] DEBUG Ensuring worker is running
2019-08-07 21:16:55 sahara dramatiq.broker.RedisBroker[26785] DEBUG Enqueueing message 'd86d366a-477a-43b3-a493-329f9a3a22da' on queue 'default'.
2019-08-07 21:16:55 sahara idmtools_platform_local.docker.DockerOperations[26785] DEBUG Ensuring worker is running
2019-08-07 21:16:56 sahara idmtools_platform_local.docker.DockerOperations[26785] DEBUG Ensuring worker is running
2019-08-07 21:16:56 sahara idmtools_platform_local.local_platform[26785] DEBUG Creating directory /data/X21KRIZD/Assets result: ExecResult(exit_code=0, output=b'')
2019-08-07 21:16:56 sahara idmtools_platform_local.docker.DockerOperations[26785] DEBUG Ensuring worker is running
2019-08-07 21:16:56 sahara idmtools_platform_local.docker.DockerOperations[26785] DEBUG Copying /home/clinton/development/work/idmtools/idmtools_test/idmtools_test/inputs/python/model1.py to docker container d4569e6f7c92495111857ed3fb2a1010912cbbc7f127c66ab136574464c195ad:/data/X21KRIZD/Assets
2019-08-07 21:16:56 sahara idmtools_platform_local.docker.DockerOperations[26785] DEBUG Copying /home/clinton/development/work/idmtools/idmtools_test/idmtools_test/inputs/python/model1.py to tar stream
2019-08-07 21:16:57 sahara root[26785] DEBUG Saving be309a07243024b0b3dcab2aa6e8d90f to platforms
2019-08-07 21:16:57 sahara root[26785] DEBUG Saving X21KRIZD to experiments
]]>        </system-err>
    </testcase>
</testsuite>
