<?xml version="1.0" encoding="UTF-8"?>
<testsuite errors="0" failures="0" file="test_tasks.py" name="test_tasks.TestTasks-20190807082558" skipped="0" tests="3"
           time="0.522" timestamp="2019-08-07T08:25:58">
    <testcase classname="test_tasks.TestTasks" file="test_tasks.py" line="26" name="test_create_experiment" time="0.047"
              timestamp="2019-08-07T08:25:58">
        <system-out>
            <![CDATA[/tmp/tmpi7lzjq2n/data
]]>        </system-out>
        <system-err>
            <![CDATA[]]>        </system-err>
    </testcase>
    <testcase classname="test_tasks.TestTasks" file="test_tasks.py" line="39" name="test_create_simulation" time="0.012"
              timestamp="2019-08-07T08:25:58">
        <system-out>
            <![CDATA[]]>        </system-out>
        <system-err>
            <![CDATA[]]>        </system-err>
    </testcase>
    <testcase classname="test_tasks.TestTasks" file="test_tasks.py" line="53" name="test_run_task" time="0.463"
              timestamp="2019-08-07T08:25:58">
        <system-out>
            <![CDATA[]]>        </system-out>
        <system-err>
            <![CDATA[]]>        </system-err>
    </testcase>
</testsuite>
